[ 2015-01-21T14:10:09+08:00 ] 127.0.0.1 /index.php?m=Home&c=Admin&a=register
INFO: [ app_init ] --START--
INFO: Run Behavior\BuildLiteBehavior [ RunTime:0.000014s ]
INFO: [ app_init ] --END-- [ RunTime:0.000254s ]
INFO: [ app_begin ] --START--
INFO: Run Behavior\ReadHtmlCacheBehavior [ RunTime:0.000310s ]
INFO: [ app_begin ] --END-- [ RunTime:0.000351s ]
NOTIC: [8192] Function split() is deprecated /home/mtf/Application/dq/Application/Home/Common/function.php 第 4 行.
NOTIC: [8192] Function split() is deprecated /home/mtf/Application/dq/Application/Home/Common/function.php 第 5 行.
NOTIC: [8192] Function split() is deprecated /home/mtf/Application/dq/Application/Home/Common/function.php 第 8 行.
NOTIC: [8192] Function split() is deprecated /home/mtf/Application/dq/Application/Home/Common/function.php 第 8 行.
NOTIC: [8192] Function split() is deprecated /home/mtf/Application/dq/Application/Home/Common/function.php 第 8 行.
INFO: [ view_parse ] --START--
INFO: [ template_filter ] --START--
INFO: Run Behavior\ContentReplaceBehavior [ RunTime:0.000029s ]
INFO: [ template_filter ] --END-- [ RunTime:0.000090s ]
INFO: Run Behavior\ParseTemplateBehavior [ RunTime:0.018837s ]
INFO: [ view_parse ] --END-- [ RunTime:0.018909s ]
INFO: [ view_filter ] --START--
INFO: Run Behavior\WriteHtmlCacheBehavior [ RunTime:0.000137s ]
INFO: [ view_filter ] --END-- [ RunTime:0.000169s ]

[ 2015-01-21T14:14:35+08:00 ] 127.0.0.1 /index.php?m=Home&c=Admin&a=register
INFO: [ app_init ] --START--
INFO: Run Behavior\BuildLiteBehavior [ RunTime:0.000022s ]
INFO: [ app_init ] --END-- [ RunTime:0.000391s ]
INFO: [ app_begin ] --START--
INFO: Run Behavior\ReadHtmlCacheBehavior [ RunTime:0.000385s ]
INFO: [ app_begin ] --END-- [ RunTime:0.000446s ]
NOTIC: [8192] Function split() is deprecated /home/mtf/Application/dq/Application/Home/Common/function.php 第 4 行.
NOTIC: [8192] Function split() is deprecated /home/mtf/Application/dq/Application/Home/Common/function.php 第 5 行.
NOTIC: [8192] Function split() is deprecated /home/mtf/Application/dq/Application/Home/Common/function.php 第 8 行.
NOTIC: [8192] Function split() is deprecated /home/mtf/Application/dq/Application/Home/Common/function.php 第 8 行.
NOTIC: [8192] Function split() is deprecated /home/mtf/Application/dq/Application/Home/Common/function.php 第 8 行.
INFO: [ view_parse ] --START--
INFO: [ template_filter ] --START--
INFO: Run Behavior\ContentReplaceBehavior [ RunTime:0.000029s ]
INFO: [ template_filter ] --END-- [ RunTime:0.000087s ]
INFO: Run Behavior\ParseTemplateBehavior [ RunTime:0.007330s ]
INFO: [ view_parse ] --END-- [ RunTime:0.007391s ]
INFO: [ view_filter ] --START--
INFO: Run Behavior\WriteHtmlCacheBehavior [ RunTime:0.000130s ]
INFO: [ view_filter ] --END-- [ RunTime:0.000162s ]

[ 2015-01-21T14:14:49+08:00 ] 127.0.0.1 /index.php?m=Home&c=Admin&a=register
INFO: [ app_init ] --START--
INFO: Run Behavior\BuildLiteBehavior [ RunTime:0.000015s ]
INFO: [ app_init ] --END-- [ RunTime:0.000251s ]
INFO: [ app_begin ] --START--
INFO: Run Behavior\ReadHtmlCacheBehavior [ RunTime:0.000309s ]
INFO: [ app_begin ] --END-- [ RunTime:0.000349s ]
NOTIC: [8192] Function split() is deprecated /home/mtf/Application/dq/Application/Home/Common/function.php 第 4 行.
NOTIC: [8192] Function split() is deprecated /home/mtf/Application/dq/Application/Home/Common/function.php 第 5 行.
NOTIC: [8192] Function split() is deprecated /home/mtf/Application/dq/Application/Home/Common/function.php 第 8 行.
NOTIC: [8192] Function split() is deprecated /home/mtf/Application/dq/Application/Home/Common/function.php 第 8 行.
NOTIC: [8192] Function split() is deprecated /home/mtf/Application/dq/Application/Home/Common/function.php 第 8 行.
INFO: [ view_parse ] --START--
INFO: [ template_filter ] --START--
INFO: Run Behavior\ContentReplaceBehavior [ RunTime:0.000031s ]
INFO: [ template_filter ] --END-- [ RunTime:0.000093s ]
INFO: Run Behavior\ParseTemplateBehavior [ RunTime:0.005813s ]
INFO: [ view_parse ] --END-- [ RunTime:0.005852s ]
INFO: [ view_filter ] --START--
INFO: Run Behavior\WriteHtmlCacheBehavior [ RunTime:0.000115s ]
INFO: [ view_filter ] --END-- [ RunTime:0.000144s ]

[ 2015-01-21T14:16:13+08:00 ] 127.0.0.1 /index.php?m=Home&c=Admin&a=register
INFO: [ app_init ] --START--
INFO: Run Behavior\BuildLiteBehavior [ RunTime:0.000016s ]
INFO: [ app_init ] --END-- [ RunTime:0.000269s ]
INFO: [ app_begin ] --START--
INFO: Run Behavior\ReadHtmlCacheBehavior [ RunTime:0.000319s ]
INFO: [ app_begin ] --END-- [ RunTime:0.000360s ]
NOTIC: [8192] Function split() is deprecated /home/mtf/Application/dq/Application/Home/Common/function.php 第 4 行.
NOTIC: [8192] Function split() is deprecated /home/mtf/Application/dq/Application/Home/Common/function.php 第 5 行.
NOTIC: [8192] Function split() is deprecated /home/mtf/Application/dq/Application/Home/Common/function.php 第 8 行.
NOTIC: [8192] Function split() is deprecated /home/mtf/Application/dq/Application/Home/Common/function.php 第 8 行.
NOTIC: [8192] Function split() is deprecated /home/mtf/Application/dq/Application/Home/Common/function.php 第 8 行.
INFO: [ view_parse ] --START--
INFO: [ template_filter ] --START--
INFO: Run Behavior\ContentReplaceBehavior [ RunTime:0.000031s ]
INFO: [ template_filter ] --END-- [ RunTime:0.000090s ]
INFO: Run Behavior\ParseTemplateBehavior [ RunTime:0.007838s ]
INFO: [ view_parse ] --END-- [ RunTime:0.007885s ]
INFO: [ view_filter ] --START--
INFO: Run Behavior\WriteHtmlCacheBehavior [ RunTime:0.000116s ]
INFO: [ view_filter ] --END-- [ RunTime:0.000147s ]

[ 2015-01-21T14:16:31+08:00 ] 127.0.0.1 /index.php?m=Home&c=Admin&a=register
INFO: [ app_init ] --START--
INFO: Run Behavior\BuildLiteBehavior [ RunTime:0.000014s ]
INFO: [ app_init ] --END-- [ RunTime:0.000257s ]
INFO: [ app_begin ] --START--
INFO: Run Behavior\ReadHtmlCacheBehavior [ RunTime:0.000301s ]
INFO: [ app_begin ] --END-- [ RunTime:0.000338s ]
NOTIC: [8192] Function split() is deprecated /home/mtf/Application/dq/Application/Home/Common/function.php 第 4 行.
NOTIC: [8192] Function split() is deprecated /home/mtf/Application/dq/Application/Home/Common/function.php 第 5 行.
NOTIC: [8192] Function split() is deprecated /home/mtf/Application/dq/Application/Home/Common/function.php 第 8 行.
NOTIC: [8192] Function split() is deprecated /home/mtf/Application/dq/Application/Home/Common/function.php 第 8 行.
NOTIC: [8192] Function split() is deprecated /home/mtf/Application/dq/Application/Home/Common/function.php 第 8 行.
INFO: [ view_parse ] --START--
INFO: [ template_filter ] --START--
INFO: Run Behavior\ContentReplaceBehavior [ RunTime:0.000028s ]
INFO: [ template_filter ] --END-- [ RunTime:0.000091s ]
INFO: Run Behavior\ParseTemplateBehavior [ RunTime:0.007449s ]
INFO: [ view_parse ] --END-- [ RunTime:0.007486s ]
INFO: [ view_filter ] --START--
INFO: Run Behavior\WriteHtmlCacheBehavior [ RunTime:0.000120s ]
INFO: [ view_filter ] --END-- [ RunTime:0.000149s ]

[ 2015-01-21T14:16:42+08:00 ] 127.0.0.1 /index.php?m=Home&c=Admin&a=register
INFO: [ app_init ] --START--
INFO: Run Behavior\BuildLiteBehavior [ RunTime:0.000017s ]
INFO: [ app_init ] --END-- [ RunTime:0.000290s ]
INFO: [ app_begin ] --START--
INFO: Run Behavior\ReadHtmlCacheBehavior [ RunTime:0.000387s ]
INFO: [ app_begin ] --END-- [ RunTime:0.000454s ]
NOTIC: [8192] Function split() is deprecated /home/mtf/Application/dq/Application/Home/Common/function.php 第 4 行.
NOTIC: [8192] Function split() is deprecated /home/mtf/Application/dq/Application/Home/Common/function.php 第 5 行.
NOTIC: [8192] Function split() is deprecated /home/mtf/Application/dq/Application/Home/Common/function.php 第 8 行.
NOTIC: [8192] Function split() is deprecated /home/mtf/Application/dq/Application/Home/Common/function.php 第 8 行.
NOTIC: [8192] Function split() is deprecated /home/mtf/Application/dq/Application/Home/Common/function.php 第 8 行.
INFO: [ view_parse ] --START--
INFO: [ template_filter ] --START--
INFO: Run Behavior\ContentReplaceBehavior [ RunTime:0.000026s ]
INFO: [ template_filter ] --END-- [ RunTime:0.000077s ]
INFO: Run Behavior\ParseTemplateBehavior [ RunTime:0.003735s ]
INFO: [ view_parse ] --END-- [ RunTime:0.003779s ]
INFO: [ view_filter ] --START--
INFO: Run Behavior\WriteHtmlCacheBehavior [ RunTime:0.000135s ]
INFO: [ view_filter ] --END-- [ RunTime:0.000166s ]

[ 2015-01-21T14:16:48+08:00 ] 127.0.0.1 /index.php?m=Home&c=Admin&a=index
INFO: [ app_init ] --START--
INFO: Run Behavior\BuildLiteBehavior [ RunTime:0.000014s ]
INFO: [ app_init ] --END-- [ RunTime:0.000292s ]
INFO: [ app_begin ] --START--
INFO: Run Behavior\ReadHtmlCacheBehavior [ RunTime:0.000326s ]
INFO: [ app_begin ] --END-- [ RunTime:0.000372s ]
NOTIC: [8192] Function split() is deprecated /home/mtf/Application/dq/Application/Home/Common/function.php 第 4 行.
NOTIC: [8192] Function split() is deprecated /home/mtf/Application/dq/Application/Home/Common/function.php 第 5 行.
NOTIC: [8192] Function split() is deprecated /home/mtf/Application/dq/Application/Home/Common/function.php 第 8 行.
NOTIC: [8192] Function split() is deprecated /home/mtf/Application/dq/Application/Home/Common/function.php 第 8 行.
NOTIC: [8192] Function split() is deprecated /home/mtf/Application/dq/Application/Home/Common/function.php 第 8 行.
ERR: 模板不存在:./Application/Home/View/Admin/login.html

[ 2015-01-21T14:16:51+08:00 ] 127.0.0.1 /index.php?m=Home&c=Admin&a=register
INFO: [ app_init ] --START--
INFO: Run Behavior\BuildLiteBehavior [ RunTime:0.000013s ]
INFO: [ app_init ] --END-- [ RunTime:0.000245s ]
INFO: [ app_begin ] --START--
INFO: Run Behavior\ReadHtmlCacheBehavior [ RunTime:0.000302s ]
INFO: [ app_begin ] --END-- [ RunTime:0.000343s ]
NOTIC: [8192] Function split() is deprecated /home/mtf/Application/dq/Application/Home/Common/function.php 第 4 行.
NOTIC: [8192] Function split() is deprecated /home/mtf/Application/dq/Application/Home/Common/function.php 第 5 行.
NOTIC: [8192] Function split() is deprecated /home/mtf/Application/dq/Application/Home/Common/function.php 第 8 行.
NOTIC: [8192] Function split() is deprecated /home/mtf/Application/dq/Application/Home/Common/function.php 第 8 行.
NOTIC: [8192] Function split() is deprecated /home/mtf/Application/dq/Application/Home/Common/function.php 第 8 行.
INFO: [ view_parse ] --START--
INFO: [ template_filter ] --START--
INFO: Run Behavior\ContentReplaceBehavior [ RunTime:0.000049s ]
INFO: [ template_filter ] --END-- [ RunTime:0.000179s ]
INFO: Run Behavior\ParseTemplateBehavior [ RunTime:0.005346s ]
INFO: [ view_parse ] --END-- [ RunTime:0.005420s ]
INFO: [ view_filter ] --START--
INFO: Run Behavior\WriteHtmlCacheBehavior [ RunTime:0.000223s ]
INFO: [ view_filter ] --END-- [ RunTime:0.000266s ]

[ 2015-01-21T14:17:07+08:00 ] 127.0.0.1 /index.php?m=Home&c=Admin&a=register
INFO: [ app_init ] --START--
INFO: Run Behavior\BuildLiteBehavior [ RunTime:0.000014s ]
INFO: [ app_init ] --END-- [ RunTime:0.000267s ]
INFO: [ app_begin ] --START--
INFO: Run Behavior\ReadHtmlCacheBehavior [ RunTime:0.000315s ]
INFO: [ app_begin ] --END-- [ RunTime:0.000359s ]
NOTIC: [8192] Function split() is deprecated /home/mtf/Application/dq/Application/Home/Common/function.php 第 4 行.
NOTIC: [8192] Function split() is deprecated /home/mtf/Application/dq/Application/Home/Common/function.php 第 5 行.
NOTIC: [8192] Function split() is deprecated /home/mtf/Application/dq/Application/Home/Common/function.php 第 8 行.
NOTIC: [8192] Function split() is deprecated /home/mtf/Application/dq/Application/Home/Common/function.php 第 8 行.
NOTIC: [8192] Function split() is deprecated /home/mtf/Application/dq/Application/Home/Common/function.php 第 8 行.
INFO: [ view_parse ] --START--
INFO: [ template_filter ] --START--
INFO: Run Behavior\ContentReplaceBehavior [ RunTime:0.000028s ]
INFO: [ template_filter ] --END-- [ RunTime:0.000089s ]
INFO: Run Behavior\ParseTemplateBehavior [ RunTime:0.007518s ]
INFO: [ view_parse ] --END-- [ RunTime:0.007569s ]
INFO: [ view_filter ] --START--
INFO: Run Behavior\WriteHtmlCacheBehavior [ RunTime:0.000121s ]
INFO: [ view_filter ] --END-- [ RunTime:0.000154s ]

[ 2015-01-21T14:18:45+08:00 ] 127.0.0.1 /index.php?m=Home&c=Admin&a=register
INFO: [ app_init ] --START--
INFO: Run Behavior\BuildLiteBehavior [ RunTime:0.000014s ]
INFO: [ app_init ] --END-- [ RunTime:0.000255s ]
INFO: [ app_begin ] --START--
INFO: Run Behavior\ReadHtmlCacheBehavior [ RunTime:0.000309s ]
INFO: [ app_begin ] --END-- [ RunTime:0.000347s ]
NOTIC: [8192] Function split() is deprecated /home/mtf/Application/dq/Application/Home/Common/function.php 第 4 行.
NOTIC: [8192] Function split() is deprecated /home/mtf/Application/dq/Application/Home/Common/function.php 第 5 行.
NOTIC: [8192] Function split() is deprecated /home/mtf/Application/dq/Application/Home/Common/function.php 第 8 行.
NOTIC: [8192] Function split() is deprecated /home/mtf/Application/dq/Application/Home/Common/function.php 第 8 行.
NOTIC: [8192] Function split() is deprecated /home/mtf/Application/dq/Application/Home/Common/function.php 第 8 行.
INFO: [ view_parse ] --START--
INFO: [ template_filter ] --START--
INFO: Run Behavior\ContentReplaceBehavior [ RunTime:0.000038s ]
INFO: [ template_filter ] --END-- [ RunTime:0.000104s ]
INFO: Run Behavior\ParseTemplateBehavior [ RunTime:0.004106s ]
INFO: [ view_parse ] --END-- [ RunTime:0.004147s ]
INFO: [ view_filter ] --START--
INFO: Run Behavior\WriteHtmlCacheBehavior [ RunTime:0.000129s ]
INFO: [ view_filter ] --END-- [ RunTime:0.000161s ]

[ 2015-01-21T14:20:56+08:00 ] 127.0.0.1 /index.php?m=Home&c=Admin&a=register
INFO: [ app_init ] --START--
INFO: Run Behavior\BuildLiteBehavior [ RunTime:0.000015s ]
INFO: [ app_init ] --END-- [ RunTime:0.000276s ]
INFO: [ app_begin ] --START--
INFO: Run Behavior\ReadHtmlCacheBehavior [ RunTime:0.000353s ]
INFO: [ app_begin ] --END-- [ RunTime:0.000410s ]
NOTIC: [8192] Function split() is deprecated /home/mtf/Application/dq/Application/Home/Common/function.php 第 4 行.
NOTIC: [8192] Function split() is deprecated /home/mtf/Application/dq/Application/Home/Common/function.php 第 5 行.
NOTIC: [8192] Function split() is deprecated /home/mtf/Application/dq/Application/Home/Common/function.php 第 8 行.
NOTIC: [8192] Function split() is deprecated /home/mtf/Application/dq/Application/Home/Common/function.php 第 8 行.
NOTIC: [8192] Function split() is deprecated /home/mtf/Application/dq/Application/Home/Common/function.php 第 8 行.
INFO: [ view_parse ] --START--
INFO: [ template_filter ] --START--
INFO: Run Behavior\ContentReplaceBehavior [ RunTime:0.000037s ]
INFO: [ template_filter ] --END-- [ RunTime:0.000099s ]
INFO: Run Behavior\ParseTemplateBehavior [ RunTime:0.006503s ]
INFO: [ view_parse ] --END-- [ RunTime:0.006543s ]
INFO: [ view_filter ] --START--
INFO: Run Behavior\WriteHtmlCacheBehavior [ RunTime:0.000114s ]
INFO: [ view_filter ] --END-- [ RunTime:0.000144s ]

[ 2015-01-21T14:21:07+08:00 ] 127.0.0.1 /index.php?m=Home&c=Admin&a=register
INFO: [ app_init ] --START--
INFO: Run Behavior\BuildLiteBehavior [ RunTime:0.000014s ]
INFO: [ app_init ] --END-- [ RunTime:0.000246s ]
INFO: [ app_begin ] --START--
INFO: Run Behavior\ReadHtmlCacheBehavior [ RunTime:0.007602s ]
INFO: [ app_begin ] --END-- [ RunTime:0.007679s ]
NOTIC: [8192] Function split() is deprecated /home/mtf/Application/dq/Application/Home/Common/function.php 第 4 行.
NOTIC: [8192] Function split() is deprecated /home/mtf/Application/dq/Application/Home/Common/function.php 第 5 行.
NOTIC: [8192] Function split() is deprecated /home/mtf/Application/dq/Application/Home/Common/function.php 第 8 行.
NOTIC: [8192] Function split() is deprecated /home/mtf/Application/dq/Application/Home/Common/function.php 第 8 行.
NOTIC: [8192] Function split() is deprecated /home/mtf/Application/dq/Application/Home/Common/function.php 第 8 行.
ERR: 无法加载数据库驱动: Think\Db\Driver\

[ 2015-01-21T14:21:51+08:00 ] 127.0.0.1 /index.php?m=Home&c=Admin&a=register
INFO: [ app_init ] --START--
INFO: Run Behavior\BuildLiteBehavior [ RunTime:0.000015s ]
INFO: [ app_init ] --END-- [ RunTime:0.000269s ]
INFO: [ app_begin ] --START--
INFO: Run Behavior\ReadHtmlCacheBehavior [ RunTime:0.000330s ]
INFO: [ app_begin ] --END-- [ RunTime:0.000380s ]
NOTIC: [8192] Function split() is deprecated /home/mtf/Application/dq/Application/Home/Common/function.php 第 4 行.
NOTIC: [8192] Function split() is deprecated /home/mtf/Application/dq/Application/Home/Common/function.php 第 5 行.
NOTIC: [8192] Function split() is deprecated /home/mtf/Application/dq/Application/Home/Common/function.php 第 8 行.
NOTIC: [8192] Function split() is deprecated /home/mtf/Application/dq/Application/Home/Common/function.php 第 8 行.
NOTIC: [8192] Function split() is deprecated /home/mtf/Application/dq/Application/Home/Common/function.php 第 8 行.
INFO: [ view_parse ] --START--
INFO: [ template_filter ] --START--
INFO: Run Behavior\ContentReplaceBehavior [ RunTime:0.000071s ]
INFO: [ template_filter ] --END-- [ RunTime:0.000210s ]
INFO: Run Behavior\ParseTemplateBehavior [ RunTime:0.006455s ]
INFO: [ view_parse ] --END-- [ RunTime:0.006572s ]
INFO: [ view_filter ] --START--
INFO: Run Behavior\WriteHtmlCacheBehavior [ RunTime:0.000207s ]
INFO: [ view_filter ] --END-- [ RunTime:0.000248s ]

[ 2015-01-21T14:22:00+08:00 ] 127.0.0.1 /index.php?m=Home&c=Admin&a=register
INFO: [ app_init ] --START--
INFO: Run Behavior\BuildLiteBehavior [ RunTime:0.000015s ]
INFO: [ app_init ] --END-- [ RunTime:0.000264s ]
INFO: [ app_begin ] --START--
INFO: Run Behavior\ReadHtmlCacheBehavior [ RunTime:0.000349s ]
INFO: [ app_begin ] --END-- [ RunTime:0.000410s ]
NOTIC: [8192] Function split() is deprecated /home/mtf/Application/dq/Application/Home/Common/function.php 第 4 行.
NOTIC: [8192] Function split() is deprecated /home/mtf/Application/dq/Application/Home/Common/function.php 第 5 行.
NOTIC: [8192] Function split() is deprecated /home/mtf/Application/dq/Application/Home/Common/function.php 第 8 行.
NOTIC: [8192] Function split() is deprecated /home/mtf/Application/dq/Application/Home/Common/function.php 第 8 行.
NOTIC: [8192] Function split() is deprecated /home/mtf/Application/dq/Application/Home/Common/function.php 第 8 行.
SQL: SHOW COLUMNS FROM `admin` [ RunTime:0.0012s ]
SQL: SELECT * FROM `admin` WHERE ( uname='admin' or email='email' ) LIMIT 1   [ RunTime:0.0003s ]
SQL: INSERT INTO `admin` (`uname`,`pwd`,`creattime`,`ext`,`email`) VALUES ('admin','ec208860bb77e3d8d0f4131513f2cc0d','','luvr','admin@qq.com') [ RunTime:0.0449s ]
INFO: [ view_parse ] --START--
INFO: [ template_filter ] --START--
INFO: Run Behavior\ContentReplaceBehavior [ RunTime:0.000039s ]
INFO: [ template_filter ] --END-- [ RunTime:0.000098s ]
INFO: Run Behavior\ParseTemplateBehavior [ RunTime:0.017101s ]
INFO: [ view_parse ] --END-- [ RunTime:0.017146s ]
INFO: [ view_filter ] --START--
INFO: Run Behavior\WriteHtmlCacheBehavior [ RunTime:0.000115s ]
INFO: [ view_filter ] --END-- [ RunTime:0.000144s ]
INFO: [ app_end ] --START--
INFO: Run Behavior\ShowPageTraceBehavior [ RunTime:0.000351s ]
INFO: [ app_end ] --END-- [ RunTime:0.000387s ]

[ 2015-01-21T14:22:01+08:00 ] 127.0.0.1 /index.php?m=Home&c=Admin&a=register
INFO: [ app_init ] --START--
INFO: Run Behavior\BuildLiteBehavior [ RunTime:0.000013s ]
INFO: [ app_init ] --END-- [ RunTime:0.000271s ]
INFO: [ app_begin ] --START--
INFO: Run Behavior\ReadHtmlCacheBehavior [ RunTime:0.000329s ]
INFO: [ app_begin ] --END-- [ RunTime:0.000375s ]
NOTIC: [8192] Function split() is deprecated /home/mtf/Application/dq/Application/Home/Common/function.php 第 4 行.
NOTIC: [8192] Function split() is deprecated /home/mtf/Application/dq/Application/Home/Common/function.php 第 5 行.
NOTIC: [8192] Function split() is deprecated /home/mtf/Application/dq/Application/Home/Common/function.php 第 8 行.
NOTIC: [8192] Function split() is deprecated /home/mtf/Application/dq/Application/Home/Common/function.php 第 8 行.
NOTIC: [8192] Function split() is deprecated /home/mtf/Application/dq/Application/Home/Common/function.php 第 8 行.
INFO: [ view_parse ] --START--
INFO: [ template_filter ] --START--
INFO: Run Behavior\ContentReplaceBehavior [ RunTime:0.000047s ]
INFO: [ template_filter ] --END-- [ RunTime:0.000152s ]
INFO: Run Behavior\ParseTemplateBehavior [ RunTime:0.005132s ]
INFO: [ view_parse ] --END-- [ RunTime:0.005215s ]
INFO: [ view_filter ] --START--
INFO: Run Behavior\WriteHtmlCacheBehavior [ RunTime:0.000140s ]
INFO: [ view_filter ] --END-- [ RunTime:0.000174s ]

[ 2015-01-21T14:25:45+08:00 ] 127.0.0.1 /index.php?m=Home&c=Admin&a=login
INFO: [ app_init ] --START--
INFO: Run Behavior\BuildLiteBehavior [ RunTime:0.000017s ]
INFO: [ app_init ] --END-- [ RunTime:0.000440s ]
INFO: [ app_begin ] --START--
INFO: Run Behavior\ReadHtmlCacheBehavior [ RunTime:0.000335s ]
INFO: [ app_begin ] --END-- [ RunTime:0.000381s ]
NOTIC: [8192] Function split() is deprecated /home/mtf/Application/dq/Application/Home/Common/function.php 第 4 行.
NOTIC: [8192] Function split() is deprecated /home/mtf/Application/dq/Application/Home/Common/function.php 第 5 行.
NOTIC: [8192] Function split() is deprecated /home/mtf/Application/dq/Application/Home/Common/function.php 第 8 行.
NOTIC: [8192] Function split() is deprecated /home/mtf/Application/dq/Application/Home/Common/function.php 第 8 行.
NOTIC: [8192] Function split() is deprecated /home/mtf/Application/dq/Application/Home/Common/function.php 第 8 行.
ERR: 模板不存在:./Application/Home/View/Admin/login.html

[ 2015-01-21T14:26:07+08:00 ] 127.0.0.1 /index.php?m=Home&c=Admin&a=login
INFO: [ app_init ] --START--
INFO: Run Behavior\BuildLiteBehavior [ RunTime:0.000016s ]
INFO: [ app_init ] --END-- [ RunTime:0.000255s ]
INFO: [ app_begin ] --START--
INFO: Run Behavior\ReadHtmlCacheBehavior [ RunTime:0.000310s ]
INFO: [ app_begin ] --END-- [ RunTime:0.000350s ]
NOTIC: [8192] Function split() is deprecated /home/mtf/Application/dq/Application/Home/Common/function.php 第 4 行.
NOTIC: [8192] Function split() is deprecated /home/mtf/Application/dq/Application/Home/Common/function.php 第 5 行.
NOTIC: [8192] Function split() is deprecated /home/mtf/Application/dq/Application/Home/Common/function.php 第 8 行.
NOTIC: [8192] Function split() is deprecated /home/mtf/Application/dq/Application/Home/Common/function.php 第 8 行.
NOTIC: [8192] Function split() is deprecated /home/mtf/Application/dq/Application/Home/Common/function.php 第 8 行.
INFO: [ view_parse ] --START--
INFO: [ template_filter ] --START--
INFO: Run Behavior\ContentReplaceBehavior [ RunTime:0.000070s ]
INFO: [ template_filter ] --END-- [ RunTime:0.000173s ]
INFO: Run Behavior\ParseTemplateBehavior [ RunTime:0.007435s ]
INFO: [ view_parse ] --END-- [ RunTime:0.007497s ]
INFO: [ view_filter ] --START--
INFO: Run Behavior\WriteHtmlCacheBehavior [ RunTime:0.000218s ]
INFO: [ view_filter ] --END-- [ RunTime:0.000261s ]
INFO: [ app_end ] --START--
INFO: Run Behavior\ShowPageTraceBehavior [ RunTime:0.000511s ]
INFO: [ app_end ] --END-- [ RunTime:0.000561s ]

[ 2015-01-21T14:26:11+08:00 ] 127.0.0.1 /index.php?m=Home&c=Admin&a=login
INFO: [ app_init ] --START--
INFO: Run Behavior\BuildLiteBehavior [ RunTime:0.000030s ]
INFO: [ app_init ] --END-- [ RunTime:0.000437s ]
INFO: [ app_begin ] --START--
INFO: Run Behavior\ReadHtmlCacheBehavior [ RunTime:0.000411s ]
INFO: [ app_begin ] --END-- [ RunTime:0.000483s ]
NOTIC: [8192] Function split() is deprecated /home/mtf/Application/dq/Application/Home/Common/function.php 第 4 行.
NOTIC: [8192] Function split() is deprecated /home/mtf/Application/dq/Application/Home/Common/function.php 第 5 行.
NOTIC: [8192] Function split() is deprecated /home/mtf/Application/dq/Application/Home/Common/function.php 第 8 行.
NOTIC: [8192] Function split() is deprecated /home/mtf/Application/dq/Application/Home/Common/function.php 第 8 行.
NOTIC: [8192] Function split() is deprecated /home/mtf/Application/dq/Application/Home/Common/function.php 第 8 行.
SQL: SHOW COLUMNS FROM `admin` [ RunTime:0.0006s ]
SQL: SELECT * FROM `admin` WHERE ( uname='uname' ) LIMIT 1   [ RunTime:0.0007s ]
INFO: [ view_parse ] --START--
INFO: [ template_filter ] --START--
INFO: Run Behavior\ContentReplaceBehavior [ RunTime:0.000049s ]
INFO: [ template_filter ] --END-- [ RunTime:0.000653s ]
INFO: Run Behavior\ParseTemplateBehavior [ RunTime:0.008918s ]
INFO: [ view_parse ] --END-- [ RunTime:0.008973s ]
INFO: [ view_filter ] --START--
INFO: Run Behavior\WriteHtmlCacheBehavior [ RunTime:0.000121s ]
INFO: [ view_filter ] --END-- [ RunTime:0.000151s ]

[ 2015-01-21T14:26:16+08:00 ] 127.0.0.1 /index.php?m=Home&c=Admin&a=login
INFO: [ app_init ] --START--
INFO: Run Behavior\BuildLiteBehavior [ RunTime:0.000014s ]
INFO: [ app_init ] --END-- [ RunTime:0.000445s ]
INFO: [ app_begin ] --START--
INFO: Run Behavior\ReadHtmlCacheBehavior [ RunTime:0.000317s ]
INFO: [ app_begin ] --END-- [ RunTime:0.000364s ]
NOTIC: [8192] Function split() is deprecated /home/mtf/Application/dq/Application/Home/Common/function.php 第 4 行.
NOTIC: [8192] Function split() is deprecated /home/mtf/Application/dq/Application/Home/Common/function.php 第 5 行.
NOTIC: [8192] Function split() is deprecated /home/mtf/Application/dq/Application/Home/Common/function.php 第 8 行.
NOTIC: [8192] Function split() is deprecated /home/mtf/Application/dq/Application/Home/Common/function.php 第 8 行.
NOTIC: [8192] Function split() is deprecated /home/mtf/Application/dq/Application/Home/Common/function.php 第 8 行.
SQL: SHOW COLUMNS FROM `admin` [ RunTime:0.0006s ]
SQL: SELECT * FROM `admin` WHERE ( uname='uname' ) LIMIT 1   [ RunTime:0.0002s ]
INFO: [ view_parse ] --START--
INFO: [ template_filter ] --START--
INFO: Run Behavior\ContentReplaceBehavior [ RunTime:0.000037s ]
INFO: [ template_filter ] --END-- [ RunTime:0.000094s ]
INFO: Run Behavior\ParseTemplateBehavior [ RunTime:0.005364s ]
INFO: [ view_parse ] --END-- [ RunTime:0.005440s ]
INFO: [ view_filter ] --START--
INFO: Run Behavior\WriteHtmlCacheBehavior [ RunTime:0.000201s ]
INFO: [ view_filter ] --END-- [ RunTime:0.000241s ]

[ 2015-01-21T14:26:21+08:00 ] 127.0.0.1 /index.php?m=Home&c=Admin&a=login
INFO: [ app_init ] --START--
INFO: Run Behavior\BuildLiteBehavior [ RunTime:0.000015s ]
INFO: [ app_init ] --END-- [ RunTime:0.000259s ]
INFO: [ app_begin ] --START--
INFO: Run Behavior\ReadHtmlCacheBehavior [ RunTime:0.000303s ]
INFO: [ app_begin ] --END-- [ RunTime:0.000343s ]
NOTIC: [8192] Function split() is deprecated /home/mtf/Application/dq/Application/Home/Common/function.php 第 4 行.
NOTIC: [8192] Function split() is deprecated /home/mtf/Application/dq/Application/Home/Common/function.php 第 5 行.
NOTIC: [8192] Function split() is deprecated /home/mtf/Application/dq/Application/Home/Common/function.php 第 8 行.
NOTIC: [8192] Function split() is deprecated /home/mtf/Application/dq/Application/Home/Common/function.php 第 8 行.
NOTIC: [8192] Function split() is deprecated /home/mtf/Application/dq/Application/Home/Common/function.php 第 8 行.
SQL: SHOW COLUMNS FROM `admin` [ RunTime:0.0006s ]
SQL: SELECT * FROM `admin` WHERE ( uname='uname' ) LIMIT 1   [ RunTime:0.0007s ]
INFO: [ view_parse ] --START--
INFO: [ template_filter ] --START--
INFO: Run Behavior\ContentReplaceBehavior [ RunTime:0.000035s ]
INFO: [ template_filter ] --END-- [ RunTime:0.000091s ]
INFO: Run Behavior\ParseTemplateBehavior [ RunTime:0.006090s ]
INFO: [ view_parse ] --END-- [ RunTime:0.006131s ]
INFO: [ view_filter ] --START--
INFO: Run Behavior\WriteHtmlCacheBehavior [ RunTime:0.000099s ]
INFO: [ view_filter ] --END-- [ RunTime:0.000129s ]

[ 2015-01-21T14:26:33+08:00 ] 127.0.0.1 /index.php?m=Home&c=Admin&a=login
INFO: [ app_init ] --START--
INFO: Run Behavior\BuildLiteBehavior [ RunTime:0.000026s ]
INFO: [ app_init ] --END-- [ RunTime:0.000446s ]
INFO: [ app_begin ] --START--
INFO: Run Behavior\ReadHtmlCacheBehavior [ RunTime:0.000442s ]
INFO: [ app_begin ] --END-- [ RunTime:0.000529s ]
NOTIC: [8192] Function split() is deprecated /home/mtf/Application/dq/Application/Home/Common/function.php 第 4 行.
NOTIC: [8192] Function split() is deprecated /home/mtf/Application/dq/Application/Home/Common/function.php 第 5 行.
NOTIC: [8192] Function split() is deprecated /home/mtf/Application/dq/Application/Home/Common/function.php 第 8 行.
NOTIC: [8192] Function split() is deprecated /home/mtf/Application/dq/Application/Home/Common/function.php 第 8 行.
NOTIC: [8192] Function split() is deprecated /home/mtf/Application/dq/Application/Home/Common/function.php 第 8 行.
SQL: SHOW COLUMNS FROM `admin` [ RunTime:0.0006s ]
SQL: SELECT * FROM `admin` WHERE ( uname='uname' ) LIMIT 1   [ RunTime:0.0002s ]
INFO: [ view_parse ] --START--
INFO: [ template_filter ] --START--
INFO: Run Behavior\ContentReplaceBehavior [ RunTime:0.000036s ]
INFO: [ template_filter ] --END-- [ RunTime:0.000086s ]
INFO: Run Behavior\ParseTemplateBehavior [ RunTime:0.004153s ]
INFO: [ view_parse ] --END-- [ RunTime:0.004195s ]
INFO: [ view_filter ] --START--
INFO: Run Behavior\WriteHtmlCacheBehavior [ RunTime:0.000104s ]
INFO: [ view_filter ] --END-- [ RunTime:0.000133s ]

[ 2015-01-21T14:26:46+08:00 ] 127.0.0.1 /index.php?m=Home&c=Admin&a=login
INFO: [ app_init ] --START--
INFO: Run Behavior\BuildLiteBehavior [ RunTime:0.000015s ]
INFO: [ app_init ] --END-- [ RunTime:0.000276s ]
INFO: [ app_begin ] --START--
INFO: Run Behavior\ReadHtmlCacheBehavior [ RunTime:0.000328s ]
INFO: [ app_begin ] --END-- [ RunTime:0.000406s ]
NOTIC: [8192] Function split() is deprecated /home/mtf/Application/dq/Application/Home/Common/function.php 第 4 行.
NOTIC: [8192] Function split() is deprecated /home/mtf/Application/dq/Application/Home/Common/function.php 第 5 行.
NOTIC: [8192] Function split() is deprecated /home/mtf/Application/dq/Application/Home/Common/function.php 第 8 行.
NOTIC: [8192] Function split() is deprecated /home/mtf/Application/dq/Application/Home/Common/function.php 第 8 行.
NOTIC: [8192] Function split() is deprecated /home/mtf/Application/dq/Application/Home/Common/function.php 第 8 行.
SQL: SHOW COLUMNS FROM `admin` [ RunTime:0.0006s ]
SQL: SELECT * FROM `admin` WHERE ( uname='admin' ) LIMIT 1   [ RunTime:0.0002s ]
INFO: [ view_parse ] --START--
INFO: [ template_filter ] --START--
INFO: Run Behavior\ContentReplaceBehavior [ RunTime:0.000072s ]
INFO: [ template_filter ] --END-- [ RunTime:0.000186s ]
INFO: Run Behavior\ParseTemplateBehavior [ RunTime:0.012925s ]
INFO: [ view_parse ] --END-- [ RunTime:0.012981s ]
INFO: [ view_filter ] --START--
INFO: Run Behavior\WriteHtmlCacheBehavior [ RunTime:0.000138s ]
INFO: [ view_filter ] --END-- [ RunTime:0.000171s ]

[ 2015-01-21T14:27:52+08:00 ] 127.0.0.1 /index.php?m=Home&c=Admin&a=login
INFO: [ app_init ] --START--
INFO: Run Behavior\BuildLiteBehavior [ RunTime:0.000014s ]
INFO: [ app_init ] --END-- [ RunTime:0.000261s ]
INFO: [ app_begin ] --START--
INFO: Run Behavior\ReadHtmlCacheBehavior [ RunTime:0.000323s ]
INFO: [ app_begin ] --END-- [ RunTime:0.000368s ]
NOTIC: [8192] Function split() is deprecated /home/mtf/Application/dq/Application/Home/Common/function.php 第 4 行.
NOTIC: [8192] Function split() is deprecated /home/mtf/Application/dq/Application/Home/Common/function.php 第 5 行.
NOTIC: [8192] Function split() is deprecated /home/mtf/Application/dq/Application/Home/Common/function.php 第 8 行.
NOTIC: [8192] Function split() is deprecated /home/mtf/Application/dq/Application/Home/Common/function.php 第 8 行.
NOTIC: [8192] Function split() is deprecated /home/mtf/Application/dq/Application/Home/Common/function.php 第 8 行.
INFO: [ view_parse ] --START--
INFO: [ template_filter ] --START--
INFO: Run Behavior\ContentReplaceBehavior [ RunTime:0.000055s ]
INFO: [ template_filter ] --END-- [ RunTime:0.000136s ]
INFO: Run Behavior\ParseTemplateBehavior [ RunTime:0.004866s ]
INFO: [ view_parse ] --END-- [ RunTime:0.004920s ]
INFO: [ view_filter ] --START--
INFO: Run Behavior\WriteHtmlCacheBehavior [ RunTime:0.000138s ]
INFO: [ view_filter ] --END-- [ RunTime:0.000175s ]
INFO: [ app_end ] --START--
INFO: Run Behavior\ShowPageTraceBehavior [ RunTime:0.000397s ]
INFO: [ app_end ] --END-- [ RunTime:0.000441s ]

[ 2015-01-21T14:27:54+08:00 ] 127.0.0.1 /index.php?m=Home&c=Admin&a=login
INFO: [ app_init ] --START--
INFO: Run Behavior\BuildLiteBehavior [ RunTime:0.000017s ]
INFO: [ app_init ] --END-- [ RunTime:0.000376s ]
INFO: [ app_begin ] --START--
INFO: Run Behavior\ReadHtmlCacheBehavior [ RunTime:0.000321s ]
INFO: [ app_begin ] --END-- [ RunTime:0.000371s ]
NOTIC: [8192] Function split() is deprecated /home/mtf/Application/dq/Application/Home/Common/function.php 第 4 行.
NOTIC: [8192] Function split() is deprecated /home/mtf/Application/dq/Application/Home/Common/function.php 第 5 行.
NOTIC: [8192] Function split() is deprecated /home/mtf/Application/dq/Application/Home/Common/function.php 第 8 行.
NOTIC: [8192] Function split() is deprecated /home/mtf/Application/dq/Application/Home/Common/function.php 第 8 行.
NOTIC: [8192] Function split() is deprecated /home/mtf/Application/dq/Application/Home/Common/function.php 第 8 行.
SQL: SHOW COLUMNS FROM `admin` [ RunTime:0.0007s ]
SQL: SELECT * FROM `admin` WHERE ( uname='admin' ) LIMIT 1   [ RunTime:0.0002s ]
INFO: [ view_parse ] --START--
INFO: [ template_filter ] --START--
INFO: Run Behavior\ContentReplaceBehavior [ RunTime:0.000039s ]
INFO: [ template_filter ] --END-- [ RunTime:0.000137s ]
INFO: Run Behavior\ParseTemplateBehavior [ RunTime:0.004689s ]
INFO: [ view_parse ] --END-- [ RunTime:0.004728s ]
INFO: [ view_filter ] --START--
INFO: Run Behavior\WriteHtmlCacheBehavior [ RunTime:0.000140s ]
INFO: [ view_filter ] --END-- [ RunTime:0.000171s ]

[ 2015-01-21T14:28:22+08:00 ] 127.0.0.1 /index.php?m=Home&c=Admin&a=login
INFO: [ app_init ] --START--
INFO: Run Behavior\BuildLiteBehavior [ RunTime:0.000014s ]
INFO: [ app_init ] --END-- [ RunTime:0.000248s ]
INFO: [ app_begin ] --START--
INFO: Run Behavior\ReadHtmlCacheBehavior [ RunTime:0.000307s ]
INFO: [ app_begin ] --END-- [ RunTime:0.000350s ]
NOTIC: [8192] Function split() is deprecated /home/mtf/Application/dq/Application/Home/Common/function.php 第 4 行.
NOTIC: [8192] Function split() is deprecated /home/mtf/Application/dq/Application/Home/Common/function.php 第 5 行.
NOTIC: [8192] Function split() is deprecated /home/mtf/Application/dq/Application/Home/Common/function.php 第 8 行.
NOTIC: [8192] Function split() is deprecated /home/mtf/Application/dq/Application/Home/Common/function.php 第 8 行.
NOTIC: [8192] Function split() is deprecated /home/mtf/Application/dq/Application/Home/Common/function.php 第 8 行.
SQL: SHOW COLUMNS FROM `admin` [ RunTime:0.0006s ]
SQL: SELECT * FROM `admin` WHERE ( uname='admin' ) LIMIT 1   [ RunTime:0.0002s ]
INFO: [ view_parse ] --START--
INFO: [ template_filter ] --START--
INFO: Run Behavior\ContentReplaceBehavior [ RunTime:0.000038s ]
INFO: [ template_filter ] --END-- [ RunTime:0.000100s ]
INFO: Run Behavior\ParseTemplateBehavior [ RunTime:0.010451s ]
INFO: [ view_parse ] --END-- [ RunTime:0.010491s ]
INFO: [ view_filter ] --START--
INFO: Run Behavior\WriteHtmlCacheBehavior [ RunTime:0.000134s ]
INFO: [ view_filter ] --END-- [ RunTime:0.000164s ]

[ 2015-01-21T14:28:23+08:00 ] 127.0.0.1 /index.php?m=Home&c=Admin&a=index
INFO: [ app_init ] --START--
INFO: Run Behavior\BuildLiteBehavior [ RunTime:0.000022s ]
INFO: [ app_init ] --END-- [ RunTime:0.000421s ]
INFO: [ app_begin ] --START--
INFO: Run Behavior\ReadHtmlCacheBehavior [ RunTime:0.000340s ]
INFO: [ app_begin ] --END-- [ RunTime:0.000392s ]
NOTIC: [8192] Function split() is deprecated /home/mtf/Application/dq/Application/Home/Common/function.php 第 4 行.
NOTIC: [8192] Function split() is deprecated /home/mtf/Application/dq/Application/Home/Common/function.php 第 5 行.
NOTIC: [8192] Function split() is deprecated /home/mtf/Application/dq/Application/Home/Common/function.php 第 8 行.
NOTIC: [8192] Function split() is deprecated /home/mtf/Application/dq/Application/Home/Common/function.php 第 8 行.
NOTIC: [8192] Function split() is deprecated /home/mtf/Application/dq/Application/Home/Common/function.php 第 8 行.
INFO: [ view_parse ] --START--
INFO: [ template_filter ] --START--
INFO: Run Behavior\ContentReplaceBehavior [ RunTime:0.000034s ]
INFO: [ template_filter ] --END-- [ RunTime:0.000090s ]
INFO: Run Behavior\ParseTemplateBehavior [ RunTime:0.004105s ]
INFO: [ view_parse ] --END-- [ RunTime:0.004148s ]
INFO: [ view_filter ] --START--
INFO: Run Behavior\WriteHtmlCacheBehavior [ RunTime:0.000103s ]
INFO: [ view_filter ] --END-- [ RunTime:0.000134s ]

[ 2015-01-21T14:30:03+08:00 ] 127.0.0.1 /index.php?m=Home&c=Admin&a=index
INFO: [ app_init ] --START--
INFO: Run Behavior\BuildLiteBehavior [ RunTime:0.000015s ]
INFO: [ app_init ] --END-- [ RunTime:0.000253s ]
INFO: [ app_begin ] --START--
INFO: Run Behavior\ReadHtmlCacheBehavior [ RunTime:0.000637s ]
INFO: [ app_begin ] --END-- [ RunTime:0.000687s ]
NOTIC: [8192] Function split() is deprecated /home/mtf/Application/dq/Application/Home/Common/function.php 第 4 行.
NOTIC: [8192] Function split() is deprecated /home/mtf/Application/dq/Application/Home/Common/function.php 第 5 行.
NOTIC: [8192] Function split() is deprecated /home/mtf/Application/dq/Application/Home/Common/function.php 第 8 行.
NOTIC: [8192] Function split() is deprecated /home/mtf/Application/dq/Application/Home/Common/function.php 第 8 行.
NOTIC: [8192] Function split() is deprecated /home/mtf/Application/dq/Application/Home/Common/function.php 第 8 行.
INFO: [ view_parse ] --START--
INFO: [ template_filter ] --START--
INFO: Run Behavior\ContentReplaceBehavior [ RunTime:0.000057s ]
INFO: [ template_filter ] --END-- [ RunTime:0.000158s ]
INFO: Run Behavior\ParseTemplateBehavior [ RunTime:0.004750s ]
INFO: [ view_parse ] --END-- [ RunTime:0.004812s ]
INFO: [ view_filter ] --START--
INFO: Run Behavior\WriteHtmlCacheBehavior [ RunTime:0.000185s ]
INFO: [ view_filter ] --END-- [ RunTime:0.000226s ]

[ 2015-01-21T14:30:10+08:00 ] 127.0.0.1 /index.php?m=Home&c=Admin&a=index
INFO: [ app_init ] --START--
INFO: Run Behavior\BuildLiteBehavior [ RunTime:0.000016s ]
INFO: [ app_init ] --END-- [ RunTime:0.000329s ]
INFO: [ app_begin ] --START--
INFO: Run Behavior\ReadHtmlCacheBehavior [ RunTime:0.000318s ]
INFO: [ app_begin ] --END-- [ RunTime:0.000355s ]
NOTIC: [8192] Function split() is deprecated /home/mtf/Application/dq/Application/Home/Common/function.php 第 4 行.
NOTIC: [8192] Function split() is deprecated /home/mtf/Application/dq/Application/Home/Common/function.php 第 5 行.
NOTIC: [8192] Function split() is deprecated /home/mtf/Application/dq/Application/Home/Common/function.php 第 8 行.
NOTIC: [8192] Function split() is deprecated /home/mtf/Application/dq/Application/Home/Common/function.php 第 8 行.
NOTIC: [8192] Function split() is deprecated /home/mtf/Application/dq/Application/Home/Common/function.php 第 8 行.
INFO: [ view_parse ] --START--
INFO: [ template_filter ] --START--
INFO: Run Behavior\ContentReplaceBehavior [ RunTime:0.000034s ]
INFO: [ template_filter ] --END-- [ RunTime:0.000086s ]
INFO: Run Behavior\ParseTemplateBehavior [ RunTime:0.003621s ]
INFO: [ view_parse ] --END-- [ RunTime:0.003655s ]
INFO: [ view_filter ] --START--
INFO: Run Behavior\WriteHtmlCacheBehavior [ RunTime:0.000095s ]
INFO: [ view_filter ] --END-- [ RunTime:0.000126s ]

[ 2015-01-21T14:30:11+08:00 ] 127.0.0.1 /index.php?m=Home&c=Admin&a=index
INFO: [ app_init ] --START--
INFO: Run Behavior\BuildLiteBehavior [ RunTime:0.000014s ]
INFO: [ app_init ] --END-- [ RunTime:0.000238s ]
INFO: [ app_begin ] --START--
INFO: Run Behavior\ReadHtmlCacheBehavior [ RunTime:0.000288s ]
INFO: [ app_begin ] --END-- [ RunTime:0.000324s ]
NOTIC: [8192] Function split() is deprecated /home/mtf/Application/dq/Application/Home/Common/function.php 第 4 行.
NOTIC: [8192] Function split() is deprecated /home/mtf/Application/dq/Application/Home/Common/function.php 第 5 行.
NOTIC: [8192] Function split() is deprecated /home/mtf/Application/dq/Application/Home/Common/function.php 第 8 行.
NOTIC: [8192] Function split() is deprecated /home/mtf/Application/dq/Application/Home/Common/function.php 第 8 行.
NOTIC: [8192] Function split() is deprecated /home/mtf/Application/dq/Application/Home/Common/function.php 第 8 行.
INFO: [ view_parse ] --START--
INFO: [ template_filter ] --START--
INFO: Run Behavior\ContentReplaceBehavior [ RunTime:0.000037s ]
INFO: [ template_filter ] --END-- [ RunTime:0.000095s ]
INFO: Run Behavior\ParseTemplateBehavior [ RunTime:0.007688s ]
INFO: [ view_parse ] --END-- [ RunTime:0.007726s ]
INFO: [ view_filter ] --START--
INFO: Run Behavior\WriteHtmlCacheBehavior [ RunTime:0.000108s ]
INFO: [ view_filter ] --END-- [ RunTime:0.000140s ]

[ 2015-01-21T14:30:21+08:00 ] 127.0.0.1 /index.php?m=Home&c=Admin&a=login
INFO: [ app_init ] --START--
INFO: Run Behavior\BuildLiteBehavior [ RunTime:0.000015s ]
INFO: [ app_init ] --END-- [ RunTime:0.000279s ]
INFO: [ app_begin ] --START--
INFO: Run Behavior\ReadHtmlCacheBehavior [ RunTime:0.000358s ]
INFO: [ app_begin ] --END-- [ RunTime:0.000421s ]
NOTIC: [8192] Function split() is deprecated /home/mtf/Application/dq/Application/Home/Common/function.php 第 4 行.
NOTIC: [8192] Function split() is deprecated /home/mtf/Application/dq/Application/Home/Common/function.php 第 5 行.
NOTIC: [8192] Function split() is deprecated /home/mtf/Application/dq/Application/Home/Common/function.php 第 8 行.
NOTIC: [8192] Function split() is deprecated /home/mtf/Application/dq/Application/Home/Common/function.php 第 8 行.
NOTIC: [8192] Function split() is deprecated /home/mtf/Application/dq/Application/Home/Common/function.php 第 8 行.
SQL: SHOW COLUMNS FROM `admin` [ RunTime:0.0006s ]
SQL: SELECT * FROM `admin` WHERE ( uname='admin' ) LIMIT 1   [ RunTime:0.0007s ]
INFO: [ view_parse ] --START--
INFO: [ template_filter ] --START--
INFO: Run Behavior\ContentReplaceBehavior [ RunTime:0.000038s ]
INFO: [ template_filter ] --END-- [ RunTime:0.000092s ]
INFO: Run Behavior\ParseTemplateBehavior [ RunTime:0.007974s ]
INFO: [ view_parse ] --END-- [ RunTime:0.008018s ]
INFO: [ view_filter ] --START--
INFO: Run Behavior\WriteHtmlCacheBehavior [ RunTime:0.000096s ]
INFO: [ view_filter ] --END-- [ RunTime:0.000126s ]

[ 2015-01-21T14:30:22+08:00 ] 127.0.0.1 /index.php?m=Home&c=Admin&a=index
INFO: [ app_init ] --START--
INFO: Run Behavior\BuildLiteBehavior [ RunTime:0.000015s ]
INFO: [ app_init ] --END-- [ RunTime:0.000270s ]
INFO: [ app_begin ] --START--
INFO: Run Behavior\ReadHtmlCacheBehavior [ RunTime:0.000342s ]
INFO: [ app_begin ] --END-- [ RunTime:0.000390s ]
NOTIC: [8] Undefined variable: tihs /home/mtf/Application/dq/Application/Home/Controller/AdminController.class.php 第 29 行.

[ 2015-01-21T14:30:31+08:00 ] 127.0.0.1 /index.php?m=Home&c=Admin&a=index
INFO: [ app_init ] --START--
INFO: Run Behavior\BuildLiteBehavior [ RunTime:0.000026s ]
INFO: [ app_init ] --END-- [ RunTime:0.000424s ]
INFO: [ app_begin ] --START--
INFO: Run Behavior\ReadHtmlCacheBehavior [ RunTime:0.000332s ]
INFO: [ app_begin ] --END-- [ RunTime:0.000378s ]
INFO: [ view_parse ] --START--
INFO: [ template_filter ] --START--
INFO: Run Behavior\ContentReplaceBehavior [ RunTime:0.000033s ]
INFO: [ template_filter ] --END-- [ RunTime:0.000092s ]
INFO: Run Behavior\ParseTemplateBehavior [ RunTime:0.007127s ]
INFO: [ view_parse ] --END-- [ RunTime:0.007168s ]
INFO: [ view_filter ] --START--
INFO: Run Behavior\WriteHtmlCacheBehavior [ RunTime:0.000100s ]
INFO: [ view_filter ] --END-- [ RunTime:0.000130s ]
INFO: [ app_end ] --START--
INFO: Run Behavior\ShowPageTraceBehavior [ RunTime:0.000338s ]
INFO: [ app_end ] --END-- [ RunTime:0.000372s ]

[ 2015-01-21T14:39:16+08:00 ] 127.0.0.1 /index.php?m=Home&c=Admin&a=index
INFO: [ app_init ] --START--
INFO: Run Behavior\BuildLiteBehavior [ RunTime:0.000013s ]
INFO: [ app_init ] --END-- [ RunTime:0.000253s ]
INFO: [ app_begin ] --START--
INFO: Run Behavior\ReadHtmlCacheBehavior [ RunTime:0.000307s ]
INFO: [ app_begin ] --END-- [ RunTime:0.000348s ]
INFO: [ view_parse ] --START--
INFO: [ template_filter ] --START--
INFO: Run Behavior\ContentReplaceBehavior [ RunTime:0.000033s ]
INFO: [ template_filter ] --END-- [ RunTime:0.000091s ]
INFO: Run Behavior\ParseTemplateBehavior [ RunTime:0.003714s ]
INFO: [ view_parse ] --END-- [ RunTime:0.003757s ]
INFO: [ view_filter ] --START--
INFO: Run Behavior\WriteHtmlCacheBehavior [ RunTime:0.000103s ]
INFO: [ view_filter ] --END-- [ RunTime:0.000132s ]
INFO: [ app_end ] --START--
INFO: Run Behavior\ShowPageTraceBehavior [ RunTime:0.000367s ]
INFO: [ app_end ] --END-- [ RunTime:0.000408s ]

[ 2015-01-21T14:39:40+08:00 ] 127.0.0.1 /index.php?m=Home&c=Admin&a=index
INFO: [ app_init ] --START--
INFO: Run Behavior\BuildLiteBehavior [ RunTime:0.000015s ]
INFO: [ app_init ] --END-- [ RunTime:0.000243s ]
INFO: [ app_begin ] --START--
INFO: Run Behavior\ReadHtmlCacheBehavior [ RunTime:0.000301s ]
INFO: [ app_begin ] --END-- [ RunTime:0.000341s ]
INFO: [ view_parse ] --START--
INFO: [ template_filter ] --START--
INFO: Run Behavior\ContentReplaceBehavior [ RunTime:0.000039s ]
INFO: [ template_filter ] --END-- [ RunTime:0.000106s ]
INFO: Run Behavior\ParseTemplateBehavior [ RunTime:0.005941s ]
INFO: [ view_parse ] --END-- [ RunTime:0.006017s ]
INFO: [ view_filter ] --START--
INFO: Run Behavior\WriteHtmlCacheBehavior [ RunTime:0.000218s ]
INFO: [ view_filter ] --END-- [ RunTime:0.000261s ]
INFO: [ app_end ] --START--
INFO: Run Behavior\ShowPageTraceBehavior [ RunTime:0.000576s ]
INFO: [ app_end ] --END-- [ RunTime:0.000629s ]

[ 2015-01-21T14:47:00+08:00 ] 127.0.0.1 /index.php?m=Home&c=Admin&a=index
INFO: [ app_init ] --START--
INFO: Run Behavior\BuildLiteBehavior [ RunTime:0.000014s ]
INFO: [ app_init ] --END-- [ RunTime:0.000249s ]
INFO: [ app_begin ] --START--
INFO: Run Behavior\ReadHtmlCacheBehavior [ RunTime:0.000301s ]
INFO: [ app_begin ] --END-- [ RunTime:0.000341s ]
INFO: [ view_parse ] --START--
INFO: [ template_filter ] --START--
INFO: Run Behavior\ContentReplaceBehavior [ RunTime:0.000061s ]
INFO: [ template_filter ] --END-- [ RunTime:0.000166s ]
INFO: Run Behavior\ParseTemplateBehavior [ RunTime:0.005599s ]
INFO: [ view_parse ] --END-- [ RunTime:0.005680s ]
INFO: [ view_filter ] --START--
INFO: Run Behavior\WriteHtmlCacheBehavior [ RunTime:0.000227s ]
INFO: [ view_filter ] --END-- [ RunTime:0.000273s ]
INFO: [ app_end ] --START--
INFO: Run Behavior\ShowPageTraceBehavior [ RunTime:0.000486s ]
INFO: [ app_end ] --END-- [ RunTime:0.000539s ]

[ 2015-01-21T14:47:18+08:00 ] 127.0.0.1 /index.php?m=Home&c=Admin&a=index
INFO: [ app_init ] --START--
INFO: Run Behavior\BuildLiteBehavior [ RunTime:0.000015s ]
INFO: [ app_init ] --END-- [ RunTime:0.000249s ]
INFO: [ app_begin ] --START--
INFO: Run Behavior\ReadHtmlCacheBehavior [ RunTime:0.000311s ]
INFO: [ app_begin ] --END-- [ RunTime:0.000354s ]
INFO: [ view_parse ] --START--
INFO: [ template_filter ] --START--
INFO: Run Behavior\ContentReplaceBehavior [ RunTime:0.000061s ]
INFO: [ template_filter ] --END-- [ RunTime:0.000161s ]
INFO: Run Behavior\ParseTemplateBehavior [ RunTime:0.004486s ]
INFO: [ view_parse ] --END-- [ RunTime:0.004533s ]
INFO: [ view_filter ] --START--
INFO: Run Behavior\WriteHtmlCacheBehavior [ RunTime:0.000152s ]
INFO: [ view_filter ] --END-- [ RunTime:0.000220s ]
INFO: [ app_end ] --START--
INFO: Run Behavior\ShowPageTraceBehavior [ RunTime:0.000357s ]
INFO: [ app_end ] --END-- [ RunTime:0.000395s ]

[ 2015-01-21T14:47:18+08:00 ] 127.0.0.1 /index.php?m=Home&c=Admin&a=index
INFO: [ app_init ] --START--
INFO: Run Behavior\BuildLiteBehavior [ RunTime:0.000015s ]
INFO: [ app_init ] --END-- [ RunTime:0.000247s ]
INFO: [ app_begin ] --START--
INFO: Run Behavior\ReadHtmlCacheBehavior [ RunTime:0.000307s ]
INFO: [ app_begin ] --END-- [ RunTime:0.000343s ]
INFO: [ view_parse ] --START--
INFO: [ template_filter ] --START--
INFO: Run Behavior\ContentReplaceBehavior [ RunTime:0.000036s ]
INFO: [ template_filter ] --END-- [ RunTime:0.000092s ]
INFO: Run Behavior\ParseTemplateBehavior [ RunTime:0.003577s ]
INFO: [ view_parse ] --END-- [ RunTime:0.003616s ]
INFO: [ view_filter ] --START--
INFO: Run Behavior\WriteHtmlCacheBehavior [ RunTime:0.000148s ]
INFO: [ view_filter ] --END-- [ RunTime:0.000179s ]
INFO: [ app_end ] --START--
INFO: Run Behavior\ShowPageTraceBehavior [ RunTime:0.000367s ]
INFO: [ app_end ] --END-- [ RunTime:0.000405s ]

[ 2015-01-21T14:47:25+08:00 ] 127.0.0.1 /index.php?m=Home&c=Admin&a=index
INFO: [ app_init ] --START--
INFO: Run Behavior\BuildLiteBehavior [ RunTime:0.000014s ]
INFO: [ app_init ] --END-- [ RunTime:0.000275s ]
INFO: [ app_begin ] --START--
INFO: Run Behavior\ReadHtmlCacheBehavior [ RunTime:0.000333s ]
INFO: [ app_begin ] --END-- [ RunTime:0.000381s ]
INFO: [ view_parse ] --START--
INFO: [ template_filter ] --START--
INFO: Run Behavior\ContentReplaceBehavior [ RunTime:0.000038s ]
INFO: [ template_filter ] --END-- [ RunTime:0.000100s ]
INFO: Run Behavior\ParseTemplateBehavior [ RunTime:0.010360s ]
INFO: [ view_parse ] --END-- [ RunTime:0.010404s ]
INFO: [ view_filter ] --START--
INFO: Run Behavior\WriteHtmlCacheBehavior [ RunTime:0.000119s ]
INFO: [ view_filter ] --END-- [ RunTime:0.000151s ]
INFO: [ app_end ] --START--
INFO: Run Behavior\ShowPageTraceBehavior [ RunTime:0.000359s ]
INFO: [ app_end ] --END-- [ RunTime:0.000395s ]

[ 2015-01-21T14:47:40+08:00 ] 127.0.0.1 /index.php?m=Home&c=Admin&a=index
INFO: [ app_init ] --START--
INFO: Run Behavior\BuildLiteBehavior [ RunTime:0.000014s ]
INFO: [ app_init ] --END-- [ RunTime:0.000263s ]
INFO: [ app_begin ] --START--
INFO: Run Behavior\ReadHtmlCacheBehavior [ RunTime:0.000340s ]
INFO: [ app_begin ] --END-- [ RunTime:0.000381s ]
INFO: [ view_parse ] --START--
INFO: [ template_filter ] --START--
INFO: Run Behavior\ContentReplaceBehavior [ RunTime:0.000041s ]
INFO: [ template_filter ] --END-- [ RunTime:0.000108s ]
INFO: Run Behavior\ParseTemplateBehavior [ RunTime:0.004197s ]
INFO: [ view_parse ] --END-- [ RunTime:0.004253s ]
INFO: [ view_filter ] --START--
INFO: Run Behavior\WriteHtmlCacheBehavior [ RunTime:0.000136s ]
INFO: [ view_filter ] --END-- [ RunTime:0.000168s ]
INFO: [ app_end ] --START--
INFO: Run Behavior\ShowPageTraceBehavior [ RunTime:0.000448s ]
INFO: [ app_end ] --END-- [ RunTime:0.000496s ]

[ 2015-01-21T14:47:58+08:00 ] 127.0.0.1 /index.php?m=Home&c=Admin&a=index
INFO: [ app_init ] --START--
INFO: Run Behavior\BuildLiteBehavior [ RunTime:0.000014s ]
INFO: [ app_init ] --END-- [ RunTime:0.000279s ]
INFO: [ app_begin ] --START--
INFO: Run Behavior\ReadHtmlCacheBehavior [ RunTime:0.000323s ]
INFO: [ app_begin ] --END-- [ RunTime:0.000368s ]
INFO: [ view_parse ] --START--
INFO: [ template_filter ] --START--
INFO: Run Behavior\ContentReplaceBehavior [ RunTime:0.000034s ]
INFO: [ template_filter ] --END-- [ RunTime:0.000091s ]
INFO: Run Behavior\ParseTemplateBehavior [ RunTime:0.010053s ]
INFO: [ view_parse ] --END-- [ RunTime:0.010097s ]
INFO: [ view_filter ] --START--
INFO: Run Behavior\WriteHtmlCacheBehavior [ RunTime:0.000128s ]
INFO: [ view_filter ] --END-- [ RunTime:0.000158s ]
INFO: [ app_end ] --START--
INFO: Run Behavior\ShowPageTraceBehavior [ RunTime:0.000335s ]
INFO: [ app_end ] --END-- [ RunTime:0.000370s ]

[ 2015-01-21T14:48:11+08:00 ] 127.0.0.1 /index.php?m=Home&c=Admin&a=index
INFO: [ app_init ] --START--
INFO: Run Behavior\BuildLiteBehavior [ RunTime:0.000016s ]
INFO: [ app_init ] --END-- [ RunTime:0.000295s ]
INFO: [ app_begin ] --START--
INFO: Run Behavior\ReadHtmlCacheBehavior [ RunTime:0.000327s ]
INFO: [ app_begin ] --END-- [ RunTime:0.000370s ]
INFO: [ view_parse ] --START--
INFO: [ template_filter ] --START--
INFO: Run Behavior\ContentReplaceBehavior [ RunTime:0.000038s ]
INFO: [ template_filter ] --END-- [ RunTime:0.000095s ]
INFO: Run Behavior\ParseTemplateBehavior [ RunTime:0.007860s ]
INFO: [ view_parse ] --END-- [ RunTime:0.007900s ]
INFO: [ view_filter ] --START--
INFO: Run Behavior\WriteHtmlCacheBehavior [ RunTime:0.000103s ]
INFO: [ view_filter ] --END-- [ RunTime:0.000133s ]
INFO: [ app_end ] --START--
INFO: Run Behavior\ShowPageTraceBehavior [ RunTime:0.004255s ]
INFO: [ app_end ] --END-- [ RunTime:0.004323s ]

[ 2015-01-21T14:48:59+08:00 ] 127.0.0.1 /index.php?m=Home&c=Admin&a=index
INFO: [ app_init ] --START--
INFO: Run Behavior\BuildLiteBehavior [ RunTime:0.000013s ]
INFO: [ app_init ] --END-- [ RunTime:0.000245s ]
INFO: [ app_begin ] --START--
INFO: Run Behavior\ReadHtmlCacheBehavior [ RunTime:0.000304s ]
INFO: [ app_begin ] --END-- [ RunTime:0.000343s ]
INFO: [ view_parse ] --START--
INFO: [ template_filter ] --START--
INFO: Run Behavior\ContentReplaceBehavior [ RunTime:0.000059s ]
INFO: [ template_filter ] --END-- [ RunTime:0.000169s ]
INFO: Run Behavior\ParseTemplateBehavior [ RunTime:0.005256s ]
INFO: [ view_parse ] --END-- [ RunTime:0.005325s ]
INFO: [ view_filter ] --START--
INFO: Run Behavior\WriteHtmlCacheBehavior [ RunTime:0.000122s ]
INFO: [ view_filter ] --END-- [ RunTime:0.000154s ]
INFO: [ app_end ] --START--
INFO: Run Behavior\ShowPageTraceBehavior [ RunTime:0.000355s ]
INFO: [ app_end ] --END-- [ RunTime:0.000394s ]

[ 2015-01-21T14:49:27+08:00 ] 127.0.0.1 /index.php?m=Home&c=Admin&a=index
INFO: [ app_init ] --START--
INFO: Run Behavior\BuildLiteBehavior [ RunTime:0.000015s ]
INFO: [ app_init ] --END-- [ RunTime:0.000256s ]
INFO: [ app_begin ] --START--
INFO: Run Behavior\ReadHtmlCacheBehavior [ RunTime:0.000306s ]
INFO: [ app_begin ] --END-- [ RunTime:0.000344s ]
INFO: [ view_parse ] --START--
INFO: [ template_filter ] --START--
INFO: Run Behavior\ContentReplaceBehavior [ RunTime:0.000037s ]
INFO: [ template_filter ] --END-- [ RunTime:0.000095s ]
INFO: Run Behavior\ParseTemplateBehavior [ RunTime:0.006506s ]
INFO: [ view_parse ] --END-- [ RunTime:0.006551s ]
INFO: [ view_filter ] --START--
INFO: Run Behavior\WriteHtmlCacheBehavior [ RunTime:0.000108s ]
INFO: [ view_filter ] --END-- [ RunTime:0.000139s ]
INFO: [ app_end ] --START--
INFO: Run Behavior\ShowPageTraceBehavior [ RunTime:0.000338s ]
INFO: [ app_end ] --END-- [ RunTime:0.000372s ]

[ 2015-01-21T15:09:40+08:00 ] 127.0.0.1 /index.php?m=Home&c=Admin&a=test
INFO: [ app_init ] --START--
INFO: Run Behavior\BuildLiteBehavior [ RunTime:0.000014s ]
INFO: [ app_init ] --END-- [ RunTime:0.000268s ]
INFO: [ app_begin ] --START--
INFO: Run Behavior\ReadHtmlCacheBehavior [ RunTime:0.000805s ]
INFO: [ app_begin ] --END-- [ RunTime:0.001122s ]
NOTIC: [2] fopen(./data.php): failed to open stream: No such file or directory /home/mtf/Application/dq/Application/Home/Controller/AdminController.class.php 第 105 行.
INFO: [ app_end ] --START--
INFO: Run Behavior\ShowPageTraceBehavior [ RunTime:0.000557s ]
INFO: [ app_end ] --END-- [ RunTime:0.000622s ]

[ 2015-01-21T15:10:24+08:00 ] 127.0.0.1 /index.php?m=Home&c=Admin&a=test
INFO: [ app_init ] --START--
INFO: Run Behavior\BuildLiteBehavior [ RunTime:0.000015s ]
INFO: [ app_init ] --END-- [ RunTime:0.000973s ]
INFO: [ app_begin ] --START--
INFO: Run Behavior\ReadHtmlCacheBehavior [ RunTime:0.001066s ]
INFO: [ app_begin ] --END-- [ RunTime:0.001135s ]
NOTIC: [2] fopen(./data.php): failed to open stream: No such file or directory /home/mtf/Application/dq/Application/Home/Controller/AdminController.class.php 第 105 行.
INFO: [ app_end ] --START--
INFO: Run Behavior\ShowPageTraceBehavior [ RunTime:0.001415s ]
INFO: [ app_end ] --END-- [ RunTime:0.001519s ]

[ 2015-01-21T15:10:26+08:00 ] 127.0.0.1 /index.php?m=Home&c=Admin&a=test
INFO: [ app_init ] --START--
INFO: Run Behavior\BuildLiteBehavior [ RunTime:0.000013s ]
INFO: [ app_init ] --END-- [ RunTime:0.000256s ]
INFO: [ app_begin ] --START--
INFO: Run Behavior\ReadHtmlCacheBehavior [ RunTime:0.002893s ]
INFO: [ app_begin ] --END-- [ RunTime:0.002962s ]
NOTIC: [2] fopen(./data.php): failed to open stream: No such file or directory /home/mtf/Application/dq/Application/Home/Controller/AdminController.class.php 第 105 行.
INFO: [ app_end ] --START--
INFO: Run Behavior\ShowPageTraceBehavior [ RunTime:0.000340s ]
INFO: [ app_end ] --END-- [ RunTime:0.000379s ]

[ 2015-01-21T15:10:34+08:00 ] 127.0.0.1 /index.php?m=Home&c=Admin&a=test
INFO: [ app_init ] --START--
INFO: Run Behavior\BuildLiteBehavior [ RunTime:0.000014s ]
INFO: [ app_init ] --END-- [ RunTime:0.000266s ]
INFO: [ app_begin ] --START--
INFO: Run Behavior\ReadHtmlCacheBehavior [ RunTime:0.000313s ]
INFO: [ app_begin ] --END-- [ RunTime:0.000354s ]
NOTIC: [2] fopen(./data.php): failed to open stream: No such file or directory /home/mtf/Application/dq/Application/Home/Controller/AdminController.class.php 第 105 行.
INFO: [ app_end ] --START--
INFO: Run Behavior\ShowPageTraceBehavior [ RunTime:0.000334s ]
INFO: [ app_end ] --END-- [ RunTime:0.000370s ]

[ 2015-01-21T15:10:51+08:00 ] 127.0.0.1 /index.php?m=Home&c=Admin&a=test
INFO: [ app_init ] --START--
INFO: Run Behavior\BuildLiteBehavior [ RunTime:0.000014s ]
INFO: [ app_init ] --END-- [ RunTime:0.000241s ]
INFO: [ app_begin ] --START--
INFO: Run Behavior\ReadHtmlCacheBehavior [ RunTime:0.000290s ]
INFO: [ app_begin ] --END-- [ RunTime:0.000326s ]
NOTIC: [2] fopen(./data.php): failed to open stream: No such file or directory /home/mtf/Application/dq/Application/Home/Controller/AdminController.class.php 第 105 行.
INFO: [ app_end ] --START--
INFO: Run Behavior\ShowPageTraceBehavior [ RunTime:0.000301s ]
INFO: [ app_end ] --END-- [ RunTime:0.000335s ]

