[ 2015-02-02T09:11:45+08:00 ] 127.0.0.1 /index.php?m=Item&c=Index&a=liquor_list
INFO: [ app_init ] --START--
INFO: Run Behavior\BuildLiteBehavior [ RunTime:0.000018s ]
INFO: [ app_init ] --END-- [ RunTime:0.000306s ]
INFO: [ app_begin ] --START--
INFO: Run Behavior\ReadHtmlCacheBehavior [ RunTime:0.000386s ]
INFO: [ app_begin ] --END-- [ RunTime:0.000445s ]
SQL: SHOW COLUMNS FROM `liquor` [ RunTime:0.0377s ]
SQL: SELECT * FROM `liquor`  [ RunTime:0.0004s ]
INFO: [ view_parse ] --START--
INFO: [ template_filter ] --START--
INFO: Run Behavior\ContentReplaceBehavior [ RunTime:0.000081s ]
INFO: [ template_filter ] --END-- [ RunTime:0.000135s ]
INFO: Run Behavior\ParseTemplateBehavior [ RunTime:0.049955s ]
INFO: [ view_parse ] --END-- [ RunTime:0.050051s ]
INFO: [ view_filter ] --START--
INFO: Run Behavior\WriteHtmlCacheBehavior [ RunTime:0.000115s ]
INFO: [ view_filter ] --END-- [ RunTime:0.000166s ]
INFO: [ app_end ] --START--
INFO: Run Behavior\ShowPageTraceBehavior [ RunTime:0.000388s ]
INFO: [ app_end ] --END-- [ RunTime:0.000430s ]

[ 2015-02-02T09:33:49+08:00 ] 127.0.0.1 /index.php?m=Item&c=Index&ajax_list
INFO: [ app_init ] --START--
INFO: Run Behavior\BuildLiteBehavior [ RunTime:0.000017s ]
INFO: [ app_init ] --END-- [ RunTime:0.001416s ]
INFO: [ app_begin ] --START--
INFO: Run Behavior\ReadHtmlCacheBehavior [ RunTime:0.000311s ]
INFO: [ app_begin ] --END-- [ RunTime:0.000510s ]
ERR: 非法操作:index

[ 2015-02-02T09:33:55+08:00 ] 127.0.0.1 /index.php?m=Item&c=Index&ajax_list
INFO: [ app_init ] --START--
INFO: Run Behavior\BuildLiteBehavior [ RunTime:0.000013s ]
INFO: [ app_init ] --END-- [ RunTime:0.000236s ]
INFO: [ app_begin ] --START--
INFO: Run Behavior\ReadHtmlCacheBehavior [ RunTime:0.002191s ]
INFO: [ app_begin ] --END-- [ RunTime:0.002250s ]
ERR: 非法操作:index

[ 2015-02-02T09:34:15+08:00 ] 127.0.0.1 /index.php?m=Item&c=Index
INFO: [ app_init ] --START--
INFO: Run Behavior\BuildLiteBehavior [ RunTime:0.000014s ]
INFO: [ app_init ] --END-- [ RunTime:0.000247s ]
INFO: [ app_begin ] --START--
INFO: Run Behavior\ReadHtmlCacheBehavior [ RunTime:0.000309s ]
INFO: [ app_begin ] --END-- [ RunTime:0.000349s ]
ERR: 非法操作:index

[ 2015-02-02T09:34:30+08:00 ] 127.0.0.1 /index.php?m=Item&c=Index&a=liquor_list
INFO: [ app_init ] --START--
INFO: Run Behavior\BuildLiteBehavior [ RunTime:0.000014s ]
INFO: [ app_init ] --END-- [ RunTime:0.000245s ]
INFO: [ app_begin ] --START--
INFO: Run Behavior\ReadHtmlCacheBehavior [ RunTime:0.000303s ]
INFO: [ app_begin ] --END-- [ RunTime:0.000341s ]
SQL: SHOW COLUMNS FROM `liquor` [ RunTime:0.0011s ]
SQL: SELECT * FROM `liquor`  [ RunTime:0.0007s ]
INFO: [ view_parse ] --START--
INFO: [ template_filter ] --START--
INFO: Run Behavior\ContentReplaceBehavior [ RunTime:0.000083s ]
INFO: [ template_filter ] --END-- [ RunTime:0.000134s ]
INFO: Run Behavior\ParseTemplateBehavior [ RunTime:0.007280s ]
INFO: [ view_parse ] --END-- [ RunTime:0.007327s ]
INFO: [ view_filter ] --START--
INFO: Run Behavior\WriteHtmlCacheBehavior [ RunTime:0.000135s ]
INFO: [ view_filter ] --END-- [ RunTime:0.000165s ]
INFO: [ app_end ] --START--
INFO: Run Behavior\ShowPageTraceBehavior [ RunTime:0.000371s ]
INFO: [ app_end ] --END-- [ RunTime:0.000410s ]

[ 2015-02-02T09:34:38+08:00 ] 127.0.0.1 /index.php?m=Item&c=Index&a=ajax_ist
INFO: [ app_init ] --START--
INFO: Run Behavior\BuildLiteBehavior [ RunTime:0.000013s ]
INFO: [ app_init ] --END-- [ RunTime:0.000249s ]
INFO: [ app_begin ] --START--
INFO: Run Behavior\ReadHtmlCacheBehavior [ RunTime:0.000312s ]
INFO: [ app_begin ] --END-- [ RunTime:0.000347s ]
ERR: 非法操作:ajax_ist

[ 2015-02-02T09:34:59+08:00 ] 127.0.0.1 /index.php?m=Item&c=Index&a=index
INFO: [ app_init ] --START--
INFO: Run Behavior\BuildLiteBehavior [ RunTime:0.000015s ]
INFO: [ app_init ] --END-- [ RunTime:0.000255s ]
INFO: [ app_begin ] --START--
INFO: Run Behavior\ReadHtmlCacheBehavior [ RunTime:0.000333s ]
INFO: [ app_begin ] --END-- [ RunTime:0.000379s ]
INFO: [ app_end ] --START--
INFO: Run Behavior\ShowPageTraceBehavior [ RunTime:0.000331s ]
INFO: [ app_end ] --END-- [ RunTime:0.000379s ]

[ 2015-02-02T09:35:26+08:00 ] 127.0.0.1 /index.php?m=Item&c=Index&a=ajax_list
INFO: [ app_init ] --START--
INFO: Run Behavior\BuildLiteBehavior [ RunTime:0.000013s ]
INFO: [ app_init ] --END-- [ RunTime:0.000280s ]
INFO: [ app_begin ] --START--
INFO: Run Behavior\ReadHtmlCacheBehavior [ RunTime:0.000307s ]
INFO: [ app_begin ] --END-- [ RunTime:0.000346s ]
NOTIC: [8] Undefined index: liquorid /home/mtf/Application/dq/Application/Item/Controller/IndexController.class.php 第 36 行.

[ 2015-02-02T09:35:32+08:00 ] 127.0.0.1 /index.php?m=Item&c=Index&a=ajax_list
INFO: [ app_init ] --START--
INFO: Run Behavior\BuildLiteBehavior [ RunTime:0.000013s ]
INFO: [ app_init ] --END-- [ RunTime:0.000237s ]
INFO: [ app_begin ] --START--
INFO: Run Behavior\ReadHtmlCacheBehavior [ RunTime:0.000290s ]
INFO: [ app_begin ] --END-- [ RunTime:0.000324s ]
NOTIC: [8] Undefined index: liquorid /home/mtf/Application/dq/Application/Item/Controller/IndexController.class.php 第 36 行.
SQL: SHOW COLUMNS FROM `liquor` [ RunTime:0.0006s ]
SQL: SELECT * FROM `liquor` ORDER BY id desc LIMIT 20   [ RunTime:0.0003s ]

[ 2015-02-02T09:35:35+08:00 ] 127.0.0.1 /index.php?m=Item&c=Index&a=ajax_list
INFO: [ app_init ] --START--
INFO: Run Behavior\BuildLiteBehavior [ RunTime:0.000014s ]
INFO: [ app_init ] --END-- [ RunTime:0.000259s ]
INFO: [ app_begin ] --START--
INFO: Run Behavior\ReadHtmlCacheBehavior [ RunTime:0.000490s ]
INFO: [ app_begin ] --END-- [ RunTime:0.000565s ]
NOTIC: [8] Undefined index: liquorid /home/mtf/Application/dq/Application/Item/Controller/IndexController.class.php 第 36 行.
SQL: SHOW COLUMNS FROM `liquor` [ RunTime:0.0008s ]
SQL: SELECT * FROM `liquor` ORDER BY id desc LIMIT 20   [ RunTime:0.0018s ]
NOTIC: [8] Undefined variable: rs /home/mtf/Application/dq/Application/Item/Controller/IndexController.class.php 第 45 行.

[ 2015-02-02T09:35:38+08:00 ] 127.0.0.1 /index.php?m=Item&c=Index&a=ajax_list
INFO: [ app_init ] --START--
INFO: Run Behavior\BuildLiteBehavior [ RunTime:0.000012s ]
INFO: [ app_init ] --END-- [ RunTime:0.000237s ]
INFO: [ app_begin ] --START--
INFO: Run Behavior\ReadHtmlCacheBehavior [ RunTime:0.000292s ]
INFO: [ app_begin ] --END-- [ RunTime:0.000327s ]
NOTIC: [8] Undefined index: liquorid /home/mtf/Application/dq/Application/Item/Controller/IndexController.class.php 第 36 行.
SQL: SHOW COLUMNS FROM `liquor` [ RunTime:0.0007s ]
SQL: SELECT * FROM `liquor` ORDER BY id desc LIMIT 20   [ RunTime:0.0003s ]
NOTIC: [8] Undefined variable: rs /home/mtf/Application/dq/Application/Item/Controller/IndexController.class.php 第 45 行.
NOTIC: [8] Undefined index: ajax /home/mtf/Application/dq/Application/Item/Controller/IndexController.class.php 第 51 行.
INFO: [ app_end ] --START--
INFO: Run Behavior\ShowPageTraceBehavior [ RunTime:0.000664s ]
INFO: [ app_end ] --END-- [ RunTime:0.000712s ]

[ 2015-02-02T09:35:40+08:00 ] 127.0.0.1 /index.php?m=Item&c=Index&a=ajax_list
INFO: [ app_init ] --START--
INFO: Run Behavior\BuildLiteBehavior [ RunTime:0.000019s ]
INFO: [ app_init ] --END-- [ RunTime:0.003284s ]
INFO: [ app_begin ] --START--
INFO: Run Behavior\ReadHtmlCacheBehavior [ RunTime:0.000322s ]
INFO: [ app_begin ] --END-- [ RunTime:0.000359s ]
NOTIC: [8] Undefined index: liquorid /home/mtf/Application/dq/Application/Item/Controller/IndexController.class.php 第 36 行.
SQL: SHOW COLUMNS FROM `liquor` [ RunTime:0.0008s ]
SQL: SELECT * FROM `liquor` ORDER BY id desc LIMIT 20   [ RunTime:0.0003s ]
NOTIC: [8] Undefined variable: rs /home/mtf/Application/dq/Application/Item/Controller/IndexController.class.php 第 45 行.
NOTIC: [8] Undefined index: ajax /home/mtf/Application/dq/Application/Item/Controller/IndexController.class.php 第 51 行.
INFO: [ app_end ] --START--
INFO: Run Behavior\ShowPageTraceBehavior [ RunTime:0.001536s ]
INFO: [ app_end ] --END-- [ RunTime:0.001635s ]

[ 2015-02-02T09:35:41+08:00 ] 127.0.0.1 /index.php?m=Item&c=Index&a=ajax_list
INFO: [ app_init ] --START--
INFO: Run Behavior\BuildLiteBehavior [ RunTime:0.000014s ]
INFO: [ app_init ] --END-- [ RunTime:0.000277s ]
INFO: [ app_begin ] --START--
INFO: Run Behavior\ReadHtmlCacheBehavior [ RunTime:0.000300s ]
INFO: [ app_begin ] --END-- [ RunTime:0.000335s ]
NOTIC: [8] Undefined index: liquorid /home/mtf/Application/dq/Application/Item/Controller/IndexController.class.php 第 36 行.
SQL: SHOW COLUMNS FROM `liquor` [ RunTime:0.0006s ]
SQL: SELECT * FROM `liquor` ORDER BY id desc LIMIT 20   [ RunTime:0.0003s ]
NOTIC: [8] Undefined variable: rs /home/mtf/Application/dq/Application/Item/Controller/IndexController.class.php 第 45 行.
NOTIC: [8] Undefined index: ajax /home/mtf/Application/dq/Application/Item/Controller/IndexController.class.php 第 51 行.
INFO: [ app_end ] --START--
INFO: Run Behavior\ShowPageTraceBehavior [ RunTime:0.000483s ]
INFO: [ app_end ] --END-- [ RunTime:0.000525s ]

[ 2015-02-02T09:35:42+08:00 ] 127.0.0.1 /index.php?m=Item&c=Index&a=ajax_list
INFO: [ app_init ] --START--
INFO: Run Behavior\BuildLiteBehavior [ RunTime:0.000013s ]
INFO: [ app_init ] --END-- [ RunTime:0.000237s ]
INFO: [ app_begin ] --START--
INFO: Run Behavior\ReadHtmlCacheBehavior [ RunTime:0.000291s ]
INFO: [ app_begin ] --END-- [ RunTime:0.000326s ]
NOTIC: [8] Undefined index: liquorid /home/mtf/Application/dq/Application/Item/Controller/IndexController.class.php 第 36 行.
SQL: SHOW COLUMNS FROM `liquor` [ RunTime:0.0012s ]
SQL: SELECT * FROM `liquor` ORDER BY id desc LIMIT 20   [ RunTime:0.0003s ]
NOTIC: [8] Undefined variable: rs /home/mtf/Application/dq/Application/Item/Controller/IndexController.class.php 第 45 行.
NOTIC: [8] Undefined index: ajax /home/mtf/Application/dq/Application/Item/Controller/IndexController.class.php 第 51 行.
INFO: [ app_end ] --START--
INFO: Run Behavior\ShowPageTraceBehavior [ RunTime:0.000733s ]
INFO: [ app_end ] --END-- [ RunTime:0.000810s ]

[ 2015-02-02T09:35:43+08:00 ] 127.0.0.1 /index.php?m=Item&c=Index&ajax_list
INFO: [ app_init ] --START--
INFO: Run Behavior\BuildLiteBehavior [ RunTime:0.000015s ]
INFO: [ app_init ] --END-- [ RunTime:0.000275s ]
INFO: [ app_begin ] --START--
INFO: Run Behavior\ReadHtmlCacheBehavior [ RunTime:0.000326s ]
INFO: [ app_begin ] --END-- [ RunTime:0.000365s ]
ERR: 非法操作:index

[ 2015-02-02T09:36:12+08:00 ] 127.0.0.1 /index.php?m=Item&c=Index&a=ajax_list
INFO: [ app_init ] --START--
INFO: Run Behavior\BuildLiteBehavior [ RunTime:0.000015s ]
INFO: [ app_init ] --END-- [ RunTime:0.000252s ]
INFO: [ app_begin ] --START--
INFO: Run Behavior\ReadHtmlCacheBehavior [ RunTime:0.000316s ]
INFO: [ app_begin ] --END-- [ RunTime:0.000357s ]
NOTIC: [8] Undefined index: liquorid /home/mtf/Application/dq/Application/Item/Controller/IndexController.class.php 第 36 行.
SQL: SHOW COLUMNS FROM `liquor` [ RunTime:0.0007s ]
SQL: SELECT * FROM `liquor` ORDER BY id desc LIMIT 20   [ RunTime:0.0003s ]
NOTIC: [8] Undefined variable: rs /home/mtf/Application/dq/Application/Item/Controller/IndexController.class.php 第 45 行.
NOTIC: [8] Undefined index: ajax /home/mtf/Application/dq/Application/Item/Controller/IndexController.class.php 第 51 行.
INFO: [ app_end ] --START--
INFO: Run Behavior\ShowPageTraceBehavior [ RunTime:0.000423s ]
INFO: [ app_end ] --END-- [ RunTime:0.000467s ]

[ 2015-02-02T09:36:14+08:00 ] 127.0.0.1 /index.php?m=Item&c=Index&a=ajax_list
INFO: [ app_init ] --START--
INFO: Run Behavior\BuildLiteBehavior [ RunTime:0.000014s ]
INFO: [ app_init ] --END-- [ RunTime:0.000255s ]
INFO: [ app_begin ] --START--
INFO: Run Behavior\ReadHtmlCacheBehavior [ RunTime:0.000331s ]
INFO: [ app_begin ] --END-- [ RunTime:0.001577s ]
NOTIC: [8] Undefined index: liquorid /home/mtf/Application/dq/Application/Item/Controller/IndexController.class.php 第 36 行.
SQL: SHOW COLUMNS FROM `liquor` [ RunTime:0.0006s ]
SQL: SELECT * FROM `liquor` ORDER BY id desc LIMIT 20   [ RunTime:0.0002s ]
NOTIC: [8] Undefined variable: rs /home/mtf/Application/dq/Application/Item/Controller/IndexController.class.php 第 45 行.
NOTIC: [8] Undefined index: ajax /home/mtf/Application/dq/Application/Item/Controller/IndexController.class.php 第 51 行.
INFO: [ app_end ] --START--
INFO: Run Behavior\ShowPageTraceBehavior [ RunTime:0.000405s ]
INFO: [ app_end ] --END-- [ RunTime:0.000441s ]

[ 2015-02-02T09:36:30+08:00 ] 127.0.0.1 /index.php?m=Item&c=Index&a=ajax_list
INFO: [ app_init ] --START--
INFO: Run Behavior\BuildLiteBehavior [ RunTime:0.000015s ]
INFO: [ app_init ] --END-- [ RunTime:0.000256s ]
INFO: [ app_begin ] --START--
INFO: Run Behavior\ReadHtmlCacheBehavior [ RunTime:0.000316s ]
INFO: [ app_begin ] --END-- [ RunTime:0.000358s ]
NOTIC: [8] Undefined index: liquorid /home/mtf/Application/dq/Application/Item/Controller/IndexController.class.php 第 36 行.
SQL: SHOW COLUMNS FROM `liquor` [ RunTime:0.0006s ]
SQL: SELECT * FROM `liquor` ORDER BY id desc LIMIT 20   [ RunTime:0.0003s ]
NOTIC: [8] Undefined variable: rs /home/mtf/Application/dq/Application/Item/Controller/IndexController.class.php 第 46 行.
NOTIC: [8] Undefined index: ajax /home/mtf/Application/dq/Application/Item/Controller/IndexController.class.php 第 52 行.
INFO: [ app_end ] --START--
INFO: Run Behavior\ShowPageTraceBehavior [ RunTime:0.000428s ]
INFO: [ app_end ] --END-- [ RunTime:0.000469s ]

[ 2015-02-02T09:36:41+08:00 ] 127.0.0.1 /index.php?m=Item&c=Index&a=ajax_list
INFO: [ app_init ] --START--
INFO: Run Behavior\BuildLiteBehavior [ RunTime:0.000014s ]
INFO: [ app_init ] --END-- [ RunTime:0.000263s ]
INFO: [ app_begin ] --START--
INFO: Run Behavior\ReadHtmlCacheBehavior [ RunTime:0.003947s ]
INFO: [ app_begin ] --END-- [ RunTime:0.004012s ]
NOTIC: [8] Undefined index: liquorid /home/mtf/Application/dq/Application/Item/Controller/IndexController.class.php 第 36 行.
SQL: SHOW COLUMNS FROM `liquor` [ RunTime:0.0007s ]
SQL: SELECT * FROM `liquor` ORDER BY id desc LIMIT 20   [ RunTime:0.0003s ]
NOTIC: [8] Undefined variable: image_arr /home/mtf/Application/dq/Application/Item/Controller/IndexController.class.php 第 48 行.
NOTIC: [8] Undefined variable: title /home/mtf/Application/dq/Application/Item/Controller/IndexController.class.php 第 49 行.
NOTIC: [8] Undefined variable: image_url /home/mtf/Application/dq/Application/Item/Controller/IndexController.class.php 第 49 行.
NOTIC: [8] Undefined variable: image_arr /home/mtf/Application/dq/Application/Item/Controller/IndexController.class.php 第 48 行.
NOTIC: [8] Undefined variable: title /home/mtf/Application/dq/Application/Item/Controller/IndexController.class.php 第 49 行.
NOTIC: [8] Undefined variable: image_url /home/mtf/Application/dq/Application/Item/Controller/IndexController.class.php 第 49 行.
NOTIC: [8] Undefined variable: image_arr /home/mtf/Application/dq/Application/Item/Controller/IndexController.class.php 第 48 行.
NOTIC: [8] Undefined variable: title /home/mtf/Application/dq/Application/Item/Controller/IndexController.class.php 第 49 行.
NOTIC: [8] Undefined variable: image_url /home/mtf/Application/dq/Application/Item/Controller/IndexController.class.php 第 49 行.
NOTIC: [8] Undefined variable: image_arr /home/mtf/Application/dq/Application/Item/Controller/IndexController.class.php 第 48 行.
NOTIC: [8] Undefined variable: title /home/mtf/Application/dq/Application/Item/Controller/IndexController.class.php 第 49 行.
NOTIC: [8] Undefined variable: image_url /home/mtf/Application/dq/Application/Item/Controller/IndexController.class.php 第 49 行.
NOTIC: [8] Undefined variable: image_arr /home/mtf/Application/dq/Application/Item/Controller/IndexController.class.php 第 48 行.
NOTIC: [8] Undefined variable: title /home/mtf/Application/dq/Application/Item/Controller/IndexController.class.php 第 49 行.
NOTIC: [8] Undefined variable: image_url /home/mtf/Application/dq/Application/Item/Controller/IndexController.class.php 第 49 行.
NOTIC: [8] Undefined variable: image_arr /home/mtf/Application/dq/Application/Item/Controller/IndexController.class.php 第 48 行.
NOTIC: [8] Undefined variable: title /home/mtf/Application/dq/Application/Item/Controller/IndexController.class.php 第 49 行.
NOTIC: [8] Undefined variable: image_url /home/mtf/Application/dq/Application/Item/Controller/IndexController.class.php 第 49 行.
NOTIC: [8] Undefined variable: image_arr /home/mtf/Application/dq/Application/Item/Controller/IndexController.class.php 第 48 行.
NOTIC: [8] Undefined variable: title /home/mtf/Application/dq/Application/Item/Controller/IndexController.class.php 第 49 行.
NOTIC: [8] Undefined variable: image_url /home/mtf/Application/dq/Application/Item/Controller/IndexController.class.php 第 49 行.
NOTIC: [8] Undefined index: ajax /home/mtf/Application/dq/Application/Item/Controller/IndexController.class.php 第 51 行.
INFO: [ app_end ] --START--
INFO: Run Behavior\ShowPageTraceBehavior [ RunTime:0.000410s ]
INFO: [ app_end ] --END-- [ RunTime:0.000450s ]

[ 2015-02-02T09:36:54+08:00 ] 127.0.0.1 /index.php?m=Item&c=Index&a=ajax_list
INFO: [ app_init ] --START--
INFO: Run Behavior\BuildLiteBehavior [ RunTime:0.000014s ]
INFO: [ app_init ] --END-- [ RunTime:0.000247s ]
INFO: [ app_begin ] --START--
INFO: Run Behavior\ReadHtmlCacheBehavior [ RunTime:0.000305s ]
INFO: [ app_begin ] --END-- [ RunTime:0.000341s ]
NOTIC: [8] Undefined index: liquorid /home/mtf/Application/dq/Application/Item/Controller/IndexController.class.php 第 36 行.
SQL: SHOW COLUMNS FROM `liquor` [ RunTime:0.0007s ]
SQL: SELECT * FROM `liquor` ORDER BY id desc LIMIT 20   [ RunTime:0.0003s ]
NOTIC: [8] Undefined variable: image_arr /home/mtf/Application/dq/Application/Item/Controller/IndexController.class.php 第 48 行.
NOTIC: [8] Undefined variable: image_url /home/mtf/Application/dq/Application/Item/Controller/IndexController.class.php 第 49 行.
NOTIC: [8] Undefined variable: image_arr /home/mtf/Application/dq/Application/Item/Controller/IndexController.class.php 第 48 行.
NOTIC: [8] Undefined variable: image_url /home/mtf/Application/dq/Application/Item/Controller/IndexController.class.php 第 49 行.
NOTIC: [8] Undefined variable: image_arr /home/mtf/Application/dq/Application/Item/Controller/IndexController.class.php 第 48 行.
NOTIC: [8] Undefined variable: image_url /home/mtf/Application/dq/Application/Item/Controller/IndexController.class.php 第 49 行.
NOTIC: [8] Undefined variable: image_arr /home/mtf/Application/dq/Application/Item/Controller/IndexController.class.php 第 48 行.
NOTIC: [8] Undefined variable: image_url /home/mtf/Application/dq/Application/Item/Controller/IndexController.class.php 第 49 行.
NOTIC: [8] Undefined variable: image_arr /home/mtf/Application/dq/Application/Item/Controller/IndexController.class.php 第 48 行.
NOTIC: [8] Undefined variable: image_url /home/mtf/Application/dq/Application/Item/Controller/IndexController.class.php 第 49 行.
NOTIC: [8] Undefined variable: image_arr /home/mtf/Application/dq/Application/Item/Controller/IndexController.class.php 第 48 行.
NOTIC: [8] Undefined variable: image_url /home/mtf/Application/dq/Application/Item/Controller/IndexController.class.php 第 49 行.
NOTIC: [8] Undefined variable: image_arr /home/mtf/Application/dq/Application/Item/Controller/IndexController.class.php 第 48 行.
NOTIC: [8] Undefined variable: image_url /home/mtf/Application/dq/Application/Item/Controller/IndexController.class.php 第 49 行.
NOTIC: [8] Undefined index: ajax /home/mtf/Application/dq/Application/Item/Controller/IndexController.class.php 第 51 行.
INFO: [ app_end ] --START--
INFO: Run Behavior\ShowPageTraceBehavior [ RunTime:0.000476s ]
INFO: [ app_end ] --END-- [ RunTime:0.000518s ]

[ 2015-02-02T09:37:03+08:00 ] 127.0.0.1 /index.php?m=Item&c=Index&a=ajax_list
INFO: [ app_init ] --START--
INFO: Run Behavior\BuildLiteBehavior [ RunTime:0.000015s ]
INFO: [ app_init ] --END-- [ RunTime:0.000246s ]
INFO: [ app_begin ] --START--
INFO: Run Behavior\ReadHtmlCacheBehavior [ RunTime:0.000299s ]
INFO: [ app_begin ] --END-- [ RunTime:0.000337s ]
NOTIC: [8] Undefined index: liquorid /home/mtf/Application/dq/Application/Item/Controller/IndexController.class.php 第 36 行.
SQL: SHOW COLUMNS FROM `liquor` [ RunTime:0.0006s ]
SQL: SELECT * FROM `liquor` ORDER BY id desc LIMIT 20   [ RunTime:0.0003s ]
NOTIC: [8] Undefined variable: image_url /home/mtf/Application/dq/Application/Item/Controller/IndexController.class.php 第 49 行.
NOTIC: [8] Undefined variable: image_url /home/mtf/Application/dq/Application/Item/Controller/IndexController.class.php 第 49 行.
NOTIC: [8] Undefined variable: image_url /home/mtf/Application/dq/Application/Item/Controller/IndexController.class.php 第 49 行.
NOTIC: [8] Undefined variable: image_url /home/mtf/Application/dq/Application/Item/Controller/IndexController.class.php 第 49 行.
NOTIC: [8] Undefined variable: image_url /home/mtf/Application/dq/Application/Item/Controller/IndexController.class.php 第 49 行.
NOTIC: [8] Undefined variable: image_url /home/mtf/Application/dq/Application/Item/Controller/IndexController.class.php 第 49 行.
NOTIC: [8] Undefined variable: image_url /home/mtf/Application/dq/Application/Item/Controller/IndexController.class.php 第 49 行.
NOTIC: [8] Undefined index: ajax /home/mtf/Application/dq/Application/Item/Controller/IndexController.class.php 第 51 行.
INFO: [ app_end ] --START--
INFO: Run Behavior\ShowPageTraceBehavior [ RunTime:0.000427s ]
INFO: [ app_end ] --END-- [ RunTime:0.000465s ]

[ 2015-02-02T09:37:04+08:00 ] 127.0.0.1 /index.php?m=Item&c=Index&a=ajax_list
INFO: [ app_init ] --START--
INFO: Run Behavior\BuildLiteBehavior [ RunTime:0.000014s ]
INFO: [ app_init ] --END-- [ RunTime:0.000243s ]
INFO: [ app_begin ] --START--
INFO: Run Behavior\ReadHtmlCacheBehavior [ RunTime:0.000294s ]
INFO: [ app_begin ] --END-- [ RunTime:0.000328s ]
NOTIC: [8] Undefined index: liquorid /home/mtf/Application/dq/Application/Item/Controller/IndexController.class.php 第 36 行.
SQL: SHOW COLUMNS FROM `liquor` [ RunTime:0.0006s ]
SQL: SELECT * FROM `liquor` ORDER BY id desc LIMIT 20   [ RunTime:0.0003s ]
NOTIC: [8] Undefined variable: image_url /home/mtf/Application/dq/Application/Item/Controller/IndexController.class.php 第 49 行.
NOTIC: [8] Undefined variable: image_url /home/mtf/Application/dq/Application/Item/Controller/IndexController.class.php 第 49 行.
NOTIC: [8] Undefined variable: image_url /home/mtf/Application/dq/Application/Item/Controller/IndexController.class.php 第 49 行.
NOTIC: [8] Undefined variable: image_url /home/mtf/Application/dq/Application/Item/Controller/IndexController.class.php 第 49 行.
NOTIC: [8] Undefined variable: image_url /home/mtf/Application/dq/Application/Item/Controller/IndexController.class.php 第 49 行.
NOTIC: [8] Undefined variable: image_url /home/mtf/Application/dq/Application/Item/Controller/IndexController.class.php 第 49 行.
NOTIC: [8] Undefined variable: image_url /home/mtf/Application/dq/Application/Item/Controller/IndexController.class.php 第 49 行.
NOTIC: [8] Undefined index: ajax /home/mtf/Application/dq/Application/Item/Controller/IndexController.class.php 第 51 行.
INFO: [ app_end ] --START--
INFO: Run Behavior\ShowPageTraceBehavior [ RunTime:0.000434s ]
INFO: [ app_end ] --END-- [ RunTime:0.000476s ]

[ 2015-02-02T09:37:11+08:00 ] 127.0.0.1 /index.php?m=Item&c=Index&a=ajax_list
INFO: [ app_init ] --START--
INFO: Run Behavior\BuildLiteBehavior [ RunTime:0.000014s ]
INFO: [ app_init ] --END-- [ RunTime:0.000274s ]
INFO: [ app_begin ] --START--
INFO: Run Behavior\ReadHtmlCacheBehavior [ RunTime:0.000314s ]
INFO: [ app_begin ] --END-- [ RunTime:0.000353s ]
NOTIC: [8] Undefined index: liquorid /home/mtf/Application/dq/Application/Item/Controller/IndexController.class.php 第 36 行.
SQL: SHOW COLUMNS FROM `liquor` [ RunTime:0.0007s ]
SQL: SELECT * FROM `liquor` ORDER BY id desc LIMIT 20   [ RunTime:0.0003s ]
NOTIC: [8] Undefined variable: image_url /home/mtf/Application/dq/Application/Item/Controller/IndexController.class.php 第 50 行.
NOTIC: [8] Undefined variable: image_url /home/mtf/Application/dq/Application/Item/Controller/IndexController.class.php 第 50 行.
NOTIC: [8] Undefined variable: image_url /home/mtf/Application/dq/Application/Item/Controller/IndexController.class.php 第 50 行.
NOTIC: [8] Undefined variable: image_url /home/mtf/Application/dq/Application/Item/Controller/IndexController.class.php 第 50 行.
NOTIC: [8] Undefined variable: image_url /home/mtf/Application/dq/Application/Item/Controller/IndexController.class.php 第 50 行.
NOTIC: [8] Undefined variable: image_url /home/mtf/Application/dq/Application/Item/Controller/IndexController.class.php 第 50 行.
NOTIC: [8] Undefined variable: image_url /home/mtf/Application/dq/Application/Item/Controller/IndexController.class.php 第 50 行.
NOTIC: [8] Undefined index: ajax /home/mtf/Application/dq/Application/Item/Controller/IndexController.class.php 第 52 行.
INFO: [ app_end ] --START--
INFO: Run Behavior\ShowPageTraceBehavior [ RunTime:0.000414s ]
INFO: [ app_end ] --END-- [ RunTime:0.000450s ]

[ 2015-02-02T09:37:20+08:00 ] 127.0.0.1 /index.php?m=Item&c=Index&a=ajax_list
INFO: [ app_init ] --START--
INFO: Run Behavior\BuildLiteBehavior [ RunTime:0.000015s ]
INFO: [ app_init ] --END-- [ RunTime:0.000253s ]
INFO: [ app_begin ] --START--
INFO: Run Behavior\ReadHtmlCacheBehavior [ RunTime:0.000508s ]
INFO: [ app_begin ] --END-- [ RunTime:0.000600s ]
NOTIC: [8] Undefined index: liquorid /home/mtf/Application/dq/Application/Item/Controller/IndexController.class.php 第 36 行.
SQL: SHOW COLUMNS FROM `liquor` [ RunTime:0.0007s ]
SQL: SELECT * FROM `liquor` ORDER BY id desc LIMIT 20   [ RunTime:0.0002s ]
NOTIC: [8] Undefined index: ajax /home/mtf/Application/dq/Application/Item/Controller/IndexController.class.php 第 51 行.
INFO: [ app_end ] --START--
INFO: Run Behavior\ShowPageTraceBehavior [ RunTime:0.000435s ]
INFO: [ app_end ] --END-- [ RunTime:0.000478s ]

[ 2015-02-02T09:37:51+08:00 ] 127.0.0.1 /index.php?m=Item&c=Index&a=ajax_list
INFO: [ app_init ] --START--
INFO: Run Behavior\BuildLiteBehavior [ RunTime:0.000014s ]
INFO: [ app_init ] --END-- [ RunTime:0.000251s ]
INFO: [ app_begin ] --START--
INFO: Run Behavior\ReadHtmlCacheBehavior [ RunTime:0.000302s ]
INFO: [ app_begin ] --END-- [ RunTime:0.000337s ]
NOTIC: [8] Undefined index: liquorid /home/mtf/Application/dq/Application/Item/Controller/IndexController.class.php 第 36 行.
SQL: SHOW COLUMNS FROM `liquor` [ RunTime:0.0012s ]
SQL: SELECT * FROM `liquor` ORDER BY id desc LIMIT 20   [ RunTime:0.0004s ]
NOTIC: [8] Undefined index: ajax /home/mtf/Application/dq/Application/Item/Controller/IndexController.class.php 第 51 行.
INFO: [ app_end ] --START--
INFO: Run Behavior\ShowPageTraceBehavior [ RunTime:0.000434s ]
INFO: [ app_end ] --END-- [ RunTime:0.000476s ]

[ 2015-02-02T09:39:04+08:00 ] 127.0.0.1 /index.php?m=Item&c=Index&a=ajax_list
INFO: [ app_init ] --START--
INFO: Run Behavior\BuildLiteBehavior [ RunTime:0.000018s ]
INFO: [ app_init ] --END-- [ RunTime:0.000313s ]
INFO: [ app_begin ] --START--
INFO: Run Behavior\ReadHtmlCacheBehavior [ RunTime:0.000395s ]
INFO: [ app_begin ] --END-- [ RunTime:0.000446s ]
NOTIC: [8] Undefined index: liquorid /home/mtf/Application/dq/Application/Item/Controller/IndexController.class.php 第 36 行.
SQL: SHOW COLUMNS FROM `liquor` [ RunTime:0.0006s ]
SQL: SELECT * FROM `liquor` ORDER BY id desc LIMIT 20   [ RunTime:0.0003s ]
NOTIC: [8] Undefined index: ajax /home/mtf/Application/dq/Application/Item/Controller/IndexController.class.php 第 51 行.
INFO: [ app_end ] --START--
INFO: Run Behavior\ShowPageTraceBehavior [ RunTime:0.000411s ]
INFO: [ app_end ] --END-- [ RunTime:0.000450s ]

[ 2015-02-02T09:39:15+08:00 ] 127.0.0.1 /index.php?m=Item&c=Index&a=ajax_list
INFO: [ app_init ] --START--
INFO: Run Behavior\BuildLiteBehavior [ RunTime:0.000015s ]
INFO: [ app_init ] --END-- [ RunTime:0.000256s ]
INFO: [ app_begin ] --START--
INFO: Run Behavior\ReadHtmlCacheBehavior [ RunTime:0.000300s ]
INFO: [ app_begin ] --END-- [ RunTime:0.000334s ]
NOTIC: [8] Undefined index: liquorid /home/mtf/Application/dq/Application/Item/Controller/IndexController.class.php 第 36 行.
SQL: SHOW COLUMNS FROM `liquor` [ RunTime:0.0011s ]
SQL: SELECT * FROM `liquor` ORDER BY id desc LIMIT 20   [ RunTime:0.0009s ]
NOTIC: [8] Undefined index: ajax /home/mtf/Application/dq/Application/Item/Controller/IndexController.class.php 第 51 行.
INFO: [ app_end ] --START--
INFO: Run Behavior\ShowPageTraceBehavior [ RunTime:0.000465s ]
INFO: [ app_end ] --END-- [ RunTime:0.000512s ]

[ 2015-02-02T09:39:17+08:00 ] 127.0.0.1 /index.php?m=Item&c=Index&a=ajax_list
INFO: [ app_init ] --START--
INFO: Run Behavior\BuildLiteBehavior [ RunTime:0.000015s ]
INFO: [ app_init ] --END-- [ RunTime:0.000257s ]
INFO: [ app_begin ] --START--
INFO: Run Behavior\ReadHtmlCacheBehavior [ RunTime:0.000302s ]
INFO: [ app_begin ] --END-- [ RunTime:0.000338s ]
NOTIC: [8] Undefined index: liquorid /home/mtf/Application/dq/Application/Item/Controller/IndexController.class.php 第 36 行.
SQL: SHOW COLUMNS FROM `liquor` [ RunTime:0.0007s ]
SQL: SELECT * FROM `liquor` ORDER BY id desc LIMIT 20   [ RunTime:0.0003s ]
NOTIC: [8] Undefined index: ajax /home/mtf/Application/dq/Application/Item/Controller/IndexController.class.php 第 51 行.
INFO: [ app_end ] --START--
INFO: Run Behavior\ShowPageTraceBehavior [ RunTime:0.000446s ]
INFO: [ app_end ] --END-- [ RunTime:0.000493s ]

[ 2015-02-02T09:39:42+08:00 ] 127.0.0.1 /index.php?m=Item&c=Index&a=ajax_list
INFO: [ app_init ] --START--
INFO: Run Behavior\BuildLiteBehavior [ RunTime:0.000012s ]
INFO: [ app_init ] --END-- [ RunTime:0.000230s ]
INFO: [ app_begin ] --START--
INFO: Run Behavior\ReadHtmlCacheBehavior [ RunTime:0.000280s ]
INFO: [ app_begin ] --END-- [ RunTime:0.000312s ]
NOTIC: [8] Undefined index: liquorid /home/mtf/Application/dq/Application/Item/Controller/IndexController.class.php 第 36 行.
SQL: SHOW COLUMNS FROM `liquor` [ RunTime:0.0006s ]
SQL: SELECT * FROM `liquor` ORDER BY id desc LIMIT 20   [ RunTime:0.0003s ]
NOTIC: [8] Undefined index: ajax /home/mtf/Application/dq/Application/Item/Controller/IndexController.class.php 第 51 行.
INFO: [ app_end ] --START--
INFO: Run Behavior\ShowPageTraceBehavior [ RunTime:0.000434s ]
INFO: [ app_end ] --END-- [ RunTime:0.000472s ]

[ 2015-02-02T09:39:45+08:00 ] 127.0.0.1 /index.php?m=Item&c=Index&a=ajax_list
INFO: [ app_init ] --START--
INFO: Run Behavior\BuildLiteBehavior [ RunTime:0.000011s ]
INFO: [ app_init ] --END-- [ RunTime:0.000223s ]
INFO: [ app_begin ] --START--
INFO: Run Behavior\ReadHtmlCacheBehavior [ RunTime:0.000297s ]
INFO: [ app_begin ] --END-- [ RunTime:0.000334s ]
NOTIC: [8] Undefined index: liquorid /home/mtf/Application/dq/Application/Item/Controller/IndexController.class.php 第 36 行.
SQL: SHOW COLUMNS FROM `liquor` [ RunTime:0.0007s ]
SQL: SELECT * FROM `liquor` ORDER BY id desc LIMIT 20   [ RunTime:0.0003s ]
NOTIC: [8] Undefined index: ajax /home/mtf/Application/dq/Application/Item/Controller/IndexController.class.php 第 51 行.
INFO: [ app_end ] --START--
INFO: Run Behavior\ShowPageTraceBehavior [ RunTime:0.000424s ]
INFO: [ app_end ] --END-- [ RunTime:0.000464s ]

[ 2015-02-02T09:39:52+08:00 ] 127.0.0.1 /index.php?m=Item&c=Index&a=ajax_list
INFO: [ app_init ] --START--
INFO: Run Behavior\BuildLiteBehavior [ RunTime:0.000014s ]
INFO: [ app_init ] --END-- [ RunTime:0.000258s ]
INFO: [ app_begin ] --START--
INFO: Run Behavior\ReadHtmlCacheBehavior [ RunTime:0.000304s ]
INFO: [ app_begin ] --END-- [ RunTime:0.000341s ]
NOTIC: [8] Undefined index: liquorid /home/mtf/Application/dq/Application/Item/Controller/IndexController.class.php 第 36 行.
SQL: SHOW COLUMNS FROM `liquor` [ RunTime:0.0007s ]
SQL: SELECT * FROM `liquor` ORDER BY id desc LIMIT 20   [ RunTime:0.0003s ]
NOTIC: [8] Undefined index: ajax /home/mtf/Application/dq/Application/Item/Controller/IndexController.class.php 第 51 行.
INFO: [ app_end ] --START--
INFO: Run Behavior\ShowPageTraceBehavior [ RunTime:0.000461s ]
INFO: [ app_end ] --END-- [ RunTime:0.000505s ]

[ 2015-02-02T09:39:57+08:00 ] 127.0.0.1 /index.php?m=Item&c=Index&a=ajax_list
INFO: [ app_init ] --START--
INFO: Run Behavior\BuildLiteBehavior [ RunTime:0.000015s ]
INFO: [ app_init ] --END-- [ RunTime:0.000286s ]
INFO: [ app_begin ] --START--
INFO: Run Behavior\ReadHtmlCacheBehavior [ RunTime:0.000317s ]
INFO: [ app_begin ] --END-- [ RunTime:0.000360s ]
NOTIC: [8] Undefined index: liquorid /home/mtf/Application/dq/Application/Item/Controller/IndexController.class.php 第 36 行.
SQL: SHOW COLUMNS FROM `liquor` [ RunTime:0.0007s ]
SQL: SELECT * FROM `liquor` ORDER BY id desc LIMIT 20   [ RunTime:0.0003s ]
NOTIC: [8] Undefined index: ajax /home/mtf/Application/dq/Application/Item/Controller/IndexController.class.php 第 51 行.
INFO: [ app_end ] --START--
INFO: Run Behavior\ShowPageTraceBehavior [ RunTime:0.000454s ]
INFO: [ app_end ] --END-- [ RunTime:0.000518s ]

[ 2015-02-02T09:40:28+08:00 ] 127.0.0.1 /index.php?m=Item&c=Index&a=ajax_list&jsonpcallback=jQuery1112037204829941484785_1422841228284
INFO: [ app_init ] --START--
INFO: Run Behavior\BuildLiteBehavior [ RunTime:0.000015s ]
INFO: [ app_init ] --END-- [ RunTime:0.000291s ]
INFO: [ app_begin ] --START--
INFO: Run Behavior\ReadHtmlCacheBehavior [ RunTime:0.000305s ]
INFO: [ app_begin ] --END-- [ RunTime:0.000341s ]
NOTIC: [8] Undefined index: liquorid /home/mtf/Application/dq/Application/Item/Controller/IndexController.class.php 第 36 行.
SQL: SHOW COLUMNS FROM `liquor` [ RunTime:0.0006s ]
SQL: SELECT * FROM `liquor` ORDER BY id desc LIMIT 20   [ RunTime:0.0002s ]
INFO: [ app_end ] --START--
INFO: Run Behavior\ShowPageTraceBehavior [ RunTime:0.000419s ]
INFO: [ app_end ] --END-- [ RunTime:0.000459s ]

[ 2015-02-02T09:40:51+08:00 ] 127.0.0.1 /index.php?m=Item&c=Index&a=ajax_list&jsonpcallback=jQuery1112045776875445651644_1422841251452
INFO: [ app_init ] --START--
INFO: Run Behavior\BuildLiteBehavior [ RunTime:0.000015s ]
INFO: [ app_init ] --END-- [ RunTime:0.000250s ]
INFO: [ app_begin ] --START--
INFO: Run Behavior\ReadHtmlCacheBehavior [ RunTime:0.000307s ]
INFO: [ app_begin ] --END-- [ RunTime:0.000346s ]
NOTIC: [8] Undefined index: liquorid /home/mtf/Application/dq/Application/Item/Controller/IndexController.class.php 第 36 行.
SQL: SHOW COLUMNS FROM `liquor` [ RunTime:0.0007s ]
SQL: SELECT * FROM `liquor` ORDER BY id desc LIMIT 20   [ RunTime:0.0007s ]
INFO: [ app_end ] --START--
INFO: Run Behavior\ShowPageTraceBehavior [ RunTime:0.001270s ]
INFO: [ app_end ] --END-- [ RunTime:0.001348s ]

[ 2015-02-02T09:41:40+08:00 ] 127.0.0.1 /index.php?m=Item&c=Index&a=ajax_list&jsonpcallback=jQuery111207686343396511428_1422841300432
INFO: [ app_init ] --START--
INFO: Run Behavior\BuildLiteBehavior [ RunTime:0.000016s ]
INFO: [ app_init ] --END-- [ RunTime:0.000274s ]
INFO: [ app_begin ] --START--
INFO: Run Behavior\ReadHtmlCacheBehavior [ RunTime:0.000311s ]
INFO: [ app_begin ] --END-- [ RunTime:0.000348s ]
NOTIC: [8] Undefined index: liquorid /home/mtf/Application/dq/Application/Item/Controller/IndexController.class.php 第 36 行.
SQL: SHOW COLUMNS FROM `liquor` [ RunTime:0.0009s ]
SQL: SELECT * FROM `liquor` ORDER BY id desc LIMIT 20   [ RunTime:0.0003s ]
INFO: [ app_end ] --START--
INFO: Run Behavior\ShowPageTraceBehavior [ RunTime:0.000428s ]
INFO: [ app_end ] --END-- [ RunTime:0.000469s ]

[ 2015-02-02T09:47:05+08:00 ] 127.0.0.1 /index.php?m=Item&c=Index&a=ajax_list&jsonpcallback=jQuery111204763200995452781_1422841625036
INFO: [ app_init ] --START--
INFO: Run Behavior\BuildLiteBehavior [ RunTime:0.000014s ]
INFO: [ app_init ] --END-- [ RunTime:0.000249s ]
INFO: [ app_begin ] --START--
INFO: Run Behavior\ReadHtmlCacheBehavior [ RunTime:0.000305s ]
INFO: [ app_begin ] --END-- [ RunTime:0.000344s ]
NOTIC: [8] Undefined index: liquorid /home/mtf/Application/dq/Application/Item/Controller/IndexController.class.php 第 36 行.
SQL: SHOW COLUMNS FROM `liquor` [ RunTime:0.0006s ]
SQL: SELECT * FROM `liquor` ORDER BY id desc LIMIT 20   [ RunTime:0.0003s ]
INFO: [ app_end ] --START--
INFO: Run Behavior\ShowPageTraceBehavior [ RunTime:0.000416s ]
INFO: [ app_end ] --END-- [ RunTime:0.000456s ]

[ 2015-02-02T09:48:50+08:00 ] 127.0.0.1 /index.php?m=Item&c=Index&a=ajax_list&jsonpcallback=jQuery111207355385074512388_1422841730567
INFO: [ app_init ] --START--
INFO: Run Behavior\BuildLiteBehavior [ RunTime:0.000013s ]
INFO: [ app_init ] --END-- [ RunTime:0.000237s ]
INFO: [ app_begin ] --START--
INFO: Run Behavior\ReadHtmlCacheBehavior [ RunTime:0.000292s ]
INFO: [ app_begin ] --END-- [ RunTime:0.000327s ]
NOTIC: [8] Undefined index: liquorid /home/mtf/Application/dq/Application/Item/Controller/IndexController.class.php 第 36 行.
SQL: SHOW COLUMNS FROM `liquor` [ RunTime:0.0007s ]
SQL: SELECT * FROM `liquor` ORDER BY id desc LIMIT 20   [ RunTime:0.0003s ]
INFO: [ app_end ] --START--
INFO: Run Behavior\ShowPageTraceBehavior [ RunTime:0.000438s ]
INFO: [ app_end ] --END-- [ RunTime:0.000481s ]

[ 2015-02-02T09:53:31+08:00 ] 127.0.0.1 /index.php?m=Item&c=Index&a=ajax_list&jsonpcallback=jQuery1112013531954337429497_1422842011569
INFO: [ app_init ] --START--
INFO: Run Behavior\BuildLiteBehavior [ RunTime:0.000015s ]
INFO: [ app_init ] --END-- [ RunTime:0.000251s ]
INFO: [ app_begin ] --START--
INFO: Run Behavior\ReadHtmlCacheBehavior [ RunTime:0.000452s ]
INFO: [ app_begin ] --END-- [ RunTime:0.000545s ]
NOTIC: [8] Undefined index: liquorid /home/mtf/Application/dq/Application/Item/Controller/IndexController.class.php 第 36 行.
SQL: SHOW COLUMNS FROM `liquor` [ RunTime:0.0007s ]
SQL: SELECT * FROM `liquor` ORDER BY id desc LIMIT 20   [ RunTime:0.0003s ]
INFO: [ app_end ] --START--
INFO: Run Behavior\ShowPageTraceBehavior [ RunTime:0.000471s ]
INFO: [ app_end ] --END-- [ RunTime:0.000514s ]

[ 2015-02-02T09:58:53+08:00 ] 127.0.0.1 /index.php?m=Item&c=Index&a=ajax_list&jsonpcallback=jQuery111206648913107466216_1422842333537
INFO: [ app_init ] --START--
INFO: Run Behavior\BuildLiteBehavior [ RunTime:0.000015s ]
INFO: [ app_init ] --END-- [ RunTime:0.000263s ]
INFO: [ app_begin ] --START--
INFO: Run Behavior\ReadHtmlCacheBehavior [ RunTime:0.000361s ]
INFO: [ app_begin ] --END-- [ RunTime:0.000408s ]
NOTIC: [8] Undefined index: liquorid /home/mtf/Application/dq/Application/Item/Controller/IndexController.class.php 第 36 行.
SQL: SHOW COLUMNS FROM `liquor` [ RunTime:0.0007s ]
SQL: SELECT * FROM `liquor` ORDER BY id desc LIMIT 20   [ RunTime:0.0003s ]
INFO: [ app_end ] --START--
INFO: Run Behavior\ShowPageTraceBehavior [ RunTime:0.000446s ]
INFO: [ app_end ] --END-- [ RunTime:0.000492s ]

[ 2015-02-02T10:00:40+08:00 ] 127.0.0.1 /index.php?m=Item&c=Index&a=ajax_list&jsonpcallback=jQuery111209951087932183155_1422842440412
INFO: [ app_init ] --START--
INFO: Run Behavior\BuildLiteBehavior [ RunTime:0.000013s ]
INFO: [ app_init ] --END-- [ RunTime:0.000240s ]
INFO: [ app_begin ] --START--
INFO: Run Behavior\ReadHtmlCacheBehavior [ RunTime:0.000291s ]
INFO: [ app_begin ] --END-- [ RunTime:0.000326s ]
NOTIC: [8] Undefined index: liquorid /home/mtf/Application/dq/Application/Item/Controller/IndexController.class.php 第 36 行.
SQL: SHOW COLUMNS FROM `liquor` [ RunTime:0.0006s ]
SQL: SELECT * FROM `liquor` ORDER BY id desc LIMIT 20   [ RunTime:0.0003s ]
INFO: [ app_end ] --START--
INFO: Run Behavior\ShowPageTraceBehavior [ RunTime:0.000431s ]
INFO: [ app_end ] --END-- [ RunTime:0.000472s ]

[ 2015-02-02T10:01:38+08:00 ] 127.0.0.1 /index.php?m=Item&c=Index&a=ajax_list&jsonpcallback=jQuery11120497365499731828_1422842498633
INFO: [ app_init ] --START--
INFO: Run Behavior\BuildLiteBehavior [ RunTime:0.000014s ]
INFO: [ app_init ] --END-- [ RunTime:0.000253s ]
INFO: [ app_begin ] --START--
INFO: Run Behavior\ReadHtmlCacheBehavior [ RunTime:0.000309s ]
INFO: [ app_begin ] --END-- [ RunTime:0.000345s ]
NOTIC: [8] Undefined index: liquorid /home/mtf/Application/dq/Application/Item/Controller/IndexController.class.php 第 36 行.
SQL: SHOW COLUMNS FROM `liquor` [ RunTime:0.0010s ]
SQL: SELECT * FROM `liquor` ORDER BY id desc LIMIT 20   [ RunTime:0.0003s ]
INFO: [ app_end ] --START--
INFO: Run Behavior\ShowPageTraceBehavior [ RunTime:0.000431s ]
INFO: [ app_end ] --END-- [ RunTime:0.000473s ]

[ 2015-02-02T10:02:13+08:00 ] 127.0.0.1 /index.php?m=Item&c=Index&a=ajax_list&jsonpcallback=jQuery1112002021397644168821_1422842533843
INFO: [ app_init ] --START--
INFO: Run Behavior\BuildLiteBehavior [ RunTime:0.000013s ]
INFO: [ app_init ] --END-- [ RunTime:0.000243s ]
INFO: [ app_begin ] --START--
INFO: Run Behavior\ReadHtmlCacheBehavior [ RunTime:0.000300s ]
INFO: [ app_begin ] --END-- [ RunTime:0.000339s ]
NOTIC: [8] Undefined index: liquorid /home/mtf/Application/dq/Application/Item/Controller/IndexController.class.php 第 36 行.
SQL: SHOW COLUMNS FROM `liquor` [ RunTime:0.0007s ]
SQL: SELECT * FROM `liquor` ORDER BY id desc LIMIT 20   [ RunTime:0.0003s ]
INFO: [ app_end ] --START--
INFO: Run Behavior\ShowPageTraceBehavior [ RunTime:0.000424s ]
INFO: [ app_end ] --END-- [ RunTime:0.000465s ]

[ 2015-02-02T10:13:32+08:00 ] 127.0.0.1 /index.php?m=Item&c=Index&a=ajax_list&jsonpcallback=jQuery1112027321767911880923_1422843212343
INFO: [ app_init ] --START--
INFO: Run Behavior\BuildLiteBehavior [ RunTime:0.000014s ]
INFO: [ app_init ] --END-- [ RunTime:0.000262s ]
INFO: [ app_begin ] --START--
INFO: Run Behavior\ReadHtmlCacheBehavior [ RunTime:0.000303s ]
INFO: [ app_begin ] --END-- [ RunTime:0.000339s ]
NOTIC: [8] Undefined index: liquorid /home/mtf/Application/dq/Application/Item/Controller/IndexController.class.php 第 36 行.
SQL: SHOW COLUMNS FROM `liquor` [ RunTime:0.0007s ]
SQL: SELECT * FROM `liquor` ORDER BY id desc LIMIT 20   [ RunTime:0.0004s ]
INFO: [ app_end ] --START--
INFO: Run Behavior\ShowPageTraceBehavior [ RunTime:0.000614s ]
INFO: [ app_end ] --END-- [ RunTime:0.000678s ]

[ 2015-02-02T10:17:07+08:00 ] 127.0.0.1 /index.php?m=Item&c=Index&a=ajax_list&jsonpcallback=jQuery111207236284843176896_1422843427724
INFO: [ app_init ] --START--
INFO: Run Behavior\BuildLiteBehavior [ RunTime:0.000014s ]
INFO: [ app_init ] --END-- [ RunTime:0.000276s ]
INFO: [ app_begin ] --START--
INFO: Run Behavior\ReadHtmlCacheBehavior [ RunTime:0.000304s ]
INFO: [ app_begin ] --END-- [ RunTime:0.000339s ]
NOTIC: [8] Undefined index: liquorid /home/mtf/Application/dq/Application/Item/Controller/IndexController.class.php 第 36 行.
SQL: SHOW COLUMNS FROM `liquor` [ RunTime:0.0007s ]
SQL: SELECT * FROM `liquor` ORDER BY id desc LIMIT 20   [ RunTime:0.0003s ]
INFO: [ app_end ] --START--
INFO: Run Behavior\ShowPageTraceBehavior [ RunTime:0.000437s ]
INFO: [ app_end ] --END-- [ RunTime:0.000480s ]

[ 2015-02-02T10:19:14+08:00 ] 127.0.0.1 /index.php?m=Item&c=Index&a=ajax_list&jsonpcallback=jQuery1112014947761658957381_1422843554826
INFO: [ app_init ] --START--
INFO: Run Behavior\BuildLiteBehavior [ RunTime:0.000014s ]
INFO: [ app_init ] --END-- [ RunTime:0.000271s ]
INFO: [ app_begin ] --START--
INFO: Run Behavior\ReadHtmlCacheBehavior [ RunTime:0.000329s ]
INFO: [ app_begin ] --END-- [ RunTime:0.000367s ]
NOTIC: [8] Undefined index: liquorid /home/mtf/Application/dq/Application/Item/Controller/IndexController.class.php 第 36 行.
SQL: SHOW COLUMNS FROM `liquor` [ RunTime:0.0007s ]
SQL: SELECT * FROM `liquor` ORDER BY id desc LIMIT 20   [ RunTime:0.0003s ]
INFO: [ app_end ] --START--
INFO: Run Behavior\ShowPageTraceBehavior [ RunTime:0.000426s ]
INFO: [ app_end ] --END-- [ RunTime:0.000469s ]

[ 2015-02-02T10:19:35+08:00 ] 127.0.0.1 /index.php?m=Item&c=Index&a=ajax_list&jsonpcallback=jQuery111207610692404582375_1422843575505
INFO: [ app_init ] --START--
INFO: Run Behavior\BuildLiteBehavior [ RunTime:0.000013s ]
INFO: [ app_init ] --END-- [ RunTime:0.000238s ]
INFO: [ app_begin ] --START--
INFO: Run Behavior\ReadHtmlCacheBehavior [ RunTime:0.000292s ]
INFO: [ app_begin ] --END-- [ RunTime:0.000327s ]
NOTIC: [8] Undefined index: liquorid /home/mtf/Application/dq/Application/Item/Controller/IndexController.class.php 第 36 行.
SQL: SHOW COLUMNS FROM `liquor` [ RunTime:0.0007s ]
SQL: SELECT * FROM `liquor` ORDER BY id desc LIMIT 20   [ RunTime:0.0003s ]
INFO: [ app_end ] --START--
INFO: Run Behavior\ShowPageTraceBehavior [ RunTime:0.000452s ]
INFO: [ app_end ] --END-- [ RunTime:0.000493s ]

[ 2015-02-02T10:19:42+08:00 ] 127.0.0.1 /index.php?m=Item&c=Index&a=ajax_list&jsonpcallback=jQuery111204746925325907655_1422843582495
INFO: [ app_init ] --START--
INFO: Run Behavior\BuildLiteBehavior [ RunTime:0.000014s ]
INFO: [ app_init ] --END-- [ RunTime:0.000261s ]
INFO: [ app_begin ] --START--
INFO: Run Behavior\ReadHtmlCacheBehavior [ RunTime:0.000325s ]
INFO: [ app_begin ] --END-- [ RunTime:0.000372s ]
NOTIC: [8] Undefined index: liquorid /home/mtf/Application/dq/Application/Item/Controller/IndexController.class.php 第 36 行.
SQL: SHOW COLUMNS FROM `liquor` [ RunTime:0.0007s ]
SQL: SELECT * FROM `liquor` ORDER BY id desc LIMIT 20   [ RunTime:0.0005s ]
INFO: [ app_end ] --START--
INFO: Run Behavior\ShowPageTraceBehavior [ RunTime:0.000452s ]
INFO: [ app_end ] --END-- [ RunTime:0.000498s ]

[ 2015-02-02T10:20:06+08:00 ] 127.0.0.1 /index.php?m=Item&c=Index&a=ajax_list&jsonpcallback=jQuery1112043384125756093905_1422843606313
INFO: [ app_init ] --START--
INFO: Run Behavior\BuildLiteBehavior [ RunTime:0.000016s ]
INFO: [ app_init ] --END-- [ RunTime:0.000276s ]
INFO: [ app_begin ] --START--
INFO: Run Behavior\ReadHtmlCacheBehavior [ RunTime:0.000333s ]
INFO: [ app_begin ] --END-- [ RunTime:0.000378s ]
NOTIC: [8] Undefined index: liquorid /home/mtf/Application/dq/Application/Item/Controller/IndexController.class.php 第 36 行.
SQL: SHOW COLUMNS FROM `liquor` [ RunTime:0.0007s ]
SQL: SELECT * FROM `liquor` ORDER BY id desc LIMIT 20   [ RunTime:0.0003s ]
INFO: [ app_end ] --START--
INFO: Run Behavior\ShowPageTraceBehavior [ RunTime:0.000439s ]
INFO: [ app_end ] --END-- [ RunTime:0.000487s ]

[ 2015-02-02T10:20:17+08:00 ] 127.0.0.1 /index.php?m=Item&c=Index&a=ajax_list&jsonpcallback=jQuery11120312270316187503_1422843617673
INFO: [ app_init ] --START--
INFO: Run Behavior\BuildLiteBehavior [ RunTime:0.000015s ]
INFO: [ app_init ] --END-- [ RunTime:0.000264s ]
INFO: [ app_begin ] --START--
INFO: Run Behavior\ReadHtmlCacheBehavior [ RunTime:0.000314s ]
INFO: [ app_begin ] --END-- [ RunTime:0.000354s ]
NOTIC: [8] Undefined index: liquorid /home/mtf/Application/dq/Application/Item/Controller/IndexController.class.php 第 36 行.
SQL: SHOW COLUMNS FROM `liquor` [ RunTime:0.0010s ]
SQL: SELECT * FROM `liquor` ORDER BY id desc LIMIT 20   [ RunTime:0.0003s ]
INFO: [ app_end ] --START--
INFO: Run Behavior\ShowPageTraceBehavior [ RunTime:0.000438s ]
INFO: [ app_end ] --END-- [ RunTime:0.000486s ]

[ 2015-02-02T22:52:49+08:00 ] 127.0.0.1 /index.php?m=Item&c=Index&a=liquor_list
INFO: [ app_init ] --START--
INFO: Run Behavior\BuildLiteBehavior [ RunTime:0.000011s ]
INFO: [ app_init ] --END-- [ RunTime:0.000233s ]
INFO: [ app_begin ] --START--
INFO: Run Behavior\ReadHtmlCacheBehavior [ RunTime:0.000290s ]
INFO: [ app_begin ] --END-- [ RunTime:0.000321s ]
SQL: SHOW COLUMNS FROM `liquor` [ RunTime:0.0011s ]
SQL: SELECT * FROM `liquor`  [ RunTime:0.0003s ]
INFO: [ view_parse ] --START--
INFO: [ template_filter ] --START--
INFO: Run Behavior\ContentReplaceBehavior [ RunTime:0.000104s ]
INFO: [ template_filter ] --END-- [ RunTime:0.000176s ]
INFO: Run Behavior\ParseTemplateBehavior [ RunTime:0.012468s ]
INFO: [ view_parse ] --END-- [ RunTime:0.012532s ]
INFO: [ view_filter ] --START--
INFO: Run Behavior\WriteHtmlCacheBehavior [ RunTime:0.000155s ]
INFO: [ view_filter ] --END-- [ RunTime:0.000201s ]
INFO: [ app_end ] --START--
INFO: Run Behavior\ShowPageTraceBehavior [ RunTime:0.000379s ]
INFO: [ app_end ] --END-- [ RunTime:0.000421s ]

[ 2015-02-02T22:55:50+08:00 ] 127.0.0.1 /index.php?m=Item&c=Index&a=liquor_list
INFO: [ app_init ] --START--
INFO: Run Behavior\BuildLiteBehavior [ RunTime:0.000009s ]
INFO: [ app_init ] --END-- [ RunTime:0.000207s ]
INFO: [ app_begin ] --START--
INFO: Run Behavior\ReadHtmlCacheBehavior [ RunTime:0.000266s ]
INFO: [ app_begin ] --END-- [ RunTime:0.000295s ]
SQL: SHOW COLUMNS FROM `liquor` [ RunTime:0.0007s ]
SQL: SELECT * FROM `liquor`  [ RunTime:0.0003s ]
INFO: [ view_parse ] --START--
INFO: [ template_filter ] --START--
INFO: Run Behavior\ContentReplaceBehavior [ RunTime:0.000072s ]
INFO: [ template_filter ] --END-- [ RunTime:0.000114s ]
INFO: Run Behavior\ParseTemplateBehavior [ RunTime:0.007102s ]
INFO: [ view_parse ] --END-- [ RunTime:0.007138s ]
INFO: [ view_filter ] --START--
INFO: Run Behavior\WriteHtmlCacheBehavior [ RunTime:0.000107s ]
INFO: [ view_filter ] --END-- [ RunTime:0.000134s ]
INFO: [ app_end ] --START--
INFO: Run Behavior\ShowPageTraceBehavior [ RunTime:0.000325s ]
INFO: [ app_end ] --END-- [ RunTime:0.000357s ]

[ 2015-02-02T22:56:05+08:00 ] 127.0.0.1 /index.php?m=Item&c=Index&a=liquor_list
INFO: [ app_init ] --START--
INFO: Run Behavior\BuildLiteBehavior [ RunTime:0.000011s ]
INFO: [ app_init ] --END-- [ RunTime:0.000230s ]
INFO: [ app_begin ] --START--
INFO: Run Behavior\ReadHtmlCacheBehavior [ RunTime:0.000289s ]
INFO: [ app_begin ] --END-- [ RunTime:0.000324s ]
SQL: SHOW COLUMNS FROM `liquor` [ RunTime:0.0007s ]
SQL: SELECT * FROM `liquor`  [ RunTime:0.0003s ]
INFO: [ view_parse ] --START--
INFO: [ template_filter ] --START--
INFO: Run Behavior\ContentReplaceBehavior [ RunTime:0.000075s ]
INFO: [ template_filter ] --END-- [ RunTime:0.000119s ]
INFO: Run Behavior\ParseTemplateBehavior [ RunTime:0.009477s ]
INFO: [ view_parse ] --END-- [ RunTime:0.009538s ]
INFO: [ view_filter ] --START--
INFO: Run Behavior\WriteHtmlCacheBehavior [ RunTime:0.000101s ]
INFO: [ view_filter ] --END-- [ RunTime:0.000126s ]
INFO: [ app_end ] --START--
INFO: Run Behavior\ShowPageTraceBehavior [ RunTime:0.000343s ]
INFO: [ app_end ] --END-- [ RunTime:0.000377s ]

[ 2015-02-02T22:58:10+08:00 ] 127.0.0.1 /index.php?m=Item&c=Index&a=ajax_list&jsonpcallback=jQuery110201279293974136264_1422889090117
INFO: [ app_init ] --START--
INFO: Run Behavior\BuildLiteBehavior [ RunTime:0.000012s ]
INFO: [ app_init ] --END-- [ RunTime:0.000251s ]
INFO: [ app_begin ] --START--
INFO: Run Behavior\ReadHtmlCacheBehavior [ RunTime:0.000309s ]
INFO: [ app_begin ] --END-- [ RunTime:0.000345s ]
NOTIC: [8] Undefined index: liquorid /home/mtf/Application/dq/Application/Item/Controller/IndexController.class.php 第 36 行.
SQL: SHOW COLUMNS FROM `liquor` [ RunTime:0.0006s ]
SQL: SELECT * FROM `liquor` ORDER BY id desc LIMIT 20   [ RunTime:0.0002s ]
INFO: [ app_end ] --START--
INFO: Run Behavior\ShowPageTraceBehavior [ RunTime:0.000444s ]
INFO: [ app_end ] --END-- [ RunTime:0.000486s ]

