[ 2015-02-08T09:48:55+08:00 ] 127.0.0.1 /index.php?m=Item&c=Index&a=item_list&channelid=51
INFO: [ app_init ] --START--
INFO: Run Behavior\BuildLiteBehavior [ RunTime:0.000009s ]
INFO: [ app_init ] --END-- [ RunTime:0.000216s ]
INFO: [ app_begin ] --START--
INFO: Run Behavior\ReadHtmlCacheBehavior [ RunTime:0.000319s ]
INFO: [ app_begin ] --END-- [ RunTime:0.000362s ]
SQL: SHOW COLUMNS FROM `item` [ RunTime:0.0106s ]
SQL: SELECT * FROM `item` WHERE ( channelid=51 )  [ RunTime:0.0004s ]
INFO: [ view_parse ] --START--
INFO: [ template_filter ] --START--
INFO: Run Behavior\ContentReplaceBehavior [ RunTime:0.000067s ]
INFO: [ template_filter ] --END-- [ RunTime:0.000103s ]
INFO: Run Behavior\ParseTemplateBehavior [ RunTime:0.009076s ]
INFO: [ view_parse ] --END-- [ RunTime:0.009126s ]
INFO: [ view_filter ] --START--
INFO: Run Behavior\WriteHtmlCacheBehavior [ RunTime:0.000094s ]
INFO: [ view_filter ] --END-- [ RunTime:0.000121s ]
INFO: [ app_end ] --START--
INFO: Run Behavior\ShowPageTraceBehavior [ RunTime:0.000324s ]
INFO: [ app_end ] --END-- [ RunTime:0.000352s ]

[ 2015-02-08T09:48:57+08:00 ] 127.0.0.1 /index.php?m=Item&c=Index&a=item_list&channelid=35
INFO: [ app_init ] --START--
INFO: Run Behavior\BuildLiteBehavior [ RunTime:0.000011s ]
INFO: [ app_init ] --END-- [ RunTime:0.000235s ]
INFO: [ app_begin ] --START--
INFO: Run Behavior\ReadHtmlCacheBehavior [ RunTime:0.000300s ]
INFO: [ app_begin ] --END-- [ RunTime:0.000339s ]
SQL: SHOW COLUMNS FROM `item` [ RunTime:0.0007s ]
SQL: SELECT * FROM `item` WHERE ( channelid=35 )  [ RunTime:0.0004s ]
INFO: [ view_parse ] --START--
INFO: [ template_filter ] --START--
INFO: Run Behavior\ContentReplaceBehavior [ RunTime:0.000080s ]
INFO: [ template_filter ] --END-- [ RunTime:0.000126s ]
INFO: Run Behavior\ParseTemplateBehavior [ RunTime:0.009746s ]
INFO: [ view_parse ] --END-- [ RunTime:0.009806s ]
INFO: [ view_filter ] --START--
INFO: Run Behavior\WriteHtmlCacheBehavior [ RunTime:0.000101s ]
INFO: [ view_filter ] --END-- [ RunTime:0.000126s ]
INFO: [ app_end ] --START--
INFO: Run Behavior\ShowPageTraceBehavior [ RunTime:0.000335s ]
INFO: [ app_end ] --END-- [ RunTime:0.000372s ]

[ 2015-02-08T09:49:02+08:00 ] 127.0.0.1 /index.php?m=Item&c=Index&a=del&id=5
INFO: [ app_init ] --START--
INFO: Run Behavior\BuildLiteBehavior [ RunTime:0.000011s ]
INFO: [ app_init ] --END-- [ RunTime:0.000304s ]
INFO: [ app_begin ] --START--
INFO: Run Behavior\ReadHtmlCacheBehavior [ RunTime:0.000302s ]
INFO: [ app_begin ] --END-- [ RunTime:0.000340s ]
ERR: 非法操作:del

[ 2015-02-08T09:49:48+08:00 ] 127.0.0.1 /index.php?m=Item&c=Index&a=del&id=5
INFO: [ app_init ] --START--
INFO: Run Behavior\BuildLiteBehavior [ RunTime:0.000013s ]
INFO: [ app_init ] --END-- [ RunTime:0.000274s ]
INFO: [ app_begin ] --START--
INFO: Run Behavior\ReadHtmlCacheBehavior [ RunTime:0.000345s ]
INFO: [ app_begin ] --END-- [ RunTime:0.000385s ]

[ 2015-02-08T09:50:30+08:00 ] 127.0.0.1 /index.php?m=Item&c=Index&a=del&id=5
INFO: [ app_init ] --START--
INFO: Run Behavior\BuildLiteBehavior [ RunTime:0.000011s ]
INFO: [ app_init ] --END-- [ RunTime:0.000234s ]
INFO: [ app_begin ] --START--
INFO: Run Behavior\ReadHtmlCacheBehavior [ RunTime:0.000290s ]
INFO: [ app_begin ] --END-- [ RunTime:0.000323s ]
SQL: SHOW COLUMNS FROM `item` [ RunTime:0.0006s ]
SQL: SELECT * FROM `item` WHERE ( id=5 ) LIMIT 1   [ RunTime:0.0002s ]
INFO: [ app_end ] --START--
INFO: Run Behavior\ShowPageTraceBehavior [ RunTime:0.000391s ]
INFO: [ app_end ] --END-- [ RunTime:0.000422s ]

[ 2015-02-08T09:51:07+08:00 ] 127.0.0.1 /index.php?m=Item&c=Index&a=del&id=5
INFO: [ app_init ] --START--
INFO: Run Behavior\BuildLiteBehavior [ RunTime:0.000009s ]
INFO: [ app_init ] --END-- [ RunTime:0.000214s ]
INFO: [ app_begin ] --START--
INFO: Run Behavior\ReadHtmlCacheBehavior [ RunTime:0.000274s ]
INFO: [ app_begin ] --END-- [ RunTime:0.000305s ]
SQL: SHOW COLUMNS FROM `item` [ RunTime:0.0006s ]
SQL: SELECT * FROM `item` WHERE ( id=5 ) LIMIT 1   [ RunTime:0.0002s ]
INFO: [ app_end ] --START--
INFO: Run Behavior\ShowPageTraceBehavior [ RunTime:0.000386s ]
INFO: [ app_end ] --END-- [ RunTime:0.000421s ]

[ 2015-02-08T09:52:41+08:00 ] 127.0.0.1 /index.php?m=Item&c=Index&a=del&id=5
INFO: [ app_init ] --START--
INFO: Run Behavior\BuildLiteBehavior [ RunTime:0.000009s ]
INFO: [ app_init ] --END-- [ RunTime:0.000207s ]
INFO: [ app_begin ] --START--
INFO: Run Behavior\ReadHtmlCacheBehavior [ RunTime:0.000267s ]
INFO: [ app_begin ] --END-- [ RunTime:0.000297s ]
SQL: SHOW COLUMNS FROM `item` [ RunTime:0.0006s ]
SQL: SELECT * FROM `item` WHERE ( id=5 ) LIMIT 1   [ RunTime:0.0002s ]
NOTIC: [2] unlink(/home/mtf/Application/dq/html/20150207/8fa14cdd754f91cc6554c9e71929cce7_5_21.html): No such file or directory /home/mtf/Application/dq/Application/Item/Controller/IndexController.class.php 第 12 行.
SQL: UPDATE `item` SET `status`='3' WHERE ( id=5 ) [ RunTime:0.0506s ]
NOTIC: [8] Undefined index: HTTP_REFERER /home/mtf/Application/dq/ThinkPHP/Library/Think/Controller.class.php 第 283 行.
INFO: [ view_parse ] --START--
INFO: [ template_filter ] --START--
INFO: Run Behavior\ContentReplaceBehavior [ RunTime:0.000036s ]
INFO: [ template_filter ] --END-- [ RunTime:0.000077s ]
INFO: Run Behavior\ParseTemplateBehavior [ RunTime:0.005392s ]
INFO: [ view_parse ] --END-- [ RunTime:0.005437s ]
INFO: [ view_filter ] --START--
INFO: Run Behavior\WriteHtmlCacheBehavior [ RunTime:0.000100s ]
INFO: [ view_filter ] --END-- [ RunTime:0.000129s ]
INFO: [ app_end ] --START--
INFO: Run Behavior\ShowPageTraceBehavior [ RunTime:0.000362s ]
INFO: [ app_end ] --END-- [ RunTime:0.000395s ]

[ 2015-02-08T09:52:42+08:00 ] 127.0.0.1 /index.php?m=Item&c=Index&a=del&id=5
INFO: [ app_init ] --START--
INFO: Run Behavior\BuildLiteBehavior [ RunTime:0.000016s ]
INFO: [ app_init ] --END-- [ RunTime:0.000361s ]
INFO: [ app_begin ] --START--
INFO: Run Behavior\ReadHtmlCacheBehavior [ RunTime:0.000477s ]
INFO: [ app_begin ] --END-- [ RunTime:0.000533s ]
SQL: SHOW COLUMNS FROM `item` [ RunTime:0.0007s ]
SQL: SELECT * FROM `item` WHERE ( id=5 ) LIMIT 1   [ RunTime:0.0004s ]
NOTIC: [2] unlink(/home/mtf/Application/dq/html/20150207/8fa14cdd754f91cc6554c9e71929cce7_5_21.html): No such file or directory /home/mtf/Application/dq/Application/Item/Controller/IndexController.class.php 第 12 行.
SQL: UPDATE `item` SET `status`='3' WHERE ( id=5 ) [ RunTime:0.0377s ]
INFO: [ view_parse ] --START--
INFO: [ template_filter ] --START--
INFO: Run Behavior\ContentReplaceBehavior [ RunTime:0.000034s ]
INFO: [ template_filter ] --END-- [ RunTime:0.000080s ]
INFO: Run Behavior\ParseTemplateBehavior [ RunTime:0.005672s ]
INFO: [ view_parse ] --END-- [ RunTime:0.005713s ]
INFO: [ view_filter ] --START--
INFO: Run Behavior\WriteHtmlCacheBehavior [ RunTime:0.000087s ]
INFO: [ view_filter ] --END-- [ RunTime:0.000113s ]

[ 2015-02-08T09:52:44+08:00 ] 127.0.0.1 /index.php?m=Item&c=Index&a=item_list&channelid=35
INFO: [ app_init ] --START--
INFO: Run Behavior\BuildLiteBehavior [ RunTime:0.000016s ]
INFO: [ app_init ] --END-- [ RunTime:0.000380s ]
INFO: [ app_begin ] --START--
INFO: Run Behavior\ReadHtmlCacheBehavior [ RunTime:0.000485s ]
INFO: [ app_begin ] --END-- [ RunTime:0.000546s ]
SQL: SHOW COLUMNS FROM `item` [ RunTime:0.0006s ]
SQL: SELECT * FROM `item` WHERE ( channelid=35 )  [ RunTime:0.0003s ]
INFO: [ view_parse ] --START--
INFO: [ template_filter ] --START--
INFO: Run Behavior\ContentReplaceBehavior [ RunTime:0.000069s ]
INFO: [ template_filter ] --END-- [ RunTime:0.000107s ]
INFO: Run Behavior\ParseTemplateBehavior [ RunTime:0.006363s ]
INFO: [ view_parse ] --END-- [ RunTime:0.006400s ]
INFO: [ view_filter ] --START--
INFO: Run Behavior\WriteHtmlCacheBehavior [ RunTime:0.000085s ]
INFO: [ view_filter ] --END-- [ RunTime:0.000112s ]
INFO: [ app_end ] --START--
INFO: Run Behavior\ShowPageTraceBehavior [ RunTime:0.000320s ]
INFO: [ app_end ] --END-- [ RunTime:0.000353s ]

[ 2015-02-08T09:52:46+08:00 ] 127.0.0.1 /index.php?m=Item&c=Index&a=item_list&channelid=35
INFO: [ app_init ] --START--
INFO: Run Behavior\BuildLiteBehavior [ RunTime:0.000017s ]
INFO: [ app_init ] --END-- [ RunTime:0.000385s ]
INFO: [ app_begin ] --START--
INFO: Run Behavior\ReadHtmlCacheBehavior [ RunTime:0.000493s ]
INFO: [ app_begin ] --END-- [ RunTime:0.000555s ]
SQL: SHOW COLUMNS FROM `item` [ RunTime:0.0007s ]
SQL: SELECT * FROM `item` WHERE ( channelid=35 )  [ RunTime:0.0003s ]
INFO: [ view_parse ] --START--
INFO: [ template_filter ] --START--
INFO: Run Behavior\ContentReplaceBehavior [ RunTime:0.000068s ]
INFO: [ template_filter ] --END-- [ RunTime:0.000101s ]
INFO: Run Behavior\ParseTemplateBehavior [ RunTime:0.006276s ]
INFO: [ view_parse ] --END-- [ RunTime:0.006313s ]
INFO: [ view_filter ] --START--
INFO: Run Behavior\WriteHtmlCacheBehavior [ RunTime:0.000087s ]
INFO: [ view_filter ] --END-- [ RunTime:0.000112s ]
INFO: [ app_end ] --START--
INFO: Run Behavior\ShowPageTraceBehavior [ RunTime:0.000314s ]
INFO: [ app_end ] --END-- [ RunTime:0.000348s ]

[ 2015-02-08T09:52:49+08:00 ] 127.0.0.1 /index.php?m=Item&c=Index&a=del&id=6
INFO: [ app_init ] --START--
INFO: Run Behavior\BuildLiteBehavior [ RunTime:0.000011s ]
INFO: [ app_init ] --END-- [ RunTime:0.000232s ]
INFO: [ app_begin ] --START--
INFO: Run Behavior\ReadHtmlCacheBehavior [ RunTime:0.000295s ]
INFO: [ app_begin ] --END-- [ RunTime:0.000329s ]
SQL: SHOW COLUMNS FROM `item` [ RunTime:0.0006s ]
SQL: SELECT * FROM `item` WHERE ( id=6 ) LIMIT 1   [ RunTime:0.0003s ]
SQL: UPDATE `item` SET `status`='3' WHERE ( id=6 ) [ RunTime:0.0726s ]
INFO: [ view_parse ] --START--
INFO: [ template_filter ] --START--
INFO: Run Behavior\ContentReplaceBehavior [ RunTime:0.000035s ]
INFO: [ template_filter ] --END-- [ RunTime:0.000082s ]
INFO: Run Behavior\ParseTemplateBehavior [ RunTime:0.004152s ]
INFO: [ view_parse ] --END-- [ RunTime:0.004189s ]
INFO: [ view_filter ] --START--
INFO: Run Behavior\WriteHtmlCacheBehavior [ RunTime:0.000130s ]
INFO: [ view_filter ] --END-- [ RunTime:0.000157s ]
INFO: [ app_end ] --START--
INFO: Run Behavior\ShowPageTraceBehavior [ RunTime:0.000321s ]
INFO: [ app_end ] --END-- [ RunTime:0.000350s ]

[ 2015-02-08T09:52:50+08:00 ] 127.0.0.1 /index.php?m=Item&c=Index&a=item_list&channelid=35
INFO: [ app_init ] --START--
INFO: Run Behavior\BuildLiteBehavior [ RunTime:0.000011s ]
INFO: [ app_init ] --END-- [ RunTime:0.000234s ]
INFO: [ app_begin ] --START--
INFO: Run Behavior\ReadHtmlCacheBehavior [ RunTime:0.000282s ]
INFO: [ app_begin ] --END-- [ RunTime:0.000318s ]
SQL: SHOW COLUMNS FROM `item` [ RunTime:0.0007s ]
SQL: SELECT * FROM `item` WHERE ( channelid=35 )  [ RunTime:0.0003s ]
INFO: [ view_parse ] --START--
INFO: [ template_filter ] --START--
INFO: Run Behavior\ContentReplaceBehavior [ RunTime:0.000111s ]
INFO: [ template_filter ] --END-- [ RunTime:0.000167s ]
INFO: Run Behavior\ParseTemplateBehavior [ RunTime:0.009779s ]
INFO: [ view_parse ] --END-- [ RunTime:0.009849s ]
INFO: [ view_filter ] --START--
INFO: Run Behavior\WriteHtmlCacheBehavior [ RunTime:0.000134s ]
INFO: [ view_filter ] --END-- [ RunTime:0.000173s ]
INFO: [ app_end ] --START--
INFO: Run Behavior\ShowPageTraceBehavior [ RunTime:0.000451s ]
INFO: [ app_end ] --END-- [ RunTime:0.000497s ]

[ 2015-02-08T09:53:15+08:00 ] 127.0.0.1 /index.php?m=Item&c=Index&a=item_list&channelid=35
INFO: [ app_init ] --START--
INFO: Run Behavior\BuildLiteBehavior [ RunTime:0.000010s ]
INFO: [ app_init ] --END-- [ RunTime:0.000219s ]
INFO: [ app_begin ] --START--
INFO: Run Behavior\ReadHtmlCacheBehavior [ RunTime:0.000281s ]
INFO: [ app_begin ] --END-- [ RunTime:0.000312s ]
SQL: SHOW COLUMNS FROM `item` [ RunTime:0.0007s ]
SQL: SELECT * FROM `item` WHERE ( channelid=35 )  [ RunTime:0.0003s ]
INFO: [ view_parse ] --START--
INFO: [ template_filter ] --START--
INFO: Run Behavior\ContentReplaceBehavior [ RunTime:0.000069s ]
INFO: [ template_filter ] --END-- [ RunTime:0.000104s ]
INFO: Run Behavior\ParseTemplateBehavior [ RunTime:0.008457s ]
INFO: [ view_parse ] --END-- [ RunTime:0.008520s ]
INFO: [ view_filter ] --START--
INFO: Run Behavior\WriteHtmlCacheBehavior [ RunTime:0.000147s ]
INFO: [ view_filter ] --END-- [ RunTime:0.000190s ]
INFO: [ app_end ] --START--
INFO: Run Behavior\ShowPageTraceBehavior [ RunTime:0.000535s ]
INFO: [ app_end ] --END-- [ RunTime:0.000587s ]

[ 2015-02-08T09:53:16+08:00 ] 127.0.0.1 /index.php?m=Item&c=Index&a=uploadItem&channelid=35
INFO: [ app_init ] --START--
INFO: Run Behavior\BuildLiteBehavior [ RunTime:0.000011s ]
INFO: [ app_init ] --END-- [ RunTime:0.000216s ]
INFO: [ app_begin ] --START--
INFO: Run Behavior\ReadHtmlCacheBehavior [ RunTime:0.000273s ]
INFO: [ app_begin ] --END-- [ RunTime:0.000303s ]
SQL: SHOW COLUMNS FROM `table_item` [ RunTime:0.0158s ]
SQL: SELECT * FROM `table_item`  [ RunTime:0.0002s ]
INFO: [ view_parse ] --START--
INFO: [ template_filter ] --START--
INFO: Run Behavior\ContentReplaceBehavior [ RunTime:0.000066s ]
INFO: [ template_filter ] --END-- [ RunTime:0.000108s ]
INFO: Run Behavior\ParseTemplateBehavior [ RunTime:0.011571s ]
INFO: [ view_parse ] --END-- [ RunTime:0.011607s ]
INFO: [ view_filter ] --START--
INFO: Run Behavior\WriteHtmlCacheBehavior [ RunTime:0.000096s ]
INFO: [ view_filter ] --END-- [ RunTime:0.000121s ]
INFO: [ app_end ] --START--
INFO: Run Behavior\ShowPageTraceBehavior [ RunTime:0.000328s ]
INFO: [ app_end ] --END-- [ RunTime:0.000359s ]

[ 2015-02-08T09:55:06+08:00 ] 127.0.0.1 /index.php?m=Item&c=Index&a=uploadItem&channelid=35
INFO: [ app_init ] --START--
INFO: Run Behavior\BuildLiteBehavior [ RunTime:0.000012s ]
INFO: [ app_init ] --END-- [ RunTime:0.000272s ]
INFO: [ app_begin ] --START--
INFO: Run Behavior\ReadHtmlCacheBehavior [ RunTime:0.000347s ]
INFO: [ app_begin ] --END-- [ RunTime:0.000404s ]
SQL: SHOW COLUMNS FROM `table_item` [ RunTime:0.0006s ]
SQL: SELECT * FROM `table_item`  [ RunTime:0.0003s ]
INFO: [ view_parse ] --START--
INFO: [ template_filter ] --START--
INFO: Run Behavior\ContentReplaceBehavior [ RunTime:0.000066s ]
INFO: [ template_filter ] --END-- [ RunTime:0.000106s ]
INFO: Run Behavior\ParseTemplateBehavior [ RunTime:0.006449s ]
INFO: [ view_parse ] --END-- [ RunTime:0.006486s ]
INFO: [ view_filter ] --START--
INFO: Run Behavior\WriteHtmlCacheBehavior [ RunTime:0.000097s ]
INFO: [ view_filter ] --END-- [ RunTime:0.000140s ]
INFO: [ app_end ] --START--
INFO: Run Behavior\ShowPageTraceBehavior [ RunTime:0.000345s ]
INFO: [ app_end ] --END-- [ RunTime:0.000376s ]

[ 2015-02-08T09:55:21+08:00 ] 127.0.0.1 /index.php?m=Item&c=Index&a=uploadItem&channelid=35
INFO: [ app_init ] --START--
INFO: Run Behavior\BuildLiteBehavior [ RunTime:0.000009s ]
INFO: [ app_init ] --END-- [ RunTime:0.000204s ]
INFO: [ app_begin ] --START--
INFO: Run Behavior\ReadHtmlCacheBehavior [ RunTime:0.000264s ]
INFO: [ app_begin ] --END-- [ RunTime:0.000293s ]
SQL: SHOW COLUMNS FROM `table_item` [ RunTime:0.0005s ]
SQL: SELECT * FROM `table_item`  [ RunTime:0.0002s ]
INFO: [ view_parse ] --START--
INFO: [ template_filter ] --START--
INFO: Run Behavior\ContentReplaceBehavior [ RunTime:0.000069s ]
INFO: [ template_filter ] --END-- [ RunTime:0.000114s ]
INFO: Run Behavior\ParseTemplateBehavior [ RunTime:0.006654s ]
INFO: [ view_parse ] --END-- [ RunTime:0.006690s ]
INFO: [ view_filter ] --START--
INFO: Run Behavior\WriteHtmlCacheBehavior [ RunTime:0.000101s ]
INFO: [ view_filter ] --END-- [ RunTime:0.000162s ]
INFO: [ app_end ] --START--
INFO: Run Behavior\ShowPageTraceBehavior [ RunTime:0.000326s ]
INFO: [ app_end ] --END-- [ RunTime:0.000357s ]

[ 2015-02-08T09:55:32+08:00 ] 127.0.0.1 /index.php?m=Item&c=Index&a=uploadItem&channelid=35
INFO: [ app_init ] --START--
INFO: Run Behavior\BuildLiteBehavior [ RunTime:0.000010s ]
INFO: [ app_init ] --END-- [ RunTime:0.000222s ]
INFO: [ app_begin ] --START--
INFO: Run Behavior\ReadHtmlCacheBehavior [ RunTime:0.000281s ]
INFO: [ app_begin ] --END-- [ RunTime:0.000311s ]
SQL: SHOW COLUMNS FROM `table_item` [ RunTime:0.0006s ]
SQL: SELECT * FROM `table_item`  [ RunTime:0.0004s ]
INFO: [ view_parse ] --START--
INFO: [ template_filter ] --START--
INFO: Run Behavior\ContentReplaceBehavior [ RunTime:0.000065s ]
INFO: [ template_filter ] --END-- [ RunTime:0.000103s ]
INFO: Run Behavior\ParseTemplateBehavior [ RunTime:0.006773s ]
INFO: [ view_parse ] --END-- [ RunTime:0.006806s ]
INFO: [ view_filter ] --START--
INFO: Run Behavior\WriteHtmlCacheBehavior [ RunTime:0.000120s ]
INFO: [ view_filter ] --END-- [ RunTime:0.000146s ]
INFO: [ app_end ] --START--
INFO: Run Behavior\ShowPageTraceBehavior [ RunTime:0.000326s ]
INFO: [ app_end ] --END-- [ RunTime:0.000358s ]

[ 2015-02-08T09:55:36+08:00 ] 127.0.0.1 /index.php?m=Item&c=Index&a=uploadItem&channelid=35
INFO: [ app_init ] --START--
INFO: Run Behavior\BuildLiteBehavior [ RunTime:0.000009s ]
INFO: [ app_init ] --END-- [ RunTime:0.000207s ]
INFO: [ app_begin ] --START--
INFO: Run Behavior\ReadHtmlCacheBehavior [ RunTime:0.000263s ]
INFO: [ app_begin ] --END-- [ RunTime:0.000293s ]
SQL: SHOW COLUMNS FROM `table_item` [ RunTime:0.0005s ]
SQL: SELECT * FROM `table_item`  [ RunTime:0.0002s ]
INFO: [ view_parse ] --START--
INFO: [ template_filter ] --START--
INFO: Run Behavior\ContentReplaceBehavior [ RunTime:0.000066s ]
INFO: [ template_filter ] --END-- [ RunTime:0.000107s ]
INFO: Run Behavior\ParseTemplateBehavior [ RunTime:0.006593s ]
INFO: [ view_parse ] --END-- [ RunTime:0.006625s ]
INFO: [ view_filter ] --START--
INFO: Run Behavior\WriteHtmlCacheBehavior [ RunTime:0.000090s ]
INFO: [ view_filter ] --END-- [ RunTime:0.000116s ]
INFO: [ app_end ] --START--
INFO: Run Behavior\ShowPageTraceBehavior [ RunTime:0.000317s ]
INFO: [ app_end ] --END-- [ RunTime:0.000347s ]

[ 2015-02-08T09:56:01+08:00 ] 127.0.0.1 /index.php?m=Item&c=Index&a=uploadItem&channelid=35
INFO: [ app_init ] --START--
INFO: Run Behavior\BuildLiteBehavior [ RunTime:0.000011s ]
INFO: [ app_init ] --END-- [ RunTime:0.000216s ]
INFO: [ app_begin ] --START--
INFO: Run Behavior\ReadHtmlCacheBehavior [ RunTime:0.000273s ]
INFO: [ app_begin ] --END-- [ RunTime:0.000305s ]
SQL: SHOW COLUMNS FROM `table_item` [ RunTime:0.0006s ]
SQL: SELECT * FROM `table_item`  [ RunTime:0.0002s ]
INFO: [ view_parse ] --START--
INFO: [ template_filter ] --START--
INFO: Run Behavior\ContentReplaceBehavior [ RunTime:0.000065s ]
INFO: [ template_filter ] --END-- [ RunTime:0.000106s ]
INFO: Run Behavior\ParseTemplateBehavior [ RunTime:0.009471s ]
INFO: [ view_parse ] --END-- [ RunTime:0.009507s ]
INFO: [ view_filter ] --START--
INFO: Run Behavior\WriteHtmlCacheBehavior [ RunTime:0.000111s ]
INFO: [ view_filter ] --END-- [ RunTime:0.000137s ]
INFO: [ app_end ] --START--
INFO: Run Behavior\ShowPageTraceBehavior [ RunTime:0.000322s ]
INFO: [ app_end ] --END-- [ RunTime:0.000353s ]

[ 2015-02-08T09:56:46+08:00 ] 127.0.0.1 /index.php?m=Item&c=Index&a=uploadItem&channelid=35
INFO: [ app_init ] --START--
INFO: Run Behavior\BuildLiteBehavior [ RunTime:0.000011s ]
INFO: [ app_init ] --END-- [ RunTime:0.000219s ]
INFO: [ app_begin ] --START--
INFO: Run Behavior\ReadHtmlCacheBehavior [ RunTime:0.000275s ]
INFO: [ app_begin ] --END-- [ RunTime:0.000306s ]
SQL: SHOW COLUMNS FROM `table_item` [ RunTime:0.0006s ]
SQL: SELECT * FROM `table_item`  [ RunTime:0.0003s ]
INFO: [ view_parse ] --START--
INFO: [ template_filter ] --START--
INFO: Run Behavior\ContentReplaceBehavior [ RunTime:0.000088s ]
INFO: [ template_filter ] --END-- [ RunTime:0.000133s ]
INFO: Run Behavior\ParseTemplateBehavior [ RunTime:0.009354s ]
INFO: [ view_parse ] --END-- [ RunTime:0.009409s ]
INFO: [ view_filter ] --START--
INFO: Run Behavior\WriteHtmlCacheBehavior [ RunTime:0.000130s ]
INFO: [ view_filter ] --END-- [ RunTime:0.000166s ]
INFO: [ app_end ] --START--
INFO: Run Behavior\ShowPageTraceBehavior [ RunTime:0.000412s ]
INFO: [ app_end ] --END-- [ RunTime:0.000452s ]

[ 2015-02-08T09:56:49+08:00 ] 127.0.0.1 /index.php?m=Item&c=Index&a=getTableItem&jsonpcallback=jQuery110209252420681833977_1423360606750&table_item_id=2&_=1423360606751
INFO: [ app_init ] --START--
INFO: Run Behavior\BuildLiteBehavior [ RunTime:0.000017s ]
INFO: [ app_init ] --END-- [ RunTime:0.000332s ]
INFO: [ app_begin ] --START--
INFO: Run Behavior\ReadHtmlCacheBehavior [ RunTime:0.000284s ]
INFO: [ app_begin ] --END-- [ RunTime:0.000332s ]
SQL: SHOW COLUMNS FROM `table_item` [ RunTime:0.0005s ]
SQL: SELECT * FROM `table_item` WHERE ( id=2 ) LIMIT 1   [ RunTime:0.0002s ]
INFO: [ app_end ] --START--
INFO: Run Behavior\ShowPageTraceBehavior [ RunTime:0.000365s ]
INFO: [ app_end ] --END-- [ RunTime:0.000397s ]

[ 2015-02-08T10:02:06+08:00 ] 127.0.0.1 /index.php?m=Item&c=Index&a=uploadItem&channelid=35
INFO: [ app_init ] --START--
INFO: Run Behavior\BuildLiteBehavior [ RunTime:0.000014s ]
INFO: [ app_init ] --END-- [ RunTime:0.000283s ]
INFO: [ app_begin ] --START--
INFO: Run Behavior\ReadHtmlCacheBehavior [ RunTime:0.000364s ]
INFO: [ app_begin ] --END-- [ RunTime:0.000406s ]
SQL: SHOW COLUMNS FROM `table_item` [ RunTime:0.0006s ]
SQL: SELECT * FROM `table_item`  [ RunTime:0.0002s ]
INFO: [ view_parse ] --START--
INFO: [ template_filter ] --START--
INFO: Run Behavior\ContentReplaceBehavior [ RunTime:0.000121s ]
INFO: [ template_filter ] --END-- [ RunTime:0.000187s ]
INFO: Run Behavior\ParseTemplateBehavior [ RunTime:0.008990s ]
INFO: [ view_parse ] --END-- [ RunTime:0.009040s ]
INFO: [ view_filter ] --START--
INFO: Run Behavior\WriteHtmlCacheBehavior [ RunTime:0.000156s ]
INFO: [ view_filter ] --END-- [ RunTime:0.000201s ]
INFO: [ app_end ] --START--
INFO: Run Behavior\ShowPageTraceBehavior [ RunTime:0.000717s ]
INFO: [ app_end ] --END-- [ RunTime:0.000774s ]

[ 2015-02-08T10:02:25+08:00 ] 127.0.0.1 /index.php?m=Item&c=Index&a=uploadItem&channelid=35
INFO: [ app_init ] --START--
INFO: Run Behavior\BuildLiteBehavior [ RunTime:0.000016s ]
INFO: [ app_init ] --END-- [ RunTime:0.000321s ]
INFO: [ app_begin ] --START--
INFO: Run Behavior\ReadHtmlCacheBehavior [ RunTime:0.000484s ]
INFO: [ app_begin ] --END-- [ RunTime:0.000538s ]
SQL: SHOW COLUMNS FROM `table_item` [ RunTime:0.0006s ]
SQL: SELECT * FROM `table_item`  [ RunTime:0.0002s ]
INFO: [ view_parse ] --START--
INFO: [ template_filter ] --START--
INFO: Run Behavior\ContentReplaceBehavior [ RunTime:0.000071s ]
INFO: [ template_filter ] --END-- [ RunTime:0.000111s ]
INFO: Run Behavior\ParseTemplateBehavior [ RunTime:0.006610s ]
INFO: [ view_parse ] --END-- [ RunTime:0.006643s ]
INFO: [ view_filter ] --START--
INFO: Run Behavior\WriteHtmlCacheBehavior [ RunTime:0.000094s ]
INFO: [ view_filter ] --END-- [ RunTime:0.000119s ]
INFO: [ app_end ] --START--
INFO: Run Behavior\ShowPageTraceBehavior [ RunTime:0.000323s ]
INFO: [ app_end ] --END-- [ RunTime:0.000354s ]

[ 2015-02-08T10:02:51+08:00 ] 127.0.0.1 /index.php?m=Item&c=Index&a=uploadItem&channelid=35
INFO: [ app_init ] --START--
INFO: Run Behavior\BuildLiteBehavior [ RunTime:0.000010s ]
INFO: [ app_init ] --END-- [ RunTime:0.000222s ]
INFO: [ app_begin ] --START--
INFO: Run Behavior\ReadHtmlCacheBehavior [ RunTime:0.000281s ]
INFO: [ app_begin ] --END-- [ RunTime:0.000315s ]
SQL: SHOW COLUMNS FROM `table_item` [ RunTime:0.0005s ]
SQL: SELECT * FROM `table_item`  [ RunTime:0.0002s ]
INFO: [ view_parse ] --START--
INFO: [ template_filter ] --START--
INFO: Run Behavior\ContentReplaceBehavior [ RunTime:0.000070s ]
INFO: [ template_filter ] --END-- [ RunTime:0.000111s ]
INFO: Run Behavior\ParseTemplateBehavior [ RunTime:0.007272s ]
INFO: [ view_parse ] --END-- [ RunTime:0.007307s ]
INFO: [ view_filter ] --START--
INFO: Run Behavior\WriteHtmlCacheBehavior [ RunTime:0.000105s ]
INFO: [ view_filter ] --END-- [ RunTime:0.000132s ]
INFO: [ app_end ] --START--
INFO: Run Behavior\ShowPageTraceBehavior [ RunTime:0.000322s ]
INFO: [ app_end ] --END-- [ RunTime:0.000352s ]

[ 2015-02-08T10:02:53+08:00 ] 127.0.0.1 /index.php?m=Item&c=Index&a=delTable&jsonpcallback=jQuery11020938434805451976_1423360972141&table_item_id=2&_=1423360972142
INFO: [ app_init ] --START--
INFO: Run Behavior\BuildLiteBehavior [ RunTime:0.000015s ]
INFO: [ app_init ] --END-- [ RunTime:0.000329s ]
INFO: [ app_begin ] --START--
INFO: Run Behavior\ReadHtmlCacheBehavior [ RunTime:0.000428s ]
INFO: [ app_begin ] --END-- [ RunTime:0.000479s ]
SQL: SHOW COLUMNS FROM `table_item` [ RunTime:0.0005s ]
ERR: SQLSTATE[42000]: Syntax error or access violation: 1064 You have an error in your SQL syntax; check the manual that corresponds to your MySQL server version for the right syntax to use near ')' at line 1

[ 2015-02-08T10:02:59+08:00 ] 127.0.0.1 /index.php?m=Item&c=Index&a=delTable&jsonpcallback=jQuery11020938434805451976_1423360972141&table_item_id=2&_=1423360972142
INFO: [ app_init ] --START--
INFO: Run Behavior\BuildLiteBehavior [ RunTime:0.000012s ]
INFO: [ app_init ] --END-- [ RunTime:0.000283s ]
INFO: [ app_begin ] --START--
INFO: Run Behavior\ReadHtmlCacheBehavior [ RunTime:0.000575s ]
INFO: [ app_begin ] --END-- [ RunTime:0.000613s ]
SQL: SHOW COLUMNS FROM `table_item` [ RunTime:0.0006s ]
ERR: SQLSTATE[42000]: Syntax error or access violation: 1064 You have an error in your SQL syntax; check the manual that corresponds to your MySQL server version for the right syntax to use near ')' at line 1

[ 2015-02-08T10:03:26+08:00 ] 127.0.0.1 /index.php?m=Item&c=Index&a=delTable&jsonpcallback=jQuery11020938434805451976_1423360972141&table_item_id=2&_=1423360972142
INFO: [ app_init ] --START--
INFO: Run Behavior\BuildLiteBehavior [ RunTime:0.000012s ]
INFO: [ app_init ] --END-- [ RunTime:0.000245s ]
INFO: [ app_begin ] --START--
INFO: Run Behavior\ReadHtmlCacheBehavior [ RunTime:0.000304s ]
INFO: [ app_begin ] --END-- [ RunTime:0.000339s ]
SQL: SHOW COLUMNS FROM `table_item` [ RunTime:0.0006s ]
SQL: DELETE FROM `table_item` WHERE ( id='' ) [ RunTime:0.0002s ]
INFO: [ app_end ] --START--
INFO: Run Behavior\ShowPageTraceBehavior [ RunTime:0.000453s ]
INFO: [ app_end ] --END-- [ RunTime:0.000496s ]

[ 2015-02-08T10:03:32+08:00 ] 127.0.0.1 /index.php?m=Item&c=Index&a=delTable&jsonpcallback=jQuery11020938434805451976_1423360972141&table_item_id=2&_=1423360972142
INFO: [ app_init ] --START--
INFO: Run Behavior\BuildLiteBehavior [ RunTime:0.000010s ]
INFO: [ app_init ] --END-- [ RunTime:0.000228s ]
INFO: [ app_begin ] --START--
INFO: Run Behavior\ReadHtmlCacheBehavior [ RunTime:0.000293s ]
INFO: [ app_begin ] --END-- [ RunTime:0.000325s ]
SQL: SHOW COLUMNS FROM `table_item` [ RunTime:0.0006s ]
SQL: DELETE FROM `table_item` WHERE ( id='' ) [ RunTime:0.0002s ]
INFO: [ app_end ] --START--
INFO: Run Behavior\ShowPageTraceBehavior [ RunTime:0.000366s ]
INFO: [ app_end ] --END-- [ RunTime:0.000399s ]

[ 2015-02-08T10:03:40+08:00 ] 127.0.0.1 /index.php?m=Item&c=Index&a=delTable&jsonpcallback=jQuery11020938434805451976_1423360972141&table_item_id=2&_=1423360972142
INFO: [ app_init ] --START--
INFO: Run Behavior\BuildLiteBehavior [ RunTime:0.000010s ]
INFO: [ app_init ] --END-- [ RunTime:0.001336s ]
INFO: [ app_begin ] --START--
INFO: Run Behavior\ReadHtmlCacheBehavior [ RunTime:0.000279s ]
INFO: [ app_begin ] --END-- [ RunTime:0.000310s ]
SQL: SHOW COLUMNS FROM `table_item` [ RunTime:0.0006s ]
SQL: DELETE FROM `table_item` WHERE ( id='2' ) [ RunTime:0.0398s ]
INFO: [ app_end ] --START--
INFO: Run Behavior\ShowPageTraceBehavior [ RunTime:0.000408s ]
INFO: [ app_end ] --END-- [ RunTime:0.000446s ]

[ 2015-02-08T10:03:43+08:00 ] 127.0.0.1 /index.php?m=Item&c=Index&a=uploadItem&channelid=35
INFO: [ app_init ] --START--
INFO: Run Behavior\BuildLiteBehavior [ RunTime:0.000012s ]
INFO: [ app_init ] --END-- [ RunTime:0.000237s ]
INFO: [ app_begin ] --START--
INFO: Run Behavior\ReadHtmlCacheBehavior [ RunTime:0.000289s ]
INFO: [ app_begin ] --END-- [ RunTime:0.000322s ]
SQL: SHOW COLUMNS FROM `table_item` [ RunTime:0.0005s ]
SQL: SELECT * FROM `table_item`  [ RunTime:0.0002s ]
INFO: [ view_parse ] --START--
INFO: [ template_filter ] --START--
INFO: Run Behavior\ContentReplaceBehavior [ RunTime:0.000069s ]
INFO: [ template_filter ] --END-- [ RunTime:0.000107s ]
INFO: Run Behavior\ParseTemplateBehavior [ RunTime:0.006572s ]
INFO: [ view_parse ] --END-- [ RunTime:0.006606s ]
INFO: [ view_filter ] --START--
INFO: Run Behavior\WriteHtmlCacheBehavior [ RunTime:0.000089s ]
INFO: [ view_filter ] --END-- [ RunTime:0.000114s ]
INFO: [ app_end ] --START--
INFO: Run Behavior\ShowPageTraceBehavior [ RunTime:0.000310s ]
INFO: [ app_end ] --END-- [ RunTime:0.000341s ]

[ 2015-02-08T10:03:45+08:00 ] 127.0.0.1 /index.php?m=Item&c=Index&a=delTable&jsonpcallback=jQuery1102007799046205660831_1423361023731&table_item_id=1&_=1423361023732
INFO: [ app_init ] --START--
INFO: Run Behavior\BuildLiteBehavior [ RunTime:0.000013s ]
INFO: [ app_init ] --END-- [ RunTime:0.000268s ]
INFO: [ app_begin ] --START--
INFO: Run Behavior\ReadHtmlCacheBehavior [ RunTime:0.000340s ]
INFO: [ app_begin ] --END-- [ RunTime:0.000380s ]
SQL: SHOW COLUMNS FROM `table_item` [ RunTime:0.0005s ]
SQL: DELETE FROM `table_item` WHERE ( id='1' ) [ RunTime:0.0928s ]
INFO: [ app_end ] --START--
INFO: Run Behavior\ShowPageTraceBehavior [ RunTime:0.000665s ]
INFO: [ app_end ] --END-- [ RunTime:0.000721s ]

[ 2015-02-08T10:03:51+08:00 ] 127.0.0.1 /index.php?m=Item&c=Index&a=addTable
INFO: [ app_init ] --START--
INFO: Run Behavior\BuildLiteBehavior [ RunTime:0.000011s ]
INFO: [ app_init ] --END-- [ RunTime:0.000235s ]
INFO: [ app_begin ] --START--
INFO: Run Behavior\ReadHtmlCacheBehavior [ RunTime:0.000386s ]
INFO: [ app_begin ] --END-- [ RunTime:0.000422s ]
INFO: [ view_parse ] --START--
INFO: [ template_filter ] --START--
INFO: Run Behavior\ContentReplaceBehavior [ RunTime:0.000060s ]
INFO: [ template_filter ] --END-- [ RunTime:0.000110s ]
INFO: Run Behavior\ParseTemplateBehavior [ RunTime:0.018061s ]
INFO: [ view_parse ] --END-- [ RunTime:0.018097s ]
INFO: [ view_filter ] --START--
INFO: Run Behavior\WriteHtmlCacheBehavior [ RunTime:0.000117s ]
INFO: [ view_filter ] --END-- [ RunTime:0.000144s ]
INFO: [ app_end ] --START--
INFO: Run Behavior\ShowPageTraceBehavior [ RunTime:0.000343s ]
INFO: [ app_end ] --END-- [ RunTime:0.000371s ]

[ 2015-02-08T10:04:53+08:00 ] 127.0.0.1 /index.php?m=Item&c=Index&a=addTable
INFO: [ app_init ] --START--
INFO: Run Behavior\BuildLiteBehavior [ RunTime:0.000009s ]
INFO: [ app_init ] --END-- [ RunTime:0.000219s ]
INFO: [ app_begin ] --START--
INFO: Run Behavior\ReadHtmlCacheBehavior [ RunTime:0.000274s ]
INFO: [ app_begin ] --END-- [ RunTime:0.000308s ]
INFO: [ view_parse ] --START--
INFO: [ template_filter ] --START--
INFO: Run Behavior\ContentReplaceBehavior [ RunTime:0.000057s ]
INFO: [ template_filter ] --END-- [ RunTime:0.000106s ]
INFO: Run Behavior\ParseTemplateBehavior [ RunTime:0.004510s ]
INFO: [ view_parse ] --END-- [ RunTime:0.004542s ]
INFO: [ view_filter ] --START--
INFO: Run Behavior\WriteHtmlCacheBehavior [ RunTime:0.000117s ]
INFO: [ view_filter ] --END-- [ RunTime:0.000143s ]
INFO: [ app_end ] --START--
INFO: Run Behavior\ShowPageTraceBehavior [ RunTime:0.000350s ]
INFO: [ app_end ] --END-- [ RunTime:0.000381s ]

[ 2015-02-08T10:04:54+08:00 ] 127.0.0.1 /index.php?m=Item&c=Index&a=addTable
INFO: [ app_init ] --START--
INFO: Run Behavior\BuildLiteBehavior [ RunTime:0.000013s ]
INFO: [ app_init ] --END-- [ RunTime:0.000921s ]
INFO: [ app_begin ] --START--
INFO: Run Behavior\ReadHtmlCacheBehavior [ RunTime:0.000289s ]
INFO: [ app_begin ] --END-- [ RunTime:0.000325s ]
INFO: [ view_parse ] --START--
INFO: [ template_filter ] --START--
INFO: Run Behavior\ContentReplaceBehavior [ RunTime:0.000054s ]
INFO: [ template_filter ] --END-- [ RunTime:0.000091s ]
INFO: Run Behavior\ParseTemplateBehavior [ RunTime:0.004376s ]
INFO: [ view_parse ] --END-- [ RunTime:0.004411s ]
INFO: [ view_filter ] --START--
INFO: Run Behavior\WriteHtmlCacheBehavior [ RunTime:0.000097s ]
INFO: [ view_filter ] --END-- [ RunTime:0.000122s ]
INFO: [ app_end ] --START--
INFO: Run Behavior\ShowPageTraceBehavior [ RunTime:0.000305s ]
INFO: [ app_end ] --END-- [ RunTime:0.000332s ]

[ 2015-02-08T10:05:24+08:00 ] 127.0.0.1 /index.php?m=Item&c=Index&a=addTable
INFO: [ app_init ] --START--
INFO: Run Behavior\BuildLiteBehavior [ RunTime:0.000010s ]
INFO: [ app_init ] --END-- [ RunTime:0.000209s ]
INFO: [ app_begin ] --START--
INFO: Run Behavior\ReadHtmlCacheBehavior [ RunTime:0.000265s ]
INFO: [ app_begin ] --END-- [ RunTime:0.000296s ]
SQL: SHOW COLUMNS FROM `table_item` [ RunTime:0.0006s ]
SQL: INSERT INTO `table_item` (`title`,`content`) VALUES ('酒','array (
  0 => \'酒精度\',
  1 => \'产地\',
  2 => \'保质期\',
)') [ RunTime:0.0443s ]
INFO: [ view_parse ] --START--
INFO: [ template_filter ] --START--
INFO: Run Behavior\ContentReplaceBehavior [ RunTime:0.000035s ]
INFO: [ template_filter ] --END-- [ RunTime:0.000074s ]
INFO: Run Behavior\ParseTemplateBehavior [ RunTime:0.003851s ]
INFO: [ view_parse ] --END-- [ RunTime:0.003885s ]
INFO: [ view_filter ] --START--
INFO: Run Behavior\WriteHtmlCacheBehavior [ RunTime:0.000092s ]
INFO: [ view_filter ] --END-- [ RunTime:0.000116s ]
INFO: [ app_end ] --START--
INFO: Run Behavior\ShowPageTraceBehavior [ RunTime:0.000310s ]
INFO: [ app_end ] --END-- [ RunTime:0.000336s ]

[ 2015-02-08T10:05:25+08:00 ] 127.0.0.1 /index.php?m=Item&c=Index&a=addTable
INFO: [ app_init ] --START--
INFO: Run Behavior\BuildLiteBehavior [ RunTime:0.000017s ]
INFO: [ app_init ] --END-- [ RunTime:0.000372s ]
INFO: [ app_begin ] --START--
INFO: Run Behavior\ReadHtmlCacheBehavior [ RunTime:0.000494s ]
INFO: [ app_begin ] --END-- [ RunTime:0.000551s ]
INFO: [ view_parse ] --START--
INFO: [ template_filter ] --START--
INFO: Run Behavior\ContentReplaceBehavior [ RunTime:0.000048s ]
INFO: [ template_filter ] --END-- [ RunTime:0.000083s ]
INFO: Run Behavior\ParseTemplateBehavior [ RunTime:0.005672s ]
INFO: [ view_parse ] --END-- [ RunTime:0.005711s ]
INFO: [ view_filter ] --START--
INFO: Run Behavior\WriteHtmlCacheBehavior [ RunTime:0.000079s ]
INFO: [ view_filter ] --END-- [ RunTime:0.000104s ]
INFO: [ app_end ] --START--
INFO: Run Behavior\ShowPageTraceBehavior [ RunTime:0.000300s ]
INFO: [ app_end ] --END-- [ RunTime:0.000329s ]

[ 2015-02-08T10:05:28+08:00 ] 127.0.0.1 /index.php?m=Item&c=Index&a=uploadItem&channelid=35
INFO: [ app_init ] --START--
INFO: Run Behavior\BuildLiteBehavior [ RunTime:0.000010s ]
INFO: [ app_init ] --END-- [ RunTime:0.000221s ]
INFO: [ app_begin ] --START--
INFO: Run Behavior\ReadHtmlCacheBehavior [ RunTime:0.000283s ]
INFO: [ app_begin ] --END-- [ RunTime:0.000315s ]
SQL: SHOW COLUMNS FROM `table_item` [ RunTime:0.0006s ]
SQL: SELECT * FROM `table_item`  [ RunTime:0.0002s ]
INFO: [ view_parse ] --START--
INFO: [ template_filter ] --START--
INFO: Run Behavior\ContentReplaceBehavior [ RunTime:0.000123s ]
INFO: [ template_filter ] --END-- [ RunTime:0.000190s ]
INFO: Run Behavior\ParseTemplateBehavior [ RunTime:0.009583s ]
INFO: [ view_parse ] --END-- [ RunTime:0.009648s ]
INFO: [ view_filter ] --START--
INFO: Run Behavior\WriteHtmlCacheBehavior [ RunTime:0.000158s ]
INFO: [ view_filter ] --END-- [ RunTime:0.000205s ]
INFO: [ app_end ] --START--
INFO: Run Behavior\ShowPageTraceBehavior [ RunTime:0.000451s ]
INFO: [ app_end ] --END-- [ RunTime:0.000507s ]

[ 2015-02-08T10:21:25+08:00 ] 127.0.0.1 /index.php?m=Item&c=Index&a=item_list&channelid=35
INFO: [ app_init ] --START--
INFO: Run Behavior\BuildLiteBehavior [ RunTime:0.000011s ]
INFO: [ app_init ] --END-- [ RunTime:0.000213s ]
INFO: [ app_begin ] --START--
INFO: Run Behavior\ReadHtmlCacheBehavior [ RunTime:0.000278s ]
INFO: [ app_begin ] --END-- [ RunTime:0.000311s ]
SQL: SHOW COLUMNS FROM `item` [ RunTime:0.0006s ]
SQL: SELECT * FROM `item` WHERE ( channelid=35 )  [ RunTime:0.0003s ]
INFO: [ view_parse ] --START--
INFO: [ template_filter ] --START--
INFO: Run Behavior\ContentReplaceBehavior [ RunTime:0.000078s ]
INFO: [ template_filter ] --END-- [ RunTime:0.000122s ]
INFO: Run Behavior\ParseTemplateBehavior [ RunTime:0.008656s ]
INFO: [ view_parse ] --END-- [ RunTime:0.008705s ]
INFO: [ view_filter ] --START--
INFO: Run Behavior\WriteHtmlCacheBehavior [ RunTime:0.000101s ]
INFO: [ view_filter ] --END-- [ RunTime:0.000130s ]
INFO: [ app_end ] --START--
INFO: Run Behavior\ShowPageTraceBehavior [ RunTime:0.000387s ]
INFO: [ app_end ] --END-- [ RunTime:0.000423s ]

[ 2015-02-08T10:22:03+08:00 ] 127.0.0.1 /index.php?m=Item&c=Index&a=item_list&channelid=35
INFO: [ app_init ] --START--
INFO: Run Behavior\BuildLiteBehavior [ RunTime:0.000010s ]
INFO: [ app_init ] --END-- [ RunTime:0.000211s ]
INFO: [ app_begin ] --START--
INFO: Run Behavior\ReadHtmlCacheBehavior [ RunTime:0.000278s ]
INFO: [ app_begin ] --END-- [ RunTime:0.000310s ]
SQL: SHOW COLUMNS FROM `item` [ RunTime:0.0007s ]
SQL: SELECT * FROM `item` WHERE ( channelid=35 )  [ RunTime:0.0003s ]
INFO: [ view_parse ] --START--
INFO: [ template_filter ] --START--
INFO: Run Behavior\ContentReplaceBehavior [ RunTime:0.000090s ]
INFO: [ template_filter ] --END-- [ RunTime:0.000136s ]
INFO: Run Behavior\ParseTemplateBehavior [ RunTime:0.009021s ]
INFO: [ view_parse ] --END-- [ RunTime:0.009073s ]
INFO: [ view_filter ] --START--
INFO: Run Behavior\WriteHtmlCacheBehavior [ RunTime:0.000124s ]
INFO: [ view_filter ] --END-- [ RunTime:0.000165s ]
INFO: [ app_end ] --START--
INFO: Run Behavior\ShowPageTraceBehavior [ RunTime:0.000415s ]
INFO: [ app_end ] --END-- [ RunTime:0.000465s ]

[ 2015-02-08T10:22:38+08:00 ] 127.0.0.1 /index.php?m=Item&c=Index&a=del&id=6
INFO: [ app_init ] --START--
INFO: Run Behavior\BuildLiteBehavior [ RunTime:0.000014s ]
INFO: [ app_init ] --END-- [ RunTime:0.000305s ]
INFO: [ app_begin ] --START--
INFO: Run Behavior\ReadHtmlCacheBehavior [ RunTime:0.000404s ]
INFO: [ app_begin ] --END-- [ RunTime:0.000449s ]
SQL: SHOW COLUMNS FROM `item` [ RunTime:0.0007s ]
SQL: SELECT * FROM `item` WHERE ( id=6 ) LIMIT 1   [ RunTime:0.0002s ]
SQL: UPDATE `item` SET `status`='3' WHERE ( id=6 ) [ RunTime:0.0358s ]
INFO: [ view_parse ] --START--
INFO: [ template_filter ] --START--
INFO: Run Behavior\ContentReplaceBehavior [ RunTime:0.000031s ]
INFO: [ template_filter ] --END-- [ RunTime:0.000062s ]
INFO: Run Behavior\ParseTemplateBehavior [ RunTime:0.003701s ]
INFO: [ view_parse ] --END-- [ RunTime:0.003731s ]
INFO: [ view_filter ] --START--
INFO: Run Behavior\WriteHtmlCacheBehavior [ RunTime:0.000084s ]
INFO: [ view_filter ] --END-- [ RunTime:0.000109s ]
INFO: [ app_end ] --START--
INFO: Run Behavior\ShowPageTraceBehavior [ RunTime:0.000298s ]
INFO: [ app_end ] --END-- [ RunTime:0.000324s ]

[ 2015-02-08T10:22:39+08:00 ] 127.0.0.1 /index.php?m=Item&c=Index&a=item_list&channelid=35
INFO: [ app_init ] --START--
INFO: Run Behavior\BuildLiteBehavior [ RunTime:0.000012s ]
INFO: [ app_init ] --END-- [ RunTime:0.000253s ]
INFO: [ app_begin ] --START--
INFO: Run Behavior\ReadHtmlCacheBehavior [ RunTime:0.000482s ]
INFO: [ app_begin ] --END-- [ RunTime:0.000537s ]
SQL: SHOW COLUMNS FROM `item` [ RunTime:0.0007s ]
SQL: SELECT * FROM `item` WHERE ( channelid=35 )  [ RunTime:0.0003s ]
INFO: [ view_parse ] --START--
INFO: [ template_filter ] --START--
INFO: Run Behavior\ContentReplaceBehavior [ RunTime:0.000068s ]
INFO: [ template_filter ] --END-- [ RunTime:0.000102s ]
INFO: Run Behavior\ParseTemplateBehavior [ RunTime:0.009513s ]
INFO: [ view_parse ] --END-- [ RunTime:0.009558s ]
INFO: [ view_filter ] --START--
INFO: Run Behavior\WriteHtmlCacheBehavior [ RunTime:0.000114s ]
INFO: [ view_filter ] --END-- [ RunTime:0.000140s ]
INFO: [ app_end ] --START--
INFO: Run Behavior\ShowPageTraceBehavior [ RunTime:0.000317s ]
INFO: [ app_end ] --END-- [ RunTime:0.000348s ]

[ 2015-02-08T10:23:29+08:00 ] 127.0.0.1 /index.php?m=Item&c=Index&a=item_list&channelid=35
INFO: [ app_init ] --START--
INFO: Run Behavior\BuildLiteBehavior [ RunTime:0.000016s ]
INFO: [ app_init ] --END-- [ RunTime:0.000363s ]
INFO: [ app_begin ] --START--
INFO: Run Behavior\ReadHtmlCacheBehavior [ RunTime:0.000465s ]
INFO: [ app_begin ] --END-- [ RunTime:0.000506s ]
SQL: SHOW COLUMNS FROM `item` [ RunTime:0.0006s ]
SQL: SELECT * FROM `item` WHERE ( channelid=35 )  [ RunTime:0.0002s ]
INFO: [ view_parse ] --START--
INFO: [ template_filter ] --START--
INFO: Run Behavior\ContentReplaceBehavior [ RunTime:0.000070s ]
INFO: [ template_filter ] --END-- [ RunTime:0.000110s ]
INFO: Run Behavior\ParseTemplateBehavior [ RunTime:0.006454s ]
INFO: [ view_parse ] --END-- [ RunTime:0.006499s ]
INFO: [ view_filter ] --START--
INFO: Run Behavior\WriteHtmlCacheBehavior [ RunTime:0.000196s ]
INFO: [ view_filter ] --END-- [ RunTime:0.000232s ]
INFO: [ app_end ] --START--
INFO: Run Behavior\ShowPageTraceBehavior [ RunTime:0.000338s ]
INFO: [ app_end ] --END-- [ RunTime:0.000371s ]

[ 2015-02-08T10:23:39+08:00 ] 127.0.0.1 /index.php?m=Item&c=Index&a=item_list&channelid=35
INFO: [ app_init ] --START--
INFO: Run Behavior\BuildLiteBehavior [ RunTime:0.000016s ]
INFO: [ app_init ] --END-- [ RunTime:0.000271s ]
INFO: [ app_begin ] --START--
INFO: Run Behavior\ReadHtmlCacheBehavior [ RunTime:0.000470s ]
INFO: [ app_begin ] --END-- [ RunTime:0.000524s ]
SQL: SHOW COLUMNS FROM `item` [ RunTime:0.0007s ]
SQL: SELECT * FROM `item` WHERE ( channelid=35 )  [ RunTime:0.0004s ]
INFO: [ view_parse ] --START--
INFO: [ template_filter ] --START--
INFO: Run Behavior\ContentReplaceBehavior [ RunTime:0.000072s ]
INFO: [ template_filter ] --END-- [ RunTime:0.000108s ]
INFO: Run Behavior\ParseTemplateBehavior [ RunTime:0.006294s ]
INFO: [ view_parse ] --END-- [ RunTime:0.006334s ]
INFO: [ view_filter ] --START--
INFO: Run Behavior\WriteHtmlCacheBehavior [ RunTime:0.000091s ]
INFO: [ view_filter ] --END-- [ RunTime:0.000118s ]
INFO: [ app_end ] --START--
INFO: Run Behavior\ShowPageTraceBehavior [ RunTime:0.000336s ]
INFO: [ app_end ] --END-- [ RunTime:0.000370s ]

[ 2015-02-08T10:24:01+08:00 ] 127.0.0.1 /index.php?m=Item&c=Index&a=item_list&channelid=35
INFO: [ app_init ] --START--
INFO: Run Behavior\BuildLiteBehavior [ RunTime:0.000008s ]
INFO: [ app_init ] --END-- [ RunTime:0.000204s ]
INFO: [ app_begin ] --START--
INFO: Run Behavior\ReadHtmlCacheBehavior [ RunTime:0.000264s ]
INFO: [ app_begin ] --END-- [ RunTime:0.000295s ]
SQL: SHOW COLUMNS FROM `item` [ RunTime:0.0006s ]
SQL: SELECT * FROM `item` WHERE ( channelid=35 )  [ RunTime:0.0003s ]
INFO: [ view_parse ] --START--
INFO: [ template_filter ] --START--
INFO: Run Behavior\ContentReplaceBehavior [ RunTime:0.000068s ]
INFO: [ template_filter ] --END-- [ RunTime:0.000105s ]
INFO: Run Behavior\ParseTemplateBehavior [ RunTime:0.006337s ]
INFO: [ view_parse ] --END-- [ RunTime:0.006373s ]
INFO: [ view_filter ] --START--
INFO: Run Behavior\WriteHtmlCacheBehavior [ RunTime:0.000086s ]
INFO: [ view_filter ] --END-- [ RunTime:0.000111s ]
INFO: [ app_end ] --START--
INFO: Run Behavior\ShowPageTraceBehavior [ RunTime:0.000318s ]
INFO: [ app_end ] --END-- [ RunTime:0.000349s ]

[ 2015-02-08T10:46:10+08:00 ] 127.0.0.1 /index.php?m=Item&c=Index&a=getItem&channelid=35&jsonpcallback=jQuery110205374626910936793_1423363369516&_=1423363369517
INFO: [ app_init ] --START--
INFO: Run Behavior\BuildLiteBehavior [ RunTime:0.000011s ]
INFO: [ app_init ] --END-- [ RunTime:0.000229s ]
INFO: [ app_begin ] --START--
INFO: Run Behavior\ReadHtmlCacheBehavior [ RunTime:0.000289s ]
INFO: [ app_begin ] --END-- [ RunTime:0.000319s ]
SQL: SHOW COLUMNS FROM `item` [ RunTime:0.0007s ]
SQL: SELECT `id`,`title`,`image_url` FROM `item` WHERE ( channelid=35 )  [ RunTime:0.0003s ]
INFO: [ app_end ] --START--
INFO: Run Behavior\ShowPageTraceBehavior [ RunTime:0.000583s ]
INFO: [ app_end ] --END-- [ RunTime:0.000635s ]

[ 2015-02-08T10:47:26+08:00 ] 127.0.0.1 /index.php?m=Item&c=Index&a=getItem&channelid=35&jsonpcallback=jQuery1102041521468766427727_1423363644017&_=1423363644018
INFO: [ app_init ] --START--
INFO: Run Behavior\BuildLiteBehavior [ RunTime:0.000010s ]
INFO: [ app_init ] --END-- [ RunTime:0.000282s ]
INFO: [ app_begin ] --START--
INFO: Run Behavior\ReadHtmlCacheBehavior [ RunTime:0.000288s ]
INFO: [ app_begin ] --END-- [ RunTime:0.000319s ]
SQL: SHOW COLUMNS FROM `item` [ RunTime:0.0007s ]
SQL: SELECT `id`,`title`,`image_url` FROM `item` WHERE ( channelid=35 )  [ RunTime:0.0003s ]
INFO: [ app_end ] --START--
INFO: Run Behavior\ShowPageTraceBehavior [ RunTime:0.000530s ]
INFO: [ app_end ] --END-- [ RunTime:0.000592s ]

[ 2015-02-08T10:49:33+08:00 ] 127.0.0.1 /index.php?m=Item&c=Index&a=getItem&channelid=35&jsonpcallback=jQuery110209555149191961448_1423363702620&_=1423363702621
INFO: [ app_init ] --START--
INFO: Run Behavior\BuildLiteBehavior [ RunTime:0.000011s ]
INFO: [ app_init ] --END-- [ RunTime:0.000254s ]
INFO: [ app_begin ] --START--
INFO: Run Behavior\ReadHtmlCacheBehavior [ RunTime:0.000332s ]
INFO: [ app_begin ] --END-- [ RunTime:0.000367s ]
SQL: SHOW COLUMNS FROM `item` [ RunTime:0.0006s ]
SQL: SELECT `id`,`title`,`image_url` FROM `item` WHERE ( channelid=35 )  [ RunTime:0.0003s ]
INFO: [ app_end ] --START--
INFO: Run Behavior\ShowPageTraceBehavior [ RunTime:0.000552s ]
INFO: [ app_end ] --END-- [ RunTime:0.000599s ]

[ 2015-02-08T10:52:48+08:00 ] 127.0.0.1 /index.php?m=Item&c=Index&a=getItem&channelid=35&jsonpcallback=jQuery110208727642855878917_1423363861593&_=1423363861594
INFO: [ app_init ] --START--
INFO: Run Behavior\BuildLiteBehavior [ RunTime:0.000016s ]
INFO: [ app_init ] --END-- [ RunTime:0.000370s ]
INFO: [ app_begin ] --START--
INFO: Run Behavior\ReadHtmlCacheBehavior [ RunTime:0.000545s ]
INFO: [ app_begin ] --END-- [ RunTime:0.000609s ]
SQL: SHOW COLUMNS FROM `item` [ RunTime:0.0006s ]
SQL: SELECT `id`,`title`,`image_url` FROM `item` WHERE ( channelid=35 )  [ RunTime:0.0002s ]
INFO: [ app_end ] --START--
INFO: Run Behavior\ShowPageTraceBehavior [ RunTime:0.000616s ]
INFO: [ app_end ] --END-- [ RunTime:0.000668s ]

[ 2015-02-08T11:05:11+08:00 ] 127.0.0.1 /index.php?m=Item&c=Index&a=item_list&channelid=35
INFO: [ app_init ] --START--
INFO: Run Behavior\BuildLiteBehavior [ RunTime:0.000010s ]
INFO: [ app_init ] --END-- [ RunTime:0.000216s ]
INFO: [ app_begin ] --START--
INFO: Run Behavior\ReadHtmlCacheBehavior [ RunTime:0.000273s ]
INFO: [ app_begin ] --END-- [ RunTime:0.000302s ]
SQL: SHOW COLUMNS FROM `item` [ RunTime:0.0007s ]
SQL: SELECT * FROM `item` WHERE ( channelid=35 )  [ RunTime:0.0003s ]
INFO: [ view_parse ] --START--
INFO: [ template_filter ] --START--
INFO: Run Behavior\ContentReplaceBehavior [ RunTime:0.000090s ]
INFO: [ template_filter ] --END-- [ RunTime:0.000142s ]
INFO: Run Behavior\ParseTemplateBehavior [ RunTime:0.009444s ]
INFO: [ view_parse ] --END-- [ RunTime:0.009502s ]
INFO: [ view_filter ] --START--
INFO: Run Behavior\WriteHtmlCacheBehavior [ RunTime:0.000131s ]
INFO: [ view_filter ] --END-- [ RunTime:0.000165s ]
INFO: [ app_end ] --START--
INFO: Run Behavior\ShowPageTraceBehavior [ RunTime:0.000475s ]
INFO: [ app_end ] --END-- [ RunTime:0.000514s ]

[ 2015-02-08T11:05:13+08:00 ] 127.0.0.1 /index.php?m=Item&c=Index&a=uploadItem&channelid=35
INFO: [ app_init ] --START--
INFO: Run Behavior\BuildLiteBehavior [ RunTime:0.000012s ]
INFO: [ app_init ] --END-- [ RunTime:0.000237s ]
INFO: [ app_begin ] --START--
INFO: Run Behavior\ReadHtmlCacheBehavior [ RunTime:0.000280s ]
INFO: [ app_begin ] --END-- [ RunTime:0.000311s ]
SQL: SHOW COLUMNS FROM `table_item` [ RunTime:0.0005s ]
SQL: SELECT * FROM `table_item`  [ RunTime:0.0001s ]
INFO: [ view_parse ] --START--
INFO: [ template_filter ] --START--
INFO: Run Behavior\ContentReplaceBehavior [ RunTime:0.000073s ]
INFO: [ template_filter ] --END-- [ RunTime:0.000117s ]
INFO: Run Behavior\ParseTemplateBehavior [ RunTime:0.006674s ]
INFO: [ view_parse ] --END-- [ RunTime:0.006708s ]
INFO: [ view_filter ] --START--
INFO: Run Behavior\WriteHtmlCacheBehavior [ RunTime:0.000098s ]
INFO: [ view_filter ] --END-- [ RunTime:0.000123s ]
INFO: [ app_end ] --START--
INFO: Run Behavior\ShowPageTraceBehavior [ RunTime:0.000331s ]
INFO: [ app_end ] --END-- [ RunTime:0.000362s ]

[ 2015-02-08T11:05:34+08:00 ] 127.0.0.1 /index.php?m=Item&c=Index&a=uploadItem&channelid=35
INFO: [ app_init ] --START--
INFO: Run Behavior\BuildLiteBehavior [ RunTime:0.000011s ]
INFO: [ app_init ] --END-- [ RunTime:0.000248s ]
INFO: [ app_begin ] --START--
INFO: Run Behavior\ReadHtmlCacheBehavior [ RunTime:0.000292s ]
INFO: [ app_begin ] --END-- [ RunTime:0.000330s ]
NOTIC: [8192] Function split() is deprecated /home/mtf/Application/dq/Application/Item/Controller/IndexController.class.php 第 126 行.
NOTIC: [8192] Function split() is deprecated /home/mtf/Application/dq/Application/Item/Controller/IndexController.class.php 第 126 行.
SQL: SHOW COLUMNS FROM `item` [ RunTime:0.0006s ]
SQL: INSERT INTO `item` (`title`,`creat_at`,`price`,`image_url`,`weibo_url`,`content`,`total`,`channelid`,`sold_total`,`status`,`table_id`,`table_content`) VALUES ('测试','1423364733','11','http://dq/Public/Upload/20150208/36acdee1d8ef481f2d0793d245a6f390_1423364733_6387_0.jpg,http://dq/Public/Upload/20150208/52094dbb829151fcf1093178eea4f797_1423364733_800_1.jpg','','&lt;p&gt;ffffffffffffffuck&lt;br/&gt;&lt;/p&gt;','33','35','22','1','3','\'\'') [ RunTime:0.0568s ]
INFO: [ view_parse ] --START--
INFO: [ template_filter ] --START--
INFO: Run Behavior\ContentReplaceBehavior [ RunTime:0.000032s ]
INFO: [ template_filter ] --END-- [ RunTime:0.000067s ]
INFO: Run Behavior\ParseTemplateBehavior [ RunTime:0.003900s ]
INFO: [ view_parse ] --END-- [ RunTime:0.003934s ]
INFO: [ view_filter ] --START--
INFO: Run Behavior\WriteHtmlCacheBehavior [ RunTime:0.000091s ]
INFO: [ view_filter ] --END-- [ RunTime:0.000117s ]
INFO: [ app_end ] --START--
INFO: Run Behavior\ShowPageTraceBehavior [ RunTime:0.000317s ]
INFO: [ app_end ] --END-- [ RunTime:0.000349s ]

[ 2015-02-08T11:05:35+08:00 ] 127.0.0.1 /index.php?m=Item&c=Index&a=uploadItem&channelid=35
INFO: [ app_init ] --START--
INFO: Run Behavior\BuildLiteBehavior [ RunTime:0.000012s ]
INFO: [ app_init ] --END-- [ RunTime:0.000226s ]
INFO: [ app_begin ] --START--
INFO: Run Behavior\ReadHtmlCacheBehavior [ RunTime:0.000280s ]
INFO: [ app_begin ] --END-- [ RunTime:0.000408s ]
SQL: SHOW COLUMNS FROM `table_item` [ RunTime:0.0005s ]
SQL: SELECT * FROM `table_item`  [ RunTime:0.0001s ]
INFO: [ view_parse ] --START--
INFO: [ template_filter ] --START--
INFO: Run Behavior\ContentReplaceBehavior [ RunTime:0.000069s ]
INFO: [ template_filter ] --END-- [ RunTime:0.000109s ]
INFO: Run Behavior\ParseTemplateBehavior [ RunTime:0.006509s ]
INFO: [ view_parse ] --END-- [ RunTime:0.006541s ]
INFO: [ view_filter ] --START--
INFO: Run Behavior\WriteHtmlCacheBehavior [ RunTime:0.000093s ]
INFO: [ view_filter ] --END-- [ RunTime:0.000119s ]
INFO: [ app_end ] --START--
INFO: Run Behavior\ShowPageTraceBehavior [ RunTime:0.000337s ]
INFO: [ app_end ] --END-- [ RunTime:0.000367s ]

[ 2015-02-08T11:05:36+08:00 ] 127.0.0.1 /index.php?m=Item&c=Index&a=item_list&channelid=35
INFO: [ app_init ] --START--
INFO: Run Behavior\BuildLiteBehavior [ RunTime:0.000012s ]
INFO: [ app_init ] --END-- [ RunTime:0.000305s ]
INFO: [ app_begin ] --START--
INFO: Run Behavior\ReadHtmlCacheBehavior [ RunTime:0.000284s ]
INFO: [ app_begin ] --END-- [ RunTime:0.000319s ]
SQL: SHOW COLUMNS FROM `item` [ RunTime:0.0006s ]
SQL: SELECT * FROM `item` WHERE ( channelid=35 )  [ RunTime:0.0002s ]
INFO: [ view_parse ] --START--
INFO: [ template_filter ] --START--
INFO: Run Behavior\ContentReplaceBehavior [ RunTime:0.000074s ]
INFO: [ template_filter ] --END-- [ RunTime:0.000118s ]
INFO: Run Behavior\ParseTemplateBehavior [ RunTime:0.006647s ]
INFO: [ view_parse ] --END-- [ RunTime:0.006704s ]
INFO: [ view_filter ] --START--
INFO: Run Behavior\WriteHtmlCacheBehavior [ RunTime:0.000107s ]
INFO: [ view_filter ] --END-- [ RunTime:0.000134s ]
INFO: [ app_end ] --START--
INFO: Run Behavior\ShowPageTraceBehavior [ RunTime:0.000346s ]
INFO: [ app_end ] --END-- [ RunTime:0.000382s ]

[ 2015-02-08T11:05:36+08:00 ] 127.0.0.1 /index.php?m=Item&c=Index&a=item_list&channelid=35
INFO: [ app_init ] --START--
INFO: Run Behavior\BuildLiteBehavior [ RunTime:0.000017s ]
INFO: [ app_init ] --END-- [ RunTime:0.000803s ]
INFO: [ app_begin ] --START--
INFO: Run Behavior\ReadHtmlCacheBehavior [ RunTime:0.000392s ]
INFO: [ app_begin ] --END-- [ RunTime:0.000437s ]
SQL: SHOW COLUMNS FROM `item` [ RunTime:0.0009s ]
SQL: SELECT * FROM `item` WHERE ( channelid=35 )  [ RunTime:0.0004s ]
INFO: [ view_parse ] --START--
INFO: [ template_filter ] --START--
INFO: Run Behavior\ContentReplaceBehavior [ RunTime:0.000068s ]
INFO: [ template_filter ] --END-- [ RunTime:0.000102s ]
INFO: Run Behavior\ParseTemplateBehavior [ RunTime:0.006244s ]
INFO: [ view_parse ] --END-- [ RunTime:0.006326s ]
INFO: [ view_filter ] --START--
INFO: Run Behavior\WriteHtmlCacheBehavior [ RunTime:0.000093s ]
INFO: [ view_filter ] --END-- [ RunTime:0.000120s ]
INFO: [ app_end ] --START--
INFO: Run Behavior\ShowPageTraceBehavior [ RunTime:0.000338s ]
INFO: [ app_end ] --END-- [ RunTime:0.000370s ]

[ 2015-02-08T11:06:03+08:00 ] 127.0.0.1 /index.php?m=Item&c=Index&a=uploadItem&channelid=35
INFO: [ app_init ] --START--
INFO: Run Behavior\BuildLiteBehavior [ RunTime:0.000013s ]
INFO: [ app_init ] --END-- [ RunTime:0.000273s ]
INFO: [ app_begin ] --START--
INFO: Run Behavior\ReadHtmlCacheBehavior [ RunTime:0.000351s ]
INFO: [ app_begin ] --END-- [ RunTime:0.000393s ]
SQL: SHOW COLUMNS FROM `table_item` [ RunTime:0.0008s ]
SQL: SELECT * FROM `table_item`  [ RunTime:0.0003s ]
INFO: [ view_parse ] --START--
INFO: [ template_filter ] --START--
INFO: Run Behavior\ContentReplaceBehavior [ RunTime:0.000076s ]
INFO: [ template_filter ] --END-- [ RunTime:0.000122s ]
INFO: Run Behavior\ParseTemplateBehavior [ RunTime:0.007591s ]
INFO: [ view_parse ] --END-- [ RunTime:0.007626s ]
INFO: [ view_filter ] --START--
INFO: Run Behavior\WriteHtmlCacheBehavior [ RunTime:0.000122s ]
INFO: [ view_filter ] --END-- [ RunTime:0.000150s ]
INFO: [ app_end ] --START--
INFO: Run Behavior\ShowPageTraceBehavior [ RunTime:0.000362s ]
INFO: [ app_end ] --END-- [ RunTime:0.000396s ]

[ 2015-02-08T11:06:05+08:00 ] 127.0.0.1 /index.php?m=Item&c=Index&a=uploadItem&channelid=35
INFO: [ app_init ] --START--
INFO: Run Behavior\BuildLiteBehavior [ RunTime:0.000012s ]
INFO: [ app_init ] --END-- [ RunTime:0.000249s ]
INFO: [ app_begin ] --START--
INFO: Run Behavior\ReadHtmlCacheBehavior [ RunTime:0.000287s ]
INFO: [ app_begin ] --END-- [ RunTime:0.000321s ]
SQL: SHOW COLUMNS FROM `table_item` [ RunTime:0.0005s ]
SQL: SELECT * FROM `table_item`  [ RunTime:0.0002s ]
INFO: [ view_parse ] --START--
INFO: [ template_filter ] --START--
INFO: Run Behavior\ContentReplaceBehavior [ RunTime:0.000067s ]
INFO: [ template_filter ] --END-- [ RunTime:0.000101s ]
INFO: Run Behavior\ParseTemplateBehavior [ RunTime:0.006521s ]
INFO: [ view_parse ] --END-- [ RunTime:0.006554s ]
INFO: [ view_filter ] --START--
INFO: Run Behavior\WriteHtmlCacheBehavior [ RunTime:0.000144s ]
INFO: [ view_filter ] --END-- [ RunTime:0.000186s ]
INFO: [ app_end ] --START--
INFO: Run Behavior\ShowPageTraceBehavior [ RunTime:0.000410s ]
INFO: [ app_end ] --END-- [ RunTime:0.000453s ]

[ 2015-02-08T11:06:24+08:00 ] 127.0.0.1 /index.php?m=Item&c=Index&a=item_list&channelid=35
INFO: [ app_init ] --START--
INFO: Run Behavior\BuildLiteBehavior [ RunTime:0.000011s ]
INFO: [ app_init ] --END-- [ RunTime:0.000236s ]
INFO: [ app_begin ] --START--
INFO: Run Behavior\ReadHtmlCacheBehavior [ RunTime:0.000303s ]
INFO: [ app_begin ] --END-- [ RunTime:0.000337s ]
SQL: SHOW COLUMNS FROM `item` [ RunTime:0.0006s ]
SQL: SELECT * FROM `item` WHERE ( channelid=35 )  [ RunTime:0.0002s ]
INFO: [ view_parse ] --START--
INFO: [ template_filter ] --START--
INFO: Run Behavior\ContentReplaceBehavior [ RunTime:0.000071s ]
INFO: [ template_filter ] --END-- [ RunTime:0.000115s ]
INFO: Run Behavior\ParseTemplateBehavior [ RunTime:0.006417s ]
INFO: [ view_parse ] --END-- [ RunTime:0.006494s ]
INFO: [ view_filter ] --START--
INFO: Run Behavior\WriteHtmlCacheBehavior [ RunTime:0.000107s ]
INFO: [ view_filter ] --END-- [ RunTime:0.000134s ]
INFO: [ app_end ] --START--
INFO: Run Behavior\ShowPageTraceBehavior [ RunTime:0.000341s ]
INFO: [ app_end ] --END-- [ RunTime:0.000371s ]

[ 2015-02-08T11:06:26+08:00 ] 127.0.0.1 /index.php?m=Item&c=Index&a=item_list&channelid=35
INFO: [ app_init ] --START--
INFO: Run Behavior\BuildLiteBehavior [ RunTime:0.000011s ]
INFO: [ app_init ] --END-- [ RunTime:0.000221s ]
INFO: [ app_begin ] --START--
INFO: Run Behavior\ReadHtmlCacheBehavior [ RunTime:0.000281s ]
INFO: [ app_begin ] --END-- [ RunTime:0.000314s ]
SQL: SHOW COLUMNS FROM `item` [ RunTime:0.0007s ]
SQL: SELECT * FROM `item` WHERE ( channelid=35 )  [ RunTime:0.0003s ]
INFO: [ view_parse ] --START--
INFO: [ template_filter ] --START--
INFO: Run Behavior\ContentReplaceBehavior [ RunTime:0.000076s ]
INFO: [ template_filter ] --END-- [ RunTime:0.000120s ]
INFO: Run Behavior\ParseTemplateBehavior [ RunTime:0.008448s ]
INFO: [ view_parse ] --END-- [ RunTime:0.008499s ]
INFO: [ view_filter ] --START--
INFO: Run Behavior\WriteHtmlCacheBehavior [ RunTime:0.000098s ]
INFO: [ view_filter ] --END-- [ RunTime:0.000141s ]
INFO: [ app_end ] --START--
INFO: Run Behavior\ShowPageTraceBehavior [ RunTime:0.000333s ]
INFO: [ app_end ] --END-- [ RunTime:0.000363s ]

[ 2015-02-08T20:27:05+08:00 ] 127.0.0.1 /index.php?m=Item&c=Index&a=uploadItem&channelid=35
INFO: [ app_init ] --START--
INFO: Run Behavior\BuildLiteBehavior [ RunTime:0.000012s ]
INFO: [ app_init ] --END-- [ RunTime:0.000327s ]
INFO: [ app_begin ] --START--
INFO: Run Behavior\ReadHtmlCacheBehavior [ RunTime:0.000359s ]
INFO: [ app_begin ] --END-- [ RunTime:0.000406s ]
SQL: SHOW COLUMNS FROM `table_item` [ RunTime:0.0005s ]
SQL: SELECT * FROM `table_item`  [ RunTime:0.0002s ]
INFO: [ view_parse ] --START--
INFO: [ template_filter ] --START--
INFO: Run Behavior\ContentReplaceBehavior [ RunTime:0.000073s ]
INFO: [ template_filter ] --END-- [ RunTime:0.000117s ]
INFO: Run Behavior\ParseTemplateBehavior [ RunTime:0.029303s ]
INFO: [ view_parse ] --END-- [ RunTime:0.029389s ]
INFO: [ view_filter ] --START--
INFO: Run Behavior\WriteHtmlCacheBehavior [ RunTime:0.000104s ]
INFO: [ view_filter ] --END-- [ RunTime:0.000130s ]
INFO: [ app_end ] --START--
INFO: Run Behavior\ShowPageTraceBehavior [ RunTime:0.000342s ]
INFO: [ app_end ] --END-- [ RunTime:0.000375s ]

[ 2015-02-08T20:54:52+08:00 ] 127.0.0.1 /index.php?m=Item&c=Index&a=item_list&channelid=35
INFO: [ app_init ] --START--
INFO: Run Behavior\BuildLiteBehavior [ RunTime:0.000012s ]
INFO: [ app_init ] --END-- [ RunTime:0.000265s ]
INFO: [ app_begin ] --START--
INFO: Run Behavior\ReadHtmlCacheBehavior [ RunTime:0.000345s ]
INFO: [ app_begin ] --END-- [ RunTime:0.000397s ]
SQL: SHOW COLUMNS FROM `item` [ RunTime:0.0006s ]
SQL: SELECT * FROM `item` WHERE ( channelid=35 )  [ RunTime:0.0002s ]
INFO: [ view_parse ] --START--
INFO: [ template_filter ] --START--
INFO: Run Behavior\ContentReplaceBehavior [ RunTime:0.000074s ]
INFO: [ template_filter ] --END-- [ RunTime:0.000120s ]
INFO: Run Behavior\ParseTemplateBehavior [ RunTime:0.023201s ]
INFO: [ view_parse ] --END-- [ RunTime:0.023254s ]
INFO: [ view_filter ] --START--
INFO: Run Behavior\WriteHtmlCacheBehavior [ RunTime:0.000101s ]
INFO: [ view_filter ] --END-- [ RunTime:0.000128s ]
INFO: [ app_end ] --START--
INFO: Run Behavior\ShowPageTraceBehavior [ RunTime:0.000339s ]
INFO: [ app_end ] --END-- [ RunTime:0.000373s ]

[ 2015-02-08T20:55:00+08:00 ] 127.0.0.1 /index.php?m=Item&c=Index&a=item_list&channelid=35
INFO: [ app_init ] --START--
INFO: Run Behavior\BuildLiteBehavior [ RunTime:0.000009s ]
INFO: [ app_init ] --END-- [ RunTime:0.000199s ]
INFO: [ app_begin ] --START--
INFO: Run Behavior\ReadHtmlCacheBehavior [ RunTime:0.000260s ]
INFO: [ app_begin ] --END-- [ RunTime:0.000290s ]
SQL: SHOW COLUMNS FROM `item` [ RunTime:0.0009s ]
SQL: SELECT * FROM `item` WHERE ( channelid=35 )  [ RunTime:0.0004s ]
INFO: [ view_parse ] --START--
INFO: [ template_filter ] --START--
INFO: Run Behavior\ContentReplaceBehavior [ RunTime:0.000103s ]
INFO: [ template_filter ] --END-- [ RunTime:0.000140s ]
INFO: Run Behavior\ParseTemplateBehavior [ RunTime:0.006197s ]
INFO: [ view_parse ] --END-- [ RunTime:0.006240s ]
INFO: [ view_filter ] --START--
INFO: Run Behavior\WriteHtmlCacheBehavior [ RunTime:0.000094s ]
INFO: [ view_filter ] --END-- [ RunTime:0.000122s ]
INFO: [ app_end ] --START--
INFO: Run Behavior\ShowPageTraceBehavior [ RunTime:0.000347s ]
INFO: [ app_end ] --END-- [ RunTime:0.000381s ]

[ 2015-02-08T20:55:02+08:00 ] 127.0.0.1 /index.php?m=Item&c=Index&a=change&id=9
INFO: [ app_init ] --START--
INFO: Run Behavior\BuildLiteBehavior [ RunTime:0.000010s ]
INFO: [ app_init ] --END-- [ RunTime:0.000213s ]
INFO: [ app_begin ] --START--
INFO: Run Behavior\ReadHtmlCacheBehavior [ RunTime:0.000270s ]
INFO: [ app_begin ] --END-- [ RunTime:0.000299s ]
SQL: SHOW COLUMNS FROM `item` [ RunTime:0.0006s ]
SQL: SELECT * FROM `item` WHERE ( id='9' ) LIMIT 1   [ RunTime:0.0002s ]
SQL: SHOW COLUMNS FROM `table_item` [ RunTime:0.0004s ]
SQL: SELECT * FROM `table_item` WHERE ( id=3 ) LIMIT 1   [ RunTime:0.0002s ]
NOTIC: [8] Uninitialized string offset: 0 /home/mtf/Application/dq/Application/Item/Controller/IndexController.class.php 第 223 行.
SQL: SELECT `id`,`title` FROM `table_item`  [ RunTime:0.0001s ]
INFO: [ view_parse ] --START--
INFO: [ template_filter ] --START--
INFO: Run Behavior\ContentReplaceBehavior [ RunTime:0.000073s ]
INFO: [ template_filter ] --END-- [ RunTime:0.000114s ]
NOTIC: [8] Use of undefined constant title - assumed 'title' /home/mtf/Application/dq/Application/Runtime/Cache/Item/dbb8af18acaea31fa342e5c63cdeb90c.php 第 100 行.
NOTIC: [8] Use of undefined constant price - assumed 'price' /home/mtf/Application/dq/Application/Runtime/Cache/Item/dbb8af18acaea31fa342e5c63cdeb90c.php 第 115 行.
NOTIC: [8] Use of undefined constant sold_total - assumed 'sold_total' /home/mtf/Application/dq/Application/Runtime/Cache/Item/dbb8af18acaea31fa342e5c63cdeb90c.php 第 119 行.
NOTIC: [8] Use of undefined constant total - assumed 'total' /home/mtf/Application/dq/Application/Runtime/Cache/Item/dbb8af18acaea31fa342e5c63cdeb90c.php 第 122 行.
NOTIC: [8] Use of undefined constant content - assumed 'content' /home/mtf/Application/dq/Application/Runtime/Cache/Item/dbb8af18acaea31fa342e5c63cdeb90c.php 第 135 行.
INFO: Run Behavior\ParseTemplateBehavior [ RunTime:0.020111s ]
INFO: [ view_parse ] --END-- [ RunTime:0.020140s ]
INFO: [ view_filter ] --START--
INFO: Run Behavior\WriteHtmlCacheBehavior [ RunTime:0.000091s ]
INFO: [ view_filter ] --END-- [ RunTime:0.000117s ]
INFO: [ app_end ] --START--
INFO: Run Behavior\ShowPageTraceBehavior [ RunTime:0.000344s ]
INFO: [ app_end ] --END-- [ RunTime:0.000381s ]

[ 2015-02-08T20:55:14+08:00 ] 127.0.0.1 /index.php?m=Item&c=Index&a=addTable
INFO: [ app_init ] --START--
INFO: Run Behavior\BuildLiteBehavior [ RunTime:0.000011s ]
INFO: [ app_init ] --END-- [ RunTime:0.000325s ]
INFO: [ app_begin ] --START--
INFO: Run Behavior\ReadHtmlCacheBehavior [ RunTime:0.000296s ]
INFO: [ app_begin ] --END-- [ RunTime:0.000333s ]
INFO: [ view_parse ] --START--
INFO: [ template_filter ] --START--
INFO: Run Behavior\ContentReplaceBehavior [ RunTime:0.000053s ]
INFO: [ template_filter ] --END-- [ RunTime:0.000098s ]
INFO: Run Behavior\ParseTemplateBehavior [ RunTime:0.013103s ]
INFO: [ view_parse ] --END-- [ RunTime:0.013144s ]
INFO: [ view_filter ] --START--
INFO: Run Behavior\WriteHtmlCacheBehavior [ RunTime:0.000088s ]
INFO: [ view_filter ] --END-- [ RunTime:0.000113s ]
INFO: [ app_end ] --START--
INFO: Run Behavior\ShowPageTraceBehavior [ RunTime:0.000315s ]
INFO: [ app_end ] --END-- [ RunTime:0.000343s ]

[ 2015-02-08T20:55:38+08:00 ] 127.0.0.1 /index.php?m=Item&c=Index&a=addTable
INFO: [ app_init ] --START--
INFO: Run Behavior\BuildLiteBehavior [ RunTime:0.000010s ]
INFO: [ app_init ] --END-- [ RunTime:0.000218s ]
INFO: [ app_begin ] --START--
INFO: Run Behavior\ReadHtmlCacheBehavior [ RunTime:0.000273s ]
INFO: [ app_begin ] --END-- [ RunTime:0.000308s ]
SQL: SHOW COLUMNS FROM `table_item` [ RunTime:0.0005s ]
SQL: INSERT INTO `table_item` (`title`,`content`) VALUES ('饮料','array (
  0 => \'出产地\',
  1 => \'时间\',
  2 => \'材料\',
)') [ RunTime:0.0880s ]
INFO: [ view_parse ] --START--
INFO: [ template_filter ] --START--
INFO: Run Behavior\ContentReplaceBehavior [ RunTime:0.000033s ]
INFO: [ template_filter ] --END-- [ RunTime:0.000080s ]
INFO: Run Behavior\ParseTemplateBehavior [ RunTime:0.014954s ]
INFO: [ view_parse ] --END-- [ RunTime:0.014990s ]
INFO: [ view_filter ] --START--
INFO: Run Behavior\WriteHtmlCacheBehavior [ RunTime:0.000091s ]
INFO: [ view_filter ] --END-- [ RunTime:0.000116s ]
INFO: [ app_end ] --START--
INFO: Run Behavior\ShowPageTraceBehavior [ RunTime:0.000309s ]
INFO: [ app_end ] --END-- [ RunTime:0.000336s ]

[ 2015-02-08T20:55:39+08:00 ] 127.0.0.1 /index.php?m=Item&c=Index&a=addTable
INFO: [ app_init ] --START--
INFO: Run Behavior\BuildLiteBehavior [ RunTime:0.000009s ]
INFO: [ app_init ] --END-- [ RunTime:0.000206s ]
INFO: [ app_begin ] --START--
INFO: Run Behavior\ReadHtmlCacheBehavior [ RunTime:0.000264s ]
INFO: [ app_begin ] --END-- [ RunTime:0.000292s ]
INFO: [ view_parse ] --START--
INFO: [ template_filter ] --START--
INFO: Run Behavior\ContentReplaceBehavior [ RunTime:0.000056s ]
INFO: [ template_filter ] --END-- [ RunTime:0.000103s ]
INFO: Run Behavior\ParseTemplateBehavior [ RunTime:0.004453s ]
INFO: [ view_parse ] --END-- [ RunTime:0.004484s ]
INFO: [ view_filter ] --START--
INFO: Run Behavior\WriteHtmlCacheBehavior [ RunTime:0.000093s ]
INFO: [ view_filter ] --END-- [ RunTime:0.000135s ]
INFO: [ app_end ] --START--
INFO: Run Behavior\ShowPageTraceBehavior [ RunTime:0.000318s ]
INFO: [ app_end ] --END-- [ RunTime:0.000348s ]

[ 2015-02-08T20:55:41+08:00 ] 127.0.0.1 /index.php?m=Item&c=Index&a=change&id=9
INFO: [ app_init ] --START--
INFO: Run Behavior\BuildLiteBehavior [ RunTime:0.000009s ]
INFO: [ app_init ] --END-- [ RunTime:0.000214s ]
INFO: [ app_begin ] --START--
INFO: Run Behavior\ReadHtmlCacheBehavior [ RunTime:0.000262s ]
INFO: [ app_begin ] --END-- [ RunTime:0.000291s ]
SQL: SHOW COLUMNS FROM `item` [ RunTime:0.0006s ]
SQL: SELECT * FROM `item` WHERE ( id='9' ) LIMIT 1   [ RunTime:0.0002s ]
SQL: SHOW COLUMNS FROM `table_item` [ RunTime:0.0004s ]
SQL: SELECT * FROM `table_item` WHERE ( id=3 ) LIMIT 1   [ RunTime:0.0001s ]
NOTIC: [8] Uninitialized string offset: 0 /home/mtf/Application/dq/Application/Item/Controller/IndexController.class.php 第 223 行.
SQL: SELECT `id`,`title` FROM `table_item`  [ RunTime:0.0001s ]
INFO: [ view_parse ] --START--
INFO: [ template_filter ] --START--
INFO: Run Behavior\ContentReplaceBehavior [ RunTime:0.000071s ]
INFO: [ template_filter ] --END-- [ RunTime:0.000112s ]
NOTIC: [8] Use of undefined constant title - assumed 'title' /home/mtf/Application/dq/Application/Runtime/Cache/Item/dbb8af18acaea31fa342e5c63cdeb90c.php 第 100 行.
NOTIC: [8] Use of undefined constant price - assumed 'price' /home/mtf/Application/dq/Application/Runtime/Cache/Item/dbb8af18acaea31fa342e5c63cdeb90c.php 第 115 行.
NOTIC: [8] Use of undefined constant sold_total - assumed 'sold_total' /home/mtf/Application/dq/Application/Runtime/Cache/Item/dbb8af18acaea31fa342e5c63cdeb90c.php 第 119 行.
NOTIC: [8] Use of undefined constant total - assumed 'total' /home/mtf/Application/dq/Application/Runtime/Cache/Item/dbb8af18acaea31fa342e5c63cdeb90c.php 第 122 行.
NOTIC: [8] Use of undefined constant content - assumed 'content' /home/mtf/Application/dq/Application/Runtime/Cache/Item/dbb8af18acaea31fa342e5c63cdeb90c.php 第 135 行.
INFO: Run Behavior\ParseTemplateBehavior [ RunTime:0.007082s ]
INFO: [ view_parse ] --END-- [ RunTime:0.007111s ]
INFO: [ view_filter ] --START--
INFO: Run Behavior\WriteHtmlCacheBehavior [ RunTime:0.000093s ]
INFO: [ view_filter ] --END-- [ RunTime:0.000118s ]
INFO: [ app_end ] --START--
INFO: Run Behavior\ShowPageTraceBehavior [ RunTime:0.000323s ]
INFO: [ app_end ] --END-- [ RunTime:0.000354s ]

[ 2015-02-08T20:55:44+08:00 ] 127.0.0.1 /index.php?m=Item&c=Index&a=getTableItem&jsonpcallback=jQuery110207642706222078979_1423400141951&table_item_id=4&_=1423400141952
INFO: [ app_init ] --START--
INFO: Run Behavior\BuildLiteBehavior [ RunTime:0.000011s ]
INFO: [ app_init ] --END-- [ RunTime:0.000238s ]
INFO: [ app_begin ] --START--
INFO: Run Behavior\ReadHtmlCacheBehavior [ RunTime:0.000300s ]
INFO: [ app_begin ] --END-- [ RunTime:0.000330s ]
SQL: SHOW COLUMNS FROM `table_item` [ RunTime:0.0005s ]
SQL: SELECT * FROM `table_item` WHERE ( id=4 ) LIMIT 1   [ RunTime:0.0002s ]
INFO: [ app_end ] --START--
INFO: Run Behavior\ShowPageTraceBehavior [ RunTime:0.000374s ]
INFO: [ app_end ] --END-- [ RunTime:0.000408s ]

[ 2015-02-08T20:55:50+08:00 ] 127.0.0.1 /index.php?m=Item&c=Index&a=doChange&id=9
INFO: [ app_init ] --START--
INFO: Run Behavior\BuildLiteBehavior [ RunTime:0.000011s ]
INFO: [ app_init ] --END-- [ RunTime:0.000221s ]
INFO: [ app_begin ] --START--
INFO: Run Behavior\ReadHtmlCacheBehavior [ RunTime:0.000271s ]
INFO: [ app_begin ] --END-- [ RunTime:0.000303s ]
SQL: SHOW COLUMNS FROM `item` [ RunTime:0.0006s ]
SQL: UPDATE `item` SET `title`='测试',`price`='11',`content`='&lt;p&gt;123&lt;br/&gt;&lt;/p&gt;',`total`='33',`link`='/home/mtf/Application/dq/html/20150208/1423400150_9_6576.html' WHERE ( id='9' ) [ RunTime:0.0541s ]
INFO: [ view_parse ] --START--
INFO: [ template_filter ] --START--
INFO: Run Behavior\ContentReplaceBehavior [ RunTime:0.000033s ]
INFO: [ template_filter ] --END-- [ RunTime:0.000076s ]
INFO: Run Behavior\ParseTemplateBehavior [ RunTime:0.004492s ]
INFO: [ view_parse ] --END-- [ RunTime:0.004530s ]
INFO: [ view_filter ] --START--
INFO: Run Behavior\WriteHtmlCacheBehavior [ RunTime:0.000104s ]
INFO: [ view_filter ] --END-- [ RunTime:0.000129s ]
INFO: [ app_end ] --START--
INFO: Run Behavior\ShowPageTraceBehavior [ RunTime:0.000352s ]
INFO: [ app_end ] --END-- [ RunTime:0.000390s ]

[ 2015-02-08T20:55:51+08:00 ] 127.0.0.1 /index.php?m=Item&c=Index&a=change&id=9
INFO: [ app_init ] --START--
INFO: Run Behavior\BuildLiteBehavior [ RunTime:0.000012s ]
INFO: [ app_init ] --END-- [ RunTime:0.000238s ]
INFO: [ app_begin ] --START--
INFO: Run Behavior\ReadHtmlCacheBehavior [ RunTime:0.000289s ]
INFO: [ app_begin ] --END-- [ RunTime:0.000325s ]
SQL: SHOW COLUMNS FROM `item` [ RunTime:0.0006s ]
SQL: SELECT * FROM `item` WHERE ( id='9' ) LIMIT 1   [ RunTime:0.0002s ]
SQL: SHOW COLUMNS FROM `table_item` [ RunTime:0.0004s ]
SQL: SELECT * FROM `table_item` WHERE ( id=3 ) LIMIT 1   [ RunTime:0.0002s ]
NOTIC: [8] Uninitialized string offset: 0 /home/mtf/Application/dq/Application/Item/Controller/IndexController.class.php 第 223 行.
SQL: SELECT `id`,`title` FROM `table_item`  [ RunTime:0.0001s ]
INFO: [ view_parse ] --START--
INFO: [ template_filter ] --START--
INFO: Run Behavior\ContentReplaceBehavior [ RunTime:0.000075s ]
INFO: [ template_filter ] --END-- [ RunTime:0.000118s ]
NOTIC: [8] Use of undefined constant title - assumed 'title' /home/mtf/Application/dq/Application/Runtime/Cache/Item/dbb8af18acaea31fa342e5c63cdeb90c.php 第 100 行.
NOTIC: [8] Use of undefined constant price - assumed 'price' /home/mtf/Application/dq/Application/Runtime/Cache/Item/dbb8af18acaea31fa342e5c63cdeb90c.php 第 115 行.
NOTIC: [8] Use of undefined constant sold_total - assumed 'sold_total' /home/mtf/Application/dq/Application/Runtime/Cache/Item/dbb8af18acaea31fa342e5c63cdeb90c.php 第 119 行.
NOTIC: [8] Use of undefined constant total - assumed 'total' /home/mtf/Application/dq/Application/Runtime/Cache/Item/dbb8af18acaea31fa342e5c63cdeb90c.php 第 122 行.
NOTIC: [8] Use of undefined constant content - assumed 'content' /home/mtf/Application/dq/Application/Runtime/Cache/Item/dbb8af18acaea31fa342e5c63cdeb90c.php 第 135 行.
INFO: Run Behavior\ParseTemplateBehavior [ RunTime:0.007241s ]
INFO: [ view_parse ] --END-- [ RunTime:0.007275s ]
INFO: [ view_filter ] --START--
INFO: Run Behavior\WriteHtmlCacheBehavior [ RunTime:0.000104s ]
INFO: [ view_filter ] --END-- [ RunTime:0.000130s ]
INFO: [ app_end ] --START--
INFO: Run Behavior\ShowPageTraceBehavior [ RunTime:0.000341s ]
INFO: [ app_end ] --END-- [ RunTime:0.000376s ]

[ 2015-02-08T20:55:52+08:00 ] 127.0.0.1 /index.php?m=Item&c=Index&a=item_list&channelid=35
INFO: [ app_init ] --START--
INFO: Run Behavior\BuildLiteBehavior [ RunTime:0.000010s ]
INFO: [ app_init ] --END-- [ RunTime:0.000223s ]
INFO: [ app_begin ] --START--
INFO: Run Behavior\ReadHtmlCacheBehavior [ RunTime:0.000277s ]
INFO: [ app_begin ] --END-- [ RunTime:0.000308s ]
SQL: SHOW COLUMNS FROM `item` [ RunTime:0.0006s ]
SQL: SELECT * FROM `item` WHERE ( channelid=35 )  [ RunTime:0.0002s ]
INFO: [ view_parse ] --START--
INFO: [ template_filter ] --START--
INFO: Run Behavior\ContentReplaceBehavior [ RunTime:0.000072s ]
INFO: [ template_filter ] --END-- [ RunTime:0.000112s ]
INFO: Run Behavior\ParseTemplateBehavior [ RunTime:0.006915s ]
INFO: [ view_parse ] --END-- [ RunTime:0.006959s ]
INFO: [ view_filter ] --START--
INFO: Run Behavior\WriteHtmlCacheBehavior [ RunTime:0.000112s ]
INFO: [ view_filter ] --END-- [ RunTime:0.000139s ]
INFO: [ app_end ] --START--
INFO: Run Behavior\ShowPageTraceBehavior [ RunTime:0.000340s ]
INFO: [ app_end ] --END-- [ RunTime:0.000374s ]

[ 2015-02-08T20:58:13+08:00 ] 127.0.0.1 /index.php?m=Item&c=Index&a=change&id=9
INFO: [ app_init ] --START--
INFO: Run Behavior\BuildLiteBehavior [ RunTime:0.000014s ]
INFO: [ app_init ] --END-- [ RunTime:0.000301s ]
INFO: [ app_begin ] --START--
INFO: Run Behavior\ReadHtmlCacheBehavior [ RunTime:0.000274s ]
INFO: [ app_begin ] --END-- [ RunTime:0.000306s ]
SQL: SHOW COLUMNS FROM `item` [ RunTime:0.0006s ]
SQL: SELECT * FROM `item` WHERE ( id='9' ) LIMIT 1   [ RunTime:0.0002s ]
SQL: SHOW COLUMNS FROM `table_item` [ RunTime:0.0003s ]
SQL: SELECT * FROM `table_item` WHERE ( id=3 ) LIMIT 1   [ RunTime:0.0001s ]
NOTIC: [8] Uninitialized string offset: 0 /home/mtf/Application/dq/Application/Item/Controller/IndexController.class.php 第 223 行.
SQL: SELECT `id`,`title` FROM `table_item`  [ RunTime:0.0001s ]
INFO: [ view_parse ] --START--
INFO: [ template_filter ] --START--
INFO: Run Behavior\ContentReplaceBehavior [ RunTime:0.000075s ]
INFO: [ template_filter ] --END-- [ RunTime:0.000117s ]
NOTIC: [8] Use of undefined constant title - assumed 'title' /home/mtf/Application/dq/Application/Runtime/Cache/Item/dbb8af18acaea31fa342e5c63cdeb90c.php 第 100 行.
NOTIC: [8] Use of undefined constant price - assumed 'price' /home/mtf/Application/dq/Application/Runtime/Cache/Item/dbb8af18acaea31fa342e5c63cdeb90c.php 第 115 行.
NOTIC: [8] Use of undefined constant sold_total - assumed 'sold_total' /home/mtf/Application/dq/Application/Runtime/Cache/Item/dbb8af18acaea31fa342e5c63cdeb90c.php 第 119 行.
NOTIC: [8] Use of undefined constant total - assumed 'total' /home/mtf/Application/dq/Application/Runtime/Cache/Item/dbb8af18acaea31fa342e5c63cdeb90c.php 第 122 行.
NOTIC: [8] Use of undefined constant content - assumed 'content' /home/mtf/Application/dq/Application/Runtime/Cache/Item/dbb8af18acaea31fa342e5c63cdeb90c.php 第 135 行.
INFO: Run Behavior\ParseTemplateBehavior [ RunTime:0.007071s ]
INFO: [ view_parse ] --END-- [ RunTime:0.007100s ]
INFO: [ view_filter ] --START--
INFO: Run Behavior\WriteHtmlCacheBehavior [ RunTime:0.000100s ]
INFO: [ view_filter ] --END-- [ RunTime:0.000126s ]
INFO: [ app_end ] --START--
INFO: Run Behavior\ShowPageTraceBehavior [ RunTime:0.000383s ]
INFO: [ app_end ] --END-- [ RunTime:0.000417s ]

[ 2015-02-08T20:59:23+08:00 ] 127.0.0.1 /index.php?m=Item&c=Index&a=getTableItem&jsonpcallback=jQuery110202445963670678104_1423400293151&table_item_id=4&_=1423400293152
INFO: [ app_init ] --START--
INFO: Run Behavior\BuildLiteBehavior [ RunTime:0.000011s ]
INFO: [ app_init ] --END-- [ RunTime:0.000236s ]
INFO: [ app_begin ] --START--
INFO: Run Behavior\ReadHtmlCacheBehavior [ RunTime:0.000329s ]
INFO: [ app_begin ] --END-- [ RunTime:0.000362s ]
SQL: SHOW COLUMNS FROM `table_item` [ RunTime:0.0005s ]
SQL: SELECT * FROM `table_item` WHERE ( id=4 ) LIMIT 1   [ RunTime:0.0002s ]
INFO: [ app_end ] --START--
INFO: Run Behavior\ShowPageTraceBehavior [ RunTime:0.000621s ]
INFO: [ app_end ] --END-- [ RunTime:0.000663s ]

[ 2015-02-08T20:59:38+08:00 ] 127.0.0.1 /index.php?m=Item&c=Index&a=doChange&id=9
INFO: [ app_init ] --START--
INFO: Run Behavior\BuildLiteBehavior [ RunTime:0.000010s ]
INFO: [ app_init ] --END-- [ RunTime:0.000231s ]
INFO: [ app_begin ] --START--
INFO: Run Behavior\ReadHtmlCacheBehavior [ RunTime:0.000304s ]
INFO: [ app_begin ] --END-- [ RunTime:0.000342s ]

[ 2015-02-08T20:59:48+08:00 ] 127.0.0.1 /index.php?m=Item&c=Index&a=doChange&id=9
INFO: [ app_init ] --START--
INFO: Run Behavior\BuildLiteBehavior [ RunTime:0.000009s ]
INFO: [ app_init ] --END-- [ RunTime:0.000214s ]
INFO: [ app_begin ] --START--
INFO: Run Behavior\ReadHtmlCacheBehavior [ RunTime:0.000271s ]
INFO: [ app_begin ] --END-- [ RunTime:0.000301s ]
SQL: SHOW COLUMNS FROM `item` [ RunTime:0.0008s ]
SQL: UPDATE `item` SET `title`='测试',`price`='11',`content`='&lt;p&gt;3123&lt;br/&gt;&lt;/p&gt;',`total`='33',`table_id`='4',`table_content`='array (
  0 => \'123\',
  1 => \'123\',
  2 => \'123123\',
)',`link`='/home/mtf/Application/dq/html/20150208/1423400388_9_3364.html' WHERE ( id='9' ) [ RunTime:0.0755s ]
INFO: [ view_parse ] --START--
INFO: [ template_filter ] --START--
INFO: Run Behavior\ContentReplaceBehavior [ RunTime:0.000052s ]
INFO: [ template_filter ] --END-- [ RunTime:0.000119s ]
INFO: Run Behavior\ParseTemplateBehavior [ RunTime:0.006317s ]
INFO: [ view_parse ] --END-- [ RunTime:0.006376s ]
INFO: [ view_filter ] --START--
INFO: Run Behavior\WriteHtmlCacheBehavior [ RunTime:0.000151s ]
INFO: [ view_filter ] --END-- [ RunTime:0.000195s ]
INFO: [ app_end ] --START--
INFO: Run Behavior\ShowPageTraceBehavior [ RunTime:0.000564s ]
INFO: [ app_end ] --END-- [ RunTime:0.000612s ]

[ 2015-02-08T20:59:49+08:00 ] 127.0.0.1 /index.php?m=Item&c=Index&a=change&id=9
INFO: [ app_init ] --START--
INFO: Run Behavior\BuildLiteBehavior [ RunTime:0.000010s ]
INFO: [ app_init ] --END-- [ RunTime:0.000215s ]
INFO: [ app_begin ] --START--
INFO: Run Behavior\ReadHtmlCacheBehavior [ RunTime:0.000271s ]
INFO: [ app_begin ] --END-- [ RunTime:0.000301s ]
SQL: SHOW COLUMNS FROM `item` [ RunTime:0.0007s ]
SQL: SELECT * FROM `item` WHERE ( id='9' ) LIMIT 1   [ RunTime:0.0003s ]
SQL: SHOW COLUMNS FROM `table_item` [ RunTime:0.0005s ]
SQL: SELECT * FROM `table_item` WHERE ( id=4 ) LIMIT 1   [ RunTime:0.0002s ]
SQL: SELECT `id`,`title` FROM `table_item`  [ RunTime:0.0002s ]
INFO: [ view_parse ] --START--
INFO: [ template_filter ] --START--
INFO: Run Behavior\ContentReplaceBehavior [ RunTime:0.000073s ]
INFO: [ template_filter ] --END-- [ RunTime:0.000116s ]
NOTIC: [8] Use of undefined constant title - assumed 'title' /home/mtf/Application/dq/Application/Runtime/Cache/Item/dbb8af18acaea31fa342e5c63cdeb90c.php 第 100 行.
NOTIC: [8] Use of undefined constant price - assumed 'price' /home/mtf/Application/dq/Application/Runtime/Cache/Item/dbb8af18acaea31fa342e5c63cdeb90c.php 第 115 行.
NOTIC: [8] Use of undefined constant sold_total - assumed 'sold_total' /home/mtf/Application/dq/Application/Runtime/Cache/Item/dbb8af18acaea31fa342e5c63cdeb90c.php 第 119 行.
NOTIC: [8] Use of undefined constant total - assumed 'total' /home/mtf/Application/dq/Application/Runtime/Cache/Item/dbb8af18acaea31fa342e5c63cdeb90c.php 第 122 行.
NOTIC: [8] Use of undefined constant content - assumed 'content' /home/mtf/Application/dq/Application/Runtime/Cache/Item/dbb8af18acaea31fa342e5c63cdeb90c.php 第 135 行.
NOTIC: [8] Use of undefined constant content - assumed 'content' /home/mtf/Application/dq/Application/Runtime/Cache/Item/dbb8af18acaea31fa342e5c63cdeb90c.php 第 135 行.
NOTIC: [8] Use of undefined constant content - assumed 'content' /home/mtf/Application/dq/Application/Runtime/Cache/Item/dbb8af18acaea31fa342e5c63cdeb90c.php 第 135 行.
INFO: Run Behavior\ParseTemplateBehavior [ RunTime:0.008045s ]
INFO: [ view_parse ] --END-- [ RunTime:0.008083s ]
INFO: [ view_filter ] --START--
INFO: Run Behavior\WriteHtmlCacheBehavior [ RunTime:0.000094s ]
INFO: [ view_filter ] --END-- [ RunTime:0.000120s ]
INFO: [ app_end ] --START--
INFO: Run Behavior\ShowPageTraceBehavior [ RunTime:0.000324s ]
INFO: [ app_end ] --END-- [ RunTime:0.000357s ]

[ 2015-02-08T21:01:02+08:00 ] 127.0.0.1 /index.php?m=Item&c=Index&a=change&id=9
INFO: [ app_init ] --START--
INFO: Run Behavior\BuildLiteBehavior [ RunTime:0.000011s ]
INFO: [ app_init ] --END-- [ RunTime:0.000233s ]
INFO: [ app_begin ] --START--
INFO: Run Behavior\ReadHtmlCacheBehavior [ RunTime:0.001741s ]
INFO: [ app_begin ] --END-- [ RunTime:0.001787s ]
SQL: SHOW COLUMNS FROM `item` [ RunTime:0.0006s ]
SQL: SELECT * FROM `item` WHERE ( id='9' ) LIMIT 1   [ RunTime:0.0002s ]
SQL: SHOW COLUMNS FROM `table_item` [ RunTime:0.0003s ]
SQL: SELECT * FROM `table_item` WHERE ( id=4 ) LIMIT 1   [ RunTime:0.0001s ]
SQL: SELECT `id`,`title` FROM `table_item`  [ RunTime:0.0002s ]
INFO: [ view_parse ] --START--
INFO: [ template_filter ] --START--
INFO: Run Behavior\ContentReplaceBehavior [ RunTime:0.000072s ]
INFO: [ template_filter ] --END-- [ RunTime:0.000109s ]
NOTIC: [8] Use of undefined constant title - assumed 'title' /home/mtf/Application/dq/Application/Runtime/Cache/Item/dbb8af18acaea31fa342e5c63cdeb90c.php 第 100 行.
NOTIC: [8] Use of undefined constant price - assumed 'price' /home/mtf/Application/dq/Application/Runtime/Cache/Item/dbb8af18acaea31fa342e5c63cdeb90c.php 第 115 行.
NOTIC: [8] Use of undefined constant sold_total - assumed 'sold_total' /home/mtf/Application/dq/Application/Runtime/Cache/Item/dbb8af18acaea31fa342e5c63cdeb90c.php 第 119 行.
NOTIC: [8] Use of undefined constant total - assumed 'total' /home/mtf/Application/dq/Application/Runtime/Cache/Item/dbb8af18acaea31fa342e5c63cdeb90c.php 第 122 行.
NOTIC: [8] Use of undefined constant content - assumed 'content' /home/mtf/Application/dq/Application/Runtime/Cache/Item/dbb8af18acaea31fa342e5c63cdeb90c.php 第 135 行.
NOTIC: [8] Use of undefined constant content - assumed 'content' /home/mtf/Application/dq/Application/Runtime/Cache/Item/dbb8af18acaea31fa342e5c63cdeb90c.php 第 135 行.
NOTIC: [8] Use of undefined constant content - assumed 'content' /home/mtf/Application/dq/Application/Runtime/Cache/Item/dbb8af18acaea31fa342e5c63cdeb90c.php 第 135 行.
INFO: Run Behavior\ParseTemplateBehavior [ RunTime:0.007815s ]
INFO: [ view_parse ] --END-- [ RunTime:0.007846s ]
INFO: [ view_filter ] --START--
INFO: Run Behavior\WriteHtmlCacheBehavior [ RunTime:0.000090s ]
INFO: [ view_filter ] --END-- [ RunTime:0.000115s ]
INFO: [ app_end ] --START--
INFO: Run Behavior\ShowPageTraceBehavior [ RunTime:0.000335s ]
INFO: [ app_end ] --END-- [ RunTime:0.000368s ]

[ 2015-02-08T21:01:17+08:00 ] 127.0.0.1 /index.php?m=Item&c=Index&a=change&id=9
INFO: [ app_init ] --START--
INFO: Run Behavior\BuildLiteBehavior [ RunTime:0.000011s ]
INFO: [ app_init ] --END-- [ RunTime:0.000236s ]
INFO: [ app_begin ] --START--
INFO: Run Behavior\ReadHtmlCacheBehavior [ RunTime:0.000292s ]
INFO: [ app_begin ] --END-- [ RunTime:0.000330s ]
SQL: SHOW COLUMNS FROM `item` [ RunTime:0.0006s ]
SQL: SELECT * FROM `item` WHERE ( id='9' ) LIMIT 1   [ RunTime:0.0002s ]
SQL: SHOW COLUMNS FROM `table_item` [ RunTime:0.0004s ]
SQL: SELECT * FROM `table_item` WHERE ( id=4 ) LIMIT 1   [ RunTime:0.0001s ]
SQL: SELECT `id`,`title` FROM `table_item`  [ RunTime:0.0001s ]

[ 2015-02-08T21:01:19+08:00 ] 127.0.0.1 /index.php?m=Item&c=Index&a=change&id=9
INFO: [ app_init ] --START--
INFO: Run Behavior\BuildLiteBehavior [ RunTime:0.000010s ]
INFO: [ app_init ] --END-- [ RunTime:0.000222s ]
INFO: [ app_begin ] --START--
INFO: Run Behavior\ReadHtmlCacheBehavior [ RunTime:0.000277s ]
INFO: [ app_begin ] --END-- [ RunTime:0.000311s ]
SQL: SHOW COLUMNS FROM `item` [ RunTime:0.0006s ]
SQL: SELECT * FROM `item` WHERE ( id='9' ) LIMIT 1   [ RunTime:0.0002s ]
SQL: SHOW COLUMNS FROM `table_item` [ RunTime:0.0004s ]
SQL: SELECT * FROM `table_item` WHERE ( id=4 ) LIMIT 1   [ RunTime:0.0002s ]
SQL: SELECT `id`,`title` FROM `table_item`  [ RunTime:0.0002s ]
INFO: [ view_parse ] --START--
INFO: [ template_filter ] --START--
INFO: Run Behavior\ContentReplaceBehavior [ RunTime:0.000081s ]
INFO: [ template_filter ] --END-- [ RunTime:0.000122s ]
NOTIC: [8] Use of undefined constant title - assumed 'title' /home/mtf/Application/dq/Application/Runtime/Cache/Item/dbb8af18acaea31fa342e5c63cdeb90c.php 第 100 行.
NOTIC: [8] Use of undefined constant price - assumed 'price' /home/mtf/Application/dq/Application/Runtime/Cache/Item/dbb8af18acaea31fa342e5c63cdeb90c.php 第 115 行.
NOTIC: [8] Use of undefined constant sold_total - assumed 'sold_total' /home/mtf/Application/dq/Application/Runtime/Cache/Item/dbb8af18acaea31fa342e5c63cdeb90c.php 第 119 行.
NOTIC: [8] Use of undefined constant total - assumed 'total' /home/mtf/Application/dq/Application/Runtime/Cache/Item/dbb8af18acaea31fa342e5c63cdeb90c.php 第 122 行.
NOTIC: [8] Use of undefined constant content - assumed 'content' /home/mtf/Application/dq/Application/Runtime/Cache/Item/dbb8af18acaea31fa342e5c63cdeb90c.php 第 135 行.
NOTIC: [8] Use of undefined constant content - assumed 'content' /home/mtf/Application/dq/Application/Runtime/Cache/Item/dbb8af18acaea31fa342e5c63cdeb90c.php 第 135 行.
NOTIC: [8] Use of undefined constant content - assumed 'content' /home/mtf/Application/dq/Application/Runtime/Cache/Item/dbb8af18acaea31fa342e5c63cdeb90c.php 第 135 行.
INFO: Run Behavior\ParseTemplateBehavior [ RunTime:0.009401s ]
INFO: [ view_parse ] --END-- [ RunTime:0.009440s ]
INFO: [ view_filter ] --START--
INFO: Run Behavior\WriteHtmlCacheBehavior [ RunTime:0.000101s ]
INFO: [ view_filter ] --END-- [ RunTime:0.000131s ]
INFO: [ app_end ] --START--
INFO: Run Behavior\ShowPageTraceBehavior [ RunTime:0.000333s ]
INFO: [ app_end ] --END-- [ RunTime:0.000369s ]

[ 2015-02-08T21:01:33+08:00 ] 127.0.0.1 /index.php?m=Item&c=Index&a=change&id=9
INFO: [ app_init ] --START--
INFO: Run Behavior\BuildLiteBehavior [ RunTime:0.000011s ]
INFO: [ app_init ] --END-- [ RunTime:0.000228s ]
INFO: [ app_begin ] --START--
INFO: Run Behavior\ReadHtmlCacheBehavior [ RunTime:0.000276s ]
INFO: [ app_begin ] --END-- [ RunTime:0.000306s ]
SQL: SHOW COLUMNS FROM `item` [ RunTime:0.0006s ]
SQL: SELECT * FROM `item` WHERE ( id='9' ) LIMIT 1   [ RunTime:0.0003s ]
SQL: SHOW COLUMNS FROM `table_item` [ RunTime:0.0004s ]
SQL: SELECT * FROM `table_item` WHERE ( id=4 ) LIMIT 1   [ RunTime:0.0002s ]
SQL: SELECT `id`,`title` FROM `table_item`  [ RunTime:0.0001s ]
INFO: [ view_parse ] --START--
INFO: [ template_filter ] --START--
INFO: Run Behavior\ContentReplaceBehavior [ RunTime:0.000068s ]
INFO: [ template_filter ] --END-- [ RunTime:0.000108s ]
NOTIC: [8] Use of undefined constant title - assumed 'title' /home/mtf/Application/dq/Application/Runtime/Cache/Item/dbb8af18acaea31fa342e5c63cdeb90c.php 第 100 行.
NOTIC: [8] Use of undefined constant price - assumed 'price' /home/mtf/Application/dq/Application/Runtime/Cache/Item/dbb8af18acaea31fa342e5c63cdeb90c.php 第 115 行.
NOTIC: [8] Use of undefined constant sold_total - assumed 'sold_total' /home/mtf/Application/dq/Application/Runtime/Cache/Item/dbb8af18acaea31fa342e5c63cdeb90c.php 第 119 行.
NOTIC: [8] Use of undefined constant total - assumed 'total' /home/mtf/Application/dq/Application/Runtime/Cache/Item/dbb8af18acaea31fa342e5c63cdeb90c.php 第 122 行.
NOTIC: [8] Use of undefined constant content - assumed 'content' /home/mtf/Application/dq/Application/Runtime/Cache/Item/dbb8af18acaea31fa342e5c63cdeb90c.php 第 135 行.
NOTIC: [8] Use of undefined constant content - assumed 'content' /home/mtf/Application/dq/Application/Runtime/Cache/Item/dbb8af18acaea31fa342e5c63cdeb90c.php 第 135 行.
NOTIC: [8] Use of undefined constant content - assumed 'content' /home/mtf/Application/dq/Application/Runtime/Cache/Item/dbb8af18acaea31fa342e5c63cdeb90c.php 第 135 行.
INFO: Run Behavior\ParseTemplateBehavior [ RunTime:0.006964s ]
INFO: [ view_parse ] --END-- [ RunTime:0.006993s ]
INFO: [ view_filter ] --START--
INFO: Run Behavior\WriteHtmlCacheBehavior [ RunTime:0.000087s ]
INFO: [ view_filter ] --END-- [ RunTime:0.000113s ]
INFO: [ app_end ] --START--
INFO: Run Behavior\ShowPageTraceBehavior [ RunTime:0.000436s ]
INFO: [ app_end ] --END-- [ RunTime:0.000470s ]

