[ 2015-01-21T16:28:44+08:00 ] 127.0.0.1 /index.php?m=Article&c=Index&a=add
INFO: [ app_init ] --START--
INFO: Run Behavior\BuildLiteBehavior [ RunTime:0.000012s ]
INFO: [ app_init ] --END-- [ RunTime:0.000227s ]
INFO: [ app_begin ] --START--
INFO: Run Behavior\ReadHtmlCacheBehavior [ RunTime:0.000288s ]
INFO: [ app_begin ] --END-- [ RunTime:0.000324s ]
SQL: SHOW COLUMNS FROM `liquor` [ RunTime:0.0006s ]
SQL: INSERT INTO `liquor` (`type`,`alcohol`,`level`,`tempera`,`price`,`url`,`link`,`location`,`content`,`uname`,`creattime`,`changetime`,`total`) VALUES ('1','2','3','4','5','http://email.163.com','http://www.baidu.com','biejing','213213','1','1421828924','1421828924','100') [ RunTime:0.0454s ]
INFO: [ app_end ] --START--
INFO: Run Behavior\ShowPageTraceBehavior [ RunTime:0.000449s ]
INFO: [ app_end ] --END-- [ RunTime:0.000490s ]

[ 2015-01-21T16:29:00+08:00 ] 127.0.0.1 /index.php?m=Article&c=Index&a=add
INFO: [ app_init ] --START--
INFO: Run Behavior\BuildLiteBehavior [ RunTime:0.000014s ]
INFO: [ app_init ] --END-- [ RunTime:0.000250s ]
INFO: [ app_begin ] --START--
INFO: Run Behavior\ReadHtmlCacheBehavior [ RunTime:0.000309s ]
INFO: [ app_begin ] --END-- [ RunTime:0.000348s ]
SQL: SHOW COLUMNS FROM `liquor` [ RunTime:0.0007s ]
SQL: INSERT INTO `liquor` (`type`,`alcohol`,`level`,`tempera`,`price`,`url`,`link`,`location`,`content`,`uname`,`creattime`,`changetime`,`total`) VALUES ('1','2','3','4','5','http://email.163.com','http://www.baidu.com','biejing','213213','1','1421828940','1421828940','100') [ RunTime:0.0695s ]
INFO: [ app_end ] --START--
INFO: Run Behavior\ShowPageTraceBehavior [ RunTime:0.000721s ]
INFO: [ app_end ] --END-- [ RunTime:0.000786s ]

[ 2015-01-21T16:29:01+08:00 ] 127.0.0.1 /index.php?m=Article&c=Index&a=add
INFO: [ app_init ] --START--
INFO: Run Behavior\BuildLiteBehavior [ RunTime:0.000012s ]
INFO: [ app_init ] --END-- [ RunTime:0.000233s ]
INFO: [ app_begin ] --START--
INFO: Run Behavior\ReadHtmlCacheBehavior [ RunTime:0.000289s ]
INFO: [ app_begin ] --END-- [ RunTime:0.000325s ]
SQL: SHOW COLUMNS FROM `liquor` [ RunTime:0.0007s ]
SQL: INSERT INTO `liquor` (`type`,`alcohol`,`level`,`tempera`,`price`,`url`,`link`,`location`,`content`,`uname`,`creattime`,`changetime`,`total`) VALUES ('1','2','3','4','5','http://email.163.com','http://www.baidu.com','biejing','213213','1','1421828941','1421828941','100') [ RunTime:0.0282s ]
INFO: [ app_end ] --START--
INFO: Run Behavior\ShowPageTraceBehavior [ RunTime:0.000492s ]
INFO: [ app_end ] --END-- [ RunTime:0.000536s ]

[ 2015-01-21T16:29:01+08:00 ] 127.0.0.1 /index.php?m=Article&c=Index&a=add
INFO: [ app_init ] --START--
INFO: Run Behavior\BuildLiteBehavior [ RunTime:0.000014s ]
INFO: [ app_init ] --END-- [ RunTime:0.000248s ]
INFO: [ app_begin ] --START--
INFO: Run Behavior\ReadHtmlCacheBehavior [ RunTime:0.000304s ]
INFO: [ app_begin ] --END-- [ RunTime:0.000342s ]
SQL: SHOW COLUMNS FROM `liquor` [ RunTime:0.0007s ]
SQL: INSERT INTO `liquor` (`type`,`alcohol`,`level`,`tempera`,`price`,`url`,`link`,`location`,`content`,`uname`,`creattime`,`changetime`,`total`) VALUES ('1','2','3','4','5','http://email.163.com','http://www.baidu.com','biejing','213213','1','1421828941','1421828941','100') [ RunTime:0.0244s ]
INFO: [ app_end ] --START--
INFO: Run Behavior\ShowPageTraceBehavior [ RunTime:0.000814s ]
INFO: [ app_end ] --END-- [ RunTime:0.000865s ]

[ 2015-01-21T16:29:02+08:00 ] 127.0.0.1 /index.php?m=Article&c=Index&a=add
INFO: [ app_init ] --START--
INFO: Run Behavior\BuildLiteBehavior [ RunTime:0.000014s ]
INFO: [ app_init ] --END-- [ RunTime:0.000240s ]
INFO: [ app_begin ] --START--
INFO: Run Behavior\ReadHtmlCacheBehavior [ RunTime:0.003792s ]
INFO: [ app_begin ] --END-- [ RunTime:0.003856s ]
SQL: SHOW COLUMNS FROM `liquor` [ RunTime:0.0009s ]
SQL: INSERT INTO `liquor` (`type`,`alcohol`,`level`,`tempera`,`price`,`url`,`link`,`location`,`content`,`uname`,`creattime`,`changetime`,`total`) VALUES ('1','2','3','4','5','http://email.163.com','http://www.baidu.com','biejing','213213','1','1421828942','1421828942','100') [ RunTime:0.0259s ]
INFO: [ app_end ] --START--
INFO: Run Behavior\ShowPageTraceBehavior [ RunTime:0.000670s ]
INFO: [ app_end ] --END-- [ RunTime:0.000732s ]

[ 2015-01-21T16:29:02+08:00 ] 127.0.0.1 /index.php?m=Article&c=Index&a=add
INFO: [ app_init ] --START--
INFO: Run Behavior\BuildLiteBehavior [ RunTime:0.000016s ]
INFO: [ app_init ] --END-- [ RunTime:0.000282s ]
INFO: [ app_begin ] --START--
INFO: Run Behavior\ReadHtmlCacheBehavior [ RunTime:0.000330s ]
INFO: [ app_begin ] --END-- [ RunTime:0.000372s ]
SQL: SHOW COLUMNS FROM `liquor` [ RunTime:0.0006s ]
SQL: INSERT INTO `liquor` (`type`,`alcohol`,`level`,`tempera`,`price`,`url`,`link`,`location`,`content`,`uname`,`creattime`,`changetime`,`total`) VALUES ('1','2','3','4','5','http://email.163.com','http://www.baidu.com','biejing','213213','1','1421828942','1421828942','100') [ RunTime:0.0294s ]
INFO: [ app_end ] --START--
INFO: Run Behavior\ShowPageTraceBehavior [ RunTime:0.000450s ]
INFO: [ app_end ] --END-- [ RunTime:0.000497s ]

[ 2015-01-21T16:29:03+08:00 ] 127.0.0.1 /index.php?m=Article&c=Index&a=add
INFO: [ app_init ] --START--
INFO: Run Behavior\BuildLiteBehavior [ RunTime:0.000013s ]
INFO: [ app_init ] --END-- [ RunTime:0.000242s ]
INFO: [ app_begin ] --START--
INFO: Run Behavior\ReadHtmlCacheBehavior [ RunTime:0.000297s ]
INFO: [ app_begin ] --END-- [ RunTime:0.000334s ]
SQL: SHOW COLUMNS FROM `liquor` [ RunTime:0.0007s ]
SQL: INSERT INTO `liquor` (`type`,`alcohol`,`level`,`tempera`,`price`,`url`,`link`,`location`,`content`,`uname`,`creattime`,`changetime`,`total`) VALUES ('1','2','3','4','5','http://email.163.com','http://www.baidu.com','biejing','213213','1','1421828943','1421828943','100') [ RunTime:0.0455s ]
INFO: [ app_end ] --START--
INFO: Run Behavior\ShowPageTraceBehavior [ RunTime:0.000457s ]
INFO: [ app_end ] --END-- [ RunTime:0.000496s ]

[ 2015-01-21T16:29:03+08:00 ] 127.0.0.1 /index.php?m=Article&c=Index&a=add
INFO: [ app_init ] --START--
INFO: Run Behavior\BuildLiteBehavior [ RunTime:0.000015s ]
INFO: [ app_init ] --END-- [ RunTime:0.000257s ]
INFO: [ app_begin ] --START--
INFO: Run Behavior\ReadHtmlCacheBehavior [ RunTime:0.002160s ]
INFO: [ app_begin ] --END-- [ RunTime:0.002220s ]
SQL: SHOW COLUMNS FROM `liquor` [ RunTime:0.0007s ]
SQL: INSERT INTO `liquor` (`type`,`alcohol`,`level`,`tempera`,`price`,`url`,`link`,`location`,`content`,`uname`,`creattime`,`changetime`,`total`) VALUES ('1','2','3','4','5','http://email.163.com','http://www.baidu.com','biejing','213213','1','1421828943','1421828943','100') [ RunTime:0.0225s ]
INFO: [ app_end ] --START--
INFO: Run Behavior\ShowPageTraceBehavior [ RunTime:0.000456s ]
INFO: [ app_end ] --END-- [ RunTime:0.000495s ]

[ 2015-01-21T16:29:04+08:00 ] 127.0.0.1 /index.php?m=Article&c=Index&a=add
INFO: [ app_init ] --START--
INFO: Run Behavior\BuildLiteBehavior [ RunTime:0.000013s ]
INFO: [ app_init ] --END-- [ RunTime:0.000233s ]
INFO: [ app_begin ] --START--
INFO: Run Behavior\ReadHtmlCacheBehavior [ RunTime:0.000300s ]
INFO: [ app_begin ] --END-- [ RunTime:0.000336s ]
SQL: SHOW COLUMNS FROM `liquor` [ RunTime:0.0007s ]
SQL: INSERT INTO `liquor` (`type`,`alcohol`,`level`,`tempera`,`price`,`url`,`link`,`location`,`content`,`uname`,`creattime`,`changetime`,`total`) VALUES ('1','2','3','4','5','http://email.163.com','http://www.baidu.com','biejing','213213','1','1421828944','1421828944','100') [ RunTime:0.0508s ]
INFO: [ app_end ] --START--
INFO: Run Behavior\ShowPageTraceBehavior [ RunTime:0.000532s ]
INFO: [ app_end ] --END-- [ RunTime:0.000582s ]

[ 2015-01-21T16:29:05+08:00 ] 127.0.0.1 /index.php?m=Article&c=Index&a=add
INFO: [ app_init ] --START--
INFO: Run Behavior\BuildLiteBehavior [ RunTime:0.000014s ]
INFO: [ app_init ] --END-- [ RunTime:0.000265s ]
INFO: [ app_begin ] --START--
INFO: Run Behavior\ReadHtmlCacheBehavior [ RunTime:0.000304s ]
INFO: [ app_begin ] --END-- [ RunTime:0.000342s ]
SQL: SHOW COLUMNS FROM `liquor` [ RunTime:0.0032s ]
SQL: INSERT INTO `liquor` (`type`,`alcohol`,`level`,`tempera`,`price`,`url`,`link`,`location`,`content`,`uname`,`creattime`,`changetime`,`total`) VALUES ('1','2','3','4','5','http://email.163.com','http://www.baidu.com','biejing','213213','1','1421828945','1421828945','100') [ RunTime:0.0260s ]
INFO: [ app_end ] --START--
INFO: Run Behavior\ShowPageTraceBehavior [ RunTime:0.000451s ]
INFO: [ app_end ] --END-- [ RunTime:0.000499s ]

[ 2015-01-21T16:29:05+08:00 ] 127.0.0.1 /index.php?m=Article&c=Index&a=add
INFO: [ app_init ] --START--
INFO: Run Behavior\BuildLiteBehavior [ RunTime:0.000015s ]
INFO: [ app_init ] --END-- [ RunTime:0.000249s ]
INFO: [ app_begin ] --START--
INFO: Run Behavior\ReadHtmlCacheBehavior [ RunTime:0.000405s ]
INFO: [ app_begin ] --END-- [ RunTime:0.000446s ]
SQL: SHOW COLUMNS FROM `liquor` [ RunTime:0.0011s ]
SQL: INSERT INTO `liquor` (`type`,`alcohol`,`level`,`tempera`,`price`,`url`,`link`,`location`,`content`,`uname`,`creattime`,`changetime`,`total`) VALUES ('1','2','3','4','5','http://email.163.com','http://www.baidu.com','biejing','213213','1','1421828945','1421828945','100') [ RunTime:0.0323s ]
INFO: [ app_end ] --START--
INFO: Run Behavior\ShowPageTraceBehavior [ RunTime:0.000661s ]
INFO: [ app_end ] --END-- [ RunTime:0.000725s ]

[ 2015-01-21T16:29:06+08:00 ] 127.0.0.1 /index.php?m=Article&c=Index&a=add
INFO: [ app_init ] --START--
INFO: Run Behavior\BuildLiteBehavior [ RunTime:0.000029s ]
INFO: [ app_init ] --END-- [ RunTime:0.000632s ]
INFO: [ app_begin ] --START--
INFO: Run Behavior\ReadHtmlCacheBehavior [ RunTime:0.000465s ]
INFO: [ app_begin ] --END-- [ RunTime:0.000536s ]
SQL: SHOW COLUMNS FROM `liquor` [ RunTime:0.0007s ]
SQL: INSERT INTO `liquor` (`type`,`alcohol`,`level`,`tempera`,`price`,`url`,`link`,`location`,`content`,`uname`,`creattime`,`changetime`,`total`) VALUES ('1','2','3','4','5','http://email.163.com','http://www.baidu.com','biejing','213213','1','1421828946','1421828946','100') [ RunTime:0.0411s ]
INFO: [ app_end ] --START--
INFO: Run Behavior\ShowPageTraceBehavior [ RunTime:0.000449s ]
INFO: [ app_end ] --END-- [ RunTime:0.000490s ]

[ 2015-01-21T16:29:22+08:00 ] 127.0.0.1 /index.php?m=Article&c=Index&a=add
INFO: [ app_init ] --START--
INFO: Run Behavior\BuildLiteBehavior [ RunTime:0.000014s ]
INFO: [ app_init ] --END-- [ RunTime:0.000261s ]
INFO: [ app_begin ] --START--
INFO: Run Behavior\ReadHtmlCacheBehavior [ RunTime:0.000317s ]
INFO: [ app_begin ] --END-- [ RunTime:0.000359s ]
SQL: SHOW COLUMNS FROM `liquor` [ RunTime:0.0006s ]
SQL: INSERT INTO `liquor` (`type`,`alcohol`,`level`,`tempera`,`price`,`url`,`link`,`location`,`content`,`uname`,`creattime`,`changetime`,`total`) VALUES ('1','2','3','4','5','http://email.163.com','http://www.baidu.com','biejing','213213','1','1421828961','1421828961','100') [ RunTime:0.0287s ]
SQL: INSERT INTO `liquor` (`type`,`alcohol`,`level`,`tempera`,`price`,`url`,`link`,`location`,`content`,`uname`,`creattime`,`changetime`,`total`) VALUES ('1','2','3','4','5','http://email.163.com','http://www.baidu.com','biejing','213213','1','1421828961','1421828961','100') [ RunTime:0.0243s ]
SQL: INSERT INTO `liquor` (`type`,`alcohol`,`level`,`tempera`,`price`,`url`,`link`,`location`,`content`,`uname`,`creattime`,`changetime`,`total`) VALUES ('1','2','3','4','5','http://email.163.com','http://www.baidu.com','biejing','213213','1','1421828961','1421828961','100') [ RunTime:0.0244s ]
SQL: INSERT INTO `liquor` (`type`,`alcohol`,`level`,`tempera`,`price`,`url`,`link`,`location`,`content`,`uname`,`creattime`,`changetime`,`total`) VALUES ('1','2','3','4','5','http://email.163.com','http://www.baidu.com','biejing','213213','1','1421828961','1421828961','100') [ RunTime:0.0494s ]
SQL: INSERT INTO `liquor` (`type`,`alcohol`,`level`,`tempera`,`price`,`url`,`link`,`location`,`content`,`uname`,`creattime`,`changetime`,`total`) VALUES ('1','2','3','4','5','http://email.163.com','http://www.baidu.com','biejing','213213','1','1421828961','1421828961','100') [ RunTime:0.0480s ]
SQL: INSERT INTO `liquor` (`type`,`alcohol`,`level`,`tempera`,`price`,`url`,`link`,`location`,`content`,`uname`,`creattime`,`changetime`,`total`) VALUES ('1','2','3','4','5','http://email.163.com','http://www.baidu.com','biejing','213213','1','1421828961','1421828961','100') [ RunTime:0.0493s ]
SQL: INSERT INTO `liquor` (`type`,`alcohol`,`level`,`tempera`,`price`,`url`,`link`,`location`,`content`,`uname`,`creattime`,`changetime`,`total`) VALUES ('1','2','3','4','5','http://email.163.com','http://www.baidu.com','biejing','213213','1','1421828961','1421828961','100') [ RunTime:0.0244s ]
SQL: INSERT INTO `liquor` (`type`,`alcohol`,`level`,`tempera`,`price`,`url`,`link`,`location`,`content`,`uname`,`creattime`,`changetime`,`total`) VALUES ('1','2','3','4','5','http://email.163.com','http://www.baidu.com','biejing','213213','1','1421828961','1421828961','100') [ RunTime:0.0244s ]
SQL: INSERT INTO `liquor` (`type`,`alcohol`,`level`,`tempera`,`price`,`url`,`link`,`location`,`content`,`uname`,`creattime`,`changetime`,`total`) VALUES ('1','2','3','4','5','http://email.163.com','http://www.baidu.com','biejing','213213','1','1421828961','1421828961','100') [ RunTime:0.0231s ]
SQL: INSERT INTO `liquor` (`type`,`alcohol`,`level`,`tempera`,`price`,`url`,`link`,`location`,`content`,`uname`,`creattime`,`changetime`,`total`) VALUES ('1','2','3','4','5','http://email.163.com','http://www.baidu.com','biejing','213213','1','1421828961','1421828961','100') [ RunTime:0.0245s ]
SQL: INSERT INTO `liquor` (`type`,`alcohol`,`level`,`tempera`,`price`,`url`,`link`,`location`,`content`,`uname`,`creattime`,`changetime`,`total`) VALUES ('1','2','3','4','5','http://email.163.com','http://www.baidu.com','biejing','213213','1','1421828961','1421828961','100') [ RunTime:0.0246s ]
SQL: INSERT INTO `liquor` (`type`,`alcohol`,`level`,`tempera`,`price`,`url`,`link`,`location`,`content`,`uname`,`creattime`,`changetime`,`total`) VALUES ('1','2','3','4','5','http://email.163.com','http://www.baidu.com','biejing','213213','1','1421828961','1421828961','100') [ RunTime:0.0245s ]
SQL: INSERT INTO `liquor` (`type`,`alcohol`,`level`,`tempera`,`price`,`url`,`link`,`location`,`content`,`uname`,`creattime`,`changetime`,`total`) VALUES ('1','2','3','4','5','http://email.163.com','http://www.baidu.com','biejing','213213','1','1421828961','1421828961','100') [ RunTime:0.0246s ]
SQL: INSERT INTO `liquor` (`type`,`alcohol`,`level`,`tempera`,`price`,`url`,`link`,`location`,`content`,`uname`,`creattime`,`changetime`,`total`) VALUES ('1','2','3','4','5','http://email.163.com','http://www.baidu.com','biejing','213213','1','1421828961','1421828961','100') [ RunTime:0.0247s ]
SQL: INSERT INTO `liquor` (`type`,`alcohol`,`level`,`tempera`,`price`,`url`,`link`,`location`,`content`,`uname`,`creattime`,`changetime`,`total`) VALUES ('1','2','3','4','5','http://email.163.com','http://www.baidu.com','biejing','213213','1','1421828961','1421828961','100') [ RunTime:0.0232s ]
SQL: INSERT INTO `liquor` (`type`,`alcohol`,`level`,`tempera`,`price`,`url`,`link`,`location`,`content`,`uname`,`creattime`,`changetime`,`total`) VALUES ('1','2','3','4','5','http://email.163.com','http://www.baidu.com','biejing','213213','1','1421828961','1421828961','100') [ RunTime:0.0244s ]
SQL: INSERT INTO `liquor` (`type`,`alcohol`,`level`,`tempera`,`price`,`url`,`link`,`location`,`content`,`uname`,`creattime`,`changetime`,`total`) VALUES ('1','2','3','4','5','http://email.163.com','http://www.baidu.com','biejing','213213','1','1421828961','1421828961','100') [ RunTime:0.0246s ]
SQL: INSERT INTO `liquor` (`type`,`alcohol`,`level`,`tempera`,`price`,`url`,`link`,`location`,`content`,`uname`,`creattime`,`changetime`,`total`) VALUES ('1','2','3','4','5','http://email.163.com','http://www.baidu.com','biejing','213213','1','1421828961','1421828961','100') [ RunTime:0.0243s ]
SQL: INSERT INTO `liquor` (`type`,`alcohol`,`level`,`tempera`,`price`,`url`,`link`,`location`,`content`,`uname`,`creattime`,`changetime`,`total`) VALUES ('1','2','3','4','5','http://email.163.com','http://www.baidu.com','biejing','213213','1','1421828961','1421828961','100') [ RunTime:0.0244s ]
SQL: INSERT INTO `liquor` (`type`,`alcohol`,`level`,`tempera`,`price`,`url`,`link`,`location`,`content`,`uname`,`creattime`,`changetime`,`total`) VALUES ('1','2','3','4','5','http://email.163.com','http://www.baidu.com','biejing','213213','1','1421828961','1421828961','100') [ RunTime:0.0246s ]
SQL: INSERT INTO `liquor` (`type`,`alcohol`,`level`,`tempera`,`price`,`url`,`link`,`location`,`content`,`uname`,`creattime`,`changetime`,`total`) VALUES ('1','2','3','4','5','http://email.163.com','http://www.baidu.com','biejing','213213','1','1421828961','1421828961','100') [ RunTime:0.0234s ]
SQL: INSERT INTO `liquor` (`type`,`alcohol`,`level`,`tempera`,`price`,`url`,`link`,`location`,`content`,`uname`,`creattime`,`changetime`,`total`) VALUES ('1','2','3','4','5','http://email.163.com','http://www.baidu.com','biejing','213213','1','1421828961','1421828961','100') [ RunTime:0.0243s ]
SQL: INSERT INTO `liquor` (`type`,`alcohol`,`level`,`tempera`,`price`,`url`,`link`,`location`,`content`,`uname`,`creattime`,`changetime`,`total`) VALUES ('1','2','3','4','5','http://email.163.com','http://www.baidu.com','biejing','213213','1','1421828961','1421828961','100') [ RunTime:0.0245s ]
SQL: INSERT INTO `liquor` (`type`,`alcohol`,`level`,`tempera`,`price`,`url`,`link`,`location`,`content`,`uname`,`creattime`,`changetime`,`total`) VALUES ('1','2','3','4','5','http://email.163.com','http://www.baidu.com','biejing','213213','1','1421828961','1421828961','100') [ RunTime:0.0244s ]
SQL: INSERT INTO `liquor` (`type`,`alcohol`,`level`,`tempera`,`price`,`url`,`link`,`location`,`content`,`uname`,`creattime`,`changetime`,`total`) VALUES ('1','2','3','4','5','http://email.163.com','http://www.baidu.com','biejing','213213','1','1421828961','1421828961','100') [ RunTime:0.0262s ]
SQL: INSERT INTO `liquor` (`type`,`alcohol`,`level`,`tempera`,`price`,`url`,`link`,`location`,`content`,`uname`,`creattime`,`changetime`,`total`) VALUES ('1','2','3','4','5','http://email.163.com','http://www.baidu.com','biejing','213213','1','1421828961','1421828961','100') [ RunTime:0.0243s ]
SQL: INSERT INTO `liquor` (`type`,`alcohol`,`level`,`tempera`,`price`,`url`,`link`,`location`,`content`,`uname`,`creattime`,`changetime`,`total`) VALUES ('1','2','3','4','5','http://email.163.com','http://www.baidu.com','biejing','213213','1','1421828961','1421828961','100') [ RunTime:0.0232s ]
SQL: INSERT INTO `liquor` (`type`,`alcohol`,`level`,`tempera`,`price`,`url`,`link`,`location`,`content`,`uname`,`creattime`,`changetime`,`total`) VALUES ('1','2','3','4','5','http://email.163.com','http://www.baidu.com','biejing','213213','1','1421828961','1421828961','100') [ RunTime:0.0244s ]
SQL: INSERT INTO `liquor` (`type`,`alcohol`,`level`,`tempera`,`price`,`url`,`link`,`location`,`content`,`uname`,`creattime`,`changetime`,`total`) VALUES ('1','2','3','4','5','http://email.163.com','http://www.baidu.com','biejing','213213','1','1421828961','1421828961','100') [ RunTime:0.0245s ]
SQL: INSERT INTO `liquor` (`type`,`alcohol`,`level`,`tempera`,`price`,`url`,`link`,`location`,`content`,`uname`,`creattime`,`changetime`,`total`) VALUES ('1','2','3','4','5','http://email.163.com','http://www.baidu.com','biejing','213213','1','1421828961','1421828961','100') [ RunTime:0.0243s ]
INFO: [ app_end ] --START--
INFO: Run Behavior\ShowPageTraceBehavior [ RunTime:0.000658s ]
INFO: [ app_end ] --END-- [ RunTime:0.000705s ]

[ 2015-01-21T16:33:12+08:00 ] 127.0.0.1 /index.php?m=Article&c=Index&a=getPageList
INFO: [ app_init ] --START--
INFO: Run Behavior\BuildLiteBehavior [ RunTime:0.000014s ]
INFO: [ app_init ] --END-- [ RunTime:0.000244s ]
INFO: [ app_begin ] --START--
INFO: Run Behavior\ReadHtmlCacheBehavior [ RunTime:0.000309s ]
INFO: [ app_begin ] --END-- [ RunTime:0.000350s ]
SQL: SHOW COLUMNS FROM `liquor` [ RunTime:0.0007s ]
SQL: SELECT * FROM `liquor` ORDER BY creattime desc LIMIT 20   [ RunTime:0.0012s ]
INFO: [ app_end ] --START--
INFO: Run Behavior\ShowPageTraceBehavior [ RunTime:0.000458s ]
INFO: [ app_end ] --END-- [ RunTime:0.000504s ]

[ 2015-01-21T16:33:19+08:00 ] 127.0.0.1 /index.php?m=Article&c=Index&a=getPageList
INFO: [ app_init ] --START--
INFO: Run Behavior\BuildLiteBehavior [ RunTime:0.000014s ]
INFO: [ app_init ] --END-- [ RunTime:0.000265s ]
INFO: [ app_begin ] --START--
INFO: Run Behavior\ReadHtmlCacheBehavior [ RunTime:0.000320s ]
INFO: [ app_begin ] --END-- [ RunTime:0.000362s ]
SQL: SHOW COLUMNS FROM `liquor` [ RunTime:0.0007s ]
SQL: SELECT * FROM `liquor` ORDER BY creattime desc LIMIT 20   [ RunTime:0.0004s ]
INFO: [ app_end ] --START--
INFO: Run Behavior\ShowPageTraceBehavior [ RunTime:0.000456s ]
INFO: [ app_end ] --END-- [ RunTime:0.000507s ]

[ 2015-01-21T17:32:34+08:00 ] 127.0.0.1 /index.php?m=Article&c=Index&a=getPageList
INFO: [ app_init ] --START--
INFO: Run Behavior\BuildLiteBehavior [ RunTime:0.000015s ]
INFO: [ app_init ] --END-- [ RunTime:0.000254s ]
INFO: [ app_begin ] --START--
INFO: Run Behavior\ReadHtmlCacheBehavior [ RunTime:0.003288s ]
INFO: [ app_begin ] --END-- [ RunTime:0.003530s ]
SQL: SHOW COLUMNS FROM `liquor` [ RunTime:0.0006s ]
SQL: SELECT * FROM `liquor` ORDER BY creattime desc LIMIT 20   [ RunTime:0.0003s ]

[ 2015-01-21T17:32:55+08:00 ] 127.0.0.1 /index.php?m=Article&c=Index&a=getPageList
INFO: [ app_init ] --START--
INFO: Run Behavior\BuildLiteBehavior [ RunTime:0.000015s ]
INFO: [ app_init ] --END-- [ RunTime:0.000278s ]
INFO: [ app_begin ] --START--
INFO: Run Behavior\ReadHtmlCacheBehavior [ RunTime:0.000326s ]
INFO: [ app_begin ] --END-- [ RunTime:0.000363s ]
SQL: SHOW COLUMNS FROM `liquor` [ RunTime:0.0007s ]
SQL: SELECT * FROM `liquor` ORDER BY creattime desc LIMIT 20   [ RunTime:0.0004s ]
INFO: [ view_parse ] --START--
INFO: [ template_filter ] --START--
INFO: Run Behavior\ContentReplaceBehavior [ RunTime:0.000033s ]
INFO: [ template_filter ] --END-- [ RunTime:0.000089s ]
INFO: Run Behavior\ParseTemplateBehavior [ RunTime:0.019333s ]
INFO: [ view_parse ] --END-- [ RunTime:0.019389s ]
INFO: [ view_filter ] --START--
INFO: Run Behavior\WriteHtmlCacheBehavior [ RunTime:0.000129s ]
INFO: [ view_filter ] --END-- [ RunTime:0.000161s ]
INFO: [ app_end ] --START--
INFO: Run Behavior\ShowPageTraceBehavior [ RunTime:0.000368s ]
INFO: [ app_end ] --END-- [ RunTime:0.000403s ]

[ 2015-01-21T17:33:56+08:00 ] 127.0.0.1 /index.php?m=Article&c=Index&a=getPageList
INFO: [ app_init ] --START--
INFO: Run Behavior\BuildLiteBehavior [ RunTime:0.000014s ]
INFO: [ app_init ] --END-- [ RunTime:0.000255s ]
INFO: [ app_begin ] --START--
INFO: Run Behavior\ReadHtmlCacheBehavior [ RunTime:0.000309s ]
INFO: [ app_begin ] --END-- [ RunTime:0.000348s ]
SQL: SHOW COLUMNS FROM `liquor` [ RunTime:0.0006s ]
SQL: SELECT * FROM `liquor` ORDER BY creattime desc LIMIT 20   [ RunTime:0.0004s ]
INFO: [ view_parse ] --START--
INFO: [ template_filter ] --START--
INFO: Run Behavior\ContentReplaceBehavior [ RunTime:0.000043s ]
INFO: [ template_filter ] --END-- [ RunTime:0.000120s ]
INFO: Run Behavior\ParseTemplateBehavior [ RunTime:0.008061s ]
INFO: [ view_parse ] --END-- [ RunTime:0.008124s ]
INFO: [ view_filter ] --START--
INFO: Run Behavior\WriteHtmlCacheBehavior [ RunTime:0.000131s ]
INFO: [ view_filter ] --END-- [ RunTime:0.000166s ]
INFO: [ app_end ] --START--
INFO: Run Behavior\ShowPageTraceBehavior [ RunTime:0.000368s ]
INFO: [ app_end ] --END-- [ RunTime:0.000406s ]

[ 2015-01-21T17:34:43+08:00 ] 127.0.0.1 /index.php?m=Article&c=Index&a=getPageList
INFO: [ app_init ] --START--
INFO: Run Behavior\BuildLiteBehavior [ RunTime:0.000015s ]
INFO: [ app_init ] --END-- [ RunTime:0.000271s ]
INFO: [ app_begin ] --START--
INFO: Run Behavior\ReadHtmlCacheBehavior [ RunTime:0.000330s ]
INFO: [ app_begin ] --END-- [ RunTime:0.000376s ]
SQL: SHOW COLUMNS FROM `liquor` [ RunTime:0.0007s ]
SQL: SELECT * FROM `liquor` ORDER BY creattime desc LIMIT 20   [ RunTime:0.0004s ]
INFO: [ view_parse ] --START--
INFO: [ template_filter ] --START--
INFO: Run Behavior\ContentReplaceBehavior [ RunTime:0.000036s ]
INFO: [ template_filter ] --END-- [ RunTime:0.000091s ]
INFO: Run Behavior\ParseTemplateBehavior [ RunTime:0.005450s ]
INFO: [ view_parse ] --END-- [ RunTime:0.005505s ]
INFO: [ view_filter ] --START--
INFO: Run Behavior\WriteHtmlCacheBehavior [ RunTime:0.000112s ]
INFO: [ view_filter ] --END-- [ RunTime:0.000144s ]
INFO: [ app_end ] --START--
INFO: Run Behavior\ShowPageTraceBehavior [ RunTime:0.000349s ]
INFO: [ app_end ] --END-- [ RunTime:0.000385s ]

