[ 2015-02-24T09:56:17+08:00 ] 127.0.0.1 /index.php?m=Template&c=Index&a=phone&id=9
INFO: [ app_init ] --START--
INFO: Run Behavior\BuildLiteBehavior [ RunTime:0.000012s ]
INFO: [ app_init ] --END-- [ RunTime:0.000456s ]
INFO: [ app_begin ] --START--
INFO: Run Behavior\ReadHtmlCacheBehavior [ RunTime:0.000779s ]
INFO: [ app_begin ] --END-- [ RunTime:0.000864s ]
SQL: SHOW COLUMNS FROM `item` [ RunTime:0.0541s ]
SQL: SELECT * FROM `item` WHERE ( id='9' ) LIMIT 1   [ RunTime:0.0008s ]
NOTIC: [8192] Function split() is deprecated /home/mtf/Application/dq/Application/Template/Controller/IndexController.class.php 第 38 行.
SQL: SHOW COLUMNS FROM `table_item` [ RunTime:0.0232s ]
SQL: SELECT * FROM `table_item` WHERE ( id=4 ) LIMIT 1   [ RunTime:0.0003s ]
INFO: [ view_parse ] --START--
INFO: [ template_filter ] --START--
INFO: Run Behavior\ContentReplaceBehavior [ RunTime:0.000099s ]
INFO: [ template_filter ] --END-- [ RunTime:0.000162s ]
INFO: Run Behavior\ParseTemplateBehavior [ RunTime:0.041371s ]
INFO: [ view_parse ] --END-- [ RunTime:0.041433s ]
INFO: [ view_filter ] --START--
INFO: Run Behavior\WriteHtmlCacheBehavior [ RunTime:0.005871s ]
INFO: [ view_filter ] --END-- [ RunTime:0.005934s ]
INFO: [ app_end ] --START--
INFO: Run Behavior\ShowPageTraceBehavior [ RunTime:0.001017s ]
INFO: [ app_end ] --END-- [ RunTime:0.001064s ]

