[ 2015-02-07T14:03:07+08:00 ] 127.0.0.1 /index.php?m=Template&c=Index&a=phone&id=5
INFO: [ app_init ] --START--
INFO: Run Behavior\BuildLiteBehavior [ RunTime:0.000011s ]
INFO: [ app_init ] --END-- [ RunTime:0.000229s ]
INFO: [ app_begin ] --START--
INFO: Run Behavior\ReadHtmlCacheBehavior [ RunTime:0.000342s ]
INFO: [ app_begin ] --END-- [ RunTime:0.000393s ]
SQL: SHOW COLUMNS FROM `liquor` [ RunTime:0.0006s ]
SQL: SELECT * FROM `liquor` WHERE ( id='5' ) LIMIT 1   [ RunTime:0.0029s ]
NOTIC: [8192] Function split() is deprecated /home/mtf/Application/dq/Application/Template/Controller/IndexController.class.php 第 37 行.
INFO: [ view_parse ] --START--
INFO: [ template_filter ] --START--
INFO: Run Behavior\ContentReplaceBehavior [ RunTime:0.000054s ]
INFO: [ template_filter ] --END-- [ RunTime:0.000097s ]
NOTIC: [8] Undefined index: title /home/mtf/Application/dq/Application/Runtime/Cache/Template/a233f0213d6d9a13f77e057015a31353.php 第 63 行.
NOTIC: [8] Undefined index: price /home/mtf/Application/dq/Application/Runtime/Cache/Template/a233f0213d6d9a13f77e057015a31353.php 第 67 行.
NOTIC: [8] Undefined index: total /home/mtf/Application/dq/Application/Runtime/Cache/Template/a233f0213d6d9a13f77e057015a31353.php 第 68 行.
NOTIC: [8] Undefined index: type /home/mtf/Application/dq/Application/Runtime/Cache/Template/a233f0213d6d9a13f77e057015a31353.php 第 77 行.
NOTIC: [8] Undefined index: country /home/mtf/Application/dq/Application/Runtime/Cache/Template/a233f0213d6d9a13f77e057015a31353.php 第 81 行.
NOTIC: [8] Undefined index: province /home/mtf/Application/dq/Application/Runtime/Cache/Template/a233f0213d6d9a13f77e057015a31353.php 第 81 行.
NOTIC: [8] Undefined index: county /home/mtf/Application/dq/Application/Runtime/Cache/Template/a233f0213d6d9a13f77e057015a31353.php 第 81 行.
NOTIC: [8] Undefined index: location /home/mtf/Application/dq/Application/Runtime/Cache/Template/a233f0213d6d9a13f77e057015a31353.php 第 81 行.
NOTIC: [8] Undefined index: level /home/mtf/Application/dq/Application/Runtime/Cache/Template/a233f0213d6d9a13f77e057015a31353.php 第 85 行.
NOTIC: [8] Undefined index: alcohol /home/mtf/Application/dq/Application/Runtime/Cache/Template/a233f0213d6d9a13f77e057015a31353.php 第 89 行.
NOTIC: [8] Undefined index: tempera /home/mtf/Application/dq/Application/Runtime/Cache/Template/a233f0213d6d9a13f77e057015a31353.php 第 93 行.
INFO: Run Behavior\ParseTemplateBehavior [ RunTime:0.011043s ]
INFO: [ view_parse ] --END-- [ RunTime:0.011076s ]
INFO: [ view_filter ] --START--
INFO: Run Behavior\WriteHtmlCacheBehavior [ RunTime:0.000099s ]
INFO: [ view_filter ] --END-- [ RunTime:0.000124s ]
INFO: [ app_end ] --START--
INFO: Run Behavior\ShowPageTraceBehavior [ RunTime:0.000321s ]
INFO: [ app_end ] --END-- [ RunTime:0.000348s ]

[ 2015-02-07T14:06:08+08:00 ] 127.0.0.1 /index.php?m=Template&c=Index&a=phone&id=5
INFO: [ app_init ] --START--
INFO: Run Behavior\BuildLiteBehavior [ RunTime:0.000012s ]
INFO: [ app_init ] --END-- [ RunTime:0.000285s ]
INFO: [ app_begin ] --START--
INFO: Run Behavior\ReadHtmlCacheBehavior [ RunTime:0.000361s ]
INFO: [ app_begin ] --END-- [ RunTime:0.000407s ]
SQL: SHOW COLUMNS FROM `item` [ RunTime:0.0006s ]
SQL: SELECT * FROM `item` WHERE ( id='5' ) LIMIT 1   [ RunTime:0.0003s ]
NOTIC: [8192] Function split() is deprecated /home/mtf/Application/dq/Application/Template/Controller/IndexController.class.php 第 37 行.
INFO: [ view_parse ] --START--
INFO: [ template_filter ] --START--
INFO: Run Behavior\ContentReplaceBehavior [ RunTime:0.000048s ]
INFO: [ template_filter ] --END-- [ RunTime:0.000091s ]
NOTIC: [8] Undefined index: type /home/mtf/Application/dq/Application/Runtime/Cache/Template/a233f0213d6d9a13f77e057015a31353.php 第 77 行.
NOTIC: [8] Undefined index: country /home/mtf/Application/dq/Application/Runtime/Cache/Template/a233f0213d6d9a13f77e057015a31353.php 第 81 行.
NOTIC: [8] Undefined index: province /home/mtf/Application/dq/Application/Runtime/Cache/Template/a233f0213d6d9a13f77e057015a31353.php 第 81 行.
NOTIC: [8] Undefined index: county /home/mtf/Application/dq/Application/Runtime/Cache/Template/a233f0213d6d9a13f77e057015a31353.php 第 81 行.
NOTIC: [8] Undefined index: location /home/mtf/Application/dq/Application/Runtime/Cache/Template/a233f0213d6d9a13f77e057015a31353.php 第 81 行.
NOTIC: [8] Undefined index: level /home/mtf/Application/dq/Application/Runtime/Cache/Template/a233f0213d6d9a13f77e057015a31353.php 第 85 行.
NOTIC: [8] Undefined index: alcohol /home/mtf/Application/dq/Application/Runtime/Cache/Template/a233f0213d6d9a13f77e057015a31353.php 第 89 行.
NOTIC: [8] Undefined index: tempera /home/mtf/Application/dq/Application/Runtime/Cache/Template/a233f0213d6d9a13f77e057015a31353.php 第 93 行.
INFO: Run Behavior\ParseTemplateBehavior [ RunTime:0.006419s ]
INFO: [ view_parse ] --END-- [ RunTime:0.006454s ]
INFO: [ view_filter ] --START--
INFO: Run Behavior\WriteHtmlCacheBehavior [ RunTime:0.000112s ]
INFO: [ view_filter ] --END-- [ RunTime:0.000138s ]
INFO: [ app_end ] --START--
INFO: Run Behavior\ShowPageTraceBehavior [ RunTime:0.000321s ]
INFO: [ app_end ] --END-- [ RunTime:0.000349s ]

[ 2015-02-07T14:07:56+08:00 ] 127.0.0.1 /index.php?m=Template&c=Index&a=phone&id=5
INFO: [ app_init ] --START--
INFO: Run Behavior\BuildLiteBehavior [ RunTime:0.000011s ]
INFO: [ app_init ] --END-- [ RunTime:0.000218s ]
INFO: [ app_begin ] --START--
INFO: Run Behavior\ReadHtmlCacheBehavior [ RunTime:0.000326s ]
INFO: [ app_begin ] --END-- [ RunTime:0.000362s ]
SQL: SHOW COLUMNS FROM `item` [ RunTime:0.0006s ]
SQL: SELECT * FROM `item` WHERE ( id='5' ) LIMIT 1   [ RunTime:0.0003s ]
NOTIC: [8192] Function split() is deprecated /home/mtf/Application/dq/Application/Template/Controller/IndexController.class.php 第 37 行.
SQL: SHOW COLUMNS FROM `table_item` [ RunTime:0.0007s ]
NOTIC: [8] Undefined variable: tableid /home/mtf/Application/dq/Application/Template/Controller/IndexController.class.php 第 42 行.
ERR: SQLSTATE[42000]: Syntax error or access violation: 1064 You have an error in your SQL syntax; check the manual that corresponds to your MySQL server version for the right syntax to use near ') LIMIT 1' at line 1

[ 2015-02-07T14:08:14+08:00 ] 127.0.0.1 /index.php?m=Template&c=Index&a=phone&id=5
INFO: [ app_init ] --START--
INFO: Run Behavior\BuildLiteBehavior [ RunTime:0.000012s ]
INFO: [ app_init ] --END-- [ RunTime:0.000273s ]
INFO: [ app_begin ] --START--
INFO: Run Behavior\ReadHtmlCacheBehavior [ RunTime:0.000353s ]
INFO: [ app_begin ] --END-- [ RunTime:0.000394s ]
SQL: SHOW COLUMNS FROM `item` [ RunTime:0.0006s ]
SQL: SELECT * FROM `item` WHERE ( id='5' ) LIMIT 1   [ RunTime:0.0004s ]
NOTIC: [8192] Function split() is deprecated /home/mtf/Application/dq/Application/Template/Controller/IndexController.class.php 第 37 行.
SQL: SHOW COLUMNS FROM `table_item` [ RunTime:0.0004s ]
SQL: SELECT * FROM `table_item` WHERE ( id=1 ) LIMIT 1   [ RunTime:0.0003s ]
INFO: [ view_parse ] --START--
INFO: [ template_filter ] --START--
INFO: Run Behavior\ContentReplaceBehavior [ RunTime:0.000073s ]
INFO: [ template_filter ] --END-- [ RunTime:0.000118s ]
NOTIC: [8] Undefined index: type /home/mtf/Application/dq/Application/Runtime/Cache/Template/a233f0213d6d9a13f77e057015a31353.php 第 77 行.
NOTIC: [8] Undefined index: country /home/mtf/Application/dq/Application/Runtime/Cache/Template/a233f0213d6d9a13f77e057015a31353.php 第 81 行.
NOTIC: [8] Undefined index: province /home/mtf/Application/dq/Application/Runtime/Cache/Template/a233f0213d6d9a13f77e057015a31353.php 第 81 行.
NOTIC: [8] Undefined index: county /home/mtf/Application/dq/Application/Runtime/Cache/Template/a233f0213d6d9a13f77e057015a31353.php 第 81 行.
NOTIC: [8] Undefined index: location /home/mtf/Application/dq/Application/Runtime/Cache/Template/a233f0213d6d9a13f77e057015a31353.php 第 81 行.
NOTIC: [8] Undefined index: level /home/mtf/Application/dq/Application/Runtime/Cache/Template/a233f0213d6d9a13f77e057015a31353.php 第 85 行.
NOTIC: [8] Undefined index: alcohol /home/mtf/Application/dq/Application/Runtime/Cache/Template/a233f0213d6d9a13f77e057015a31353.php 第 89 行.
NOTIC: [8] Undefined index: tempera /home/mtf/Application/dq/Application/Runtime/Cache/Template/a233f0213d6d9a13f77e057015a31353.php 第 93 行.
INFO: Run Behavior\ParseTemplateBehavior [ RunTime:0.005878s ]
INFO: [ view_parse ] --END-- [ RunTime:0.005913s ]
INFO: [ view_filter ] --START--
INFO: Run Behavior\WriteHtmlCacheBehavior [ RunTime:0.000105s ]
INFO: [ view_filter ] --END-- [ RunTime:0.000131s ]
INFO: [ app_end ] --START--
INFO: Run Behavior\ShowPageTraceBehavior [ RunTime:0.000322s ]
INFO: [ app_end ] --END-- [ RunTime:0.000350s ]

[ 2015-02-07T14:14:04+08:00 ] 127.0.0.1 /index.php?m=Template&c=Index&a=phone&id=5
INFO: [ app_init ] --START--
INFO: Run Behavior\BuildLiteBehavior [ RunTime:0.000012s ]
INFO: [ app_init ] --END-- [ RunTime:0.000322s ]
INFO: [ app_begin ] --START--
INFO: Run Behavior\ReadHtmlCacheBehavior [ RunTime:0.000291s ]
INFO: [ app_begin ] --END-- [ RunTime:0.000324s ]

[ 2015-02-07T14:14:12+08:00 ] 127.0.0.1 /index.php?m=Template&c=Index&a=phone&id=5
INFO: [ app_init ] --START--
INFO: Run Behavior\BuildLiteBehavior [ RunTime:0.000011s ]
INFO: [ app_init ] --END-- [ RunTime:0.000214s ]
INFO: [ app_begin ] --START--
INFO: Run Behavior\ReadHtmlCacheBehavior [ RunTime:0.000274s ]
INFO: [ app_begin ] --END-- [ RunTime:0.000306s ]
SQL: SHOW COLUMNS FROM `item` [ RunTime:0.0006s ]
SQL: SELECT * FROM `item` WHERE ( id='5' ) LIMIT 1   [ RunTime:0.0003s ]
NOTIC: [8192] Function split() is deprecated /home/mtf/Application/dq/Application/Template/Controller/IndexController.class.php 第 37 行.
SQL: SHOW COLUMNS FROM `table_item` [ RunTime:0.0004s ]
SQL: SELECT * FROM `table_item` WHERE ( id=1 ) LIMIT 1   [ RunTime:0.0002s ]
INFO: [ view_parse ] --START--
INFO: [ template_filter ] --START--
INFO: Run Behavior\ContentReplaceBehavior [ RunTime:0.000073s ]
INFO: [ template_filter ] --END-- [ RunTime:0.000129s ]
NOTIC: [8] Undefined index: type /home/mtf/Application/dq/Application/Runtime/Cache/Template/a233f0213d6d9a13f77e057015a31353.php 第 77 行.
NOTIC: [8] Undefined index: country /home/mtf/Application/dq/Application/Runtime/Cache/Template/a233f0213d6d9a13f77e057015a31353.php 第 81 行.
NOTIC: [8] Undefined index: province /home/mtf/Application/dq/Application/Runtime/Cache/Template/a233f0213d6d9a13f77e057015a31353.php 第 81 行.
NOTIC: [8] Undefined index: county /home/mtf/Application/dq/Application/Runtime/Cache/Template/a233f0213d6d9a13f77e057015a31353.php 第 81 行.
NOTIC: [8] Undefined index: location /home/mtf/Application/dq/Application/Runtime/Cache/Template/a233f0213d6d9a13f77e057015a31353.php 第 81 行.
NOTIC: [8] Undefined index: level /home/mtf/Application/dq/Application/Runtime/Cache/Template/a233f0213d6d9a13f77e057015a31353.php 第 85 行.
NOTIC: [8] Undefined index: alcohol /home/mtf/Application/dq/Application/Runtime/Cache/Template/a233f0213d6d9a13f77e057015a31353.php 第 89 行.
NOTIC: [8] Undefined index: tempera /home/mtf/Application/dq/Application/Runtime/Cache/Template/a233f0213d6d9a13f77e057015a31353.php 第 93 行.
INFO: Run Behavior\ParseTemplateBehavior [ RunTime:0.009139s ]
INFO: [ view_parse ] --END-- [ RunTime:0.009183s ]
INFO: [ view_filter ] --START--
INFO: Run Behavior\WriteHtmlCacheBehavior [ RunTime:0.000157s ]
INFO: [ view_filter ] --END-- [ RunTime:0.000202s ]
INFO: [ app_end ] --START--
INFO: Run Behavior\ShowPageTraceBehavior [ RunTime:0.000585s ]
INFO: [ app_end ] --END-- [ RunTime:0.000634s ]

[ 2015-02-07T14:17:13+08:00 ] 127.0.0.1 /index.php?m=Template&c=Index&a=phone&id=5
INFO: [ app_init ] --START--
INFO: Run Behavior\BuildLiteBehavior [ RunTime:0.000011s ]
INFO: [ app_init ] --END-- [ RunTime:0.000234s ]
INFO: [ app_begin ] --START--
INFO: Run Behavior\ReadHtmlCacheBehavior [ RunTime:0.000295s ]
INFO: [ app_begin ] --END-- [ RunTime:0.000333s ]
SQL: SHOW COLUMNS FROM `item` [ RunTime:0.0007s ]
SQL: SELECT * FROM `item` WHERE ( id='5' ) LIMIT 1   [ RunTime:0.0003s ]
NOTIC: [8192] Function split() is deprecated /home/mtf/Application/dq/Application/Template/Controller/IndexController.class.php 第 37 行.
SQL: SHOW COLUMNS FROM `table_item` [ RunTime:0.0004s ]
SQL: SELECT * FROM `table_item` WHERE ( id=1 ) LIMIT 1   [ RunTime:0.0002s ]
INFO: [ view_parse ] --START--
INFO: [ template_filter ] --START--
INFO: Run Behavior\ContentReplaceBehavior [ RunTime:0.000061s ]
INFO: [ template_filter ] --END-- [ RunTime:0.000114s ]
NOTIC: [8] Undefined index: type /home/mtf/Application/dq/Application/Runtime/Cache/Template/a233f0213d6d9a13f77e057015a31353.php 第 77 行.
NOTIC: [8] Undefined index: country /home/mtf/Application/dq/Application/Runtime/Cache/Template/a233f0213d6d9a13f77e057015a31353.php 第 81 行.
NOTIC: [8] Undefined index: province /home/mtf/Application/dq/Application/Runtime/Cache/Template/a233f0213d6d9a13f77e057015a31353.php 第 81 行.
NOTIC: [8] Undefined index: county /home/mtf/Application/dq/Application/Runtime/Cache/Template/a233f0213d6d9a13f77e057015a31353.php 第 81 行.
NOTIC: [8] Undefined index: location /home/mtf/Application/dq/Application/Runtime/Cache/Template/a233f0213d6d9a13f77e057015a31353.php 第 81 行.
NOTIC: [8] Undefined index: level /home/mtf/Application/dq/Application/Runtime/Cache/Template/a233f0213d6d9a13f77e057015a31353.php 第 85 行.
NOTIC: [8] Undefined index: alcohol /home/mtf/Application/dq/Application/Runtime/Cache/Template/a233f0213d6d9a13f77e057015a31353.php 第 89 行.
NOTIC: [8] Undefined index: tempera /home/mtf/Application/dq/Application/Runtime/Cache/Template/a233f0213d6d9a13f77e057015a31353.php 第 93 行.
INFO: Run Behavior\ParseTemplateBehavior [ RunTime:0.010070s ]
INFO: [ view_parse ] --END-- [ RunTime:0.010120s ]
INFO: [ view_filter ] --START--
INFO: Run Behavior\WriteHtmlCacheBehavior [ RunTime:0.000147s ]
INFO: [ view_filter ] --END-- [ RunTime:0.000182s ]
INFO: [ app_end ] --START--
INFO: Run Behavior\ShowPageTraceBehavior [ RunTime:0.000454s ]
INFO: [ app_end ] --END-- [ RunTime:0.000495s ]

[ 2015-02-07T14:20:58+08:00 ] 127.0.0.1 /index.php?m=Template&c=Index&a=phone&id=5
INFO: [ app_init ] --START--
INFO: Run Behavior\BuildLiteBehavior [ RunTime:0.000012s ]
INFO: [ app_init ] --END-- [ RunTime:0.000236s ]
INFO: [ app_begin ] --START--
INFO: Run Behavior\ReadHtmlCacheBehavior [ RunTime:0.000300s ]
INFO: [ app_begin ] --END-- [ RunTime:0.000335s ]
SQL: SHOW COLUMNS FROM `item` [ RunTime:0.0006s ]
SQL: SELECT * FROM `item` WHERE ( id='5' ) LIMIT 1   [ RunTime:0.0003s ]
NOTIC: [8192] Function split() is deprecated /home/mtf/Application/dq/Application/Template/Controller/IndexController.class.php 第 37 行.
SQL: SHOW COLUMNS FROM `table_item` [ RunTime:0.0004s ]
SQL: SELECT * FROM `table_item` WHERE ( id=1 ) LIMIT 1   [ RunTime:0.0001s ]
INFO: [ view_parse ] --START--
INFO: [ template_filter ] --START--
INFO: Run Behavior\ContentReplaceBehavior [ RunTime:0.000047s ]
INFO: [ template_filter ] --END-- [ RunTime:0.000086s ]
NOTIC: [8] Undefined index: type /home/mtf/Application/dq/Application/Runtime/Cache/Template/48a52bd7e69a9a6516a9c1ea64fa83f5.php 第 78 行.
NOTIC: [8] Undefined index: country /home/mtf/Application/dq/Application/Runtime/Cache/Template/48a52bd7e69a9a6516a9c1ea64fa83f5.php 第 82 行.
NOTIC: [8] Undefined index: province /home/mtf/Application/dq/Application/Runtime/Cache/Template/48a52bd7e69a9a6516a9c1ea64fa83f5.php 第 82 行.
NOTIC: [8] Undefined index: county /home/mtf/Application/dq/Application/Runtime/Cache/Template/48a52bd7e69a9a6516a9c1ea64fa83f5.php 第 82 行.
NOTIC: [8] Undefined index: location /home/mtf/Application/dq/Application/Runtime/Cache/Template/48a52bd7e69a9a6516a9c1ea64fa83f5.php 第 82 行.
NOTIC: [8] Undefined index: level /home/mtf/Application/dq/Application/Runtime/Cache/Template/48a52bd7e69a9a6516a9c1ea64fa83f5.php 第 86 行.
NOTIC: [8] Undefined index: alcohol /home/mtf/Application/dq/Application/Runtime/Cache/Template/48a52bd7e69a9a6516a9c1ea64fa83f5.php 第 90 行.
NOTIC: [8] Undefined index: tempera /home/mtf/Application/dq/Application/Runtime/Cache/Template/48a52bd7e69a9a6516a9c1ea64fa83f5.php 第 94 行.
INFO: Run Behavior\ParseTemplateBehavior [ RunTime:0.006033s ]
INFO: [ view_parse ] --END-- [ RunTime:0.006063s ]
INFO: [ view_filter ] --START--
INFO: Run Behavior\WriteHtmlCacheBehavior [ RunTime:0.000104s ]
INFO: [ view_filter ] --END-- [ RunTime:0.000129s ]
INFO: [ app_end ] --START--
INFO: Run Behavior\ShowPageTraceBehavior [ RunTime:0.000320s ]
INFO: [ app_end ] --END-- [ RunTime:0.000348s ]

[ 2015-02-07T14:21:39+08:00 ] 127.0.0.1 /index.php?m=Template&c=Index&a=phone&id=5
INFO: [ app_init ] --START--
INFO: Run Behavior\BuildLiteBehavior [ RunTime:0.000011s ]
INFO: [ app_init ] --END-- [ RunTime:0.000234s ]
INFO: [ app_begin ] --START--
INFO: Run Behavior\ReadHtmlCacheBehavior [ RunTime:0.000289s ]
INFO: [ app_begin ] --END-- [ RunTime:0.000325s ]
SQL: SHOW COLUMNS FROM `item` [ RunTime:0.0007s ]
SQL: SELECT * FROM `item` WHERE ( id='5' ) LIMIT 1   [ RunTime:0.0003s ]
NOTIC: [8192] Function split() is deprecated /home/mtf/Application/dq/Application/Template/Controller/IndexController.class.php 第 37 行.
SQL: SHOW COLUMNS FROM `table_item` [ RunTime:0.0007s ]
SQL: SELECT * FROM `table_item` WHERE ( id=1 ) LIMIT 1   [ RunTime:0.0003s ]
INFO: [ view_parse ] --START--
INFO: [ template_filter ] --START--
INFO: Run Behavior\ContentReplaceBehavior [ RunTime:0.000047s ]
INFO: [ template_filter ] --END-- [ RunTime:0.000085s ]
INFO: Run Behavior\ParseTemplateBehavior [ RunTime:0.006295s ]
INFO: [ view_parse ] --END-- [ RunTime:0.006333s ]
INFO: [ view_filter ] --START--
INFO: Run Behavior\WriteHtmlCacheBehavior [ RunTime:0.000096s ]
INFO: [ view_filter ] --END-- [ RunTime:0.000125s ]
INFO: [ app_end ] --START--
INFO: Run Behavior\ShowPageTraceBehavior [ RunTime:0.000339s ]
INFO: [ app_end ] --END-- [ RunTime:0.000371s ]

[ 2015-02-07T14:27:09+08:00 ] 127.0.0.1 /index.php?m=Template&c=Index&a=phone&id=5
INFO: [ app_init ] --START--
INFO: Run Behavior\BuildLiteBehavior [ RunTime:0.000014s ]
INFO: [ app_init ] --END-- [ RunTime:0.000293s ]
INFO: [ app_begin ] --START--
INFO: Run Behavior\ReadHtmlCacheBehavior [ RunTime:0.000361s ]
INFO: [ app_begin ] --END-- [ RunTime:0.000403s ]
SQL: SHOW COLUMNS FROM `item` [ RunTime:0.0008s ]
SQL: SELECT * FROM `item` WHERE ( id='5' ) LIMIT 1   [ RunTime:0.0003s ]
NOTIC: [8192] Function split() is deprecated /home/mtf/Application/dq/Application/Template/Controller/IndexController.class.php 第 37 行.
SQL: SHOW COLUMNS FROM `table_item` [ RunTime:0.0005s ]
SQL: SELECT * FROM `table_item` WHERE ( id=1 ) LIMIT 1   [ RunTime:0.0003s ]
INFO: [ view_parse ] --START--
INFO: [ template_filter ] --START--
INFO: Run Behavior\ContentReplaceBehavior [ RunTime:0.000054s ]
INFO: [ template_filter ] --END-- [ RunTime:0.000099s ]
INFO: Run Behavior\ParseTemplateBehavior [ RunTime:0.007315s ]
INFO: [ view_parse ] --END-- [ RunTime:0.007377s ]
INFO: [ view_filter ] --START--
INFO: Run Behavior\WriteHtmlCacheBehavior [ RunTime:0.000124s ]
INFO: [ view_filter ] --END-- [ RunTime:0.000152s ]
INFO: [ app_end ] --START--
INFO: Run Behavior\ShowPageTraceBehavior [ RunTime:0.000352s ]
INFO: [ app_end ] --END-- [ RunTime:0.000385s ]

[ 2015-02-07T14:29:59+08:00 ] 127.0.0.1 /index.php?m=Template&c=Index&a=create&id=5
INFO: [ app_init ] --START--
INFO: Run Behavior\BuildLiteBehavior [ RunTime:0.000012s ]
INFO: [ app_init ] --END-- [ RunTime:0.000252s ]
INFO: [ app_begin ] --START--
INFO: Run Behavior\ReadHtmlCacheBehavior [ RunTime:0.000313s ]
INFO: [ app_begin ] --END-- [ RunTime:0.000348s ]
SQL: SHOW COLUMNS FROM `item` [ RunTime:0.0006s ]
SQL: SELECT * FROM `item` WHERE ( id='5' ) LIMIT 1   [ RunTime:0.0002s ]
NOTIC: [8192] Function split() is deprecated /home/mtf/Application/dq/Application/Template/Controller/IndexController.class.php 第 60 行.
NOTIC: [8] Undefined variable: table /home/mtf/Application/dq/Application/Template/Controller/IndexController.class.php 第 64 行.
NOTIC: [8] Undefined variable: table_content /home/mtf/Application/dq/Application/Template/Controller/IndexController.class.php 第 67 行.
NOTIC: [8] Undefined variable: table_content /home/mtf/Application/dq/Application/Template/Controller/IndexController.class.php 第 67 行.
INFO: [ view_parse ] --START--
INFO: [ template_filter ] --START--
INFO: Run Behavior\ContentReplaceBehavior [ RunTime:0.000046s ]
INFO: [ template_filter ] --END-- [ RunTime:0.000088s ]
INFO: Run Behavior\ParseTemplateBehavior [ RunTime:0.005647s ]
INFO: [ view_parse ] --END-- [ RunTime:0.005679s ]
INFO: [ view_filter ] --START--
INFO: Run Behavior\WriteHtmlCacheBehavior [ RunTime:0.000102s ]
INFO: [ view_filter ] --END-- [ RunTime:0.000145s ]

[ 2015-02-07T14:30:25+08:00 ] 127.0.0.1 /index.php?m=Template&c=Index&a=create&id=5
INFO: [ app_init ] --START--
INFO: Run Behavior\BuildLiteBehavior [ RunTime:0.000011s ]
INFO: [ app_init ] --END-- [ RunTime:0.000236s ]
INFO: [ app_begin ] --START--
INFO: Run Behavior\ReadHtmlCacheBehavior [ RunTime:0.000286s ]
INFO: [ app_begin ] --END-- [ RunTime:0.000318s ]
SQL: SHOW COLUMNS FROM `item` [ RunTime:0.0006s ]
SQL: SELECT * FROM `item` WHERE ( id='5' ) LIMIT 1   [ RunTime:0.0003s ]
NOTIC: [8192] Function split() is deprecated /home/mtf/Application/dq/Application/Template/Controller/IndexController.class.php 第 60 行.
SQL: SHOW COLUMNS FROM `table_item` [ RunTime:0.0004s ]
SQL: SELECT * FROM `table_item` WHERE ( id=1 ) LIMIT 1   [ RunTime:0.0002s ]
INFO: [ view_parse ] --START--
INFO: [ template_filter ] --START--
INFO: Run Behavior\ContentReplaceBehavior [ RunTime:0.000049s ]
INFO: [ template_filter ] --END-- [ RunTime:0.000119s ]
INFO: Run Behavior\ParseTemplateBehavior [ RunTime:0.007546s ]
INFO: [ view_parse ] --END-- [ RunTime:0.007589s ]
INFO: [ view_filter ] --START--
INFO: Run Behavior\WriteHtmlCacheBehavior [ RunTime:0.000110s ]
INFO: [ view_filter ] --END-- [ RunTime:0.000159s ]

[ 2015-02-07T14:30:57+08:00 ] 127.0.0.1 /index.php?m=Template&c=Index&a=create&id=5
INFO: [ app_init ] --START--
INFO: Run Behavior\BuildLiteBehavior [ RunTime:0.000011s ]
INFO: [ app_init ] --END-- [ RunTime:0.000229s ]
INFO: [ app_begin ] --START--
INFO: Run Behavior\ReadHtmlCacheBehavior [ RunTime:0.000291s ]
INFO: [ app_begin ] --END-- [ RunTime:0.000324s ]
SQL: SHOW COLUMNS FROM `item` [ RunTime:0.0007s ]
SQL: SELECT * FROM `item` WHERE ( id='5' ) LIMIT 1   [ RunTime:0.0003s ]
NOTIC: [8192] Function split() is deprecated /home/mtf/Application/dq/Application/Template/Controller/IndexController.class.php 第 60 行.
SQL: SHOW COLUMNS FROM `table_item` [ RunTime:0.0005s ]
SQL: SELECT * FROM `table_item` WHERE ( id=1 ) LIMIT 1   [ RunTime:0.0003s ]
INFO: [ view_parse ] --START--
INFO: [ template_filter ] --START--
INFO: Run Behavior\ContentReplaceBehavior [ RunTime:0.000047s ]
INFO: [ template_filter ] --END-- [ RunTime:0.000094s ]
INFO: Run Behavior\ParseTemplateBehavior [ RunTime:0.008668s ]
INFO: [ view_parse ] --END-- [ RunTime:0.008718s ]
INFO: [ view_filter ] --START--
INFO: Run Behavior\WriteHtmlCacheBehavior [ RunTime:0.000105s ]
INFO: [ view_filter ] --END-- [ RunTime:0.000133s ]

[ 2015-02-07T14:31:55+08:00 ] 127.0.0.1 /index.php?m=Template&c=Index&a=create&id=5
INFO: [ app_init ] --START--
INFO: Run Behavior\BuildLiteBehavior [ RunTime:0.000013s ]
INFO: [ app_init ] --END-- [ RunTime:0.000278s ]
INFO: [ app_begin ] --START--
INFO: Run Behavior\ReadHtmlCacheBehavior [ RunTime:0.000342s ]
INFO: [ app_begin ] --END-- [ RunTime:0.000386s ]
SQL: SHOW COLUMNS FROM `item` [ RunTime:0.0007s ]
SQL: SELECT * FROM `item` WHERE ( id='5' ) LIMIT 1   [ RunTime:0.0003s ]
NOTIC: [8192] Function split() is deprecated /home/mtf/Application/dq/Application/Template/Controller/IndexController.class.php 第 60 行.
SQL: SHOW COLUMNS FROM `table_item` [ RunTime:0.0005s ]
SQL: SELECT * FROM `table_item` WHERE ( id=1 ) LIMIT 1   [ RunTime:0.0003s ]
INFO: [ view_parse ] --START--
INFO: [ template_filter ] --START--
INFO: Run Behavior\ContentReplaceBehavior [ RunTime:0.000045s ]
INFO: [ template_filter ] --END-- [ RunTime:0.000085s ]
INFO: Run Behavior\ParseTemplateBehavior [ RunTime:0.005827s ]
INFO: [ view_parse ] --END-- [ RunTime:0.005861s ]
INFO: [ view_filter ] --START--
INFO: Run Behavior\WriteHtmlCacheBehavior [ RunTime:0.000111s ]
INFO: [ view_filter ] --END-- [ RunTime:0.000139s ]
NOTIC: [2] file_put_contents(): Filename cannot be empty /home/mtf/Application/dq/Application/Template/Controller/IndexController.class.php 第 83 行.
INFO: [ view_parse ] --START--
INFO: [ template_filter ] --START--
INFO: Run Behavior\ContentReplaceBehavior [ RunTime:0.000023s ]
INFO: [ template_filter ] --END-- [ RunTime:-0.001564s ]
INFO: Run Behavior\ParseTemplateBehavior [ RunTime:0.001117s ]
INFO: [ view_parse ] --END-- [ RunTime:-0.000233s ]
INFO: [ view_filter ] --START--
INFO: Run Behavior\WriteHtmlCacheBehavior [ RunTime:0.000006s ]
INFO: [ view_filter ] --END-- [ RunTime:-0.001236s ]

[ 2015-02-07T14:33:13+08:00 ] 127.0.0.1 /index.php?m=Template&c=Index&a=create&id=5
INFO: [ app_init ] --START--
INFO: Run Behavior\BuildLiteBehavior [ RunTime:0.000010s ]
INFO: [ app_init ] --END-- [ RunTime:0.000212s ]
INFO: [ app_begin ] --START--
INFO: Run Behavior\ReadHtmlCacheBehavior [ RunTime:0.000268s ]
INFO: [ app_begin ] --END-- [ RunTime:0.000298s ]
SQL: SHOW COLUMNS FROM `item` [ RunTime:0.0006s ]
SQL: SELECT * FROM `item` WHERE ( id='5' ) LIMIT 1   [ RunTime:0.0002s ]
NOTIC: [8192] Function split() is deprecated /home/mtf/Application/dq/Application/Template/Controller/IndexController.class.php 第 60 行.
SQL: SHOW COLUMNS FROM `table_item` [ RunTime:0.0004s ]
SQL: SELECT * FROM `table_item` WHERE ( id=1 ) LIMIT 1   [ RunTime:0.0002s ]
INFO: [ view_parse ] --START--
INFO: [ template_filter ] --START--
INFO: Run Behavior\ContentReplaceBehavior [ RunTime:0.000061s ]
INFO: [ template_filter ] --END-- [ RunTime:0.000114s ]
INFO: Run Behavior\ParseTemplateBehavior [ RunTime:0.005882s ]
INFO: [ view_parse ] --END-- [ RunTime:0.005943s ]
INFO: [ view_filter ] --START--
INFO: Run Behavior\WriteHtmlCacheBehavior [ RunTime:0.000131s ]
INFO: [ view_filter ] --END-- [ RunTime:0.000169s ]
NOTIC: [2] file_put_contents(): Filename cannot be empty /home/mtf/Application/dq/Application/Template/Controller/IndexController.class.php 第 83 行.
INFO: [ view_parse ] --START--
INFO: [ template_filter ] --START--
INFO: Run Behavior\ContentReplaceBehavior [ RunTime:0.000033s ]
INFO: [ template_filter ] --END-- [ RunTime:-0.002201s ]
INFO: Run Behavior\ParseTemplateBehavior [ RunTime:0.001625s ]
INFO: [ view_parse ] --END-- [ RunTime:-0.000300s ]
INFO: [ view_filter ] --START--
INFO: Run Behavior\WriteHtmlCacheBehavior [ RunTime:0.000009s ]
INFO: [ view_filter ] --END-- [ RunTime:-0.001804s ]

[ 2015-02-07T14:40:52+08:00 ] 127.0.0.1 /index.php?m=Template&c=Index&a=create&id=5
INFO: [ app_init ] --START--
INFO: Run Behavior\BuildLiteBehavior [ RunTime:0.000009s ]
INFO: [ app_init ] --END-- [ RunTime:0.000230s ]
INFO: [ app_begin ] --START--
INFO: Run Behavior\ReadHtmlCacheBehavior [ RunTime:0.000266s ]
INFO: [ app_begin ] --END-- [ RunTime:0.000296s ]
SQL: SHOW COLUMNS FROM `item` [ RunTime:0.0006s ]
SQL: SELECT * FROM `item` WHERE ( id='5' ) LIMIT 1   [ RunTime:0.0003s ]
NOTIC: [8192] Function split() is deprecated /home/mtf/Application/dq/Application/Template/Controller/IndexController.class.php 第 60 行.
SQL: SHOW COLUMNS FROM `table_item` [ RunTime:0.0006s ]
SQL: SELECT * FROM `table_item` WHERE ( id=1 ) LIMIT 1   [ RunTime:0.0003s ]
INFO: [ view_parse ] --START--
INFO: [ template_filter ] --START--
INFO: Run Behavior\ContentReplaceBehavior [ RunTime:0.000043s ]
INFO: [ template_filter ] --END-- [ RunTime:0.000076s ]
INFO: Run Behavior\ParseTemplateBehavior [ RunTime:0.005530s ]
INFO: [ view_parse ] --END-- [ RunTime:0.005560s ]
INFO: [ view_filter ] --START--
INFO: Run Behavior\WriteHtmlCacheBehavior [ RunTime:0.000086s ]
INFO: [ view_filter ] --END-- [ RunTime:0.000113s ]
NOTIC: [8] Undefined variable: file_url /home/mtf/Application/dq/Application/Template/Controller/IndexController.class.php 第 82 行.
NOTIC: [2] file_put_contents(): Filename cannot be empty /home/mtf/Application/dq/Application/Template/Controller/IndexController.class.php 第 82 行.
INFO: [ view_parse ] --START--
INFO: [ template_filter ] --START--
INFO: Run Behavior\ContentReplaceBehavior [ RunTime:0.000021s ]
INFO: [ template_filter ] --END-- [ RunTime:-0.001438s ]
INFO: Run Behavior\ParseTemplateBehavior [ RunTime:0.001062s ]
INFO: [ view_parse ] --END-- [ RunTime:-0.000211s ]
INFO: [ view_filter ] --START--
INFO: Run Behavior\WriteHtmlCacheBehavior [ RunTime:0.000007s ]
INFO: [ view_filter ] --END-- [ RunTime:-0.001184s ]

[ 2015-02-07T14:41:07+08:00 ] 127.0.0.1 /index.php?m=Template&c=Index&a=create&id=5
INFO: [ app_init ] --START--
INFO: Run Behavior\BuildLiteBehavior [ RunTime:0.000010s ]
INFO: [ app_init ] --END-- [ RunTime:0.000220s ]
INFO: [ app_begin ] --START--
INFO: Run Behavior\ReadHtmlCacheBehavior [ RunTime:0.000276s ]
INFO: [ app_begin ] --END-- [ RunTime:0.000308s ]
SQL: SHOW COLUMNS FROM `item` [ RunTime:0.0006s ]
SQL: SELECT * FROM `item` WHERE ( id='5' ) LIMIT 1   [ RunTime:0.0002s ]
NOTIC: [8192] Function split() is deprecated /home/mtf/Application/dq/Application/Template/Controller/IndexController.class.php 第 60 行.
SQL: SHOW COLUMNS FROM `table_item` [ RunTime:0.0004s ]
SQL: SELECT * FROM `table_item` WHERE ( id=1 ) LIMIT 1   [ RunTime:0.0001s ]
INFO: [ view_parse ] --START--
INFO: [ template_filter ] --START--
INFO: Run Behavior\ContentReplaceBehavior [ RunTime:0.000046s ]
INFO: [ template_filter ] --END-- [ RunTime:0.000088s ]
INFO: Run Behavior\ParseTemplateBehavior [ RunTime:0.006413s ]
INFO: [ view_parse ] --END-- [ RunTime:0.006443s ]
INFO: [ view_filter ] --START--
INFO: Run Behavior\WriteHtmlCacheBehavior [ RunTime:0.000097s ]
INFO: [ view_filter ] --END-- [ RunTime:0.000140s ]
NOTIC: [8] Undefined variable: file_url /home/mtf/Application/dq/Application/Template/Controller/IndexController.class.php 第 82 行.
NOTIC: [2] file_put_contents(): Filename cannot be empty /home/mtf/Application/dq/Application/Template/Controller/IndexController.class.php 第 82 行.
INFO: [ view_parse ] --START--
INFO: [ template_filter ] --START--
INFO: Run Behavior\ContentReplaceBehavior [ RunTime:0.000025s ]
INFO: [ template_filter ] --END-- [ RunTime:-0.001547s ]
INFO: Run Behavior\ParseTemplateBehavior [ RunTime:0.001128s ]
INFO: [ view_parse ] --END-- [ RunTime:-0.000243s ]
INFO: [ view_filter ] --START--
INFO: Run Behavior\WriteHtmlCacheBehavior [ RunTime:0.000007s ]
INFO: [ view_filter ] --END-- [ RunTime:-0.001255s ]

[ 2015-02-07T14:41:38+08:00 ] 127.0.0.1 /index.php?m=Template&c=Index&a=create&id=5
INFO: [ app_init ] --START--
INFO: Run Behavior\BuildLiteBehavior [ RunTime:0.000013s ]
INFO: [ app_init ] --END-- [ RunTime:0.000260s ]
INFO: [ app_begin ] --START--
INFO: Run Behavior\ReadHtmlCacheBehavior [ RunTime:0.000332s ]
INFO: [ app_begin ] --END-- [ RunTime:0.000372s ]
SQL: SHOW COLUMNS FROM `item` [ RunTime:0.0006s ]
SQL: SELECT * FROM `item` WHERE ( id='5' ) LIMIT 1   [ RunTime:0.0002s ]
NOTIC: [8192] Function split() is deprecated /home/mtf/Application/dq/Application/Template/Controller/IndexController.class.php 第 60 行.
SQL: SHOW COLUMNS FROM `table_item` [ RunTime:0.0004s ]
SQL: SELECT * FROM `table_item` WHERE ( id=1 ) LIMIT 1   [ RunTime:0.0001s ]
NOTIC: [8] Undefined variable: document_root /home/mtf/Application/dq/Application/Template/Controller/IndexController.class.php 第 82 行.
NOTIC: [8] Undefined variable: file_url /home/mtf/Application/dq/Application/Template/Controller/IndexController.class.php 第 83 行.
NOTIC: [8] Undefined variable: file_url /home/mtf/Application/dq/Application/Template/Controller/IndexController.class.php 第 84 行.
NOTIC: [2] mkdir(): No such file or directory /home/mtf/Application/dq/Application/Template/Controller/IndexController.class.php 第 84 行.
INFO: [ view_parse ] --START--
INFO: [ template_filter ] --START--
INFO: Run Behavior\ContentReplaceBehavior [ RunTime:0.000047s ]
INFO: [ template_filter ] --END-- [ RunTime:0.000093s ]
INFO: Run Behavior\ParseTemplateBehavior [ RunTime:0.006231s ]
INFO: [ view_parse ] --END-- [ RunTime:0.006266s ]
INFO: [ view_filter ] --START--
INFO: Run Behavior\WriteHtmlCacheBehavior [ RunTime:0.000104s ]
INFO: [ view_filter ] --END-- [ RunTime:0.000132s ]
NOTIC: [2] file_put_contents(/html/20150207/8fa14cdd754f91cc6554c9e71929cce7_5_66): failed to open stream: No such file or directory /home/mtf/Application/dq/Application/Template/Controller/IndexController.class.php 第 88 行.
NOTIC: [8] Undefined variable: file_url /home/mtf/Application/dq/Application/Template/Controller/IndexController.class.php 第 89 行.
INFO: [ view_parse ] --START--
INFO: [ template_filter ] --START--
INFO: Run Behavior\ContentReplaceBehavior [ RunTime:0.000025s ]
INFO: [ template_filter ] --END-- [ RunTime:-0.001702s ]
INFO: Run Behavior\ParseTemplateBehavior [ RunTime:0.001209s ]
INFO: [ view_parse ] --END-- [ RunTime:-0.000295s ]
INFO: [ view_filter ] --START--
INFO: Run Behavior\WriteHtmlCacheBehavior [ RunTime:0.000007s ]
INFO: [ view_filter ] --END-- [ RunTime:-0.001398s ]

[ 2015-02-07T14:41:59+08:00 ] 127.0.0.1 /index.php?m=Template&c=Index&a=create&id=5
INFO: [ app_init ] --START--
INFO: Run Behavior\BuildLiteBehavior [ RunTime:0.000012s ]
INFO: [ app_init ] --END-- [ RunTime:0.000234s ]
INFO: [ app_begin ] --START--
INFO: Run Behavior\ReadHtmlCacheBehavior [ RunTime:0.000277s ]
INFO: [ app_begin ] --END-- [ RunTime:0.000312s ]
SQL: SHOW COLUMNS FROM `item` [ RunTime:0.0006s ]
SQL: SELECT * FROM `item` WHERE ( id='5' ) LIMIT 1   [ RunTime:0.0002s ]
NOTIC: [8192] Function split() is deprecated /home/mtf/Application/dq/Application/Template/Controller/IndexController.class.php 第 60 行.
SQL: SHOW COLUMNS FROM `table_item` [ RunTime:0.0004s ]
SQL: SELECT * FROM `table_item` WHERE ( id=1 ) LIMIT 1   [ RunTime:0.0003s ]
NOTIC: [8] Undefined variable: document_root /home/mtf/Application/dq/Application/Template/Controller/IndexController.class.php 第 82 行.
NOTIC: [8] Undefined variable: file_url /home/mtf/Application/dq/Application/Template/Controller/IndexController.class.php 第 83 行.
NOTIC: [8] Undefined variable: file_url /home/mtf/Application/dq/Application/Template/Controller/IndexController.class.php 第 84 行.
NOTIC: [2] mkdir(): No such file or directory /home/mtf/Application/dq/Application/Template/Controller/IndexController.class.php 第 84 行.
INFO: [ view_parse ] --START--
INFO: [ template_filter ] --START--
INFO: Run Behavior\ContentReplaceBehavior [ RunTime:0.000042s ]
INFO: [ template_filter ] --END-- [ RunTime:0.000077s ]
INFO: Run Behavior\ParseTemplateBehavior [ RunTime:0.005725s ]
INFO: [ view_parse ] --END-- [ RunTime:0.005758s ]
INFO: [ view_filter ] --START--
INFO: Run Behavior\WriteHtmlCacheBehavior [ RunTime:0.000102s ]
INFO: [ view_filter ] --END-- [ RunTime:0.000128s ]
NOTIC: [2] file_put_contents(/html/20150207/8fa14cdd754f91cc6554c9e71929cce7_5_100): failed to open stream: No such file or directory /home/mtf/Application/dq/Application/Template/Controller/IndexController.class.php 第 88 行.

[ 2015-02-07T14:42:16+08:00 ] 127.0.0.1 /index.php?m=Template&c=Index&a=create&id=5
INFO: [ app_init ] --START--
INFO: Run Behavior\BuildLiteBehavior [ RunTime:0.000016s ]
INFO: [ app_init ] --END-- [ RunTime:0.000365s ]
INFO: [ app_begin ] --START--
INFO: Run Behavior\ReadHtmlCacheBehavior [ RunTime:0.000479s ]
INFO: [ app_begin ] --END-- [ RunTime:0.000534s ]
SQL: SHOW COLUMNS FROM `item` [ RunTime:0.0007s ]
SQL: SELECT * FROM `item` WHERE ( id='5' ) LIMIT 1   [ RunTime:0.0002s ]
NOTIC: [8192] Function split() is deprecated /home/mtf/Application/dq/Application/Template/Controller/IndexController.class.php 第 60 行.
SQL: SHOW COLUMNS FROM `table_item` [ RunTime:0.0004s ]
SQL: SELECT * FROM `table_item` WHERE ( id=1 ) LIMIT 1   [ RunTime:0.0002s ]
NOTIC: [8] Undefined variable: document_root /home/mtf/Application/dq/Application/Template/Controller/IndexController.class.php 第 82 行.
NOTIC: [8] Undefined variable: file_url /home/mtf/Application/dq/Application/Template/Controller/IndexController.class.php 第 83 行.
NOTIC: [8] Undefined variable: file_url /home/mtf/Application/dq/Application/Template/Controller/IndexController.class.php 第 84 行.
NOTIC: [2] mkdir(): No such file or directory /home/mtf/Application/dq/Application/Template/Controller/IndexController.class.php 第 84 行.
INFO: [ view_parse ] --START--
INFO: [ template_filter ] --START--
INFO: Run Behavior\ContentReplaceBehavior [ RunTime:0.000044s ]
INFO: [ template_filter ] --END-- [ RunTime:0.000080s ]
INFO: Run Behavior\ParseTemplateBehavior [ RunTime:0.005658s ]
INFO: [ view_parse ] --END-- [ RunTime:0.005686s ]
INFO: [ view_filter ] --START--
INFO: Run Behavior\WriteHtmlCacheBehavior [ RunTime:0.000099s ]
INFO: [ view_filter ] --END-- [ RunTime:0.000125s ]
NOTIC: [2] file_put_contents(/html/20150207/8fa14cdd754f91cc6554c9e71929cce7_5_62.html): failed to open stream: No such file or directory /home/mtf/Application/dq/Application/Template/Controller/IndexController.class.php 第 88 行.

[ 2015-02-07T14:42:52+08:00 ] 127.0.0.1 /index.php?m=Template&c=Index&a=create&id=5
INFO: [ app_init ] --START--
INFO: Run Behavior\BuildLiteBehavior [ RunTime:0.000012s ]
INFO: [ app_init ] --END-- [ RunTime:0.000517s ]
INFO: [ app_begin ] --START--
INFO: Run Behavior\ReadHtmlCacheBehavior [ RunTime:0.000284s ]
INFO: [ app_begin ] --END-- [ RunTime:0.000317s ]
SQL: SHOW COLUMNS FROM `item` [ RunTime:0.0006s ]
SQL: SELECT * FROM `item` WHERE ( id='5' ) LIMIT 1   [ RunTime:0.0002s ]
NOTIC: [8192] Function split() is deprecated /home/mtf/Application/dq/Application/Template/Controller/IndexController.class.php 第 60 行.
SQL: SHOW COLUMNS FROM `table_item` [ RunTime:0.0003s ]
SQL: SELECT * FROM `table_item` WHERE ( id=1 ) LIMIT 1   [ RunTime:0.0003s ]
NOTIC: [8] Undefined variable: file_url /home/mtf/Application/dq/Application/Template/Controller/IndexController.class.php 第 83 行.
NOTIC: [8] Undefined variable: file_url /home/mtf/Application/dq/Application/Template/Controller/IndexController.class.php 第 84 行.
NOTIC: [2] mkdir(): No such file or directory /home/mtf/Application/dq/Application/Template/Controller/IndexController.class.php 第 84 行.
INFO: [ view_parse ] --START--
INFO: [ template_filter ] --START--
INFO: Run Behavior\ContentReplaceBehavior [ RunTime:0.000046s ]
INFO: [ template_filter ] --END-- [ RunTime:0.000091s ]
INFO: Run Behavior\ParseTemplateBehavior [ RunTime:0.006078s ]
INFO: [ view_parse ] --END-- [ RunTime:0.006110s ]
INFO: [ view_filter ] --START--
INFO: Run Behavior\WriteHtmlCacheBehavior [ RunTime:0.000102s ]
INFO: [ view_filter ] --END-- [ RunTime:0.000130s ]
NOTIC: [2] file_put_contents(/home/mtf/Application/dq/html/20150207/8fa14cdd754f91cc6554c9e71929cce7_5_89.html): failed to open stream: No such file or directory /home/mtf/Application/dq/Application/Template/Controller/IndexController.class.php 第 88 行.

[ 2015-02-07T14:43:32+08:00 ] 127.0.0.1 /index.php?m=Template&c=Index&a=create&id=5
INFO: [ app_init ] --START--
INFO: Run Behavior\BuildLiteBehavior [ RunTime:0.000017s ]
INFO: [ app_init ] --END-- [ RunTime:0.000370s ]
INFO: [ app_begin ] --START--
INFO: Run Behavior\ReadHtmlCacheBehavior [ RunTime:0.000413s ]
INFO: [ app_begin ] --END-- [ RunTime:0.000454s ]
SQL: SHOW COLUMNS FROM `item` [ RunTime:0.0006s ]
SQL: SELECT * FROM `item` WHERE ( id='5' ) LIMIT 1   [ RunTime:0.0002s ]
NOTIC: [8192] Function split() is deprecated /home/mtf/Application/dq/Application/Template/Controller/IndexController.class.php 第 60 行.
SQL: SHOW COLUMNS FROM `table_item` [ RunTime:0.0004s ]
SQL: SELECT * FROM `table_item` WHERE ( id=1 ) LIMIT 1   [ RunTime:0.0002s ]
INFO: [ view_parse ] --START--
INFO: [ template_filter ] --START--
INFO: Run Behavior\ContentReplaceBehavior [ RunTime:0.000072s ]
INFO: [ template_filter ] --END-- [ RunTime:0.000138s ]
INFO: Run Behavior\ParseTemplateBehavior [ RunTime:0.008346s ]
INFO: [ view_parse ] --END-- [ RunTime:0.008401s ]
INFO: [ view_filter ] --START--
INFO: Run Behavior\WriteHtmlCacheBehavior [ RunTime:0.000155s ]
INFO: [ view_filter ] --END-- [ RunTime:0.000198s ]

[ 2015-02-07T14:43:42+08:00 ] 127.0.0.1 /index.php?m=Template&c=Index&a=create&id=5
INFO: [ app_init ] --START--
INFO: Run Behavior\BuildLiteBehavior [ RunTime:0.000010s ]
INFO: [ app_init ] --END-- [ RunTime:0.000205s ]
INFO: [ app_begin ] --START--
INFO: Run Behavior\ReadHtmlCacheBehavior [ RunTime:0.000359s ]
INFO: [ app_begin ] --END-- [ RunTime:0.000477s ]
SQL: SHOW COLUMNS FROM `item` [ RunTime:0.0007s ]
SQL: SELECT * FROM `item` WHERE ( id='5' ) LIMIT 1   [ RunTime:0.0003s ]
NOTIC: [8192] Function split() is deprecated /home/mtf/Application/dq/Application/Template/Controller/IndexController.class.php 第 60 行.
SQL: SHOW COLUMNS FROM `table_item` [ RunTime:0.0005s ]
SQL: SELECT * FROM `table_item` WHERE ( id=1 ) LIMIT 1   [ RunTime:0.0002s ]
INFO: [ view_parse ] --START--
INFO: [ template_filter ] --START--
INFO: Run Behavior\ContentReplaceBehavior [ RunTime:0.000043s ]
INFO: [ template_filter ] --END-- [ RunTime:0.000083s ]
INFO: Run Behavior\ParseTemplateBehavior [ RunTime:0.005971s ]
INFO: [ view_parse ] --END-- [ RunTime:0.006006s ]
INFO: [ view_filter ] --START--
INFO: Run Behavior\WriteHtmlCacheBehavior [ RunTime:0.000102s ]
INFO: [ view_filter ] --END-- [ RunTime:0.000129s ]
SQL: UPDATE `item` SET `link`='/home/mtf/Application/dq/html/20150207/8fa14cdd754f91cc6554c9e71929cce7_5_65.html' WHERE ( id='5' ) [ RunTime:0.0550s ]
INFO: [ view_parse ] --START--
INFO: [ template_filter ] --START--
INFO: Run Behavior\ContentReplaceBehavior [ RunTime:0.000028s ]
INFO: [ template_filter ] --END-- [ RunTime:-0.057092s ]
INFO: Run Behavior\ParseTemplateBehavior [ RunTime:0.001481s ]
INFO: [ view_parse ] --END-- [ RunTime:-0.055543s ]
INFO: [ view_filter ] --START--
INFO: Run Behavior\WriteHtmlCacheBehavior [ RunTime:0.000007s ]
INFO: [ view_filter ] --END-- [ RunTime:-0.056935s ]

[ 2015-02-07T14:45:59+08:00 ] 127.0.0.1 /index.php?m=Template&c=Index&a=create&id=5
INFO: [ app_init ] --START--
INFO: Run Behavior\BuildLiteBehavior [ RunTime:0.000010s ]
INFO: [ app_init ] --END-- [ RunTime:0.000222s ]
INFO: [ app_begin ] --START--
INFO: Run Behavior\ReadHtmlCacheBehavior [ RunTime:0.000287s ]
INFO: [ app_begin ] --END-- [ RunTime:0.000320s ]
SQL: SHOW COLUMNS FROM `item` [ RunTime:0.0006s ]
SQL: SELECT * FROM `item` WHERE ( id='5' ) LIMIT 1   [ RunTime:0.0002s ]
NOTIC: [8192] Function split() is deprecated /home/mtf/Application/dq/Application/Template/Controller/IndexController.class.php 第 60 行.
SQL: SHOW COLUMNS FROM `table_item` [ RunTime:0.0004s ]
SQL: SELECT * FROM `table_item` WHERE ( id=1 ) LIMIT 1   [ RunTime:0.0002s ]
INFO: [ view_parse ] --START--
INFO: [ template_filter ] --START--
INFO: Run Behavior\ContentReplaceBehavior [ RunTime:0.000042s ]
INFO: [ template_filter ] --END-- [ RunTime:0.000077s ]
INFO: Run Behavior\ParseTemplateBehavior [ RunTime:0.005558s ]
INFO: [ view_parse ] --END-- [ RunTime:0.005588s ]
INFO: [ view_filter ] --START--
INFO: Run Behavior\WriteHtmlCacheBehavior [ RunTime:0.000086s ]
INFO: [ view_filter ] --END-- [ RunTime:0.000111s ]
SQL: UPDATE `item` SET `link`='/home/mtf/Application/dq/html/20150207/8fa14cdd754f91cc6554c9e71929cce7_5_65.html' WHERE ( id='5' ) [ RunTime:0.0523s ]
INFO: [ view_parse ] --START--
INFO: [ template_filter ] --START--
INFO: Run Behavior\ContentReplaceBehavior [ RunTime:0.000043s ]
INFO: [ template_filter ] --END-- [ RunTime:-0.054762s ]
INFO: Run Behavior\ParseTemplateBehavior [ RunTime:0.002082s ]
INFO: [ view_parse ] --END-- [ RunTime:-0.052833s ]
INFO: [ view_filter ] --START--
INFO: Run Behavior\WriteHtmlCacheBehavior [ RunTime:0.000012s ]
INFO: [ view_filter ] --END-- [ RunTime:-0.054864s ]

[ 2015-02-07T14:46:38+08:00 ] 127.0.0.1 /index.php?m=Template&c=Index&a=create&id=5
INFO: [ app_init ] --START--
INFO: Run Behavior\BuildLiteBehavior [ RunTime:0.000011s ]
INFO: [ app_init ] --END-- [ RunTime:0.000232s ]
INFO: [ app_begin ] --START--
INFO: Run Behavior\ReadHtmlCacheBehavior [ RunTime:0.000293s ]
INFO: [ app_begin ] --END-- [ RunTime:0.000327s ]
SQL: SHOW COLUMNS FROM `item` [ RunTime:0.0007s ]
SQL: SELECT * FROM `item` WHERE ( id='5' ) LIMIT 1   [ RunTime:0.0006s ]
NOTIC: [8192] Function split() is deprecated /home/mtf/Application/dq/Application/Template/Controller/IndexController.class.php 第 60 行.
SQL: SHOW COLUMNS FROM `table_item` [ RunTime:0.0004s ]
SQL: SELECT * FROM `table_item` WHERE ( id=1 ) LIMIT 1   [ RunTime:0.0003s ]
INFO: [ view_parse ] --START--
INFO: [ template_filter ] --START--
INFO: Run Behavior\ContentReplaceBehavior [ RunTime:0.000046s ]
INFO: [ template_filter ] --END-- [ RunTime:0.000090s ]
INFO: Run Behavior\ParseTemplateBehavior [ RunTime:0.005723s ]
INFO: [ view_parse ] --END-- [ RunTime:0.005755s ]
INFO: [ view_filter ] --START--
INFO: Run Behavior\WriteHtmlCacheBehavior [ RunTime:0.000105s ]
INFO: [ view_filter ] --END-- [ RunTime:0.000132s ]
SQL: UPDATE `item` SET `link`='/home/mtf/Application/dq/html/20150207/8fa14cdd754f91cc6554c9e71929cce7_5_65.html' WHERE ( id='5' ) [ RunTime:0.0675s ]
INFO: [ view_parse ] --START--
INFO: [ template_filter ] --START--
INFO: Run Behavior\ContentReplaceBehavior [ RunTime:0.000043s ]
INFO: [ template_filter ] --END-- [ RunTime:-0.070082s ]
INFO: Run Behavior\ParseTemplateBehavior [ RunTime:0.002016s ]
INFO: [ view_parse ] --END-- [ RunTime:-0.068101s ]
INFO: [ view_filter ] --START--
INFO: Run Behavior\WriteHtmlCacheBehavior [ RunTime:0.000012s ]
INFO: [ view_filter ] --END-- [ RunTime:-0.070023s ]

[ 2015-02-07T14:58:29+08:00 ] 127.0.0.1 /index.php?m=Template&c=Index&a=phone&id=5
INFO: [ app_init ] --START--
INFO: Run Behavior\BuildLiteBehavior [ RunTime:0.000010s ]
INFO: [ app_init ] --END-- [ RunTime:0.000219s ]
INFO: [ app_begin ] --START--
INFO: Run Behavior\ReadHtmlCacheBehavior [ RunTime:0.000272s ]
INFO: [ app_begin ] --END-- [ RunTime:0.000302s ]
SQL: SHOW COLUMNS FROM `item` [ RunTime:0.0007s ]
SQL: SELECT * FROM `item` WHERE ( id='5' ) LIMIT 1   [ RunTime:0.0002s ]
NOTIC: [8192] Function split() is deprecated /home/mtf/Application/dq/Application/Template/Controller/IndexController.class.php 第 37 行.
SQL: SHOW COLUMNS FROM `table_item` [ RunTime:0.0004s ]
SQL: SELECT * FROM `table_item` WHERE ( id=1 ) LIMIT 1   [ RunTime:0.0002s ]
INFO: [ view_parse ] --START--
INFO: [ template_filter ] --START--
INFO: Run Behavior\ContentReplaceBehavior [ RunTime:0.000043s ]
INFO: [ template_filter ] --END-- [ RunTime:0.000079s ]
INFO: Run Behavior\ParseTemplateBehavior [ RunTime:0.005601s ]
INFO: [ view_parse ] --END-- [ RunTime:0.005633s ]
INFO: [ view_filter ] --START--
INFO: Run Behavior\WriteHtmlCacheBehavior [ RunTime:0.000085s ]
INFO: [ view_filter ] --END-- [ RunTime:0.000110s ]
INFO: [ app_end ] --START--
INFO: Run Behavior\ShowPageTraceBehavior [ RunTime:0.000298s ]
INFO: [ app_end ] --END-- [ RunTime:0.000326s ]

[ 2015-02-07T14:58:46+08:00 ] 127.0.0.1 /index.php?m=Template&c=Index&a=phone&id=5
INFO: [ app_init ] --START--
INFO: Run Behavior\BuildLiteBehavior [ RunTime:0.000012s ]
INFO: [ app_init ] --END-- [ RunTime:0.000236s ]
INFO: [ app_begin ] --START--
INFO: Run Behavior\ReadHtmlCacheBehavior [ RunTime:0.000285s ]
INFO: [ app_begin ] --END-- [ RunTime:0.000321s ]
SQL: SHOW COLUMNS FROM `item` [ RunTime:0.0006s ]
SQL: SELECT * FROM `item` WHERE ( id='5' ) LIMIT 1   [ RunTime:0.0002s ]
NOTIC: [8192] Function split() is deprecated /home/mtf/Application/dq/Application/Template/Controller/IndexController.class.php 第 37 行.
SQL: SHOW COLUMNS FROM `table_item` [ RunTime:0.0004s ]
SQL: SELECT * FROM `table_item` WHERE ( id=1 ) LIMIT 1   [ RunTime:0.0002s ]
INFO: [ view_parse ] --START--
INFO: [ template_filter ] --START--
INFO: Run Behavior\ContentReplaceBehavior [ RunTime:0.000047s ]
INFO: [ template_filter ] --END-- [ RunTime:0.000091s ]
INFO: Run Behavior\ParseTemplateBehavior [ RunTime:0.006648s ]
INFO: [ view_parse ] --END-- [ RunTime:0.006683s ]
INFO: [ view_filter ] --START--
INFO: Run Behavior\WriteHtmlCacheBehavior [ RunTime:0.000105s ]
INFO: [ view_filter ] --END-- [ RunTime:0.000131s ]
INFO: [ app_end ] --START--
INFO: Run Behavior\ShowPageTraceBehavior [ RunTime:0.000324s ]
INFO: [ app_end ] --END-- [ RunTime:0.000352s ]

[ 2015-02-07T15:32:25+08:00 ] 127.0.0.1 /index.php?m=Template&c=Index&a=create&id=5
INFO: [ app_init ] --START--
INFO: Run Behavior\BuildLiteBehavior [ RunTime:0.000013s ]
INFO: [ app_init ] --END-- [ RunTime:0.000264s ]
INFO: [ app_begin ] --START--
INFO: Run Behavior\ReadHtmlCacheBehavior [ RunTime:0.000337s ]
INFO: [ app_begin ] --END-- [ RunTime:0.000379s ]

[ 2015-02-07T15:32:35+08:00 ] 127.0.0.1 /index.php?m=Template&c=Index&a=create&id=5
INFO: [ app_init ] --START--
INFO: Run Behavior\BuildLiteBehavior [ RunTime:0.000010s ]
INFO: [ app_init ] --END-- [ RunTime:0.000217s ]
INFO: [ app_begin ] --START--
INFO: Run Behavior\ReadHtmlCacheBehavior [ RunTime:0.000335s ]
INFO: [ app_begin ] --END-- [ RunTime:0.000379s ]
SQL: SHOW COLUMNS FROM `item` [ RunTime:0.0006s ]
SQL: SELECT * FROM `item` WHERE ( id='5' ) LIMIT 1   [ RunTime:0.0002s ]
NOTIC: [8192] Function split() is deprecated /home/mtf/Application/dq/Application/Template/Controller/IndexController.class.php 第 60 行.
SQL: SHOW COLUMNS FROM `table_item` [ RunTime:0.0005s ]
SQL: SELECT * FROM `table_item` WHERE ( id=1 ) LIMIT 1   [ RunTime:0.0002s ]
INFO: [ view_parse ] --START--
INFO: [ template_filter ] --START--
INFO: Run Behavior\ContentReplaceBehavior [ RunTime:0.000047s ]
INFO: [ template_filter ] --END-- [ RunTime:0.000086s ]
INFO: Run Behavior\ParseTemplateBehavior [ RunTime:0.005725s ]
INFO: [ view_parse ] --END-- [ RunTime:0.005765s ]
INFO: [ view_filter ] --START--
INFO: Run Behavior\WriteHtmlCacheBehavior [ RunTime:0.000099s ]
INFO: [ view_filter ] --END-- [ RunTime:0.000127s ]
SQL: UPDATE `item` SET `link`='/home/mtf/Application/dq/html/20150207/8fa14cdd754f91cc6554c9e71929cce7_5_65.html',`status`='2' WHERE ( id='5' ) [ RunTime:0.0551s ]
INFO: [ view_parse ] --START--
INFO: [ template_filter ] --START--
INFO: Run Behavior\ContentReplaceBehavior [ RunTime:0.000026s ]
INFO: [ template_filter ] --END-- [ RunTime:-0.057181s ]
INFO: Run Behavior\ParseTemplateBehavior [ RunTime:0.001386s ]
INFO: [ view_parse ] --END-- [ RunTime:-0.055681s ]
INFO: [ view_filter ] --START--
INFO: Run Behavior\WriteHtmlCacheBehavior [ RunTime:0.000007s ]
INFO: [ view_filter ] --END-- [ RunTime:-0.056968s ]

[ 2015-02-07T15:33:10+08:00 ] 127.0.0.1 /index.php?m=Template&c=Index&a=phone&id=5
INFO: [ app_init ] --START--
INFO: Run Behavior\BuildLiteBehavior [ RunTime:0.000013s ]
INFO: [ app_init ] --END-- [ RunTime:0.000273s ]
INFO: [ app_begin ] --START--
INFO: Run Behavior\ReadHtmlCacheBehavior [ RunTime:0.000321s ]
INFO: [ app_begin ] --END-- [ RunTime:0.000357s ]
SQL: SHOW COLUMNS FROM `item` [ RunTime:0.0006s ]
SQL: SELECT * FROM `item` WHERE ( id='5' ) LIMIT 1   [ RunTime:0.0002s ]
NOTIC: [8192] Function split() is deprecated /home/mtf/Application/dq/Application/Template/Controller/IndexController.class.php 第 37 行.
SQL: SHOW COLUMNS FROM `table_item` [ RunTime:0.0004s ]
SQL: SELECT * FROM `table_item` WHERE ( id=1 ) LIMIT 1   [ RunTime:0.0001s ]
INFO: [ view_parse ] --START--
INFO: [ template_filter ] --START--
INFO: Run Behavior\ContentReplaceBehavior [ RunTime:0.000046s ]
INFO: [ template_filter ] --END-- [ RunTime:0.000088s ]
INFO: Run Behavior\ParseTemplateBehavior [ RunTime:0.005776s ]
INFO: [ view_parse ] --END-- [ RunTime:0.005826s ]
INFO: [ view_filter ] --START--
INFO: Run Behavior\WriteHtmlCacheBehavior [ RunTime:0.000098s ]
INFO: [ view_filter ] --END-- [ RunTime:0.000125s ]
INFO: [ app_end ] --START--
INFO: Run Behavior\ShowPageTraceBehavior [ RunTime:0.000319s ]
INFO: [ app_end ] --END-- [ RunTime:0.000348s ]

[ 2015-02-07T16:57:42+08:00 ] 127.0.0.1 /index.php?m=Template&c=Index&a=create&id=6
INFO: [ app_init ] --START--
INFO: Run Behavior\BuildLiteBehavior [ RunTime:0.000012s ]
INFO: [ app_init ] --END-- [ RunTime:0.000230s ]
INFO: [ app_begin ] --START--
INFO: Run Behavior\ReadHtmlCacheBehavior [ RunTime:0.000573s ]
INFO: [ app_begin ] --END-- [ RunTime:0.000620s ]
SQL: SHOW COLUMNS FROM `item` [ RunTime:0.0006s ]
SQL: SELECT * FROM `item` WHERE ( id='6' ) LIMIT 1   [ RunTime:0.0002s ]
NOTIC: [8192] Function split() is deprecated /home/mtf/Application/dq/Application/Template/Controller/IndexController.class.php 第 60 行.
SQL: SHOW COLUMNS FROM `table_item` [ RunTime:0.0003s ]
SQL: SELECT * FROM `table_item` WHERE ( id=2 ) LIMIT 1   [ RunTime:0.0002s ]
INFO: [ view_parse ] --START--
INFO: [ template_filter ] --START--
INFO: Run Behavior\ContentReplaceBehavior [ RunTime:0.000043s ]
INFO: [ template_filter ] --END-- [ RunTime:0.000079s ]
INFO: Run Behavior\ParseTemplateBehavior [ RunTime:0.007075s ]
INFO: [ view_parse ] --END-- [ RunTime:0.007116s ]
INFO: [ view_filter ] --START--
INFO: Run Behavior\WriteHtmlCacheBehavior [ RunTime:0.000084s ]
INFO: [ view_filter ] --END-- [ RunTime:0.000111s ]
SQL: UPDATE `item` SET `link`='/home/mtf/Application/dq/html/20150207/8277e0910d750195b448797616e091ad_6_8.html',`status`='2' WHERE ( id='6' ) [ RunTime:0.0555s ]
INFO: [ view_parse ] --START--
INFO: [ template_filter ] --START--
INFO: Run Behavior\ContentReplaceBehavior [ RunTime:0.000027s ]
INFO: [ template_filter ] --END-- [ RunTime:-0.057300s ]
INFO: Run Behavior\ParseTemplateBehavior [ RunTime:0.001240s ]
INFO: [ view_parse ] --END-- [ RunTime:-0.055974s ]
INFO: [ view_filter ] --START--
INFO: Run Behavior\WriteHtmlCacheBehavior [ RunTime:0.000006s ]
INFO: [ view_filter ] --END-- [ RunTime:-0.057133s ]

[ 2015-02-07T16:57:44+08:00 ] 127.0.0.1 /index.php?m=Template&c=Index&a=phone&id=6
INFO: [ app_init ] --START--
INFO: Run Behavior\BuildLiteBehavior [ RunTime:0.000010s ]
INFO: [ app_init ] --END-- [ RunTime:0.000214s ]
INFO: [ app_begin ] --START--
INFO: Run Behavior\ReadHtmlCacheBehavior [ RunTime:0.000281s ]
INFO: [ app_begin ] --END-- [ RunTime:0.000313s ]
SQL: SHOW COLUMNS FROM `item` [ RunTime:0.0006s ]
SQL: SELECT * FROM `item` WHERE ( id='6' ) LIMIT 1   [ RunTime:0.0002s ]
NOTIC: [8192] Function split() is deprecated /home/mtf/Application/dq/Application/Template/Controller/IndexController.class.php 第 37 行.
SQL: SHOW COLUMNS FROM `table_item` [ RunTime:0.0003s ]
SQL: SELECT * FROM `table_item` WHERE ( id=2 ) LIMIT 1   [ RunTime:0.0001s ]
INFO: [ view_parse ] --START--
INFO: [ template_filter ] --START--
INFO: Run Behavior\ContentReplaceBehavior [ RunTime:0.000048s ]
INFO: [ template_filter ] --END-- [ RunTime:0.000096s ]
INFO: Run Behavior\ParseTemplateBehavior [ RunTime:0.006047s ]
INFO: [ view_parse ] --END-- [ RunTime:0.006082s ]
INFO: [ view_filter ] --START--
INFO: Run Behavior\WriteHtmlCacheBehavior [ RunTime:0.000099s ]
INFO: [ view_filter ] --END-- [ RunTime:0.000124s ]
INFO: [ app_end ] --START--
INFO: Run Behavior\ShowPageTraceBehavior [ RunTime:0.000318s ]
INFO: [ app_end ] --END-- [ RunTime:0.000347s ]

[ 2015-02-07T17:27:53+08:00 ] 127.0.0.1 /index.php?m=Template&c=Index&a=create&id=6
INFO: [ app_init ] --START--
INFO: Run Behavior\BuildLiteBehavior [ RunTime:0.000013s ]
INFO: [ app_init ] --END-- [ RunTime:0.000300s ]
INFO: [ app_begin ] --START--
INFO: Run Behavior\ReadHtmlCacheBehavior [ RunTime:0.000389s ]
INFO: [ app_begin ] --END-- [ RunTime:0.000433s ]

[ 2015-02-07T17:28:17+08:00 ] 127.0.0.1 /index.php?m=Template&c=Index&a=create&id=6
INFO: [ app_init ] --START--
INFO: Run Behavior\BuildLiteBehavior [ RunTime:0.000011s ]
INFO: [ app_init ] --END-- [ RunTime:0.000238s ]
INFO: [ app_begin ] --START--
INFO: Run Behavior\ReadHtmlCacheBehavior [ RunTime:0.000291s ]
INFO: [ app_begin ] --END-- [ RunTime:0.000329s ]

[ 2015-02-07T17:28:30+08:00 ] 127.0.0.1 /index.php?m=Template&c=Index&a=create&id=6
INFO: [ app_init ] --START--
INFO: Run Behavior\BuildLiteBehavior [ RunTime:0.000011s ]
INFO: [ app_init ] --END-- [ RunTime:0.000214s ]
INFO: [ app_begin ] --START--
INFO: Run Behavior\ReadHtmlCacheBehavior [ RunTime:0.000272s ]
INFO: [ app_begin ] --END-- [ RunTime:0.000303s ]
SQL: SHOW COLUMNS FROM `item` [ RunTime:0.0006s ]
SQL: SELECT * FROM `item` WHERE ( id='6' ) LIMIT 1   [ RunTime:0.0004s ]
NOTIC: [8192] Function split() is deprecated /home/mtf/Application/dq/Application/Template/Controller/IndexController.class.php 第 60 行.
SQL: SHOW COLUMNS FROM `table_item` [ RunTime:0.0007s ]
SQL: SELECT * FROM `table_item` WHERE ( id=2 ) LIMIT 1   [ RunTime:0.0003s ]
INFO: [ view_parse ] --START--
INFO: [ template_filter ] --START--
INFO: Run Behavior\ContentReplaceBehavior [ RunTime:0.000049s ]
INFO: [ template_filter ] --END-- [ RunTime:0.000091s ]
INFO: Run Behavior\ParseTemplateBehavior [ RunTime:0.006104s ]
INFO: [ view_parse ] --END-- [ RunTime:0.006142s ]
INFO: [ view_filter ] --START--
INFO: Run Behavior\WriteHtmlCacheBehavior [ RunTime:0.000121s ]
INFO: [ view_filter ] --END-- [ RunTime:0.000150s ]
SQL: UPDATE `item` SET `link`='/home/mtf/Application/dq/html/20150207/8277e0910d750195b448797616e091ad_6_9.html',`status`='2',`web_url`='http://dq/Public/Upload/20150207/8277e0910d750195b448797616e091ad_6_9.html' WHERE ( id='6' ) [ RunTime:0.0648s ]
INFO: [ view_parse ] --START--
INFO: [ template_filter ] --START--
INFO: Run Behavior\ContentReplaceBehavior [ RunTime:0.000026s ]
INFO: [ template_filter ] --END-- [ RunTime:-0.066771s ]
INFO: Run Behavior\ParseTemplateBehavior [ RunTime:0.001249s ]
INFO: [ view_parse ] --END-- [ RunTime:-0.065376s ]
INFO: [ view_filter ] --START--
INFO: Run Behavior\WriteHtmlCacheBehavior [ RunTime:0.000021s ]
INFO: [ view_filter ] --END-- [ RunTime:-0.066505s ]

[ 2015-02-07T17:29:56+08:00 ] 127.0.0.1 /index.php?m=Template&c=Index&a=create&id=6
INFO: [ app_init ] --START--
INFO: Run Behavior\BuildLiteBehavior [ RunTime:0.000013s ]
INFO: [ app_init ] --END-- [ RunTime:0.000262s ]
INFO: [ app_begin ] --START--
INFO: Run Behavior\ReadHtmlCacheBehavior [ RunTime:0.000334s ]
INFO: [ app_begin ] --END-- [ RunTime:0.000375s ]
SQL: SHOW COLUMNS FROM `item` [ RunTime:0.0006s ]
SQL: SELECT * FROM `item` WHERE ( id='6' ) LIMIT 1   [ RunTime:0.0003s ]
NOTIC: [8192] Function split() is deprecated /home/mtf/Application/dq/Application/Template/Controller/IndexController.class.php 第 60 行.
SQL: SHOW COLUMNS FROM `table_item` [ RunTime:0.0004s ]
SQL: SELECT * FROM `table_item` WHERE ( id=2 ) LIMIT 1   [ RunTime:0.0001s ]
INFO: [ view_parse ] --START--
INFO: [ template_filter ] --START--
INFO: Run Behavior\ContentReplaceBehavior [ RunTime:0.000047s ]
INFO: [ template_filter ] --END-- [ RunTime:0.000089s ]
INFO: Run Behavior\ParseTemplateBehavior [ RunTime:0.005694s ]
INFO: [ view_parse ] --END-- [ RunTime:0.005726s ]
INFO: [ view_filter ] --START--
INFO: Run Behavior\WriteHtmlCacheBehavior [ RunTime:0.000099s ]
INFO: [ view_filter ] --END-- [ RunTime:0.000126s ]
SQL: UPDATE `item` SET `link`='/home/mtf/Application/dq/html/20150207/8277e0910d750195b448797616e091ad_6_72.html',`status`='2',`web_url`='http://dq/html/20150207/8277e0910d750195b448797616e091ad_6_72.html' WHERE ( id='6' ) [ RunTime:0.0630s ]
INFO: [ view_parse ] --START--
INFO: [ template_filter ] --START--
INFO: Run Behavior\ContentReplaceBehavior [ RunTime:0.000027s ]
INFO: [ template_filter ] --END-- [ RunTime:-0.064842s ]
INFO: Run Behavior\ParseTemplateBehavior [ RunTime:0.001234s ]
INFO: [ view_parse ] --END-- [ RunTime:-0.063482s ]
INFO: [ view_filter ] --START--
INFO: Run Behavior\WriteHtmlCacheBehavior [ RunTime:0.000007s ]
INFO: [ view_filter ] --END-- [ RunTime:-0.064602s ]

[ 2015-02-07T17:34:25+08:00 ] 127.0.0.1 /index.php?m=Template&c=Index&a=create&id=6
INFO: [ app_init ] --START--
INFO: Run Behavior\BuildLiteBehavior [ RunTime:0.000011s ]
INFO: [ app_init ] --END-- [ RunTime:0.000227s ]
INFO: [ app_begin ] --START--
INFO: Run Behavior\ReadHtmlCacheBehavior [ RunTime:0.000284s ]
INFO: [ app_begin ] --END-- [ RunTime:0.000316s ]
SQL: SHOW COLUMNS FROM `item` [ RunTime:0.0007s ]
SQL: SELECT * FROM `item` WHERE ( id='6' ) LIMIT 1   [ RunTime:0.0003s ]
NOTIC: [8192] Function split() is deprecated /home/mtf/Application/dq/Application/Template/Controller/IndexController.class.php 第 60 行.
SQL: SHOW COLUMNS FROM `table_item` [ RunTime:0.0005s ]
SQL: SELECT * FROM `table_item` WHERE ( id=2 ) LIMIT 1   [ RunTime:0.0002s ]
INFO: [ view_parse ] --START--
INFO: [ template_filter ] --START--
INFO: Run Behavior\ContentReplaceBehavior [ RunTime:0.000045s ]
INFO: [ template_filter ] --END-- [ RunTime:0.000088s ]
INFO: Run Behavior\ParseTemplateBehavior [ RunTime:0.006150s ]
INFO: [ view_parse ] --END-- [ RunTime:0.006185s ]
INFO: [ view_filter ] --START--
INFO: Run Behavior\WriteHtmlCacheBehavior [ RunTime:0.000120s ]
INFO: [ view_filter ] --END-- [ RunTime:0.000146s ]
SQL: UPDATE `item` SET `link`='/home/mtf/Application/dq/html/20150207/8277e0910d750195b448797616e091ad_6_72.html',`status`='2',`web_url`='http://dq/html/20150207/8277e0910d750195b448797616e091ad_6_72.html' WHERE ( id='6' ) [ RunTime:0.0563s ]
INFO: [ view_parse ] --START--
INFO: [ template_filter ] --START--
INFO: Run Behavior\ContentReplaceBehavior [ RunTime:0.000031s ]
INFO: [ template_filter ] --END-- [ RunTime:-0.058328s ]
INFO: Run Behavior\ParseTemplateBehavior [ RunTime:0.001329s ]
INFO: [ view_parse ] --END-- [ RunTime:-0.056894s ]
INFO: [ view_filter ] --START--
INFO: Run Behavior\WriteHtmlCacheBehavior [ RunTime:0.000008s ]
INFO: [ view_filter ] --END-- [ RunTime:-0.058110s ]

[ 2015-02-07T17:35:15+08:00 ] 127.0.0.1 /index.php?m=Template&c=Index&a=create&id=6
INFO: [ app_init ] --START--
INFO: Run Behavior\BuildLiteBehavior [ RunTime:0.000012s ]
INFO: [ app_init ] --END-- [ RunTime:0.000259s ]
INFO: [ app_begin ] --START--
INFO: Run Behavior\ReadHtmlCacheBehavior [ RunTime:0.000859s ]
INFO: [ app_begin ] --END-- [ RunTime:0.000898s ]
SQL: SHOW COLUMNS FROM `item` [ RunTime:0.0008s ]
SQL: SELECT * FROM `item` WHERE ( id='6' ) LIMIT 1   [ RunTime:0.0003s ]
NOTIC: [8192] Function split() is deprecated /home/mtf/Application/dq/Application/Template/Controller/IndexController.class.php 第 60 行.
SQL: SHOW COLUMNS FROM `table_item` [ RunTime:0.0005s ]
SQL: SELECT * FROM `table_item` WHERE ( id=2 ) LIMIT 1   [ RunTime:0.0003s ]
INFO: [ view_parse ] --START--
INFO: [ template_filter ] --START--
INFO: Run Behavior\ContentReplaceBehavior [ RunTime:0.000060s ]
INFO: [ template_filter ] --END-- [ RunTime:0.000112s ]
INFO: Run Behavior\ParseTemplateBehavior [ RunTime:0.008758s ]
INFO: [ view_parse ] --END-- [ RunTime:0.008810s ]
INFO: [ view_filter ] --START--
INFO: Run Behavior\WriteHtmlCacheBehavior [ RunTime:0.000137s ]
INFO: [ view_filter ] --END-- [ RunTime:0.000174s ]
SQL: UPDATE `item` SET `link`='/home/mtf/Application/dq/html/20150207/8277e0910d750195b448797616e091ad_6_72.html',`status`='2',`web_url`='http://dq/html/20150207/8277e0910d750195b448797616e091ad_6_72.html' WHERE ( id='6' ) [ RunTime:0.0654s ]
INFO: [ view_parse ] --START--
INFO: [ template_filter ] --START--
INFO: Run Behavior\ContentReplaceBehavior [ RunTime:0.000027s ]
INFO: [ template_filter ] --END-- [ RunTime:-0.067645s ]
INFO: Run Behavior\ParseTemplateBehavior [ RunTime:0.001608s ]
INFO: [ view_parse ] --END-- [ RunTime:-0.065995s ]
INFO: [ view_filter ] --START--
INFO: Run Behavior\WriteHtmlCacheBehavior [ RunTime:0.000009s ]
INFO: [ view_filter ] --END-- [ RunTime:-0.067478s ]

[ 2015-02-07T17:35:57+08:00 ] 127.0.0.1 /index.php?m=Template&c=Index&a=create&id=6
INFO: [ app_init ] --START--
INFO: Run Behavior\BuildLiteBehavior [ RunTime:0.000011s ]
INFO: [ app_init ] --END-- [ RunTime:0.000289s ]
INFO: [ app_begin ] --START--
INFO: Run Behavior\ReadHtmlCacheBehavior [ RunTime:0.000274s ]
INFO: [ app_begin ] --END-- [ RunTime:0.000305s ]
SQL: SHOW COLUMNS FROM `item` [ RunTime:0.0007s ]
SQL: SELECT * FROM `item` WHERE ( id='6' ) LIMIT 1   [ RunTime:0.0003s ]

[ 2015-02-07T17:37:15+08:00 ] 127.0.0.1 /index.php?m=Template&c=Index&a=phone&id=6
INFO: [ app_init ] --START--
INFO: Run Behavior\BuildLiteBehavior [ RunTime:0.000010s ]
INFO: [ app_init ] --END-- [ RunTime:0.000216s ]
INFO: [ app_begin ] --START--
INFO: Run Behavior\ReadHtmlCacheBehavior [ RunTime:0.000273s ]
INFO: [ app_begin ] --END-- [ RunTime:0.000304s ]
SQL: SHOW COLUMNS FROM `item` [ RunTime:0.0006s ]
SQL: SELECT * FROM `item` WHERE ( id='6' ) LIMIT 1   [ RunTime:0.0003s ]
NOTIC: [8192] Function split() is deprecated /home/mtf/Application/dq/Application/Template/Controller/IndexController.class.php 第 37 行.
SQL: SHOW COLUMNS FROM `table_item` [ RunTime:0.0004s ]
SQL: SELECT * FROM `table_item` WHERE ( id=2 ) LIMIT 1   [ RunTime:0.0002s ]
INFO: [ view_parse ] --START--
INFO: [ template_filter ] --START--
INFO: Run Behavior\ContentReplaceBehavior [ RunTime:0.000050s ]
INFO: [ template_filter ] --END-- [ RunTime:0.000094s ]
INFO: Run Behavior\ParseTemplateBehavior [ RunTime:0.006870s ]
INFO: [ view_parse ] --END-- [ RunTime:0.006906s ]
INFO: [ view_filter ] --START--
INFO: Run Behavior\WriteHtmlCacheBehavior [ RunTime:0.000103s ]
INFO: [ view_filter ] --END-- [ RunTime:0.000129s ]
INFO: [ app_end ] --START--
INFO: Run Behavior\ShowPageTraceBehavior [ RunTime:0.000326s ]
INFO: [ app_end ] --END-- [ RunTime:0.000354s ]

[ 2015-02-07T17:37:27+08:00 ] 127.0.0.1 /index.php?m=Template&c=Index&a=create&id=5
INFO: [ app_init ] --START--
INFO: Run Behavior\BuildLiteBehavior [ RunTime:0.000015s ]
INFO: [ app_init ] --END-- [ RunTime:0.000326s ]
INFO: [ app_begin ] --START--
INFO: Run Behavior\ReadHtmlCacheBehavior [ RunTime:0.000415s ]
INFO: [ app_begin ] --END-- [ RunTime:0.000462s ]
SQL: SHOW COLUMNS FROM `item` [ RunTime:0.0006s ]
SQL: SELECT * FROM `item` WHERE ( id='5' ) LIMIT 1   [ RunTime:0.0003s ]
NOTIC: [8192] Function split() is deprecated /home/mtf/Application/dq/Application/Template/Controller/IndexController.class.php 第 123 行.
SQL: SHOW COLUMNS FROM `table_item` [ RunTime:0.0004s ]
SQL: SELECT * FROM `table_item` WHERE ( id=1 ) LIMIT 1   [ RunTime:0.0002s ]
INFO: [ view_parse ] --START--
INFO: [ template_filter ] --START--
INFO: Run Behavior\ContentReplaceBehavior [ RunTime:0.000067s ]
INFO: [ template_filter ] --END-- [ RunTime:0.000137s ]
INFO: Run Behavior\ParseTemplateBehavior [ RunTime:0.007656s ]
INFO: [ view_parse ] --END-- [ RunTime:0.007703s ]
INFO: [ view_filter ] --START--
INFO: Run Behavior\WriteHtmlCacheBehavior [ RunTime:0.000149s ]
INFO: [ view_filter ] --END-- [ RunTime:0.000189s ]
SQL: UPDATE `item` SET `link`='/home/mtf/Application/dq/html/20150207/8fa14cdd754f91cc6554c9e71929cce7_5_21.html',`status`='2',`web_url`='http://dq/html/20150207/8fa14cdd754f91cc6554c9e71929cce7_5_21.html' WHERE ( id='5' ) [ RunTime:0.0734s ]
INFO: [ view_parse ] --START--
INFO: [ template_filter ] --START--
INFO: Run Behavior\ContentReplaceBehavior [ RunTime:0.000043s ]
INFO: [ template_filter ] --END-- [ RunTime:-0.076385s ]
INFO: Run Behavior\ParseTemplateBehavior [ RunTime:0.002097s ]
INFO: [ view_parse ] --END-- [ RunTime:-0.074122s ]
INFO: [ view_filter ] --START--
INFO: Run Behavior\WriteHtmlCacheBehavior [ RunTime:0.000012s ]
INFO: [ view_filter ] --END-- [ RunTime:-0.076080s ]

[ 2015-02-07T17:37:29+08:00 ] 127.0.0.1 /index.php?m=Template&c=Index&a=phone&id=5
INFO: [ app_init ] --START--
INFO: Run Behavior\BuildLiteBehavior [ RunTime:0.000011s ]
INFO: [ app_init ] --END-- [ RunTime:0.000214s ]
INFO: [ app_begin ] --START--
INFO: Run Behavior\ReadHtmlCacheBehavior [ RunTime:0.000272s ]
INFO: [ app_begin ] --END-- [ RunTime:0.000303s ]
SQL: SHOW COLUMNS FROM `item` [ RunTime:0.0006s ]
SQL: SELECT * FROM `item` WHERE ( id='5' ) LIMIT 1   [ RunTime:0.0002s ]
NOTIC: [8192] Function split() is deprecated /home/mtf/Application/dq/Application/Template/Controller/IndexController.class.php 第 37 行.
SQL: SHOW COLUMNS FROM `table_item` [ RunTime:0.0003s ]
SQL: SELECT * FROM `table_item` WHERE ( id=1 ) LIMIT 1   [ RunTime:0.0001s ]
INFO: [ view_parse ] --START--
INFO: [ template_filter ] --START--
INFO: Run Behavior\ContentReplaceBehavior [ RunTime:0.000057s ]
INFO: [ template_filter ] --END-- [ RunTime:0.000236s ]
INFO: Run Behavior\ParseTemplateBehavior [ RunTime:0.008203s ]
INFO: [ view_parse ] --END-- [ RunTime:0.008260s ]
INFO: [ view_filter ] --START--
INFO: Run Behavior\WriteHtmlCacheBehavior [ RunTime:0.000105s ]
INFO: [ view_filter ] --END-- [ RunTime:0.000131s ]
INFO: [ app_end ] --START--
INFO: Run Behavior\ShowPageTraceBehavior [ RunTime:0.000323s ]
INFO: [ app_end ] --END-- [ RunTime:0.000352s ]

[ 2015-02-07T17:38:36+08:00 ] 127.0.0.1 /index.php?m=Template&c=Index&a=phone&id=5
INFO: [ app_init ] --START--
INFO: Run Behavior\BuildLiteBehavior [ RunTime:0.000010s ]
INFO: [ app_init ] --END-- [ RunTime:0.000228s ]
INFO: [ app_begin ] --START--
INFO: Run Behavior\ReadHtmlCacheBehavior [ RunTime:0.000277s ]
INFO: [ app_begin ] --END-- [ RunTime:0.000311s ]
SQL: SHOW COLUMNS FROM `item` [ RunTime:0.0007s ]
SQL: SELECT * FROM `item` WHERE ( id='5' ) LIMIT 1   [ RunTime:0.0002s ]
NOTIC: [8192] Function split() is deprecated /home/mtf/Application/dq/Application/Template/Controller/IndexController.class.php 第 37 行.
SQL: SHOW COLUMNS FROM `table_item` [ RunTime:0.0004s ]
SQL: SELECT * FROM `table_item` WHERE ( id=1 ) LIMIT 1   [ RunTime:0.0001s ]
INFO: [ view_parse ] --START--
INFO: [ template_filter ] --START--
INFO: Run Behavior\ContentReplaceBehavior [ RunTime:0.000048s ]
INFO: [ template_filter ] --END-- [ RunTime:0.000089s ]
INFO: Run Behavior\ParseTemplateBehavior [ RunTime:0.005899s ]
INFO: [ view_parse ] --END-- [ RunTime:0.005935s ]
INFO: [ view_filter ] --START--
INFO: Run Behavior\WriteHtmlCacheBehavior [ RunTime:0.000099s ]
INFO: [ view_filter ] --END-- [ RunTime:0.000124s ]
INFO: [ app_end ] --START--
INFO: Run Behavior\ShowPageTraceBehavior [ RunTime:0.000319s ]
INFO: [ app_end ] --END-- [ RunTime:0.000347s ]

[ 2015-02-07T17:39:26+08:00 ] 127.0.0.1 /index.php?m=Template&c=Index&a=phone&id=7
INFO: [ app_init ] --START--
INFO: Run Behavior\BuildLiteBehavior [ RunTime:0.000010s ]
INFO: [ app_init ] --END-- [ RunTime:0.000215s ]
INFO: [ app_begin ] --START--
INFO: Run Behavior\ReadHtmlCacheBehavior [ RunTime:0.000268s ]
INFO: [ app_begin ] --END-- [ RunTime:0.000299s ]
SQL: SHOW COLUMNS FROM `item` [ RunTime:0.0006s ]
SQL: SELECT * FROM `item` WHERE ( id='7' ) LIMIT 1   [ RunTime:0.0002s ]
NOTIC: [8192] Function split() is deprecated /home/mtf/Application/dq/Application/Template/Controller/IndexController.class.php 第 37 行.
SQL: SHOW COLUMNS FROM `table_item` [ RunTime:0.0003s ]
SQL: SELECT * FROM `table_item` WHERE ( id=1 ) LIMIT 1   [ RunTime:0.0002s ]
NOTIC: [8] Uninitialized string offset: 0 /home/mtf/Application/dq/Application/Template/Controller/IndexController.class.php 第 48 行.
INFO: [ view_parse ] --START--
INFO: [ template_filter ] --START--
INFO: Run Behavior\ContentReplaceBehavior [ RunTime:0.000070s ]
INFO: [ template_filter ] --END-- [ RunTime:0.000125s ]
INFO: Run Behavior\ParseTemplateBehavior [ RunTime:0.007287s ]
INFO: [ view_parse ] --END-- [ RunTime:0.007330s ]
INFO: [ view_filter ] --START--
INFO: Run Behavior\WriteHtmlCacheBehavior [ RunTime:0.000131s ]
INFO: [ view_filter ] --END-- [ RunTime:0.000168s ]
INFO: [ app_end ] --START--
INFO: Run Behavior\ShowPageTraceBehavior [ RunTime:0.000439s ]
INFO: [ app_end ] --END-- [ RunTime:0.000479s ]

[ 2015-02-07T17:39:32+08:00 ] 127.0.0.1 /index.php?m=Template&c=Index&a=phone&id=6
INFO: [ app_init ] --START--
INFO: Run Behavior\BuildLiteBehavior [ RunTime:0.000062s ]
INFO: [ app_init ] --END-- [ RunTime:0.000645s ]
INFO: [ app_begin ] --START--
INFO: Run Behavior\ReadHtmlCacheBehavior [ RunTime:0.000715s ]
INFO: [ app_begin ] --END-- [ RunTime:0.000752s ]
SQL: SHOW COLUMNS FROM `item` [ RunTime:0.0006s ]
SQL: SELECT * FROM `item` WHERE ( id='6' ) LIMIT 1   [ RunTime:0.0002s ]
NOTIC: [8192] Function split() is deprecated /home/mtf/Application/dq/Application/Template/Controller/IndexController.class.php 第 37 行.
SQL: SHOW COLUMNS FROM `table_item` [ RunTime:0.0008s ]
SQL: SELECT * FROM `table_item` WHERE ( id=2 ) LIMIT 1   [ RunTime:0.0002s ]
INFO: [ view_parse ] --START--
INFO: [ template_filter ] --START--
INFO: Run Behavior\ContentReplaceBehavior [ RunTime:0.000048s ]
INFO: [ template_filter ] --END-- [ RunTime:0.000090s ]
INFO: Run Behavior\ParseTemplateBehavior [ RunTime:0.006041s ]
INFO: [ view_parse ] --END-- [ RunTime:0.006079s ]
INFO: [ view_filter ] --START--
INFO: Run Behavior\WriteHtmlCacheBehavior [ RunTime:0.000103s ]
INFO: [ view_filter ] --END-- [ RunTime:0.000130s ]
INFO: [ app_end ] --START--
INFO: Run Behavior\ShowPageTraceBehavior [ RunTime:0.000350s ]
INFO: [ app_end ] --END-- [ RunTime:0.000381s ]

[ 2015-02-07T17:39:35+08:00 ] 127.0.0.1 /index.php?m=Template&c=Index&a=phone&id=5
INFO: [ app_init ] --START--
INFO: Run Behavior\BuildLiteBehavior [ RunTime:0.000011s ]
INFO: [ app_init ] --END-- [ RunTime:0.000220s ]
INFO: [ app_begin ] --START--
INFO: Run Behavior\ReadHtmlCacheBehavior [ RunTime:0.000278s ]
INFO: [ app_begin ] --END-- [ RunTime:0.000311s ]
SQL: SHOW COLUMNS FROM `item` [ RunTime:0.0007s ]
SQL: SELECT * FROM `item` WHERE ( id='5' ) LIMIT 1   [ RunTime:0.0003s ]
NOTIC: [8192] Function split() is deprecated /home/mtf/Application/dq/Application/Template/Controller/IndexController.class.php 第 37 行.
SQL: SHOW COLUMNS FROM `table_item` [ RunTime:0.0004s ]
SQL: SELECT * FROM `table_item` WHERE ( id=1 ) LIMIT 1   [ RunTime:0.0002s ]
INFO: [ view_parse ] --START--
INFO: [ template_filter ] --START--
INFO: Run Behavior\ContentReplaceBehavior [ RunTime:0.000051s ]
INFO: [ template_filter ] --END-- [ RunTime:0.000096s ]
INFO: Run Behavior\ParseTemplateBehavior [ RunTime:0.006433s ]
INFO: [ view_parse ] --END-- [ RunTime:0.006467s ]
INFO: [ view_filter ] --START--
INFO: Run Behavior\WriteHtmlCacheBehavior [ RunTime:0.000100s ]
INFO: [ view_filter ] --END-- [ RunTime:0.000125s ]
INFO: [ app_end ] --START--
INFO: Run Behavior\ShowPageTraceBehavior [ RunTime:0.000322s ]
INFO: [ app_end ] --END-- [ RunTime:0.000351s ]

[ 2015-02-07T17:40:05+08:00 ] 127.0.0.1 /index.php?m=Template&c=Index&a=create&id=5
INFO: [ app_init ] --START--
INFO: Run Behavior\BuildLiteBehavior [ RunTime:0.000016s ]
INFO: [ app_init ] --END-- [ RunTime:0.000363s ]
INFO: [ app_begin ] --START--
INFO: Run Behavior\ReadHtmlCacheBehavior [ RunTime:0.000472s ]
INFO: [ app_begin ] --END-- [ RunTime:0.000528s ]
SQL: SHOW COLUMNS FROM `item` [ RunTime:0.0006s ]
SQL: SELECT * FROM `item` WHERE ( id='5' ) LIMIT 1   [ RunTime:0.0003s ]
NOTIC: [8192] Function split() is deprecated /home/mtf/Application/dq/Application/Template/Controller/IndexController.class.php 第 60 行.
SQL: SHOW COLUMNS FROM `table_item` [ RunTime:0.0007s ]
SQL: SELECT * FROM `table_item` WHERE ( id=1 ) LIMIT 1   [ RunTime:0.0003s ]
INFO: [ view_parse ] --START--
INFO: [ template_filter ] --START--
INFO: Run Behavior\ContentReplaceBehavior [ RunTime:0.000041s ]
INFO: [ template_filter ] --END-- [ RunTime:0.000077s ]
INFO: Run Behavior\ParseTemplateBehavior [ RunTime:0.005600s ]
INFO: [ view_parse ] --END-- [ RunTime:0.005639s ]
INFO: [ view_filter ] --START--
INFO: Run Behavior\WriteHtmlCacheBehavior [ RunTime:0.000103s ]
INFO: [ view_filter ] --END-- [ RunTime:0.000132s ]
SQL: UPDATE `item` SET `link`='/home/mtf/Application/dq/html/20150207/8fa14cdd754f91cc6554c9e71929cce7_5_21.html',`status`='2',`web_url`='http://dq/html/20150207/8fa14cdd754f91cc6554c9e71929cce7_5_21.html' WHERE ( id='5' ) [ RunTime:0.0520s ]
INFO: [ view_parse ] --START--
INFO: [ template_filter ] --START--
INFO: Run Behavior\ContentReplaceBehavior [ RunTime:0.000042s ]
INFO: [ template_filter ] --END-- [ RunTime:-0.054590s ]
INFO: Run Behavior\ParseTemplateBehavior [ RunTime:0.002043s ]
INFO: [ view_parse ] --END-- [ RunTime:-0.052592s ]
INFO: [ view_filter ] --START--
INFO: Run Behavior\WriteHtmlCacheBehavior [ RunTime:0.000012s ]
INFO: [ view_filter ] --END-- [ RunTime:-0.054558s ]

[ 2015-02-07T19:29:09+08:00 ] 127.0.0.1 /index.php?m=Template&c=Index&a=phone&id=5
INFO: [ app_init ] --START--
INFO: Run Behavior\BuildLiteBehavior [ RunTime:0.000014s ]
INFO: [ app_init ] --END-- [ RunTime:0.000292s ]
INFO: [ app_begin ] --START--
INFO: Run Behavior\ReadHtmlCacheBehavior [ RunTime:0.006639s ]
INFO: [ app_begin ] --END-- [ RunTime:0.006696s ]
SQL: SHOW COLUMNS FROM `item` [ RunTime:0.0006s ]
SQL: SELECT * FROM `item` WHERE ( id='5' ) LIMIT 1   [ RunTime:0.0002s ]
NOTIC: [8192] Function split() is deprecated /home/mtf/Application/dq/Application/Template/Controller/IndexController.class.php 第 37 行.
SQL: SHOW COLUMNS FROM `table_item` [ RunTime:0.0004s ]
SQL: SELECT * FROM `table_item` WHERE ( id=1 ) LIMIT 1   [ RunTime:0.0003s ]
INFO: [ view_parse ] --START--
INFO: [ template_filter ] --START--
INFO: Run Behavior\ContentReplaceBehavior [ RunTime:0.000052s ]
INFO: [ template_filter ] --END-- [ RunTime:0.000097s ]
INFO: Run Behavior\ParseTemplateBehavior [ RunTime:0.005755s ]
INFO: [ view_parse ] --END-- [ RunTime:0.005792s ]
INFO: [ view_filter ] --START--
INFO: Run Behavior\WriteHtmlCacheBehavior [ RunTime:0.000119s ]
INFO: [ view_filter ] --END-- [ RunTime:0.000145s ]
INFO: [ app_end ] --START--
INFO: Run Behavior\ShowPageTraceBehavior [ RunTime:0.000346s ]
INFO: [ app_end ] --END-- [ RunTime:0.000374s ]

[ 2015-02-07T20:02:00+08:00 ] 127.0.0.1 /index.php?m=Template&c=Index&a=phone&id=1
INFO: [ app_init ] --START--
INFO: Run Behavior\BuildLiteBehavior [ RunTime:0.000015s ]
INFO: [ app_init ] --END-- [ RunTime:0.000361s ]
INFO: [ app_begin ] --START--
INFO: Run Behavior\ReadHtmlCacheBehavior [ RunTime:0.000761s ]
INFO: [ app_begin ] --END-- [ RunTime:0.000804s ]
SQL: SHOW COLUMNS FROM `item` [ RunTime:0.0007s ]
SQL: SELECT * FROM `item` WHERE ( id='1' ) LIMIT 1   [ RunTime:0.0003s ]
NOTIC: [8192] Function split() is deprecated /home/mtf/Application/dq/Application/Template/Controller/IndexController.class.php 第 37 行.
SQL: SHOW COLUMNS FROM `table_item` [ RunTime:0.0004s ]
ERR: SQLSTATE[42000]: Syntax error or access violation: 1064 You have an error in your SQL syntax; check the manual that corresponds to your MySQL server version for the right syntax to use near ') LIMIT 1' at line 1

[ 2015-02-07T20:04:33+08:00 ] 127.0.0.1 /index.php?m=Template&c=Index&a=phone&id=1
INFO: [ app_init ] --START--
INFO: Run Behavior\BuildLiteBehavior [ RunTime:0.000012s ]
INFO: [ app_init ] --END-- [ RunTime:0.000237s ]
INFO: [ app_begin ] --START--
INFO: Run Behavior\ReadHtmlCacheBehavior [ RunTime:0.000291s ]
INFO: [ app_begin ] --END-- [ RunTime:0.000325s ]
SQL: SHOW COLUMNS FROM `item` [ RunTime:0.0006s ]
SQL: SELECT * FROM `item` WHERE ( id='1' ) LIMIT 1   [ RunTime:0.0003s ]
NOTIC: [8192] Function split() is deprecated /home/mtf/Application/dq/Application/Template/Controller/IndexController.class.php 第 37 行.
SQL: SHOW COLUMNS FROM `table_item` [ RunTime:0.0004s ]
ERR: SQLSTATE[42000]: Syntax error or access violation: 1064 You have an error in your SQL syntax; check the manual that corresponds to your MySQL server version for the right syntax to use near ') LIMIT 1' at line 1

[ 2015-02-07T20:09:38+08:00 ] 127.0.0.1 /index.php?m=Template&c=Index&a=phone&id=1
INFO: [ app_init ] --START--
INFO: Run Behavior\BuildLiteBehavior [ RunTime:0.000011s ]
INFO: [ app_init ] --END-- [ RunTime:0.000238s ]
INFO: [ app_begin ] --START--
INFO: Run Behavior\ReadHtmlCacheBehavior [ RunTime:0.000305s ]
INFO: [ app_begin ] --END-- [ RunTime:0.000346s ]
SQL: SHOW COLUMNS FROM `item` [ RunTime:0.0006s ]
SQL: SELECT * FROM `item` WHERE ( id='1' ) LIMIT 1   [ RunTime:0.0002s ]
NOTIC: [8192] Function split() is deprecated /home/mtf/Application/dq/Application/Template/Controller/IndexController.class.php 第 37 行.
SQL: SHOW COLUMNS FROM `table_item` [ RunTime:0.0004s ]
ERR: SQLSTATE[42000]: Syntax error or access violation: 1064 You have an error in your SQL syntax; check the manual that corresponds to your MySQL server version for the right syntax to use near ') LIMIT 1' at line 1

[ 2015-02-07T20:13:06+08:00 ] 127.0.0.1 /index.php?m=Template&c=Index&a=phone&id=5
INFO: [ app_init ] --START--
INFO: Run Behavior\BuildLiteBehavior [ RunTime:0.000012s ]
INFO: [ app_init ] --END-- [ RunTime:0.000217s ]
INFO: [ app_begin ] --START--
INFO: Run Behavior\ReadHtmlCacheBehavior [ RunTime:0.000409s ]
INFO: [ app_begin ] --END-- [ RunTime:0.000453s ]
SQL: SHOW COLUMNS FROM `item` [ RunTime:0.0007s ]
SQL: SELECT * FROM `item` WHERE ( id='5' ) LIMIT 1   [ RunTime:0.0002s ]
NOTIC: [8192] Function split() is deprecated /home/mtf/Application/dq/Application/Template/Controller/IndexController.class.php 第 37 行.
SQL: SHOW COLUMNS FROM `table_item` [ RunTime:0.0003s ]
SQL: SELECT * FROM `table_item` WHERE ( id=1 ) LIMIT 1   [ RunTime:0.0001s ]
INFO: [ view_parse ] --START--
INFO: [ template_filter ] --START--
INFO: Run Behavior\ContentReplaceBehavior [ RunTime:0.000046s ]
INFO: [ template_filter ] --END-- [ RunTime:0.000092s ]
INFO: Run Behavior\ParseTemplateBehavior [ RunTime:0.005826s ]
INFO: [ view_parse ] --END-- [ RunTime:0.005861s ]
INFO: [ view_filter ] --START--
INFO: Run Behavior\WriteHtmlCacheBehavior [ RunTime:0.000118s ]
INFO: [ view_filter ] --END-- [ RunTime:0.000144s ]
INFO: [ app_end ] --START--
INFO: Run Behavior\ShowPageTraceBehavior [ RunTime:0.000333s ]
INFO: [ app_end ] --END-- [ RunTime:0.000364s ]

[ 2015-02-07T20:34:21+08:00 ] 127.0.0.1 /index.php?m=Template&c=Index&a=phone&id=5
INFO: [ app_init ] --START--
INFO: Run Behavior\BuildLiteBehavior [ RunTime:0.000011s ]
INFO: [ app_init ] --END-- [ RunTime:0.000212s ]
INFO: [ app_begin ] --START--
INFO: Run Behavior\ReadHtmlCacheBehavior [ RunTime:0.000271s ]
INFO: [ app_begin ] --END-- [ RunTime:0.000302s ]
SQL: SHOW COLUMNS FROM `item` [ RunTime:0.0006s ]
SQL: SELECT * FROM `item` WHERE ( id='5' ) LIMIT 1   [ RunTime:0.0002s ]
NOTIC: [8192] Function split() is deprecated /home/mtf/Application/dq/Application/Template/Controller/IndexController.class.php 第 37 行.
SQL: SHOW COLUMNS FROM `table_item` [ RunTime:0.0004s ]
SQL: SELECT * FROM `table_item` WHERE ( id=1 ) LIMIT 1   [ RunTime:0.0002s ]
INFO: [ view_parse ] --START--
INFO: [ template_filter ] --START--
INFO: Run Behavior\ContentReplaceBehavior [ RunTime:0.000055s ]
INFO: [ template_filter ] --END-- [ RunTime:0.000098s ]
INFO: Run Behavior\ParseTemplateBehavior [ RunTime:0.005946s ]
INFO: [ view_parse ] --END-- [ RunTime:0.005983s ]
INFO: [ view_filter ] --START--
INFO: Run Behavior\WriteHtmlCacheBehavior [ RunTime:0.000106s ]
INFO: [ view_filter ] --END-- [ RunTime:0.000133s ]
INFO: [ app_end ] --START--
INFO: Run Behavior\ShowPageTraceBehavior [ RunTime:0.000328s ]
INFO: [ app_end ] --END-- [ RunTime:0.000356s ]

[ 2015-02-07T20:35:08+08:00 ] 127.0.0.1 /index.php?m=Template&c=Index&a=phone&id=5
INFO: [ app_init ] --START--
INFO: Run Behavior\BuildLiteBehavior [ RunTime:0.000015s ]
INFO: [ app_init ] --END-- [ RunTime:0.000338s ]
INFO: [ app_begin ] --START--
INFO: Run Behavior\ReadHtmlCacheBehavior [ RunTime:0.000429s ]
INFO: [ app_begin ] --END-- [ RunTime:0.000479s ]
SQL: SHOW COLUMNS FROM `item` [ RunTime:0.0006s ]
SQL: SELECT * FROM `item` WHERE ( id='5' ) LIMIT 1   [ RunTime:0.0003s ]
NOTIC: [8192] Function split() is deprecated /home/mtf/Application/dq/Application/Template/Controller/IndexController.class.php 第 37 行.
SQL: SHOW COLUMNS FROM `table_item` [ RunTime:0.0004s ]
SQL: SELECT * FROM `table_item` WHERE ( id=1 ) LIMIT 1   [ RunTime:0.0002s ]
INFO: [ view_parse ] --START--
INFO: [ template_filter ] --START--
INFO: Run Behavior\ContentReplaceBehavior [ RunTime:0.000052s ]
INFO: [ template_filter ] --END-- [ RunTime:0.000089s ]
INFO: Run Behavior\ParseTemplateBehavior [ RunTime:0.005944s ]
INFO: [ view_parse ] --END-- [ RunTime:0.005977s ]
INFO: [ view_filter ] --START--
INFO: Run Behavior\WriteHtmlCacheBehavior [ RunTime:0.000104s ]
INFO: [ view_filter ] --END-- [ RunTime:0.000129s ]
INFO: [ app_end ] --START--
INFO: Run Behavior\ShowPageTraceBehavior [ RunTime:0.000309s ]
INFO: [ app_end ] --END-- [ RunTime:0.000336s ]

[ 2015-02-07T20:36:00+08:00 ] 127.0.0.1 /index.php?m=Template&c=Index&a=phone&id=5
INFO: [ app_init ] --START--
INFO: Run Behavior\BuildLiteBehavior [ RunTime:0.000013s ]
INFO: [ app_init ] --END-- [ RunTime:0.000274s ]
INFO: [ app_begin ] --START--
INFO: Run Behavior\ReadHtmlCacheBehavior [ RunTime:0.000350s ]
INFO: [ app_begin ] --END-- [ RunTime:0.000391s ]
SQL: SHOW COLUMNS FROM `item` [ RunTime:0.0007s ]
SQL: SELECT * FROM `item` WHERE ( id='5' ) LIMIT 1   [ RunTime:0.0002s ]
NOTIC: [8192] Function split() is deprecated /home/mtf/Application/dq/Application/Template/Controller/IndexController.class.php 第 37 行.
SQL: SHOW COLUMNS FROM `table_item` [ RunTime:0.0004s ]
SQL: SELECT * FROM `table_item` WHERE ( id=1 ) LIMIT 1   [ RunTime:0.0002s ]
INFO: [ view_parse ] --START--
INFO: [ template_filter ] --START--
INFO: Run Behavior\ContentReplaceBehavior [ RunTime:0.000055s ]
INFO: [ template_filter ] --END-- [ RunTime:0.000094s ]
INFO: Run Behavior\ParseTemplateBehavior [ RunTime:0.005879s ]
INFO: [ view_parse ] --END-- [ RunTime:0.005915s ]
INFO: [ view_filter ] --START--
INFO: Run Behavior\WriteHtmlCacheBehavior [ RunTime:0.000117s ]
INFO: [ view_filter ] --END-- [ RunTime:0.000143s ]
INFO: [ app_end ] --START--
INFO: Run Behavior\ShowPageTraceBehavior [ RunTime:0.000312s ]
INFO: [ app_end ] --END-- [ RunTime:0.000339s ]

[ 2015-02-07T20:37:28+08:00 ] 127.0.0.1 /index.php?m=Template&c=Index&a=phone&id=5
INFO: [ app_init ] --START--
INFO: Run Behavior\BuildLiteBehavior [ RunTime:0.000011s ]
INFO: [ app_init ] --END-- [ RunTime:0.000246s ]
INFO: [ app_begin ] --START--
INFO: Run Behavior\ReadHtmlCacheBehavior [ RunTime:0.000327s ]
INFO: [ app_begin ] --END-- [ RunTime:0.000366s ]
SQL: SHOW COLUMNS FROM `item` [ RunTime:0.0006s ]
SQL: SELECT * FROM `item` WHERE ( id='5' ) LIMIT 1   [ RunTime:0.0003s ]
NOTIC: [8192] Function split() is deprecated /home/mtf/Application/dq/Application/Template/Controller/IndexController.class.php 第 37 行.
SQL: SHOW COLUMNS FROM `table_item` [ RunTime:0.0004s ]
SQL: SELECT * FROM `table_item` WHERE ( id=1 ) LIMIT 1   [ RunTime:0.0002s ]
INFO: [ view_parse ] --START--
INFO: [ template_filter ] --START--
INFO: Run Behavior\ContentReplaceBehavior [ RunTime:0.000056s ]
INFO: [ template_filter ] --END-- [ RunTime:0.000095s ]
INFO: Run Behavior\ParseTemplateBehavior [ RunTime:0.005996s ]
INFO: [ view_parse ] --END-- [ RunTime:0.006032s ]
INFO: [ view_filter ] --START--
INFO: Run Behavior\WriteHtmlCacheBehavior [ RunTime:0.000106s ]
INFO: [ view_filter ] --END-- [ RunTime:0.000132s ]
INFO: [ app_end ] --START--
INFO: Run Behavior\ShowPageTraceBehavior [ RunTime:0.000309s ]
INFO: [ app_end ] --END-- [ RunTime:0.000335s ]

